status,title,authors,year,venue,doi,url,tags,abstract,provider,decision_source,llm_confidence,llm_review_outcome,llm_change_direction
discarded,BLURRED BOUNDARIES BETWEEN IDENTITY AND AVATAR: SOCIAL REPRESENTATIONS OF ICT IN THE COMMUNITY OF CONCEICAO DAS CRIOULAS,"Portela, M.; Assis, T.; Moreira, L.",2018,EDULEARN18: 10TH INTERNATIONAL CONFERENCE ON EDUCATION AND NEW LEARNING TECHNOLOGIES,,https://www.webofscience.com/wos/woscc/full-record/WOS:000531474302072,markup-language-education-but-no-difficulty-data,"This work reports an experience in a developing community and aims to explore the significance and roles of ICT, through the theoretical lenses of social representations theory. The contact with the community of Conceicao das Crioulas, a Quilombola/indigenous community located in the state of Pernambuco, Brazil, was possible through the integration of the action-research group ""Identidades"" [""Identities""], held by a group of researchers from the Faculty of Fine Arts of the University of Porto, Portugal, ongoing since 1996. The main purpose of integration within the research group was, the development of a community website, subsequently leading to education activities about how to maintain and support this website. The action-research field study is organized in three cycles. The first cycle comprised the teaching of a four days intensive course/workshop of web design focused on programming languages, HTML and CSS, among other ICT contents. The course was taught by one of the researchers during a field visit in July, 2017. The second cycle developed between December-March, 2018, consisting in the analysis of the feedback obtained (as the communication with the students was maintained) and allowed us to understand through field notes, semi-structured interviews and qualitative data regarding the use of these technologies, the scope of meanings being attributed to digital devices. The final cycle consists of the analysis of the collected data regarding the website maintenance and the difficulties that occurred. Problems arise from limitations concerning a lack of bandwidth speed infrastructure, research skills and research interests. The consensual universe that emerges from the objectification of the digital era into devices and platforms allows us to understand how social identity processes might be affected by the appropriation of (or resistance to) technology, as the boundaries between identity and avatar become more and more blurred. With this analysis we intend to review several predictions or prophecies of technological and social determinism, thus, exposing the limitations of ICT for development (ICT4D) but also urging us to analyse the challenges of ICT from developing alternative mindset. These problems denounce the myth of digital diversity, considering the access nearly every member of the community has to a digital device, and how its use is currently limited to recreational purposes. The participation in this research allows a reflection on the spread of ICT in the Western society usually perceived as an educational opportunity. Reflecting about the possible inequalities perpetuated by the digital culture, demands questioning the subjectivation processes that occur through these devices. Participating in a reality that challenges our biases related to the use of these devices, enables a series of questions about what are indeed the necessary skills to excel and teach in the 21st century, and what are the limitations of this, after all, not so participatory culture.",wos,llm,0.740,unreviewed,
discarded,HTML Document Error Detector and Visualiser for Novice Programmers,"Schmoll, Steven; Vishwanath, Anith; Siddiqui, Mohammad Ammar; Subbaiah, Boppaiah Koothanda; Chua, Caslon",2018,2018 IEEE SYMPOSIUM ON VISUAL LANGUAGES AND HUMAN-CENTRIC COMPUTING (VL/HCC),,https://www.webofscience.com/wos/woscc/full-record/WOS:000574767400048,html-learning; markup-language-education; error-visualization; novice-programmers; markup-tooling-no-understanding-measure,"Learning HTML poses similar challenges as learning conventional programming language by novice programmer. Apart from the HTML validator, there are limited tools to help novice programmer address errors in their HTML code. In this study, we employ visualisation techniques to display the structural and contextual information of the HTML code. We look at condensing and visually representing the important aspects of the HTML code. This is to enable novice programmers gain insights on the HTML code structure and locate any underlying syntax and semantic errors.",wos,human,0.990,human,
discarded,"INORGANIC CHEMISTRY TEACHING MATERIALS FOR MOBILE LEARNING AND/OR ""BRING YOUR OWN DEVICE"" STRATEGY","Torregrosa Macia, Rosa; Molina Sabio, Miguel; Lillo Rodenas, Maria Angeles; Silvestre Albero, Joaquin; Berenguer Murcia, Angel; Ruiz-Rosas, Ramiro; Martinez Mira, Isidro; Vilaplana Ortego, Eduardo; Cornejo Navarro, Olga",2017,9TH INTERNATIONAL CONFERENCE ON EDUCATION AND NEW LEARNING TECHNOLOGIES (EDULEARN17),,https://www.webofscience.com/wos/woscc/full-record/WOS:000491356002076,general-edtech-not-target-domain,"The study habits of millennial students are quite different from the students of past times. The new university student generations will need new teaching approaches adapted to their technological skills, with lap tops, tablets, smartphones, and so on, as tools for learning as its own pace, everywhere. In this communication, the adaptation of a collection of study materials, used in an Inorganic Chemistry Foundations topic, for their use in mobile learning and/or BYOD (Bring Your Own Device) strategy is presented. The materials are suited for the understanding of inorganic crystalline solids which, having crystalline structures (long range order), seem so difficult to visualize with 2D figures, as to understand their structural characteristics. The format of these materials was initially in PDF documents with 2D figures used for constructing models with little balls, following the steps in the text, on-site class in the laboratory. Later, the use of web pages with Java applets, running with JMol, introduced the students in a 3D visualization of the structure; clicking the different applet buttons student discovers the inner structure of the crystalline inorganic solids step by step. Both types of materials have been now brought up to date so that students would use them not only on-site classroom but also in every other time and place. Because JMol with Java doesn't run in mobile devices, it has been necessary to use JSMol and also re-write the HTML5 (HyperText Markup Language) code and CSS (Cascading Style Sheet) following the RWD (Responsive Web Design) approach. Programming the website to automatically respond to the user's preferences, it can be switching continuously image size and scripting abilities to accommodate for resolution, depending on the device used.",wos,llm,0.920,unreviewed,
discarded,A METACOGNITION APPROACH IN THE TEACHING OF WEB TECHNOLOGIES,"Kotsifakos, Dimitrios; Karvounidis, Theodoros; Douligeris, Christos",2015,"ICERI2015: 8TH INTERNATIONAL CONFERENCE OF EDUCATION, RESEARCH AND INNOVATION",,https://www.webofscience.com/wos/woscc/full-record/WOS:000377304006076,web-technologies-learning; misconceptions; metacognition; pedagogy-design-no-learner-data,"This paper describes a pilot project that focuses on the necessary interventions in the development of the Web Technologies course, one of the most popular courses among IT University students. The analysis is based on a series of observations of a group of volunteer students who participated in a series of projects related to the course. This paper attempts to define and set the principles and structures of metacognition, to explore how students, through developing their metacognitive skills, can examine their misconceptions about the web technologies course and, in doing so, to begin to acquire new habits of partnerships and techniques which will enable them to become experts in internet technologies.",wos,human,0.940,human,
discarded,Measuring Teacher Self-Report on Classroom Practices: Construct Validity and Reliability of the Classroom Strategies Scale - Teacher Form,"Reddy, Linda A.; Dudek, Christopher M.; Fabiano, Gregory A.; Peters, Stephanie",2015,SCHOOL PSYCHOLOGY QUARTERLY,10.1037/spq0000110,https://www.webofscience.com/wos/woscc/full-record/WOS:000366317300005,instrument-development-general,"This article presents information about the construct validity and reliability of a new teacher self-report measure of classroom instructional and behavioral practices (the Classroom Strategies Scales-Teacher Form; CSS-T). The theoretical underpinnings and empirical basis for the instructional and behavioral management scales are presented. Information is provided about the construct validity, internal consistency, test-retest reliability, and freedom from item-bias of the scales. Given previous investigations with the CSS Observer Form, it was hypothesized that internal consistency would be adequate and that confirmatory factor analyses (CFA) of CSS-T data from 293 classrooms would offer empirical support for the CSS-T's Total, Composite and subscales, and yield a similar factor structure to that of the CSS Observer Form. Goodness-of-fit indices of chi(2)/df, Root Mean Square Error of Approximation, Goodness of Fit Index, and Adjusted Goodness of Fit Index suggested satisfactory fit of proposed CFA models whereas the Comparative Fit Index did not. Internal consistency estimates of .93 and .94 were obtained for the Instructional Strategies and Behavioral Strategies Total scales respectively. Adequate test-retest reliability was found for instructional and behavioral total scales (r = .79, r = .84, percent agreement 93% and 93%). The CSS-T evidences freedom from item bias on important teacher demographics (age, educational degree, and years of teaching experience). Implications of results are discussed.",wos,llm,0.900,unreviewed,
discarded,PILOT STUDY: DEVELOPMENT AND EVALUATION OF A TECHNICAL WRITING INTERVENTION FOR COURSE-BASED GRADUATE ENGINEERING STUDENTS,Chauvet R.,2026,Proceedings of the Canadian Engineering Education Association Conference,10.24908/pceea.2026.21476,https://www.scopus.com/inward/record.uri?partnerID=HzOxMe3b&scp=105047226289&origin=inward,writing-general-not-target,,scopus,llm,0.900,unreviewed,
discarded,Word processing for the technical writer: A case study,Wheeler W.,2019,Word Processing for Technical Writers,10.4324/9781315227887-5,https://www.scopus.com/inward/record.uri?partnerID=HzOxMe3b&scp=85079301885&origin=inward,writing-general-not-target,,scopus,llm,0.910,unreviewed,
discarded,Sentiment analyis of Indian movie review with various feature selection techniques,Tripathi A.,2017,2016 IEEE International Conference on Advances in Computer Applications Icaca 2016,10.1109/ICACA.2016.7887947,https://www.scopus.com/inward/record.uri?partnerID=HzOxMe3b&scp=85018316137&origin=inward,unrelated-domain,,scopus,llm,0.970,unreviewed,
discarded,"Wiki justice, social ergonomics, and ethical collaborations",Bossewitch J.,2008,Wiki Writing Collaborative Learning in the College Classroom,,https://www.scopus.com/inward/record.uri?partnerID=HzOxMe3b&scp=77951568408&origin=inward,wiki-use-no-difficulty-data,,scopus,llm,0.840,unreviewed,
discarded,Bootstrapping language models for spoken dialog systems from the world wide Web,Hakkani-Tür D.,2006,ICASSP IEEE International Conference on Acoustics Speech and Signal Processing Proceedings,,https://www.scopus.com/inward/record.uri?partnerID=HzOxMe3b&scp=33947691274&origin=inward,unrelated-domain,,scopus,llm,0.970,unreviewed,
discarded,An investigation into formatting and layout errors produced by blind word-processor users and an evaluation of prototype error prevention and correction techniques,Evans D.G.,2003,IEEE Transactions on Neural Systems and Rehabilitation Engineering,10.1109/TNSRE.2003.816868,https://www.scopus.com/inward/record.uri?partnerID=HzOxMe3b&scp=0141509879&origin=inward,word-processing; document-formatting-errors; novice-users; accessibility-adjacent; not-about-learner-understanding,,scopus,human,0.880,human,
discarded,Equation entry and editing via handwriting and gesture recognition,Smithies S.,2001,Behaviour and Information Technology,10.1080/01449290010020657,https://www.scopus.com/inward/record.uri?partnerID=HzOxMe3b&scp=0035555020&origin=inward,math-input-not-learning,,scopus,llm,0.900,unreviewed,
discarded,Bibliography formatting software for managing search results: EndNote plus and EndLink,Bjorner S.,1995,Online Wilton Connecticut,,https://www.scopus.com/inward/record.uri?partnerID=HzOxMe3b&scp=0029375798&origin=inward,reference-software-not-target,,scopus,llm,0.940,unreviewed,
discarded,"Correction: The KLF16/MYC feedback loop is a therapeutic target in bladder cancer (Journal of Experimental & Clinical Cancer Research, (2024), 43, 1, (303), 10.1186/s13046-024-03224-3)",Zheng L.,2026,Journal of Experimental and Clinical Cancer Research,10.1186/s13046-026-03744-0,https://www.scopus.com/inward/record.uri?partnerID=HzOxMe3b&scp=105040413098&origin=inward,unrelated-domain,,scopus,llm,0.990,unreviewed,
discarded,Results of a Gamification University Experience for Teaching Web Programming: The 'Alice in Codeland' Project,Zolezzi D.,2026,IEEE Transactions on Education,10.1109/TE.2026.3668978,https://www.scopus.com/inward/record.uri?partnerID=HzOxMe3b&scp=105032782562&origin=inward,web-programming-education-but-no-specific-focus,,scopus,llm,0.760,unreviewed,
discarded,Iris: A Content Management System Supporting Typography and Accessibility,Zhao W.,2026,SIGCSE TS 2026 Proceedings of the 57th ACM Technical Symposium on Computer Science Education V 2,10.1145/3770761.3777217,https://www.scopus.com/inward/record.uri?partnerID=HzOxMe3b&scp=105033984305&origin=inward,accessibility-not-target,,scopus,llm,0.880,unreviewed,
discarded,Streamlining Web Development Education: The Impact and Implementation of the ECS-WL Website,Mazzone S.B.,2025,SIGCSE TS 2025 Proceedings of the 56th ACM Technical Symposium on Computer Science Education,10.1145/3641555.3705254,https://www.scopus.com/inward/record.uri?partnerID=HzOxMe3b&scp=86000237372&origin=inward,web-development-education-but-no-specific-focus,,scopus,llm,0.780,unreviewed,
discarded,Optimizing Evening Educational Operations via Web-based Role-Driven Student Management,Vayadande K.,2025,16th International Conference on Advances in Computing Control and Telecommunication Technologies Act 2025,,https://www.scopus.com/inward/record.uri?partnerID=HzOxMe3b&scp=105034879775&origin=inward,general-edtech-not-target-domain,,scopus,llm,0.940,unreviewed,
discarded,SMRITI—Semantic Model for Retrieval and Interpretation of Topical Information,De D.,2025,Lecture Notes in Networks and Systems,10.1007/978-981-96-5822-0_23,https://www.scopus.com/inward/record.uri?partnerID=HzOxMe3b&scp=105016007959&origin=inward,semantic-retrieval-not-target,,scopus,llm,0.930,unreviewed,
discarded,Neural Network Models for Cross-Language Code Synthesis and Translation,Muralidhar A.,2025,Proceedings of 2025 IEEE International Conference on Contemporary Computing and Communications Inc4 2025,10.1109/InC465408.2025.11256291,https://www.scopus.com/inward/record.uri?partnerID=HzOxMe3b&scp=105030337085&origin=inward,software-engineering-not-target,,scopus,llm,0.930,unreviewed,
discarded,Improving the Accessibility of Mathematical and other STEM Content in Engineering courses through Machine Learning Models,Asanaka L.,2025,ASEE Annual Conference and Exposition Conference Proceedings,10.18260/1-2--56767,https://www.scopus.com/inward/record.uri?partnerID=HzOxMe3b&scp=105029254838&origin=inward,accessibility-equations,,scopus,llm,0.990,unreviewed,
discarded,The rise (and almost fall) of Maneli Pets,Msimango-Galawe J.,2023,Emerald Emerging Markets Case Studies,10.1108/EEMCS-09-2022-0317,https://www.scopus.com/inward/record.uri?partnerID=HzOxMe3b&scp=85145924692&origin=inward,unrelated-domain,,scopus,llm,0.990,unreviewed,
discarded,Corporate new venture development at Dahan Tricom: the case of a new B2B e-commerce business,Xie Z.,2022,Emerald Emerging Markets Case Studies,10.1108/EEMCS-11-2022-0415,https://www.scopus.com/inward/record.uri?partnerID=HzOxMe3b&scp=85144093310&origin=inward,unrelated-domain,,scopus,llm,0.990,unreviewed,
discarded,Web design structure with wordpress content management for sports centre booking system,Ab Ghani N.S.,2020,Indonesian Journal of Electrical Engineering and Computer Science,10.11591/ijeecs.v19.i3.pp1643-1653,https://www.scopus.com/inward/record.uri?partnerID=HzOxMe3b&scp=85090837301&origin=inward,web-design-not-learning,,scopus,llm,0.930,unreviewed,
discarded,Classical fear conditioning in zebrafish (Danio rerio) using an upgraded version of the goldfish conditioned withdrawal preparation,Barela P.B.,2020,Journal of Neuroscience Methods,10.1016/j.jneumeth.2019.108503,https://www.scopus.com/inward/record.uri?partnerID=HzOxMe3b&scp=85076248813&origin=inward,unrelated-domain,,scopus,llm,0.990,unreviewed,
discarded,A convenient tool for bivariate data analysis and bar graph plotting with R,Hofmann A.,2019,Biochemistry and Molecular Biology Education,10.1002/bmb.21205,https://www.scopus.com/inward/record.uri?partnerID=HzOxMe3b&scp=85059843218&origin=inward,unrelated-domain,,scopus,llm,0.980,unreviewed,
discarded,VSEPR-Plus: Correct Molecular and Electronic Structures Can Lead to Better Student Conceptual Models,Esselman B.J.,2019,Journal of Chemical Education,10.1021/acs.jchemed.8b00316,https://www.scopus.com/inward/record.uri?partnerID=HzOxMe3b&scp=85056758995&origin=inward,domain-concept-inventory-not-computing,,scopus,llm,0.950,unreviewed,
discarded,Stardust Petroleum Sendirian Berhad: how to inculcate the pro-active safety culture?,Quoquab F.,2018,Emerald Emerging Markets Case Studies,10.1108/EEMCS-11-2017-0249,https://www.scopus.com/inward/record.uri?partnerID=HzOxMe3b&scp=85081027353&origin=inward,unrelated-domain,,scopus,llm,0.990,unreviewed,
discarded,HTML document error detector and visualiser for novice programmers,Schmoll S.,2018,Proceedings of IEEE Symposium on Visual Languages and Human Centric Computing Vl Hcc,10.1109/VLHCC.2018.8506569,https://www.scopus.com/inward/record.uri?partnerID=HzOxMe3b&scp=85056866524&origin=inward,html-learning; markup-language-education; error-visualization; novice-programmers; markup-tooling-no-understanding-measure,,scopus,human,0.970,human,
discarded,Erratum: Determining crystal structures through crowdsourcing and coursework (Nature Communications (2016) 7 (12549) DOI: 10.1038/ncomms12549),,2016,Nature Communications,10.1038/ncomms13392,https://www.scopus.com/inward/record.uri?partnerID=HzOxMe3b&scp=84992700503&origin=inward,unrelated-domain,,scopus,llm,0.990,unreviewed,
discarded,Developing a web-based simulation-based learning system for enhancing concepts of linked-list structures in data structures curriculum,Lai A.F.,2016,Proceedings Aims 2015 3rd International Conference on Artificial Intelligence Modelling and Simulation,10.1109/AIMS.2015.38,https://www.scopus.com/inward/record.uri?partnerID=HzOxMe3b&scp=84997107098&origin=inward,general-computing-education-not-target,,scopus,llm,0.880,unreviewed,
discarded,Creating Engaging Online Learning Material with the JSAV JavaScript Algorithm Visualization Library,Karavirta V.,2016,IEEE Transactions on Learning Technologies,10.1109/TLT.2015.2490673,https://www.scopus.com/inward/record.uri?partnerID=HzOxMe3b&scp=84978950545&origin=inward,general-computing-education-not-target,,scopus,llm,0.900,unreviewed,
discarded,Web-based interactive virtual classroom using HTML5-based technology,Buasri N.,2014,Proceedings of the 2014 3rd ICT International Senior Project Conference ICT Ispc 2014,10.1109/ICT-ISPC.2014.6923212,https://www.scopus.com/inward/record.uri?partnerID=HzOxMe3b&scp=84911452336&origin=inward,general-edtech-not-target-domain,,scopus,llm,0.940,unreviewed,
kept,Towards a taxonomy of errors in HTML and CSS,Thomas Park; Ankur Saxena; Swathi Jagannath; Susan Wiedenbeck; Andrea Forte,2013,ICER,10.1145/2493394.2493405,https://openalex.org/W2088945899,html-css-learning; markup-language-education; error-taxonomy; novice-programmers; markup-error-taxonomy; cited,"As part of a larger research agenda to explore web development as a context for learning computational literacy skills, we investigate errors people make while writing code in HTML and CSS. We report on a lab-based study in which 20 participants were video recorded as they completed coding tasks. We have applied the skills-rules-knowledge framework to segment this data by the cognitive causes of errors they made, and present a taxonomy of these errors. Our findings demonstrate how the skills-rules-framework can be used to analyze coding errors, provide insight about the origins of these errors, and suggest ways that the design of web development tools can be improved to support learning and practice with HTML and CSS.","openalex, dblp, scopus",human,0.990,human,
