status,title,authors,year,venue,doi,url,tags,abstract,provider,decision_source,llm_confidence,llm_review_outcome,llm_change_direction
discarded,Humans as niche constructors: Revisiting the concept of chronic anthropogenic disturbances in ecology,Ulysses Paulino Albuquerque; Paulo Henrique Santos Gonçalves; Washington Soares Ferreira Júnior; Leonardo da Silva Chaves; Regina Célia da Silva Oliveira; Temóteo Luiz Lima da Silva; Gilney Charll Santos; Elcida de Lima Araújo,2017,Perspectives in Ecology and Conservation,10.1016/j.pecon.2017.08.006,https://openalex.org/W2765633386,unrelated-domain,"The ecology has witnessed a strong conceptual shift regarding the transition from human-free to human-dominated ecosystems. Nevertheless, human beings are still treated as exogenous factors in many ecological studies. Human activity can reasonably be assumed to influence many processes and patterns studied in ecology at different spatial and temporal scales. Thus, trying to predict the future of ecosystems while ignoring the influence of human activities is neither realistic nor useful. We argue that a successful integration effort in traditional ecology must result from a theoretical and/or conceptual change. A logical and intuitive theoretical leap should be one that considers human actions in light of an integrative scenario. In the first part of this article, we discuss the need for conceptual, theoretical, and methodological changes in studies focusing on the idea of chronic anthropogenic disturbances. In the second part, we introduce the Niche Construction Theory (NCT) as an integrative scenario accommodating these theoretical and conceptual changes in studies that investigate human actions in the environment. To exemplify our argument, we present a case study resulting from our research and focusing on the cascading effects of human activities and their multilevel and multiscale influences in the landscape.","openalex, scopus, wos, dblp",llm,0.990,unreviewed,
discarded,Three questions for identifying chemically intolerant individuals in clinical and epidemiological populations: The Brief Environmental Exposure and Sensitivity Inventory (BREESI),Raymond F. Palmer; Carlos Roberto Jaén; Roger B. Perales; Rodolfo Rincón; Jacqueline N. Forster; Claudia S. Miller,2020,PLoS ONE,10.1371/journal.pone.0238296,https://openalex.org/W3087569138,instrument-development-noncomputing,"The Quick Environmental Exposure and Sensitivity Inventory (QEESI) is a validated questionnaire used worldwide to assess intolerances to chemicals, foods, and drugs, and has emerged as the gold standard for assessing chemical intolerance (CI). Despite a reported prevalence of 8-33%, epidemiological studies and routine primary care clinics rarely assess CI. To help address this gap, we developed the Brief Environmental Exposure and Sensitivity Inventory (BREESI)-a 3-item CI screening tool. We tested the BREESI's potential to predict whether an individual is likely to be classified as chemically intolerant if administered the 50-item QEESI. We recruited 293 participants from a university-based primary care clinic and through online participation. The statistical sensitivity, specificity, and positive and negative predictive values of the BREESI were calculated against the validated QEESI. Ninety percent (90%) of participants answering ""yes"" to all three items on the BREESI fit the QEESI criteria for being very suggestive of CI based upon their chemical intolerance and symptom scores (positive predictive value = 90%). For participants endorsing two items, 93% were classified as either very suggestive (39%) or suggestive (54%) of CI (positive predictive value = 87%). Of those endorsing only one item, 13% were classified as very suggestive of CI, and 70% as suggestive. Of those answering ""No"" to all of the BREESI items, 95% were classified as not suggestive of CI (i.e., negative predictive value = 95%). The BREESI is a versatile screening tool for assessing potential CI useful for clinical and epidemiological applications, based upon individuals' past adverse responses in a variety of settings. Just as health care professionals routinely inquire about latex allergy to prevent adverse reactions, the BREESI provides an essential screen for CI. Together, the BREESI and QEESI provide new diagnostic tools that may help predict and prevent future adverse reactions to chemicals, foods, and drugs.","openalex, scopus, wos, dblp",llm,0.960,unreviewed,
discarded,Latex allergen contents of rubber gloves packaged in sterile medical kits and trays☆☆☆★★★♢,Richard H. Jones; T LOBLAND; Donald L. Scheppmann; John W. Yunginger,1998,Journal of Allergy and Clinical Immunology,10.1016/s0091-6749(98)70290-8,https://openalex.org/W1981005363,latex-materials-medical,,"openalex, scopus, wos, dblp",llm,1.000,unreviewed,
discarded,Orthodontic treatment need for adolescents in the Campania region: the malocclusion impact on self-concept,Marco Carotenuto; Letizia Perillo; Maria Esposito; Alberto Caprioglio; Stefania Attanasio; Annamaria Chiara Santini,2014,Patient Preference and Adherence,10.2147/ppa.s58971,https://openalex.org/W2017580498,unrelated-domain,"BACKGROUND: Dental malocclusions can be considered not only as an oral health problem, because they are linked to quality of life perception. Many factors related to malocclusion have strong influences on the perception of facial esthetics (eg, anterior tooth alignment, tooth shape and position, lip thickness, symmetric gingival or tooth contour, lip profile, and overjet). Many reports have shown that the perception of facial esthetics can influence psychological development from early childhood to adulthood. The aim of this study is to investigate the effect of dental malocclusion on self-esteem in a sample of adolescents. MATERIALS AND METHODS: The study population was composed of 516 orthodontically untreated subjects (256 males) mean ages 13.75±1.977 years recruited from schools in the Campania region of Italy between January 2011 and July 2011. To evaluate the self-esteem grade in our population, all subjects filled out the Multidimensional Self Concept Scale questionnaire and attended an orthodontic clinical evaluation to estimate dental occlusal aspects. RESULTS: Pearson's analysis shows the relationship in our sample between some occlusal characteristics (crossbite and dental crowding) and aspects of self-concept evaluation (social, competence, academic, physical, and global score) of the Multidimensional Self Concept Scale questionnaire. Moreover, logistic regression analysis shows the potential role of dental crowding (odds ratio 5.359; 95% confidence interval 3.492-8.225) and crossbite (odds ratio 6.153; 95% confidence interval 3.545-10.678) as risk factors for development of global self-concept score abnormalities. CONCLUSION: Our findings confirm the relationship between psychosocial well-being, self-esteem, and dental malocclusion among adolescents.","openalex, scopus, wos, dblp",llm,0.990,unreviewed,
discarded,An Ethnobotanical study of Medicinal Plants in high mountainous region of Chail valley (District Swat- Pakistan),Mushtaq Ahmad; Shazia Sultana; Syed Fazl-i-Hadi; Taïbi Ben Hadda; Sofia Rashid; Muhammad Zafar; Mir Ajab Khan; Muhammad Pukhtoon Zada Khan; Ghulam Yaseen,2014,Journal of Ethnobiology and Ethnomedicine,10.1186/1746-4269-10-36,https://openalex.org/W2043351652,unrelated-domain,"BACKGROUND: This paper represents the first ethnobotanical study in Chail valley of district Swat-Pakistan and provides significant information on medicinal plants use among the tribal people of the area. The aim of this study was to document the medicinal uses of local plants and to develop an ethnobotanical inventory of the species diversity. METHODS: In present study, semi-structured interviews with 142 inhabitants (age range between 31-75 years) were conducted. Ethnobotanical data was analyzed using relative frequency of citation (RFC) to determine the well-known and most useful species in the area. RESULTS: Current research work reports total of 50 plant species belonging to 48 genera of 35 families from Chail valley. Origanum vulgare, Geranium wallichianum and Skimmia laureola have the highest values of relative frequency of citation (RFC) and are widely known by the inhabitants of the valley. The majority of the documented plants were herbs (58%) followed by shrubs (28%), trees (12%) and then climbers (2%). The part of the plant most frequently used was the leaves (33%) followed by roots (17%), fruits (14%), whole plant (12%), rhizomes (9%), stems (6%), barks (5%) and seeds (4%). Decoction was the most common preparation method use in herbal recipes. The most frequently treated diseases in the valley were urinary disorders, skin infections, digestive disorders, asthma, jaundice, angina, chronic dysentery and diarrhea. CONCLUSION: This study contributes an ethnobotanical inventory of medicinal plants with their frequency of citations together with the part used, disease treated and methods of application among the tribal communities of Chail valley. The present survey has documented from this valley considerable indigenous knowledge about the local medicinal plants for treating number of common diseases that is ready to be further investigated for biological, pharmacological and toxicological screening. This study also provides some socio-economic aspects which are associated to the local tribal communities.","openalex, scopus, wos, dblp",llm,0.990,unreviewed,
discarded,"The formation, properties and impact of secondary organic aerosol: current and emerging issues",Mattias Hallquist; John Wenger; Urs Baltensperger; Yinon Rudich; David Simpson; Magda Claeys; Josef Dommen; Neil M. Donahue; C. George; Allen H. Goldstein; Jacqueline F. Hamilton; Hartmut Herrmann; Thorsten Hoffmann; Yoshiteru Iinuma; Myoseon Jang; Michael E. Jenkin; J. L. Jiménez; Astrid Kiendler‐Scharr; Willy Maenhaut; G. McFiggans; Thomas F. Mentel; Anne Monod; Andrê S. H. Prévôt; John H. Seinfeld; Jason D. Surratt; Rafał Szmigielski; J. Wildt,2009,Atmospheric chemistry and physics,10.5194/acp-9-5155-2009,https://openalex.org/W2116507044,unrelated-domain,"Abstract. Secondary organic aerosol (SOA) accounts for a significant fraction of ambient tropospheric aerosol and a detailed knowledge of the formation, properties and transformation of SOA is therefore required to evaluate its impact on atmospheric processes, climate and human health. The chemical and physical processes associated with SOA formation are complex and varied, and, despite considerable progress in recent years, a quantitative and predictive understanding of SOA formation does not exist and therefore represents a major research challenge in atmospheric science. This review begins with an update on the current state of knowledge on the global SOA budget and is followed by an overview of the atmospheric degradation mechanisms for SOA precursors, gas-particle partitioning theory and the analytical techniques used to determine the chemical composition of SOA. A survey of recent laboratory, field and modeling studies is also presented. The following topical and emerging issues are highlighted and discussed in detail: molecular characterization of biogenic SOA constituents, condensed phase reactions and oligomerization, the interaction of atmospheric organic components with sulfuric acid, the chemical and photochemical processing of organics in the atmospheric aqueous phase, aerosol formation from real plant emissions, interaction of atmospheric organic components with water, thermodynamics and mixtures in atmospheric models. Finally, the major challenges ahead in laboratory, field and modeling studies of SOA are discussed and recommendations for future research directions are proposed.","openalex, scopus, wos, dblp",llm,0.990,unreviewed,
discarded,The value of managing for biodiversity,Philip J. Burton; A. C. Balisky; L. P. Coward; Daniel Kneeshaw; Shannon Cumming,1992,The Forestry Chronicle,10.5558/tfc68225-2,https://openalex.org/W1995068481,unrelated-domain,"The concept of biological diversity (biodiversity) is reviewed, with special attention to its measurement and natural trends. While generalizations regarding the necessity of biodiversity need to be interpreted with caution, it is argued that biodiversity should be protected in more ecosystem and landscape reserves, and that biodiversity is a reasonable management objective on timber lands as well. Maintaining biodiversity is important because we cannot always identify which individual species are critical to ecosystem sustainability, nor which species may be useful to mankind in future. Many wild species can provide useful natural products and genetic material, and can serve as ecological indicators. Diversity reduces pest and disease problems, and encourages recovery from disturbance. Uncertainty exists with regard to climate change and future socioeconomic values. It is therefore prudent to maximize flexibility by promoting a wide array of species and potential products. Suggestions are offered on how to promote biodiversity in multiple-use forests. Key words: biological diversity, climate change, environmental ethics, forest inventory, genetic conservation, integrated resource management, indicator species, landscape ecology, multiple-use, natural products, stability, uncertainty.","openalex, scopus, wos, dblp",llm,0.990,unreviewed,
discarded,Wastewater and sludge valorisation: a novel approach for treatment and resource recovery to achieve circular economy concept,Srujana Kathi; Siril Singh; Rajni Yadav; Anand Narain Singh; Alaa El Din Mahmoud,2023,Frontiers in Chemical Engineering,10.3389/fceng.2023.1129783,https://openalex.org/W4367300177,unrelated-domain,"Global demand for freshwater is rapidly escalating. It is highly essential to keep pace with the necessities of the increasing population. The effluents of wastewater are gradually identified as a reservoir of resources for energy generation and economic boom. Henceforth, most wastewater and sludge have great potential for reuse and recycling. The re-utilization and valorization of wastewater and sludge contribute to accomplishing sustainable development goals, combating water scarcity, and alleviating adverse environmental impacts of wastewater on the environmental components. The present article highlights the most novel approaches for wastewater treatment for the waste valorization of different industrial origins and the generation of value-added products and recovery of biopolymers, vitamins, enzymes, dyes, pigments, and phenolic compounds. We highlighted the life cycle assessment and techno-economic analysis. In addition, we have addressed a critical overview of the barriers to the large-scale application of resource recovery strategies and economic, environmental, and social concerns associated with using waste-derived products.","openalex, scopus, wos, dblp",llm,0.990,unreviewed,
discarded,Can accessing much data reshape the theory? Inventory theory under the challenge of data-driven systems,Nesim Erkip,2022,European Journal of Operational Research,10.1016/j.ejor.2022.08.024,https://openalex.org/W4292838845,unrelated-domain,"In this review, we discuss the data-driven systems and their effects on the implementation of the inventory theory. After overviewing the theory briefly, we group the data-driven approaches to simplify exposition. We consider the use of available data to estimate the parameters of more complex models, and propose developing the theory in that direction, as well. As a pedagogical example, an extension of the standard EOQ model with heterogenous customers is presented. The review proposes a research agenda for inventory problems and concludes with discussing challenges for the future.","openalex, scopus, wos, dblp",llm,0.980,unreviewed,
discarded,Prevalence and risk factors for latex allergy: Table 1,Naesinee Chaiear; I. S. Foulds; Sherwood Burge,2000,Occupational and Environmental Medicine,10.1136/oem.57.7.501a,https://openalex.org/W2068856218,latex-materials-medical,"Editor—We read with interest the cross sectional study of latex allergy of workers in a United Kingdom hospital.1 We have also tried to study healthcare workers in a district general hospital and have had problems with the response rate for skin prick testing and also blood taking. We have, however, used standardised and evaluated skin prick test …","openalex, scopus, wos, dblp",llm,1.000,unreviewed,
discarded,Use of Natural Rubber Latex (NRL) in Improving Properties of Reclaimed Asphalt Pavement (RAP),Prawit Paotong; Saravut Jaritngam; Pichai Taneerananon,2020,Engineering Journal,10.4186/ej.2020.24.2.53,https://openalex.org/W3025501935,latex-materials,"Many issues, especially cost, need to be looked at when a new asphalt materials are considered for road construction. One major factor that impacts the cost is the volatility in oil price and stock availability. Consequently, this factor affects both road construction and maintenance by creating uncertainty and financial challenge for Thai manufacturers. Furthermore, all economies, either national or local, depend on adequate road infrastructure and their sound maintenance for growth and development. One strategy for reducing the overall cost of road construction is through reclamation of existing pavement surfaces that are being repaired or replaced. A process of recycling asphaltic concrete pavement known as Reclaimed Asphalt Pavement (RAP) has been employed in many countries. However, one drawback associated with this practice is the costly investment in the mixing equipment which mechanically rejuvenates the old asphalt pavement by blending it with new asphalt binder. In addition to the high cost of investment, the required quality of the RAP has not been assured due to the lack of enough evidence. The addition of Natural Rubber Latex (NRL) to the process of the recycling asphalt pavement with the aim of reducing production costs and improving the quality of the RAP, offers a promising solution. This paper describes the results of an investigation into the properties of reclaimed asphaltic concrete mix with added NRL. The properties investigated include the Unconfined Compressive Strength (UCS) and California Bearing Ratio (CBR). The results show that properties of the NRL modified RAP mix meet the required engineering specifications. The results show that mixing NRL content of 5-15% by weight with RAP and cement content of 3-7% produced a mixture that meet the specification of Thailand Department of Highways in terms of UCS and CBR value for use in layers of pavement. Apart from the positive environmental impact of using recycle material of RAP, the economic and financial benefits to Thailand and rubber farmers make it worthwhile to use this NRL modified RAP for road construction and maintenance.","openalex, scopus, wos, dblp",llm,1.000,unreviewed,
