status,title,authors,year,venue,doi,url,tags,abstract,provider,decision_source,llm_confidence,llm_review_outcome,llm_change_direction
discarded,Radiatively stable vacuum energy from a gauged constant vacuum mode: Local Einstein equations with a flux-fixed Λ_eff,"Johansson, Germund",2026,Zenodo (CERN European Organization for Nuclear Research),10.5281/zenodo.17636209,https://openalex.org/W7106030288,latex-as-typesetting-tool-only,"What this record contains (PDF-only release)This Zenodo record contains the v2.7.1 manuscript PDFs for: Main manuscript: Radiatively stable vacuum energy from a gauged constant vacuum mode: Local Einstein equations with a flux-fixed Λ_eff (v2.7.1) Supplementary Material S1: Audit backbone for the v2.7.1 manuscript (operator inventory, threat model, toy thresholds, and existence-proof extracts) No LaTeX sources or code are included in this deposit (by design). One-paragraph summary (what the paper is claiming)The manuscript formulates a low-energy EFT in which the strictly spacetime-constant vacuum mode is isolated into a compact/topological flux sector (three-/four-forms + membranes), while local excitations gravitate normally. On the minimal “GR-local” branch, the local Einstein equations are exactly GR with a constant term Λ_eff that is an integration constant fixed by global flux/integration data. The central claim is operator-level and conditional: strictly constant additive shifts of the vacuum functional renormalize only the flux-fixed constant mode and do not reappear as a freely running local cosmological-constant coupling in the local equations, provided a stated operator inventory holds. What is (and is not) expected observationallyOn the GR-local branch, once Λ_eff is fixed by observation, the late-time background and linear perturbations remain at the GR + w = −1 fixed point, so standard late-time “EFT of dark energy” parameter constraints are not expected to directly “see” the constant-mode mechanism itself; the tests are instead operator-level (red-line operators + the UV suppression criterion + the S1 audit). What S1 is for (how a referee can check the claim)Supplementary Material S1 is written as a referee-oriented audit backbone: it includes an IR operator inventory/checklist, a nonperturbative threat model (wormholes/instantons), UV-embedding templates, explicit toy “protected-λ” threshold tables/overlays, and compact “in-package” existence-proof extracts referenced by the main text. How to citePlease cite the Zenodo DOI assigned to this v2.7.1 record/version. If you are citing a broader evolving manuscript series, Zenodo will also provide a concept DOI (covers all versions); use that if you want a version-agnostic reference. Keywordscosmological constant; vacuum energy; radiative stability; effective field theory; four-forms; sequestering; unimodular gravity; flux discretuum; wormholes; instantons Project overview / companion materials: https://johansson.digital Project overview and related material:https://github.com/gcv-framework/gcv-vacuum-energy Note: GitHub is used as a high-level discovery and overview hub only. For citation and archiving, please cite the Zenodo concept DOI(s) for the scientific content.","openalex, scopus, wos, dblp",llm,0.990,unreviewed,
discarded,"Ethnobotanical inventory and medicinal applications of plants used by the local people of Cholistan desert, Pakistan",Esan Ali; Muhammad Farooq Azhar; Rainer W. Bussmann,2023,Ethnobotany Research and Applications,10.32859/era.25.21.1-23,https://openalex.org/W4322009538,unrelated-domain,"Background: The Cholistan desert has been inhabited by people who have a long tradition of utilizing medicinal plants to heal human diseases. The current study includes a detailed ethnobotanical inventory and the traditional therapeutic applications of medicinal plants in the Cholistan desert. Methods: The primary data was obtained through field observations, interviews, and questionnaires between December 2021 and March 2022. Informant Consensus Factor (ICF), Relative frequency citation (RFCs), and fidelity level (FL) were used to access the relevance of medicinal plants. Pearson’s chi-square test, One-way ANOVA and multiple logistic regression were performed to compare indigenous knowledge among respondents of various socio-demographic groups. Results: 93 plants from 31 families were recorded. The Fic was calculated for sixteen different disease categories value range (0.82 to 0.50). Heliotropium strigosum, Grewia villosa, and Capparis decidua exhibited high RFCs value (0.49). The FL of Chenopodium album and Farsetia hamiltonii were 92.9 and 91.4%. Gender, age, educational status, and source of livelihood showed a significant positive impact (p-value < 0.001) on the respondents' indigenous knowledge about medicinal plants. Multiple logistic regression analysis confirmed that gender and education significantly affect (p-value < 0.001) the level of respondents’ indigenous knowledge followed by age and source of livelihood. Conclusion: This investigation revealed that traditional medicine based on ancient indigenous knowledge is still practiced as the first line of health care in the study area. Women are having vast ethnobotanical knowledge as compared to men and there is a significant gap in transmission of information from elder to younger generations. Keywords: Medicinal plants, Indigenous Knowledge, Ethnobotanical indices, Socio-demographic factors, Regression analysis","openalex, scopus, wos, dblp",llm,0.990,unreviewed,
discarded,Fabrication of Direct Fiber‐Reinforced Posts: A Structural Design Concept,Douglas A Terry; Peter T. Triolo; Edward J. Swift,2001,Journal of Esthetic and Restorative Dentistry,10.1111/j.1708-8240.2001.tb00269.x,https://openalex.org/W2169557666,latex-materials,"UNLABELLED: As the clinician continues the quest for optimal functional and esthetic success of a tooth-restorative complex, the current selection of restorative materials and techniques may prove overwhelming. Although no single system provides the ideal restorative solution for every clinical circumstance, understanding of general design criteria and the components for the various post and core systems available allow the clinician to appropriately select the method and materials compatible with the existing tooth structure and desired result. This article provides a discussion of the various post and core systems, the methods and materials inherent in these systems, and general design principles. Using that basic information and clinical experience, the authors offer an alternative procedure for the rehabilitation of the intraradicular anatomy of the post-endodontic channel with a direct composite resin--the fiber-reinforced post and core system. CLINICAL SIGNIFICANCE: Using improved restorative materials that stimulate the physical properties and other characteristics of natural teeth in combination with the proper design principles, the clinician can develop a tooth-restorative complex with optimal functional and esthetic results.","openalex, scopus, wos, dblp",llm,0.990,unreviewed,
discarded,Buffering effects of groupwise European beech (Fagus sylvatica L.) admixtures on forest microclimate and Humipedon conditions: a spatial analysis along beech-spruce/pine transects,Achilles F.,2026,Journal of Forestry Research,10.1007/s11676-026-02112-0,https://www.scopus.com/inward/record.uri?partnerID=HzOxMe3b&scp=105045462771&origin=inward,unrelated-domain,,"openalex, scopus, wos, dblp",llm,0.990,unreviewed,
discarded,Advances in nanocrystalline cellulose modified rubber thermoset composites for mobility applications: A path toward sustainable and high performance materials,Azman A.N.,2026,Composites Part B Engineering,10.1016/j.compositesb.2026.113885,https://www.scopus.com/inward/record.uri?partnerID=HzOxMe3b&scp=105041221589&origin=inward,latex-materials,,"openalex, scopus, wos, dblp",llm,0.990,unreviewed,
discarded,Synergistic effects of seaweed powder and rheology modifiers on the reaction mechanism and pore architecture of geopolymer,Lee H.S.,2026,Journal of Cleaner Production,10.1016/j.jclepro.2026.148862,https://www.scopus.com/inward/record.uri?partnerID=HzOxMe3b&scp=105043017768&origin=inward,unrelated-domain,,"openalex, scopus, wos, dblp",llm,0.990,unreviewed,
discarded,Enhancing (Super)hydrophobicity of Natural Fibers: An Overview of Methodologies and Their Sustainability Assessment,Jerič P.,2026,ACS Sustainable Chemistry and Engineering,10.1021/acssuschemeng.5c08518,https://www.scopus.com/inward/record.uri?partnerID=HzOxMe3b&scp=105043322565&origin=inward,unrelated-domain,,"openalex, scopus, wos, dblp",llm,0.990,unreviewed,
discarded,Comparative Life Cycle Assessment of Agro-Industrial Residues: Environmental Impacts of Grape Marc and Brewer’s Spent Grain Combustion,Kaffe D.,2026,Circular Economy and Sustainability,10.1007/s43615-026-00942-y,https://www.scopus.com/inward/record.uri?partnerID=HzOxMe3b&scp=105036201194&origin=inward,unrelated-domain,,"openalex, scopus, wos, dblp",llm,0.990,unreviewed,
discarded,"A review of ethnoveterinary botanical medicines used in Uganda: Their phytochemistry, bioactivity and toxicity",Anywar G.,2026,Journal of Ethnopharmacology,10.1016/j.jep.2025.120917,https://www.scopus.com/inward/record.uri?partnerID=HzOxMe3b&scp=105026156920&origin=inward,unrelated-domain,,"openalex, scopus, wos, dblp",llm,0.990,unreviewed,
discarded,Organic coating failure and monitoring in atmospheric corrosion: from mechanisms to applications,Mu X.,2026,Progress in Materials Science,10.1016/j.pmatsci.2025.101592,https://www.scopus.com/inward/record.uri?partnerID=HzOxMe3b&scp=105019707539&origin=inward,unrelated-domain,,"openalex, scopus, wos, dblp",llm,0.990,unreviewed,
discarded,Recent Understanding of Functional Genomics for Horticultural Plant Secondary Metabolites Biosynthesis under Climate Change,Anas M.,2026,Horticultural Science and Technology,10.7235/HORT.20250064,https://www.scopus.com/inward/record.uri?partnerID=HzOxMe3b&scp=105031810373&origin=inward,unrelated-domain,,"openalex, scopus, wos, dblp",llm,0.990,unreviewed,
discarded,"Two new Lactarius species from Laos (Basidiomycota, Russulales)",Verbeken A.,2026,Mycokeys,10.3897/mycokeys.132.186093,https://www.scopus.com/inward/record.uri?partnerID=HzOxMe3b&scp=105042399730&origin=inward,unrelated-domain,,"openalex, scopus, wos, dblp",llm,0.990,unreviewed,
discarded,Emerging threat of microplastic-borne pathogens in seafood: A One Health review,Yin K.,2026,Water Biology and Security,10.1016/j.watbs.2026.100672,https://www.scopus.com/inward/record.uri?partnerID=HzOxMe3b&scp=105041358488&origin=inward,unrelated-domain,,"openalex, scopus, wos, dblp",llm,0.990,unreviewed,
discarded,Nanozyme Delivery System,Kumar P.,2026,Harnessing Nanozymes to Combat Antimicrobial Resistance,10.1007/978-3-032-16540-4_9,https://www.scopus.com/inward/record.uri?partnerID=HzOxMe3b&scp=105032041975&origin=inward,unrelated-domain,,"openalex, scopus, wos, dblp",llm,0.990,unreviewed,
discarded,Chemically induced cardiotoxicity: Role of voltage dependent ion channels,Orts D.J.B.,2026,Current Topics in Membranes,10.1016/bs.ctm.2026.02.001,https://www.scopus.com/inward/record.uri?partnerID=HzOxMe3b&scp=105031807586&origin=inward,unrelated-domain,,"openalex, scopus, wos, dblp",llm,0.990,unreviewed,
discarded,Air purification and indoor air quality of green microbial nanotechnology for pollution control,Azid A.,2026,Green Microbial Nanotechnology for Pollution Control New and Future Developments in Microbial Biotechnology and Bioengineering,10.1016/B978-0-443-43958-2.00024-8,https://www.scopus.com/inward/record.uri?partnerID=HzOxMe3b&scp=105033727924&origin=inward,unrelated-domain,,"openalex, scopus, wos, dblp",llm,0.990,unreviewed,
discarded,Circular economy applications in railway infrastructure: A comprehensive evidence-based review,Tan J.,2026,Transportation Geotechnics,10.1016/j.trgeo.2025.101677,https://www.scopus.com/inward/record.uri?partnerID=HzOxMe3b&scp=105017686313&origin=inward,unrelated-domain,,"openalex, scopus, wos, dblp",llm,0.990,unreviewed,
discarded,Solvents and Green Solvents in Polymers and Industry—Devil or Savior?,Höfer R.,2026,Comprehensive Polymer Science,10.1016/B978-0-323-95486-0.00047-8,https://www.scopus.com/inward/record.uri?partnerID=HzOxMe3b&scp=105042923002&origin=inward,unrelated-domain,,"openalex, scopus, wos, dblp",llm,0.990,unreviewed,
discarded,"Handbook of Material Biodegradation, Biodeterioration, and Biostablization",Wypych G.,2026,Handbook of Material Biodegradation Biodeterioration and Biostablization,10.1016/C2025-0-00719-6,https://www.scopus.com/inward/record.uri?partnerID=HzOxMe3b&scp=105039978872&origin=inward,unrelated-domain,,"openalex, scopus, wos, dblp",llm,0.990,unreviewed,
discarded,Handbook of Acid-Base Indicators (pH Indicators),Sabnis R.W.,2026,Handbook of Acid Base Indicators Ph Indicators,10.1201/9781315270715,https://www.scopus.com/inward/record.uri?partnerID=HzOxMe3b&scp=105040276454&origin=inward,unrelated-domain,,"openalex, scopus, wos, dblp",llm,0.990,unreviewed,
discarded,Energy-water usage and greenhouse gas emissions nexus of the natural rubber industry in Vietnam,Nguyen Pham H.D.,2025,Case Studies in Chemical and Environmental Engineering,10.1016/j.cscee.2025.101245,https://www.scopus.com/inward/record.uri?partnerID=HzOxMe3b&scp=105007463085&origin=inward,latex-materials,,"openalex, scopus, wos, dblp",llm,0.990,unreviewed,
discarded,The role of deep eutectic solvent recycling on crystalline nanocellulose production from oil palm empty fruit bunch: A techno-economic viability and life cycle assessment study,Putranto A.W.,2025,Biomass and Bioenergy,10.1016/j.biombioe.2025.108306,https://www.scopus.com/inward/record.uri?partnerID=HzOxMe3b&scp=105013867465&origin=inward,unrelated-domain,,"openalex, scopus, wos, dblp",llm,0.990,unreviewed,
discarded,Needs analysis in classroom digitalization projects,Andrea Garavaglia; Livia Petti,2013,Archivio Istituzionale della Ricerca (Universita Degli Studi Di Milano),,https://openalex.org/W2309639203,general-edtech-not-target-domain,"In recent years a growing number of Italian schools have launched digitalization projects, integrating new technologies into their classrooms. Due to underfunding, these schools have accepted grants placing contractual restrictions on project features. The aim of this study was to analyse a number of digital classroom models with a view to identifying how and when needs analysis had been implemented and how this was related to outcomes in terms of problematic aspects, success factors and common/ad hoc project features. The research group conducted systematic observation of four macro-project models encompassing the design of 59 individual digital classrooms (31 primary school, 20 middle school and 8 high school) currently being implemented in Northern Italian schools. Due to differences between the various projects and contexts, three alternative methods were used to collect data, namely project documents, interviews with teachers during project consultancy/review of the classroom environment and quantitative surveys. On the basis of the data analysis, we identified the following digitalization project models shaped by grant-imposed restrictions: one-to-one models (Penuel, 2006), technology-driven models and ad hoc models freely designed by the teaching staff. The results showed overall lack of involvement of the teaching staff, excessively technology-driven training, lack of training and lack of technical assistance to be amongst the critical aspects giving rise to uncertain outcomes. However, the most important factor contributing to classroom management issues was inadequate or inexistent needs analysis (Quaglino, Carrozzi, 1981).","openalex, scopus, wos",llm,0.940,unreviewed,
discarded,Do AI chatbots improve students learning outcomes? Evidence from a meta‐analysis,Rong Wu; Zhonggen Yu,2023,British Journal of Educational Technology,10.1111/bjet.13334,https://openalex.org/W4367849331,general-edtech-not-target-domain,"Abstract Artificial intelligence (AI) chatbots are gaining increasing popularity in education. Due to their increasing popularity, many empirical studies have been devoted to exploring the effects of AI chatbots on students' learning outcomes. The proliferation of experimental studies has highlighted the need to summarize and synthesize the inconsistent findings about the effects of AI chatbots on students' learning outcomes. However, few reviews focused on the meta‐analysis of the effects of AI chatbots on students' learning outcomes. The present study performed a meta‐analysis of 24 randomized studies utilizing Stata software (version 14). The main goal of the current study was to meta‐analytically examine the effects of AI chatbots on students' learning outcomes and the moderating effects of educational levels and intervention duration. The results indicated that AI chatbots had a large effect on students' learning outcomes. Moreover, AI chatbots had a greater effect on students in higher education, compared to those in primary education and secondary education. In addition, short interventions were found to have a stronger effect on students' learning outcomes than long interventions. It could be explained by the argument that the novelty effects of AI chatbots could improve learning outcomes in short interventions, but it has worn off in the long interventions. Future designers and educators should make attempt to increase students' learning outcomes by equipping AI chatbots with human‐like avatars, gamification elements and emotional intelligence. Practitioner notes What is already known about this topic In recent years, artificial intelligence (AI) chatbots have been gaining increasing popularity in education. Studies undertaken so far have provided conflicting evidence concerning the effects of AI chatbots on students' learning outcomes. There has remained a paucity of meta‐analyses synthesizing the contradictory findings about the effects of AI chatbots on students' learning outcomes. What this paper adds This study, through meta‐analysis, synthesized these recent findings about the effects of AI chatbots on students' learning outcomes. This study found that AI chatbots could have a large effect on students' learning outcomes. This study found that the effects of AI chatbots were moderated by educational levels and intervention duration. Implications for practice and/or policy AI chatbot designers could make AI chatbots better by equipping AI chatbots with human‐like avatars, gamification elements and emotional intelligence Practitioners and/or teachers should draw attention to the positive and negative effects of AI chatbots on students. Considering the importance of ChatGPT, more research is required to develop a better understanding of the effects of ChatGPT in education. More research is needed to examine the mechanisms underlying the effects of AI chatbots on students' learning outcomes.","openalex, scopus, wos",llm,0.950,unreviewed,
