status,title,authors,year,venue,doi,url,tags,abstract,provider,decision_source,llm_confidence,llm_review_outcome,llm_change_direction
discarded,Investigating Novices' In Situ Reflections on Their Programming Process,Dastyni Loksa; Benjamin Xie; Harrison Kwik; Amy J. Ko,2020,,10.1145/3328778.3366846,https://openalex.org/W3010598638,general-programming-not-target,"Prior work on novice programmers' self-regulation have shown it to be inconsistent and shallow, but trainable through direct instruction. However, prior work has primarily studied self-regulation retrospectively, which relies on students to remember how they regulated their process, or in laboratory settings, limiting the ecological validity of findings. To address these limitations, we investigated 31 novice programmers' self-regulation in situ over 10 weeks. We had them to keep journals about their work and later had them to reflect on their journaling. Through a series of qualitative analyses of journals and survey responses, we found that all participants monitored their process and evaluated their work, that few interpreted the problems they were solving or adapted prior solutions. We also found that some students self-regulated their programming in many ways, while others in almost none. Students reported many difficulties integrating reflection into their work; some were completely unaware of their process, some struggled to integrate reflection into their process, and others found reflection conflicted with their work. These results suggest that self-regulation during programming is highly variable in practice, and that teaching self-regulation skills to improve programming outcomes may require differentiated instruction based on students self-awareness and existing programming practices.","openalex, scopus, wos",llm,0.900,unreviewed,
discarded,Increasing the metacognitive awareness of high school students,M. Ferrer Mcfarland,2013,ThinkTech (Texas Tech University),,https://openalex.org/W2298056618,general-education-method,"Research has shown that many high school students are not prepared for college and/or the work force because they have not learned how to learn. Students who are unaware of the metacognitive process are usually underachievers who have lower academic goals, and are less accurate in assessing their own abilities. While metacognition is a learning strategy that has been shown to increase learning, comprehension, attention, motivation, and memory, it continues to be a missing component in today’s classrooms. In order to determine if metacognitive awareness – as measured by the Motivated Strategies for Learning Questionnaire (MSLQ) – could be increased, a quasi-experimental study was conducted to determine the effects of teaching a process-oriented metacognitive strategy to students at a public high school located in Massachusetts. The sample population consisted of 68 students in all four grade levels, with 32 in the control group, and 36 in the treatment group. The results of the study showed that less than half of the sample population initially reported being familiar with metacognition, and that there were no significant differences in metacognitve awareness between the four grade levels. It was also found that metacognitive awareness could be increased by providing direct instruction followed by exercises in the utilization of the strategy. These findings were consistent with the research that has shown metacognitive skills can be taught through carefully designed instructional activities.","openalex, scopus, wos",llm,0.940,unreviewed,
discarded,"""Here the GPT made a choice, and every choice can be biased"": How Students Critically Engage with LLMs through End-User Auditing Activity",Snehal Prabhudesai; Ananya Prashant Kasi; Anmol Mansingh; Anindya Das Antar; Hua Shen; Nikola Banović,2025,,10.1145/3706598.3713714,https://openalex.org/W4409871149,general-ai-literacy-not-target,"Despite recognizing that Large Language Models (LLMs) can generate inaccurate or unacceptable responses, universities are increasingly making such models available to their students.Existing university policies defer the responsibility of checking for correctness and appropriateness of LLM responses to students and assume that they will have the required knowledge and skills to do so on their own.In this work, we conducted a series of user studies with students (N=47) from a large North American public research university to understand if and how they critically engage with LLMs.Our participants evaluated an LLM provided by the university in a quasi-experimental setup; first by themselves, and then with a scaffolded design probe that guided them through an end-user auditing exercise.Qualitative analysis of participant think-aloud and LLM interaction data showed that students without basic AI literacy skills struggle to conceptualize and evaluate LLM biases on their own.However, they transition to focused thinking and purposeful interactions when provided with structured guidance.We highlight areas where current university policies may fall short and offer policy and design recommendations to better support students.","openalex, scopus, wos",llm,0.920,unreviewed,
discarded,Ply,Sarah Lim; Joshua Hibschman; Haoqi Zhang; Eleanor O’Rourke,2018,,10.1145/3242587.3242660,https://openalex.org/W2897701367,css-learning; markup-language-education; novice-understanding; tool-supported-learning; markup-tooling-no-understanding-measure,"While many online resources teach basic web development, few are designed to help novices learn the CSS concepts and design patterns experts use to implement complex visual features. Professional webpages embed these design patterns and could serve as rich learning materials, but their stylesheets are complex and difficult for novices to understand. This paper presents Ply, a CSS inspection tool that helps novices use their visual intuition to make sense of professional webpages. We introduce a new visual relevance testing technique to identify properties that have visual effects on the page, which Ply uses to hide visually irrelevant code and surface unintuitive relationships between properties. In user studies, Ply helped novice developers replicate complex web features 50% faster than those using Chrome Developer Tools, and allowed novices to recognize and explain unfamiliar concepts. These results show that visual inspection tools can support learning from complex professional webpages, even for novice developers.","openalex, scopus, wos",human,0.960,human,
discarded,Design Case: Implementing Gamification with ARCS to Engage Digital Natives,Travis N. Thurston,2019,Digital Commons - USU (Utah State University),10.26077/vsk5-5613,https://openalex.org/W2802533689,general-edtech-not-target-domain,"Gamification is an emerging topic for both student engagement and motivation in higher education online courses as digital natives become post-secondary students. This design case considers the design, development, and implementation of a higher education online course using the ARCS model for motivational design combined with the four-phase model of interest development as a framework for gamification implementation. Through “designerly ways of knowing,” this design case explores engaging digital native students with a gamified online course design, which will be of interest to instructional designers and instructors in higher education. Overall, students in the pilot course responded favorably to the incorporation of gamification and perceived it to have a positive impact on the overall learning experience. Future iterations can improve upon this approach to plan more targeted gamification strategies.","openalex, scopus, wos",llm,0.940,unreviewed,
discarded,Intelligent techniques in e-learning: a literature review,Miloš Ilić; Vladimir Mikić; Lazar Kopanja; Boban Vesin,2023,Artificial Intelligence Review,10.1007/s10462-023-10508-1,https://openalex.org/W4380538220,general-edtech-not-target-domain,"Abstract Online learning has become increasingly important, having in mind the latest events, imposed isolation measures and closed schools and campuses. Consequently, teachers and students need to embrace digital tools and platforms, bridge the newly established physical gap between them, and consume education in various new ways. Although literature indicates that the development of intelligent techniques must be incorporated in e-learning systems to make them more effective, the need exists for research on how these techniques impact the whole process of online learning, and how they affect learners’ performance. This paper aims to provide comprehensive research on innovations in e-learning, and present a literature review of used intelligent techniques and explore their potential benefits. This research presents a categorization of intelligent techniques, and explores their roles in e-learning environments. By summarizing the state of the art in the area, the authors outline past research, highlight its gaps, and indicate important implications for practice. The goal is to understand better available intelligent techniques, their implementation and application in e-learning context, and their impact on improving learning in online education. Finally, the review concludes that AI-supported solutions not only can support learner and teacher, by recommending resources and grading submissions, but they can offer fully personalized learning experience.","openalex, scopus, wos",llm,0.940,unreviewed,
discarded,Escape Rooms in STEM Teaching and Learning—Prospective Field or Declining Trend? A Literature Review,Chantal Lathwesen; Nadja Belova,2021,Education Sciences,10.3390/educsci11060308,https://openalex.org/W3173826367,general-edtech-not-target-domain,"In the last decade, game-based learning has received growing attention in educational contexts in general and science education in particular. A recent game trend, which has also found its way into STEM classrooms, is escape rooms. In this type of game, players have to work through several puzzles to achieve a specific goal (mostly to escape from an actual room). We conducted a systematic literature review to find out whether the “market” for such games is already saturated or if there is still potential for further development. After searching the common databases (ERIC, Web of Science, and Google Scholar, as well as the German database FIS Bildung), we analyzed 93 journal articles, book chapters, and conference papers in English and German from the following domains: chemistry, physics, biology, mathematics, computer science, general science (interdisciplinary), environmental science, and medicine. We selected the ones that targeted a specific educational level (primary, secondary or tertiary education) and were designed for formal educational settings. It transpired that there is a need for more easily adaptable escape rooms as well as for more empirical evidence on their actual effects.","openalex, scopus, wos",llm,0.940,unreviewed,
discarded,From Entertainment to Education: The Scope of Copyright,Hector MacQueen; Charlotte Waelde,2004,ERA,,https://openalex.org/W1572911698,unrelated-domain,"The paper considers the scope of copyright in the light of the so-called “digital (or Internet) revolution” of the last twenty years, and raises some issues about the present and future shape of the law which seem to require further investigation and reflection.","openalex, scopus, wos",llm,0.990,unreviewed,
discarded,"MarketizingHindutva: The state, society, and markets in Hindu nationalism",Priya Chacko,2018,Modern Asian Studies,10.1017/s0026749x17000051,https://openalex.org/W2898308699,unrelated-domain,"Abstract The embrace of markets and globalization by radical political parties is often taken as reflecting and facilitating the moderation of their ideologies. This article considers the case of Hindu nationalism, orHindutva, in India. It is argued that, rather than resulting in the moderation of Hindu nationalism, mainstream economic ideas are adopted and adapted by its proponents to further theHindutvaproject. Hence, until the 1990s, the Hindu nationalist political party, the Bharatiya Janata Party (BJP), its earlier incarnation, the Jana Sangh, and the grass-roots organization, the Rashtriya Swayamsevak Sangh (RSS), adopted and adapted mainstream ideas by emphasizing the state as the protector of (Hindu) society against markets and as a tool of societal transformation for its Hindu nationalist support base. Since the 1990s, Indian bureaucratic and political elites, including in the BJP, have adopted a view of the market as the main driver of societal transformations. Under the leadership of Narendra Modi, in particular, the BJP has sought to consolidate a broader support base and stimulate economic growth and job creation by bolstering the corporate sector and recreating the middle and ‘neo-middle’ classes as ‘virtuous market citizens’ who view themselves as entrepreneurs and consumers but whose behaviour is regulated by the framework of Hindu nationalism. These policies, however, remain contested within the Hindu nationalist movement and in Indian society generally. The BJP's discourse against ‘anti-nationals’ and the use of legal sanctions against dissent is an attempt to curb these challenges.","openalex, scopus, wos",llm,0.990,unreviewed,
discarded,Development and Evaluation of an Augmented Reality Chiller System SimulatorforTVET Teaching,Universiti Tun Hussein Onn Malaysia; Muhammad Jalil; Nizamuddin Razali; Universiti Tun Hussein Onn Malaysia; Khairul Anuar Abdul Rahman; Universiti Tun Hussein Onn Malaysia; Mohd Bekri Rahim; Universiti Tun Hussein Onn Malaysia; Noorazman Abd Samad; Universiti Tun Hussein Onn Malaysia; Azman Hussin; Dr Pakar Aircond Sdn Bhd,2024,Journal of Technical Education and Training,10.30880/jtet.2024.16.01.004,https://openalex.org/W4403564110,general-edtech-not-target-domain,"This study investigates the potential of augmented reality (AR) technology to enhance teaching quality in courses on water cooled chillers and air-cooled chillers. It addresses the critical need for more interactive and engaging learning experiences, particularly for students in skills-based institutions who often exhibit a preference for visual and kinesthetic learning styles. Highlighting the importance of diversifying teaching methods, this research aims to improve student engagement and deepen their understanding of complex subject matter. Utilizing the ADDIE design model, the study develops an AR simulator and assesses its effectiveness through a questionnaire distributed to students from three vocational colleges. A descriptive analysis method was employed to evaluate the data, with the research instrument demonstrating a high reliability value (α = 0.890). The findings reveal significant levels of perceived usefulness (M = 4.34), ease of use (M = 4.36), and positive attitudes (M = 4.25) towards the AR simulator. Consequently, the study concludes that AR technology is highly accepted among vocational college students, recommending the broader incorporation of AR technology in vocational education to enhance the efficacy of the teaching and learning process.","openalex, scopus, wos",llm,0.940,unreviewed,
discarded,ALL: Supporting Experiential Accessibility Education and Inclusive Software Development,Weishi Shi; Heather Moses; Qi Yu; Samuel A. Malachowsky; Daniel E. Krutz,2023,ACM Transactions on Software Engineering and Methodology,10.1145/3625292,https://openalex.org/W4387055376,general-computing-education-not-target,"Creating accessible software is imperative for making software inclusive for all users.Unfortunately, the topic of accessibility is frequently excluded from computing education, leading to scenarios where students are unaware of either how to develop accessible software or see the need to create it. To address this challenge, we have created a set of educational labs that are systematically designed to not only inform students about fundamental topics in producing accessible software but also demonstrate its importance. Over the previous year, these labs were included in several Computer Science 2 offerings at the Rochester Institute of Technology, comprising a total of 500 student participants. This article discusses instructional observations from these offerings, some of which include the following: (i) many of the research findings from previous efforts remain true with the larger, more diverse evaluation; (ii) our created material and format reduced students’ belief that creating accessible software was difficult in relation to the baseline,; (iii) we observed that our created material and format benefited student opinion that creating accessible software is important, and (iv) computing majors may not be uniformly impacted by experiential educational accessibility material. The educational labs are publicly available on the project website (https://all.rit.edu).","openalex, scopus, wos",llm,0.920,unreviewed,
discarded,Student engagement through personalized learning in urban high schools,James Anderson,2025,,10.17760/d20711279,https://openalex.org/W7116934787,general-edtech-not-target-domain,"Urban educational settings often utilize standardized approaches that fail to meet the diverse learning needs of students in high school environments. This case study examines how urban high school students engage with personalized learning (PL) experiences through the lens of Self-Determination Theory (SDT). Using qualitative methods with five high school graduates and analysis of their learning artifacts, the research identifies five key themes: cognitive engagement, extracurricular activities, self-evaluation, academic challenges, and social engagement. Findings reveal personalized learning fosters heightened engagement when students have autonomy over their learning process and can connect academic content to personal interests. The research underscores the significance of extracurricular activities in developing essential skills such as leadership, teamwork, and critical thinking, with participants consistently reporting these activities as catalysts for both personal and academic growth. Social engagement emerged as fundamental to academic development, creating positive feedback loops between peer relationships and academic achievement. Research findings suggest educators must intentionally create personalized learning environments that integrate extracurricular opportunities, foster collaborative experiences, and provide opportunities for self-direction. The study contributes to understanding effective personalized learning implementations that address both academic success and holistic student development, particularly in urban educational settings where traditional approaches often fail to engage students effectively. --Author's abstract","openalex, scopus, wos",llm,0.930,unreviewed,
discarded,Measuring the effectiveness of programmed instructions (PI) to learn design thinking concepts for secondary school students,Apoorv Naresh Bhatt; Amaresh Chakrabarti,2024,Design Science,10.1017/dsj.2024.47,https://openalex.org/W4404909580,general-education-method,"Abstract Self-instructional media in education has the potential to address educational challenges such as accessibility, flexible and personalised learning, real-time assessment and resource efficiency. The objectives of this study are to (1) develop programmed instructions to teach design thinking concepts and (2) investigate its effects on secondary school students’ understanding of these concepts. A design thinking workshop was conducted with secondary school students; subsequently, their understanding of design thinking concepts gained through digital programmed instructions was evaluated. The study involved 33 novice secondary school students from grades 6 to 9 in India, who worked in teams to find and solve real-life, open-ended, complex problems during the workshop using the design thinking process. Data on (i) the individual performance in understanding design thinking concepts and (ii) team performance in design problem finding and solving were collected using individual tests and teams’ outcome evaluations, respectively. Students’ perceptions of the effectiveness of the programmed instructions for supporting understanding of the concepts were also captured. Results show the positive effects on students’ understanding of design thinking concepts as well as on their problem-finding and solving skills. The results justify the use of programmed instructions in secondary school curricula to advance design thinking concepts. The current version of programmed instruction has limitations, including the absence of branching mechanisms, a detailed feedback system, multimodal content and backend functionalities. Future work will aim to address these issues and overcome these shortcomings.","openalex, scopus, wos",llm,0.920,unreviewed,
discarded,Discovering Emerging Research in a Qualitative Study of ESL Academic Writing,Jim C. Hu,2014,The Qualitative Report,10.46743/2160-3715/2009.1372,https://openalex.org/W286292056,research-methodology-only,"This article focuses on the complexities of the qualitative methodology employed in my doctoral study of the academic writing experiences and perceptions of Chinese graduate students in sciences and engineering at the University of British Columbia. In particular, I explain the emerging nature of the study by relating how and why I repeatedly revised the research questions, modified the research locations, re-selected the participants, adjusted the data collection methods, and amended the data analysis coding system. The study concludes that research designs should be elastic to accommodate the dynamic and emerging nature of qualitative studies.","openalex, scopus, wos",llm,0.920,unreviewed,
