status,title,authors,year,venue,doi,url,tags,abstract,provider,decision_source,llm_confidence,llm_review_outcome,llm_change_direction
discarded,Creation of a web service using the MERN stack,Markus Keinänen,2018,Theseus (Ammattikorkeakoulujen),,https://openalex.org/W2925712891,web-development-not-learning,"In recent years web development has seen large changes in every layer of the web service stack. The emergence of ECMAScript2015 and the rapid development of NoSQL-databases have given rise to a new paradigm of “JavaScript everywhere” which is now rapidly spreading in popularity. \n\nThe MERN stack, short for MongoDB, Express.js, React.js and Node.js is one option for a technology stack that uses JavaScript in every layer of the web service – the database storing data in BSON (Binary JavaScript Object Notation) format, the back-end using the JavaScript-based Node.js as the server process and Express.js as an additional Java-Script framework for additional server features, and the front-end using React.js to generate JavaScript-based client UI components. \n\nThe problem introduced at the beginning of the thesis is the difficulty of accessing and finding relevant information from a set of documents related to construction consulting. The solution proposed is a web service created using the MERN stack where the documents are accessible and searchable through a browser-based viewer application. The thesis explores each component of the MERN stack in depth regarding their features and performance and explains how they were used in the creation of the service.\n\nA web service that meets the requirements is successfully created and deployed using the MongoDB Atlas and Heroku cloud platforms.","openalex, scopus, wos",llm,0.920,unreviewed,
discarded,Hybrid VR Programming: Extending the Notional Machine for C++,Peer Stechert; Goran Vukovič,2023,,10.1007/978-3-031-21970-2_25,https://openalex.org/W4322581113,general-programming-not-target,"This article describes the development of a virtual reality (VR) programming project in IT specialist training at a vocational school. Most of the students are between 16 and 22 years old, about two-thirds already have the university entrance qualification. For didactic reasons, the Unreal Engine 4 is used for this purpose, which supports hybrid programming via so-called blueprints in addition to textual programming using C++. This chapter provides a project report. We focus on extending the notional machine for C++ and developing didactical guidelines for hybrid programming using blueprints.","openalex, scopus, wos",llm,0.870,unreviewed,
discarded,Teachers as AI Developers,Qinghua Chen; Yiqi Liu; Angel M. Y. Lin,2026,Cambridge University Press eBooks,10.1017/9781009781107,https://openalex.org/W7171657396,general-ai-education-not-target,"The dominance of commercial AI in education has created a paradox: while these tools promise transformation, they perpetuate dependency, financial barriers, and environmental unsustainability. This Element challenges the 'technical mystique', the misconception that AI development requires expertise beyond educators' reach, and demonstrates how teachers can become creators rather than consumers of educational technology. The authors chronicle their transformation from linguists and educators to AI developers without formal computer science training, illustrating how the technical barriers educators face are often more perceived than real. Through detailed case studies, including an AI-assisted Dialogue System (ADS) for multilingual nurse-patient training and assessment, they demonstrate how teachers can leverage AI coding assistants, browser-based models, and open-source resources to develop pedagogically tailored applications. This title is also available as open access on Cambridge Core.","openalex, scopus, wos",llm,0.900,unreviewed,
discarded,From Disability to Usability in Online Instruction,Susan deMaine,2014,SSRN Electronic Journal,10.2139/ssrn.2428420,https://openalex.org/W1871122798,accessibility-not-target,,"openalex, scopus, wos",llm,0.930,unreviewed,
discarded,Needs Assessment Survey Report,Inga K. Hsieh; Kathleen R. Murray,2006,University of North Texas Digital Library (University of North Texas),,https://openalex.org/W376403934,web-archiving-not-learning,"This report is part of the Web-at-Risk project. The Web-at-Risk project is one of eight digital preservation projects funded in 2004 by the Library of Congress. The project is a 3-year collaborative effort of the California Digital Library (CDL), the University of North Texas (UNT), and New York University (NYU). The project will develop a Web Archiving Service that enables curators to build collections of web-published materials. The content of the collections for this project will be largely from US federal and state government agencies, but will also include political policy documents, campaign literature, and information surrounding political movements and labor unions. This report includes the methods, results, discussion, and appendices related to the Web-at-Risk project.","openalex, scopus, wos",llm,0.930,unreviewed,
discarded,Development of Concept-Based XHTML/CSS Pedagogy for Non-Technical Learners,Spring Brennan,2014,,10.18130/v3783c,https://openalex.org/W3200653649,html-css-pedagogy; markup-language-education; novice-learners; pedagogy-design-no-learner-data,"As the Internet continues to permeate daily life, the capability to create or manipulate Web pages is increasingly seen as a general computer skill needed by students from a variety of academic fields, not just those related to technology The disparate fields have incorporated Web design instruction, but the curricula have been vastly inconsistent, often depending too much on textbooks or software for their pedagogical framework. This Web design instruction has also been slow to integrate the instructional strategies endorsed by modern learning theories like constructivism, information processing and behaviorism, and as such, it has not met the needs of novices.","openalex, scopus, wos",human,0.980,human,
discarded,Describing Data Patterns. A general deconstruction of metadata standards,Jakob Voß,2013,media/rep/,10.18452/16794,https://openalex.org/W2166157646,metadata-theory-not-learning,"Diese Arbeit behandelt die Frage, wie Daten grundsätzlich strukturiert und beschrieben sind. Im Gegensatz zu vorhandenen Auseinandersetzungen mit Daten im Sinne von gespeicherten Beobachtungen oder Sachverhalten, werden Daten hierbei semiotisch als Zeichen aufgefasst. Diese Zeichen werden in Form von digitalen Dokumenten kommuniziert und sind mittels zahlreicher Standards, Formate, Sprachen, Kodierungen, Schemata, Techniken etc. strukturiert und beschrieben. Diese Vielfalt von Mitteln wird erstmals in ihrer Gesamtheit mit Hilfe der phenomenologischen Forschungsmethode analysiert. Ziel ist es dabei, durch eine genaue Erfahrung und Beschreibung von Mitteln zur Strukturierung und Beschreibung von Daten zum allgemeinen Wesen der Datenstrukturierung und -beschreibung vorzudringen. Die Ergebnisse dieser Arbeit bestehen aus drei Teilen. Erstens ergeben sich sechs Prototypen, die die beschriebenen Mittel nach ihrem Hauptanwendungszweck kategorisieren. Zweitens gibt es fünf Paradigmen, die das Verständnis und die Anwendung von Mitteln zur Strukturierung und Beschreibung von Daten grundlegend beeinflussen. Drittens legt diese Arbeit eine Mustersprache der Datenstrukturierung vor. In zwanzig Mustern werden typische Probleme und Lösungen dokumentiert, die bei der Strukturierung und Beschreibung von Daten unabhängig von konkreten Techniken immer wieder auftreten. Die Ergebnisse dieser Arbeit können dazu beitragen, das Verständnis von Daten --- das heisst digitalen Dokumente und ihre Metadaten in allen ihren Formen --- zu verbessern. Spezielle Anwendungsgebiete liegen unter Anderem in den Bereichen Datenarchäologie und Daten-Literacy.","openalex, scopus, wos",llm,0.880,unreviewed,
discarded,MINIX 3: Status report and current research,Andrew S. Tanenbaum; Raja Appuswamy; Herbert Bos; Lorenzo Cavallaro; Cristiano Giuffrida; Tomas Hruby; Jorrit N. Herder; Erik van der Kouwe; David C. van Moolenbroek,2010,VU Research Portal,,https://openalex.org/W2280053563,os-not-learning,"2 0 1 0 m u s I N G s 5related designs makes development and support (the compilers and libraries) cheaper.In the world of embedded systems, you can order systems-onchip (SoC) with just the processing and I/O support features your application requires.But there will be extra cost for anything customized.Volume manufacturing drives price down quickly.For now, I expect to see multicore CPUs with homogeneous cores.I don't expect to see cache-coherent systems with more than 16 cores (although you can already have quad-CPU systems with more than 16 cores).I say this because of the limitation on the amount of power available in single-die designs and the pressure on memory busses required by cache-coherency.Designs like the Intel Single Chip Cloud use much simpler CPUs and dispense with cache-coherency in exchange for message passing.If you read the MINIX 3 article in this issue or read about Barrelfish in the April 2010 issue, you will see that message passing appears to be the way forward for multicore systems.Lineup Andrew Tanenbaum, with help from many co-authors, updates us on what is happening with MINIX 3. MINIX 3 is a modern operating system designed both as a platform for learning about OS design and as a real OS with a BSD-style license, with reliability, flexibility, and security highest on the feature list.I like what I read about the future directions of the MINIX 3 project.And where Linux (or Solaris or BSD) runs on every core in multicore CPUs, MINIX 3 not only has a much smaller code footprint but might someday require only some library code to run on each core, as Barrelfish does today (the dispatcher and CPU driver).Jim Sangwine writes another article that looks to the near future.Sangwine's current research focus is on the use of 3D in Web applications.In his article, Sangwine looks at the leading contenders, Flash with the PaperScript library, WebGL, and O3D, using history as well as sample applications written using each library to test for performance and ease of programming.Alva Couch takes us on a sociological safari into programming via ritual.Couch, like many of the older generation, tended to want to know everything about what they were doing-I certainly did.But today's programmers work much faster, taking advantage of Internet searches to find what works without needing to know why it works.Couch examines design patterns, examples, and rituals to distinguish these aids to programming, and he draws some conclusions about this new phenomenon.Andy Seely takes us on a different journey, one into the realm of DoD sysadmin.Seely works for SAIC, and their customer needed a secure, easyto-maintain (dead simple to maintain, really) and reliable replacement for a failed DNS server setup.Seely came up with a hardened Solaris VM that can be cloned, configured, and tested remotely, while being instantiated wherever needed just by using a VMware console.Matt Simmons journeys back in time to LISA '09.Simmons shares his experience of attending his first LISA, and may perhaps encourage those who have yet to attend to head to San Jose for LISA '10.Rudi van Drunen is back with a look at using small embedded systems.As an example, he focuses on Arduino, a small, inexpensive, open source platform that comes with an IDE for programming, lots of example code, and even plug-in modules (shields) for adding extensions to this simple processor.6 ; L O G I N : vO L . 3 5, N O. 3 David Blank-Edelman has written about libraries useful for creating dummy data.The article is not dumb, or just full of stuff, but demonstrates how you can create various types of test data quickly.Peter Galvin shares his excitement about a new Sun/Oracle product, the Exadata V2.The Exadata V2 is both a database engine and a storage subsystem, but with a difference.Even the storage subsystem can carry out database operations, and the entire system can act as a transactional processing center and a data warehouse simultaneously-no mean feat.Delving into the hardware is part of what got me going about CPU futures (as did Tanenbaum's article).Dave Josephsen writes about the use of packet capture tools for monitoring.Josephsen describes useful tools for capturing packets, including combining many sources into single archives using standard formats (flows and pcap), as well as one of my own favorite analysis tools, Argus.Robert Ferrell covers his top five misconceptions about information security.In case you think he is just making this stuff up, he actually has special, super-secret techniques for collecting the information that becomes the ideas behind his columns.And no, he is not using Data::Generator.Our main book reviewer, Elizabeth Zwicky, is taking a vacation this time.However, we have two excellent book reviews, one from Brandon Ching about a book on how organizations can use Second Life, and the other from Sam Stover giving us an in-depth look at a ""short"" (in Stover's terms) book about cloud security.In conference reports, this issue covers FAST '10 and the SustainIT and TaPP workshops.As regular readers of ""Musings"" may have noted, I fully expect the future of computing to be distributed.In the larger sense, this already exists in the forms of clouds, Web apps, Hadoop, and new frameworks such as Microsoft's Midori and .NET projects.But I also believe that the days of the homogeneous core processors are numbered, and I can only muse upon the possible futures of computing, from small embedded systems such as smart phones all the way up to high-end servers.","openalex, scopus, wos",llm,0.950,unreviewed,
discarded,Intersections of Critical Systems Thinking and Community Based Participatory Research in Developing a Web Site for Autistic Adults,Dora Raymaker,2000,,10.15760/etd.2212,https://openalex.org/W878203675,accessibility-web-not-target,"People with disabilities, including those on the autism spectrum, comprise the world's largest minority and experience significant inequities in Internet use. Existing standards for accessible web sites are necessary but not sufficient without the direct engagement of end users in identifying access needs. Yet little is known about methods for effective engagement, and there are no systematically derived Web accessibility guidelines for autistic end users. Here I explore a hybrid approach to direct engagement using critical systems thinking (CST) and community based participatory research (CBPR) during the co-development of a healthcare-focused web site by the Academic Autism Spectrum Partnership in Research and Education (AASPIRE). I explore these ideas on three levels: theory, practice, and critical self-reflection. On the theory level, I examine the common philosophical and historical roots of CST and CBPR, ways in which they intersect and complement, and propose the hybrid approach exemplified by AASPIRE. On the practice level, I explore our web site development process and evaluate the accessibility, usability, and acceptability of the web site for autistic end users; from that work, comes a set of recommendations for working with people with disabilities in technology development and a set of accessibility guidelines for autistic end users. On the critical self-reflection level, I inquire into my own experiences as an insider-researcher during the web site development. I then synthesize the levels to evaluate whether or not taking a hybrid CST/CBPR approach to web development was effective, as indicated by the team's ability to function as an emancipatory learning organization (an indicator of effective systems thinking on an organizational level), and the overall usability and accessibility of the web site. The result of the synthesis suggests a hybrid CST/CBPR approach was effective. Implications of this work include innovations in CST methods for operationalizing its commitment to human emancipation, potential for drawing a more ideologically-aligned systems thinking literature into the domain of CBPR, a means for individuals wishing to create a more power-balanced learning organization, innovations around including people with disabilities in research and technology development, more accessible web sites for people on the autism spectrum, and a potential small shift of dominant discourse around autism, disability, and the value of insider-researchers over time.","openalex, scopus, wos",llm,0.880,unreviewed,
discarded,"Development of a BIM-enabled software tool for facility management using interactive floor plans, graph-based data management and granular information retrieval",Daniel Zibion,2018,Aaltodoc (Aalto University),,https://openalex.org/W2921756113,bim-software-not-learning,"Since its very conception Building Information Modeling incorporates the notion of using digital models—rich in geometric and semantic information—throughout the whole life cycle of a building. The creation of these models is a process tied to much effort, split by disciplines, executed by different parties and brought together under difficult collaboration. However, in reality the effective utilization of the BIM process ends with the conclusion of the construction project. The subsequent Operation & Management phase makes little to no use of the information contained in these files, although it would be valuable resource to boost productivity. Especially the Facility Management phase, suffers from great inefficiency caused by challenges of data management and outside advances in digitization. Research suggests that BIM is able to provide benefits for processes in FM and O&M related tasks and increase their overall efficiency but previous attempts to introduce BIM software have remained fruitless. We argue that current solutions have failed to meet expectations and requirements by FM community, which generally lack expertise in working with CAD-like software. Instead this thesis presents a concept which puts interactive, two-dimensional floor plans at the center of a possible BIM-enabled Facility Management (FM) software tool. These floor plans are directly derived from BIM models and maintain linkage to all relevant semantic data, which is stored in a graph database. Users are able to navigate rooms, equipment and themselves on the floor plans. Further information about rooms can be accessed through 360◦ photo spheres—enabling remote exploration and conception—and room specific 3D model. The latter is generated beforehand and follows the underlying concept that FM seldomly requires a holistic view of the whole building, but instead a cross section of many different domain models, tied by a specific location. Based on the mentioned features and concepts a prototypical web application is developed in order to investigate the feasibility and effectiveness of the proposed solution.","openalex, scopus, wos",llm,0.920,unreviewed,
discarded,Simple security policy for the web,Terri Oda,2012,,10.22215/etd/2012-09572,https://openalex.org/W2736516714,web-security-not-learning,"L'auteur a accorde une licence non exclusive permettant a la Bibliotheque et Archives Canada de reproduire, publier, archiver, sauvegarder, conserver, transmettre au public par telecommunication ou par I'lnternet, preter, distribuer et vendre des theses partout dans le monde, a des fins commerciales ou autres, sur support microforme, papier, electronique et/ou autres formats.","openalex, scopus, wos",llm,0.940,unreviewed,
discarded,"SUSTAINABLE DEVELOPMENT, INTERNATIONAL LAW, AND A TURN TO AFRICAN LEGAL COSMOLOGIES",Dzah G.E.K.,2024,Sustainable Development International Law and A Turn to African Legal Cosmologies,10.1017/9781009354059,https://www.scopus.com/inward/record.uri?partnerID=HzOxMe3b&scp=105010980932&origin=inward,unrelated-domain,,"openalex, scopus, wos",llm,0.990,unreviewed,
discarded,Medicinal cannabis and CBD in mental healthcare,O'Brien K.,2021,Medicinal Cannabis and Cbd in Mental Healthcare,10.1007/978-3-030-78559-8,https://www.scopus.com/inward/record.uri?partnerID=HzOxMe3b&scp=85124965319&origin=inward,unrelated-domain,,"openalex, scopus, wos",llm,0.990,unreviewed,
discarded,The Soviet Union-Federation or Empire?,Raffass T.,2012,Soviet Union Federation or Empire,10.4324/9780203115756,https://www.scopus.com/inward/record.uri?partnerID=HzOxMe3b&scp=84911074555&origin=inward,unrelated-domain,,"openalex, scopus, wos",llm,0.990,unreviewed,
