status,title,authors,year,venue,doi,url,tags,abstract,provider,decision_source,llm_confidence,llm_review_outcome,llm_change_direction
discarded,Can programming be liberated from the von Neumann style?,John Backus,1978,Communications of the ACM,10.1145/359576.359579,https://openalex.org/W2172307690,programming-theory-not-learning,"Conventional programming languages are growing ever more enormous, but not stronger. Inherent defects at the most basic level cause them to be both fat and weak: their primitive word-at-a-time style of programming inherited from their common ancestor—the von Neumann computer, their close coupling of semantics to state transitions, their division of programming into a world of expressions and a world of statements, their inability to effectively use powerful combining forms for building new programs from existing ones, and their lack of useful mathematical properties for reasoning about programs. An alternative functional style of programming is founded on the use of combining forms for creating programs. Functional programs deal with structured data, are often nonrepetitive and nonrecursive, are hierarchically constructed, do not name their arguments, and do not require the complex machinery of procedure declarations to become generally applicable. Combining forms can use high level programs to build still higher level ones in a style not possible in conventional languages. Associated with the functional style of programming is an algebra of programs whose variables range over programs and whose operations are combining forms. This algebra can be used to transform programs and to solve equations whose “unknowns” are programs in much the same way one transforms equations in high school algebra. These transformations are given by algebraic laws and are carried out in the same language in which programs are written. Combining forms are chosen not only for their programming power but also for the power of their associated algebraic laws. General theorems of the algebra give the detailed behavior and termination conditions for large classes of programs. A new class of computing systems uses the functional programming style both in its programming language and in its state transition rules. Unlike von Neumann languages, these systems have semantics loosely coupled to states—only one state transition occurs per major computation.","openalex, scopus, wos",llm,0.900,unreviewed,
discarded,Strengthening the Reporting of Observational Studies in Epidemiology (STROBE): Explanation and Elaboration,Jan P. Vandenbroucke; Erik von Elm; Douglas G. Altman; Peter C Gøtzsche; Cynthia D. Mulrow; Stuart Pocock; Charles Poole; James J. Schlesselman; Matthias Egger; for the STROBE Initiative,2007,PLoS Medicine,10.1371/journal.pmed.0040297,https://openalex.org/W2116810060,research-reporting-guideline,"Much medical research is observational. The reporting of observational studies is often of insufficient quality. Poor reporting hampers the assessment of the strengths and weaknesses of a study and the generalisability of its results. Taking into account empirical evidence and theoretical considerations, a group of methodologists, researchers, and editors developed the Strengthening the Reporting of Observational Studies in Epidemiology (STROBE) recommendations to improve the quality of reporting of observational studies. The STROBE Statement consists of a checklist of 22 items, which relate to the title, abstract, introduction, methods, results and discussion sections of articles. Eighteen items are common to cohort studies, case-control studies and cross-sectional studies and four are specific to each of the three study designs. The STROBE Statement provides guidance to authors about how to improve the reporting of observational studies and facilitates critical appraisal and interpretation of studies by reviewers, journal editors and readers. This explanatory and elaboration document is intended to enhance the use, understanding, and dissemination of the STROBE Statement. The meaning and rationale for each checklist item are presented. For each item, one or several published examples and, where possible, references to relevant empirical studies and methodological literature are provided. Examples of useful flow diagrams are also included. The STROBE Statement, this document, and the associated Web site (http://www.strobe-statement.org/) should be helpful resources to improve reporting of observational research.","openalex, scopus, wos",llm,0.940,unreviewed,
discarded,Exploring the Limits of Transfer Learning with a Unified Text-to-Text\n Transformer,Colin Raffel; Noam Shazeer; Adam Roberts; Katherine Lee; Sharan Narang; Michael Matena; Yanqi Zhou; Wei Li; Peter J. Liu,2019,arXiv (Cornell University),10.48550/arxiv.1910.10683,https://openalex.org/W4288089799,llm-general-not-target,"Transfer learning, where a model is first pre-trained on a data-rich task\nbefore being fine-tuned on a downstream task, has emerged as a powerful\ntechnique in natural language processing (NLP). The effectiveness of transfer\nlearning has given rise to a diversity of approaches, methodology, and\npractice. In this paper, we explore the landscape of transfer learning\ntechniques for NLP by introducing a unified framework that converts all\ntext-based language problems into a text-to-text format. Our systematic study\ncompares pre-training objectives, architectures, unlabeled data sets, transfer\napproaches, and other factors on dozens of language understanding tasks. By\ncombining the insights from our exploration with scale and our new ``Colossal\nClean Crawled Corpus'', we achieve state-of-the-art results on many benchmarks\ncovering summarization, question answering, text classification, and more. To\nfacilitate future work on transfer learning for NLP, we release our data set,\npre-trained models, and code.\n","openalex, scopus, wos",llm,0.970,unreviewed,
discarded,Natural language processing: an introduction,Prakash M. Nadkarni; Lucila Ohno‐Machado; Wendy W. Chapman,2011,Journal of the American Medical Informatics Association,10.1136/amiajnl-2011-000464,https://openalex.org/W2169818249,unrelated-domain,"OBJECTIVES: To provide an overview and tutorial of natural language processing (NLP) and modern NLP-system design. TARGET AUDIENCE: This tutorial targets the medical informatics generalist who has limited acquaintance with the principles behind NLP and/or limited knowledge of the current state of the art. SCOPE: We describe the historical evolution of NLP, and summarize common NLP sub-problems in this extensive field. We then provide a synopsis of selected highlights of medical NLP efforts. After providing a brief description of common machine-learning approaches that are being used for diverse NLP sub-problems, we discuss how modern NLP architectures are designed, with a summary of the Apache Foundation's Unstructured Information Management Architecture. We finally consider possible future directions for NLP, and reflect on the possible impact of IBM Watson on the medical field.","openalex, scopus, wos",llm,0.970,unreviewed,
discarded,"Promoting novelty, rigor, and style in energy social science: Towards codes of practice for appropriate methods and research design",Benjamin K. Sovacool; Jonn Axsen; Steve Sorrell,2018,Energy Research & Social Science,10.1016/j.erss.2018.07.007,https://openalex.org/W2895330846,research-methodology-only,"A series of weaknesses in creativity, research design, and quality of writing continue to handicap energy social science. Many studies ask uninteresting research questions, make only marginal contributions, and lack innovative methods or application to theory. Many studies also have no explicit research design, lack rigor, or suffer from mangled structure and poor quality of writing. To help remedy these shortcomings, this Review offers suggestions for how to construct research questions; thoughtfully engage with concepts; state objectives; and appropriately select research methods. Then, the Review offers suggestions for enhancing theoretical, methodological, and empirical novelty. In terms of rigor, codes of practice are presented across seven method categories: experiments, literature reviews, data collection, data analysis, quantitative energy modeling, qualitative analysis, and case studies. We also recommend that researchers beware of hierarchies of evidence utilized in some disciplines, and that researchers place more emphasis on balance and appropriateness in research design. In terms of style, we offer tips regarding macro and microstructure and analysis, as well as coherent writing. Our hope is that this Review will inspire more interesting, robust, multi-method, comparative, interdisciplinary and impactful research that will accelerate the contribution that energy social science can make to both theory and practice.","openalex, scopus, wos",llm,0.900,unreviewed,
discarded,"Why Minimal Guidance During Instruction Does Not Work: An Analysis of the Failure of Constructivist, Discovery, Problem-Based, Experiential, and Inquiry-Based Teaching",Paul A. Kirschner; John Sweller; Richard E. Clark,2006,Educational Psychologist,10.1207/s15326985ep4102_1,https://openalex.org/W1976637107,general-education-method,"Evidence for the superiority of guided instruction is explained in the context of our knowledge of human cognitive architecture, expert–novice differences, and cognitive load. Although unguided or minimally guided instructional approaches are very popular and intuitively appealing, the point is made that these approaches ignore both the structures that constitute human cognitive architecture and evidence from empirical studies over the past half-century that consistently indicate that minimally guided instruction is less effective and less efficient than instructional approaches that place a strong emphasis on guidance of the student learning process. The advantage of guidance begins to recede only when learners have sufficiently high prior knowledge to provide ""internal"" guidance. Recent developments in instructional research and instructional design models that support guidance during instruction are briefly described.","openalex, scopus, wos",llm,0.900,unreviewed,
discarded,"Techniques of EMG signal analysis: detection, processing, classification and applications",Mamun Bin Ibne Reaz; Muddassar Hussain; Faisal Mohd-Yasin,2006,Biological Procedures Online,10.1251/bpo115,https://openalex.org/W2158728671,unrelated-domain,"Electromyography (EMG) signals can be used for clinical/biomedical applications, Evolvable Hardware Chip (EHW) development, and modern human computer interaction. EMG signals acquired from muscles require advanced methods for detection, decomposition, processing, and classification. The purpose of this paper is to illustrate the various methodologies and algorithms for EMG signal analysis to provide efficient and effective ways of understanding the signal and its nature. We further point up some of the hardware implementations using EMG focusing on applications related to prosthetic hand control, grasp recognition, and human computer interaction. A comparison study is also given to show performance of various EMG signal analysis methods. This paper provides researchers a good understanding of EMG signal and its analysis procedures. This knowledge will help them develop more powerful, flexible, and efficient applications.","openalex, scopus, wos",llm,0.980,unreviewed,
discarded,"Conceptualizing the electronic word-of-mouth process: What we know and need to know about eWOM creation, exposure, and evaluation",Ana Babić Rosario; Kristine De Valck; Francesca Sotgiu,2019,Journal of the Academy of Marketing Science,10.1007/s11747-019-00706-1,https://openalex.org/W2996495039,unrelated-domain,,"openalex, scopus, wos",llm,0.980,unreviewed,
discarded,"Development and Distortion of Malaysian Public- Private Partnerships: Patronage, Privatised Profits and Pitfalls DOI: 10.1111/j.1467- 8500.2009.00655.x",Loo‐See Beh,2010,Intellectum (Universidad de La Sabana),10.1111/j.1467-,https://openalex.org/W1797402740,unrelated-domain,50 Páginas.,"openalex, scopus, wos",llm,0.990,unreviewed,
discarded,The GOMS family of user interface analysis techniques,Bonnie E. John; David E. Kieras,1996,ACM Transactions on Computer-Human Interaction,10.1145/235833.236054,https://openalex.org/W2148334620,hci-framework-not-target,"Sine the publication of The Psychology of Human-Computer Interaction , the GOMS model has been one of the most widely known theoretical concepts in HCI. This concept has produced severval GOMS analysis techniques that differ in appearance and form, underlying architectural assumptions, and predictive power. This article compares and contrasts four popular variantsof the GOMS family (the Keystroke-Level Model, the original GOMS formulation, NGOMSL, and CPM-GOMS) by applying them to a single task example.","openalex, scopus, wos",llm,0.920,unreviewed,
discarded,“This Post is Sponsored” Effects of Sponsorship Disclosure on Persuasion Knowledge and Electronic Word of Mouth in the Context of Facebook,Sophie C. Boerman; Lotte M. Willemsen; Eva P. Van Der Aa,2017,Journal of Interactive Marketing,10.1016/j.intmar.2016.12.002,https://openalex.org/W2606236341,unrelated-domain,"Social media, such as Facebook, offer brands the opportunity to reach their target audience in a less obtrusive way than traditional media, through sponsored posts. Regulations require marketers to explicitly inform consumers about the commercial nature of these posts. This study addresses the effects of sponsorship disclosures by means of a 2 (no disclosure vs. the sponsorship disclosure ‘Sponsored’) × 2 (source: celebrity endorser vs. brand) experiment. Results suggest that a sponsorship disclosure only influences the use of persuasion knowledge when the post is disseminated by a celebrity. Moreover, a disclosure starts a process in which the recognition of advertising (i.e., the activation of conceptual persuasion knowledge) causes consumers to develop distrusting beliefs about the post (i.e., higher attitudinal persuasion knowledge), and in turn, decreases their intention to engage in electronic word of mouth.","openalex, scopus, wos",llm,0.980,unreviewed,
discarded,What can natural language processing do for clinical decision support?,Dina Demner‐Fushman; Wendy W. Chapman; Clement J. McDonald,2009,Journal of Biomedical Informatics,10.1016/j.jbi.2009.08.007,https://openalex.org/W2002514548,unrelated-domain,,"openalex, scopus, wos",llm,0.970,unreviewed,
discarded,Delivering Cognitive Behavior Therapy to Young Adults With Symptoms of Depression and Anxiety Using a Fully Automated Conversational Agent (Woebot): A Randomized Controlled Trial,Kathleen Kara Fitzpatrick; Alison Darcy; Molly Vierhile,2017,JMIR Mental Health,10.2196/mental.7785,https://openalex.org/W2623779865,general-edtech-not-target-domain,"Background Web-based cognitive-behavioral therapeutic (CBT) apps have demonstrated efficacy but are characterized by poor adherence. Conversational agents may offer a convenient, engaging way of getting support at any time. Objective The objective of the study was to determine the feasibility, acceptability, and preliminary efficacy of a fully automated conversational agent to deliver a self-help program for college students who self-identify as having symptoms of anxiety and depression. Methods In an unblinded trial, 70 individuals age 18-28 years were recruited online from a university community social media site and were randomized to receive either 2 weeks (up to 20 sessions) of self-help content derived from CBT principles in a conversational format with a text-based conversational agent (Woebot) (n=34) or were directed to the National Institute of Mental Health ebook, “Depression in College Students,” as an information-only control group (n=36). All participants completed Web-based versions of the 9-item Patient Health Questionnaire (PHQ-9), the 7-item Generalized Anxiety Disorder scale (GAD-7), and the Positive and Negative Affect Scale at baseline and 2-3 weeks later (T2). Results Participants were on average 22.2 years old (SD 2.33), 67% female (47/70), mostly non-Hispanic (93%, 54/58), and Caucasian (79%, 46/58). Participants in the Woebot group engaged with the conversational agent an average of 12.14 (SD 2.23) times over the study period. No significant differences existed between the groups at baseline, and 83% (58/70) of participants provided data at T2 (17% attrition). Intent-to-treat univariate analysis of covariance revealed a significant group difference on depression such that those in the Woebot group significantly reduced their symptoms of depression over the study period as measured by the PHQ-9 (F=6.47; P=.01) while those in the information control group did not. In an analysis of completers, participants in both groups significantly reduced anxiety as measured by the GAD-7 (F1,54= 9.24; P=.004). Participants’ comments suggest that process factors were more influential on their acceptability of the program than content factors mirroring traditional therapy. Conclusions Conversational agents appear to be a feasible, engaging, and effective way to deliver CBT.","openalex, scopus, wos",llm,0.940,unreviewed,
discarded,Reading from paper versus screens: a critical review of the empirical literature,Andrew Dillon,1992,Ergonomics,10.1080/00140139208967394,https://openalex.org/W2109515547,document-reading; paper-vs-screen; review; not-about-learner-understanding,The advent of widespread computer use in general and increasing developments in the domain of hypertext in particular have increased awareness of the issue of reading electronic text. To date the literature has been dominated by reference to work on overcoming speed deficits resulting from poor image quality but an emerging literature reveals a more complex set of variables at work. The present review considers the differences between the media in terms of outcomes and processes of reading and concludes that single variable explanations are insufficient to capture the range of issues involved in reading from screens.,"openalex, scopus, wos",human,0.870,human,
discarded,User Perceptions of Smart Home IoT Privacy,Serena Zheng; Noah Apthorpe; Marshini Chetty; Nick Feamster,2018,Proceedings of the ACM on Human-Computer Interaction,10.1145/3274469,https://openalex.org/W2896396724,privacy-not-learning,"Smart home Internet of Things (IoT) devices are rapidly increasing in popularity, with more households including Internet-connected devices that continuously monitor user activities. In this study, we conduct eleven semi-structured interviews with smart home owners, investigating their reasons for purchasing IoT devices, perceptions of smart home privacy risks, and actions taken to protect their privacy from those external to the home who create, manage, track, or regulate IoT devices and/or their data. We note several recurring themes. First, users' desires for convenience and connectedness dictate their privacy-related behaviors for dealing with external entities, such as device manufacturers, Internet Service Providers, governments, and advertisers. Second, user opinions about external entities collecting smart home data depend on perceived benefit from these entities. Third, users trust IoT device manufacturers to protect their privacy but do not verify that these protections are in place. Fourth, users are unaware of privacy risks from inference algorithms operating on data from non-audio/visual devices. These findings motivate several recommendations for device designers, researchers, and industry standards to better match device privacy features to the expectations and preferences of smart home owners.","openalex, scopus, wos",llm,0.950,unreviewed,
discarded,Identifying Customer Needs from User-Generated Content,Artem Timoshenko; John R. Hauser,2019,Marketing Science,10.1287/mksc.2018.1123,https://openalex.org/W2950446185,unrelated-domain,We evaluate user-generated content as a source of customer needs and propose and test a machine-learning approach for identifying customer needs more efficiently.,"openalex, scopus, wos",llm,0.980,unreviewed,
