status,title,authors,year,venue,doi,url,tags,abstract,provider,decision_source,llm_confidence,llm_review_outcome,llm_change_direction
discarded,ChameleonIDE: Untangling Type Errors Through Interactive Visualization and Exploration,"Fu, Shuai; Dwyer, Tim; Stuckey, Peter J.; Wain, Jackson; Linossier, Jesse",2023,"2023 IEEE/ACM 31ST INTERNATIONAL CONFERENCE ON PROGRAM COMPREHENSION, ICPC",10.1109/ICPC58990.2023.00029,https://www.webofscience.com/wos/woscc/full-record/WOS:001032677200019,type-errors; interactive-visualization; error-recovery; error-messages-other-language-tooling,"Dynamically typed programming languages are popular in education and the software industry. While presenting a low barrier to entry, they suffer from runtime type errors and longer-term problems in code quality and maintainability. Statically typed languages, while showing strength in these aspects, lack in learnability and ease of use. In particular, fixing type errors poses challenges to both novice users and experts. Further, compiler type error messages are presented in a static way that is biased toward the first occurrence of the error in the program code. To help users resolve such type errors we introduce ChameleonIDE, a type debugging tool that presents type errors to the user in an unbiased way, allowing them to explore the full context of where the errors could occur. Programmers can interactively verify the steps of reasoning against their intention. Through three studies involving actual programmers, we showed that ChameleonIDE is more effective in fixing type errors than traditional text-based error messages. This difference is more significant in harder tasks. Further, programmers actively using ChameleonIDE's interactive features are shown to be more efficient in fixing type errors than passively reading the type error output.","openalex, scopus, wos",human,0.900,human,
kept,First Steps Towards Predicting the Readability of Programming Error Messages,"Prather, James; Denny, Paul; Becker, Brett A.; Nix, Robert; Reeves, Brent N.; Randrianasolo, Arisoa S.; Powell, Garrett",2023,"PROCEEDINGS OF THE 54TH ACM TECHNICAL SYMPOSIUM ON COMPUTER SCIENCE EDUCATION, VOL 1, SIGCSE 2023",10.1145/3545945.3569791,https://www.webofscience.com/wos/woscc/full-record/WOS:001117817800081,compiler-error-messages; readability; prediction-model; error-messages-corroboration,"Reading a programming error message is the first step in understanding what it is trying to tell the programmer about how to fix an error in their code. However, these are often difficult to read, especially for novices which is not surprising given that error messages in many of the most popular languages in which novices learn to code were not written with readability in mind. As a result, novices frequently struggle to understand them. This is a long-standing problem, with researchers highlighting concerns about programming error message readability over the last six decades. Very recent work has put forward evidence of the need for measuring readability in error messages and a framework for doing so. This framework consists of four factors of readability for programming error messages: message length, vocabulary, jargon, and sentence construction. We use this framework to implement an approach to automatically assess the readability of programming error messages. Using established readability factors as predictors in a machine learning model, we train several models using a dataset of C and Java error messages. We examine the performance of these models, and apply the best performing model to a previously published set of messages evaluated for readability by experts, non-experts and students. Our results validate the previously proposed readability factors, and our model classifies messages similarly to human raters. Finally, we discuss future work needed to improve the accuracy of the model.","openalex, scopus, wos",human,0.980,human,
discarded,A Survey on Mathematical Software Tools for Visually Impaired Persons: A Practical Perspective,Paúl Mejía; Luiz César Martini; Felipe Grijalva; Julio Larco; Juan Carlos Rodríguez,2021,IEEE Access,10.1109/access.2021.3076306,https://openalex.org/W3157156019,accessibility-equations,"There is no evidence that mathematical semantics cannot be understood due to blindness, the problem is the current access barrier to mathematical resources. In light of this problem, this survey aims at providing visually impaired persons (VIPs), or people close to them, with an overview of the currently available software tools for approaching mathematical content. These can be categorized into (a) tools for accessing mathematical documents (where VIPs are just consumers of content), and (b) tools that allow VIPs to become the creators of mathematical content and even to execute mathematical operations. We also explain the advantages and disadvantages of several key technologies used to interact with mathematics. Moreover, we discuss the necessity of the most common formats and languages behind these tools. Finally, we outline promising paths for future research and development towards blind-friendly mathematical resources. The authors hope that this survey may encourage researchers to engage with the still unsolved challenges of this topic.","openalex, scopus, wos, dblp",llm,0.990,unreviewed,
discarded,Proceedings of The 9th Linguistic Annotation Workshop,,2015,,10.3115/v1/w15-16,https://openalex.org/W4236095894,annotation-not-target,"Large-scale data resources needed for progress toward natural language understanding are not yet widely available and typically require considerable expense and expertise to create. This paper addresses the problem of developing scalable approaches to annotating semantic frames and explores the viability of crowdsourcing for the task of frame disambiguation. We present a novel supervised crowdsourcing paradigm that incorporates insights from human computation research designed to accommodate the relative complexity of the task, such as exemplars and real-time feedback. We show that non-experts can be trained to perform accurate frame disambiguation, and can even identify errors in gold data used as the training exemplars. Results demonstrate the efficacy of this paradigm for semantic annotation requiring an intermediate level of expertise.","openalex, scopus, wos, dblp",llm,0.920,unreviewed,
discarded,Visual Programming in a Visual Shell—A Unified Approach,Francesmary Modugno; Brad A. Myers,1997,Journal of Visual Languages & Computing,10.1006/jvlc.1997.0049,https://openalex.org/W2018683166,visual-programming-not-target,,"openalex, scopus, wos, dblp",llm,0.930,unreviewed,
discarded,Living Papers: A Language Toolkit for Augmented Scholarly Communication,Jeffrey Heer; Matthew Conlen; Vishal Devireddy; Tu Nguyen; Joshua Horowitz,2023,,10.1145/3586183.3606791,https://openalex.org/W4387801234,document-authoring-toolkit-no-learner-data,"Computing technology has deeply shaped how academic articles are written and produced, yet article formats and affordances have changed little over centuries. The status quo consists of digital files optimized for printed paper—ill-suited to interactive reading aids, accessibility, dynamic figures, or easy information extraction and reuse. Guided by formative discussions with scholarly communication researchers and publishing tool developers, we present Living Papers, a language toolkit for producing augmented academic articles that span print, interactive, and computational media. Living Papers articles may include formatted text, references, executable code, and interactive components. Articles are parsed into a standardized document format from which a variety of outputs are generated, including static PDFs, dynamic web pages, and extraction APIs for paper content and metadata. We describe Living Papers’ architecture, document model, and reactive runtime, and detail key aspects such as citation processing and conversion of interactive components to static content. We demonstrate the use and extension of Living Papers through examples spanning traditional research papers, explorable explanations, information extraction, and reading aids such as enhanced citations, cross-references, and equations. Living Papers is available as an extensible, open source platform intended to support both article authors and researchers of augmented reading and writing experiences.","openalex, scopus, wos, dblp",llm,0.840,unreviewed,
discarded,Accessible interactive learning of mathematical expressions for school students with visual disabilities,Amjad Ali; Shah Khusro; Tahani Jaser Alahmadi,2024,PeerJ Computer Science,10.7717/peerj-cs.2599,https://openalex.org/W4405726828,accessibility-equations,"Globally, students with visual disabilities face significant challenges in accessing and learning mathematics, particularly when solving mathematical equations and expressions. These challenges result from the inherent complexity and abstract nature of mathematical content. Additionally, braille codes are inconsistent across regions, collaborative math platforms are unavailable, and accessible mathematics literature is scarce. Assistive technologies, artificial intelligence, and educational resources have improved accessibility for students with visual disabilities. However, these students still face significant challenges when navigating, exploring, and solving mathematical equations and expressions. These challenges contribute underrepresentation of these students in the science, technology, engineering, and mathematics disciplines. To address these limitations, this study proposes a novel solution to assist students with visual disabilities in learning mathematical expressions interactively with flexible navigation. This study proposes an algorithmic approach for converting input mathematical expressions into content MathML expressions, parsing those expressions into semantic elements, and then providing a structural overview of these expressions. Moreover, interactive keyboard keys were designed to provide flexible navigation through speech feedback, so that users can interact more effectively with expressions. Python libraries were utilized to implement the proposed solution. An empirical evaluation was conducted by 15 instructors and 94 students with visual disabilities and validated by Cronbach's alpha. Results indicate that the proposed solution improved mathematics accessibility and learning. This study lays a foundation for future research on the integration of advanced technologies in special education.","openalex, scopus, wos, dblp",llm,0.990,unreviewed,
discarded,Potential of the Julia Programming Language for High Energy Physics Computing,Jonas Nathanael Eschle; T. Gal; Mosé Giordano; P. Gras; Benedikt Hegner; L. Heinrich; Uwe Hernandez Acosta; S. Kluth; Jerry Ling; Pere Mato; M. Mikhasenko; Alexander Moreno Briceño; J. Pivarski; Konstantinos Samaras-Tsakiris; O. Schulz; G. A. Stewart; J. Strube; Vassil Vassilev,2023,Computing and Software for Big Science,10.1007/s41781-023-00104-x,https://openalex.org/W4379924907,programming-language-productivity-not-learning,"Abstract Research in high energy physics (HEP) requires huge amounts of computing and storage, putting strong constraints on the code speed and resource usage. To meet these requirements, a compiled high-performance language is typically used; while for physicists, who focus on the application when developing the code, better research productivity pleads for a high-level programming language. A popular approach consists of combining Python, used for the high-level interface, and C++, used for the computing intensive part of the code. A more convenient and efficient approach would be to use a language that provides both high-level programming and high-performance. The Julia programming language, developed at MIT especially to allow the use of a single language in research activities, has followed this path. In this paper the applicability of using the Julia language for HEP research is explored, covering the different aspects that are important for HEP code development: runtime performance, handling of large projects, interface with legacy code, distributed computing, training, and ease of programming. The study shows that the HEP community would benefit from a large scale adoption of this programming language. The HEP-specific foundation libraries that would need to be consolidated are identified.","openalex, scopus, wos, dblp",llm,0.880,unreviewed,
discarded,Towards accessible technical documents: production of speech and Braille output from formatted documents,Dónal Fitzpatrick,1999,Dublin City University Open Access Institutional Repository (Dublin City University),,https://openalex.org/W54357701,accessibility-equations,"The primary objective of this research, was to devise methods for communicating highly technical material to blind people, through the medium of Braille or prosodically enhanced spoken output. This solution necessitated devising strategies to both model the document internally, and to unambiguously produce the material in the two output media. \n \nThe first phase m the generation of intelligible output was the transformation of the LATEX source into well-formatted and accurate Braille. Following on from this, methodologies were defined to convey the structure and textual content of documents using prosodic alterations to the synthetic voice. We have devised mechamsms whereby mathematical content can be delivered in an intuitive manner, using the sole medium of prosodically enhanced spoken output. This ensures that the listener will not have to learn specific non-speech auditory sound to gam access to this form of presentation. \n \nWe have also devised a newer, and more flexible means for representing the structure and content of the document m the computer’s memory. This Directed Graph, is a radical departure from the traditional, tree-based approach of the past, and facilitates rapid and efficient browsing of the document’s hierarchy. \n \nThis thesis discusses the various aspects of the TechRead system, which will ultimately provide increased accessibility for blind people to technical documents. We demonstrate how the methods used in TechRead differ from those previously employed to solve this problem.","openalex, scopus, wos, dblp",llm,0.990,unreviewed,
discarded,An Eye for an AI: Evaluating GPT-4o's Visual Perception Skills and Geometric Reasoning Skills Using Computer Graphics Questions,Haoran Feng; Paul Denny; Burkhard Wüensche; Andrew Luxton-Reilly; Jacqueline Whalley,2024,,10.1145/3680533.3697064,https://openalex.org/W4404261523,llm-general-not-target,"CG (Computer Graphics) is a popular field of CS (Computer Science), but many students find this topic difficult due to it requiring a large number of skills, such as mathematics, programming, geometric reasoning, and creativity. Over the past few years, researchers have investigated ways to harness the power of GenAI (Generative Artificial Intelligence) to improve teaching. In CS, much of the research has focused on introductory computing. A recent study evaluating the performance of an LLM (Large Language Model), GPT-4 (text-only), on CG questions, indicated poor performance and reliance on detailed descriptions of image content, which often required considerable insight from the user to return reasonable results. So far, no studies have investigated the abilities of LMMs (Large Multimodal Models), or multimodal LLMs, to solve CG questions and how these abilities can be used to improve teaching.In this study, we construct two datasets of CG questions requiring varying degrees of visual perception skills and geometric reasoning skills, and evaluate the current state-of-The-Art LMM, GPT-4o, on the two datasets. We find that although GPT-4o exhibits great potential in solving questions with visual information independently, major limitations still exist to the accuracy and quality of the generated results. We propose several novel approaches for CG educators to incorporate GenAI into CG teaching despite these limitations. We hope that our guidelines further encourage learning and engagement in CG classrooms","openalex, scopus, wos, dblp",llm,0.900,unreviewed,
discarded,Deep learning for table detection and structure recognition: A survey,Mahmoud SalahEldin Kasem; Abdelrahman Abdallah; Alexander Berendeyev; Ebrahem Elkady; Mahmoud Abdalla; Mohamed Mahmoud; Mohamed A. Hamada; Daniyar Nurseitov; Islam Taj-Eddin,2022,arXiv (Cornell University),10.48550/arxiv.2211.08469,https://openalex.org/W4309299993,document-analysis-not-learning,"Tables are everywhere, from scientific journals, papers, websites, and newspapers all the way to items we buy at the supermarket. Detecting them is thus of utmost importance to automatically understanding the content of a document. The performance of table detection has substantially increased thanks to the rapid development of deep learning networks. The goals of this survey are to provide a profound comprehension of the major developments in the field of Table Detection, offer insight into the different methodologies, and provide a systematic taxonomy of the different approaches. Furthermore, we provide an analysis of both classic and new applications in the field. Lastly, the datasets and source code of the existing models are organized to provide the reader with a compass on this vast literature. Finally, we go over the architecture of utilizing various object detection and table structure recognition methods to create an effective and efficient system, as well as a set of development trends to keep up with state-of-the-art algorithms and future research. We have also set up a public GitHub repository where we will be updating the most recent publications, open data, and source code. The GitHub repository is available at https://github.com/abdoelsayed2016/table-detection-structure-recognition.","openalex, scopus, wos, dblp",llm,0.940,unreviewed,
discarded,Blender Add-on for Typesetting of 3D Text Using LaTeX Code,Katarína Strenková,2026,Brno University of Technology Digital Library (Brno University of Technology),,https://openalex.org/W7166502107,latex-as-tool-only,"Táto diplomová práca prezentuje Blender add-on, ktorý parsuje LaTeX notáciu a generuje editovateľné 3D objekty, čím poskytuje používateľom plnú kontrolu nad jednotlivými textovými prvkami. Parsovanie vstupu sa vykonáva pomocou lexikálneho analyzátora a dvoch syntaktických analyzátorov, ktoré oddelene spracúvajú textový mód a matematický mód. Add-on podporuje formátovanie textu, zložité matematické výrazy, matice, zoznamy a tabuľky, spolu s nastaviteľnými výstupnými parametrami. Testovanie výkonu a vizuálne porovnanie overujú, že implementácia produkuje precízne výsledky a udržiava dobrý výkon. Add-on je verejne dostupný na GitHube a na Blender Extensions, použiteľný ako praktický nástroj na tvorbu technického 3D textu vo vzdelávacích, vedeckých a profesionálnych kontextoch.","openalex, scopus, wos, dblp",llm,0.970,unreviewed,
discarded,Profiles of software utilization by university mathematics faculty,James Quinlan,2007,OhioLink ETD Center (Ohio Library and Information Network),,https://openalex.org/W2600569988,general-edtech-not-target-domain,"Tools and methods used to maximize mathematics learning are a primary concern for mathematics education.According to the literature, software applications are becoming increasing more prevalent in mathematics.While there exists a consensus establishing technology as a valuable tool in mathematics, and consequently ample J. Quinlan ""Delveloping graphical user interfaces for interactive applications in MAT-LAB using GUIDE"".","openalex, scopus, wos, dblp",llm,0.930,unreviewed,
discarded,MxPL: A Programming Language for Matrix-Related Operations,Mehmet Cemil Aydoğdu; Özge Aydoğdu; Hüseyin Pehlivan,2024,Symmetry,10.3390/sym16020181,https://openalex.org/W4391540775,programming-language-design-not-learning,"It is important to establish solid mathematical knowledge throughout the education period. Matrices are important mathematical objects commonly used in many diverse disciplines, including mathematics, engineering, and science. Most problems encountered in such disciplines are represented by mathematical models with various types of matrices, and solved through some applications of matrix algebra. Although simple or advanced operations of matrices can be performed by using modern programming languages, it usually results in a large fragment of code with a low level of readability due to a complicated sequence of control statements. On the other hand, special-purpose languages handle these operations via library functions, presenting poor integration with other programming environments, and less programming flexibility and practice. This paper addresses the design and development of a programming language, called MxPL, which supports matrix-related mathematics with the provision of some basic structures and functions. Firstly, a grammar that is compatible with the usual notations of matrices is constructed and the parser is produced. Then, the code verifier and interpreter for MxPL programs are implemented. Some code examples are presented to illustrate the performance of several sophisticated matrix operations. The comparative analysis of MxPL is conducted with modern programming languages based on language features.","openalex, scopus, wos, dblp",llm,0.920,unreviewed,
