status,title,authors,year,venue,doi,url,tags,abstract,provider,decision_source,llm_confidence,llm_review_outcome,llm_change_direction
discarded,Setting the future of digital and social media marketing research: Perspectives and research propositions,Yogesh K. Dwivedi; Elvira Ismagilova; David L. Hughes; Jamie Carlson; Raffaele Filieri; Jenna Jacobson; Varsha Jain; Heikki Karjaluoto; Hajer Kéfi; Anjala S. Krishen; Vikram Kumar; Mohammad M. Rahman; Ramakrishnan Raman; Philipp A. Rauschnabel; Jennifer Rowley; Jari Salo; Gina A. Tran; Yichuan Wang,2020,International Journal of Information Management,10.1016/j.ijinfomgt.2020.102168,https://openalex.org/W3035686316,unrelated-domain,"The use of the internet and social media have changed consumer behavior and the ways in which companies conduct their business. Social and digital marketing offers significant opportunities to organizations through lower costs, improved brand awareness and increased sales. However, significant challenges exist from negative electronic word-of-mouth as well as intrusive and irritating online brand presence. This article brings together the collective insight from several leading experts on issues relating to digital and social media marketing. The experts’ perspectives offer a detailed narrative on key aspects of this important topic as well as perspectives on more specific issues including artificial intelligence, augmented reality marketing, digital content management, mobile marketing and advertising, B2B marketing, electronic word of mouth and ethical issues therein. This research offers a significant and timely contribution to both researchers and practitioners in the form of challenges and opportunities where we highlight the limitations within the current research, outline the research gaps and develop the questions and propositions that can help advance knowledge within the domain of digital and social marketing.","openalex, scopus, wos",llm,0.980,unreviewed,
discarded,Thumbs up?,Bo Pang; Lillian Lee; Shivakumar Vaithyanathan,2002,,10.3115/1118693.1118704,https://openalex.org/W2166706824,sentiment-analysis-not-target,"We consider the problem of classifying documents not by topic, but by overall sentiment, e.g., determining whether a review is positive or negative. Using movie reviews as data, we find that standard machine learning techniques definitively outperform human-produced baselines. However, the three machine learning methods we employed (Naive Bayes, maximum entropy classification, and support vector machines) do not perform as well on sentiment classification as on traditional topic-based categorization. We conclude by examining factors that make the sentiment classification problem more challenging.","openalex, scopus, wos",llm,0.970,unreviewed,
discarded,A refined compilation of implementation strategies: results from the Expert Recommendations for Implementing Change (ERIC) project,Byron J. Powell; Thomas J. Waltz; Matthew Chinman; Laura J. Damschroder; Jeffrey L. Smith; Monica M. Matthieu; Enola K. Proctor; JoAnn E. Kirchner,2015,Implementation Science,10.1186/s13012-015-0209-1,https://openalex.org/W2010049072,research-methodology-only,"BACKGROUND: Identifying, developing, and testing implementation strategies are important goals of implementation science. However, these efforts have been complicated by the use of inconsistent language and inadequate descriptions of implementation strategies in the literature. The Expert Recommendations for Implementing Change (ERIC) study aimed to refine a published compilation of implementation strategy terms and definitions by systematically gathering input from a wide range of stakeholders with expertise in implementation science and clinical practice. METHODS: Purposive sampling was used to recruit a panel of experts in implementation and clinical practice who engaged in three rounds of a modified Delphi process to generate consensus on implementation strategies and definitions. The first and second rounds involved Web-based surveys soliciting comments on implementation strategy terms and definitions. After each round, iterative refinements were made based upon participant feedback. The third round involved a live polling and consensus process via a Web-based platform and conference call. RESULTS: Participants identified substantial concerns with 31% of the terms and/or definitions and suggested five additional strategies. Seventy-five percent of definitions from the originally published compilation of strategies were retained after voting. Ultimately, the expert panel reached consensus on a final compilation of 73 implementation strategies. CONCLUSIONS: This research advances the field by improving the conceptual clarity, relevance, and comprehensiveness of implementation strategies that can be used in isolation or combination in implementation research and practice. Future phases of ERIC will focus on developing conceptually distinct categories of strategies as well as ratings for each strategy's importance and feasibility. Next, the expert panel will recommend multifaceted strategies for hypothetical yet real-world scenarios that vary by sites' endorsement of evidence-based programs and practices and the strength of contextual supports that surround the effort.","openalex, scopus, wos",llm,0.900,unreviewed,
discarded,Understanding human-computer interaction for information systems design,Gerlach J.H.,1991,MIS Quarterly Management Information Systems,10.2307/249456,https://www.scopus.com/inward/record.uri?partnerID=HzOxMe3b&scp=0000221243&origin=inward,hci-general-not-target,,"openalex, scopus, wos",llm,0.930,unreviewed,
discarded,"A Three-Tier Diagnostic Test to Assess Pre-Service Teachers’ Misconceptions about Global Warming, Greenhouse Effect, Ozone Layer Depletion, and Acid Rain",Harika Özge Arslan; Ceyhan Çiğdemoğlu; Christine Moseley,2012,International Journal of Science Education,10.1080/09500693.2012.680618,https://openalex.org/W2043828830,domain-concept-inventory-not-computing,"This study describes the development and validation of a three-tier multiple-choice diagnostic test, the atmosphere-related environmental problems diagnostic test (AREPDiT), to reveal common misconceptions of global warming (GW), greenhouse effect (GE), ozone layer depletion (OLD), and acid rain (AR). The development of a two-tier diagnostic test procedure as described by Treagust constitutes the framework for this study. To differentiate a lack of knowledge from a misconception, a certainty response index is added as a third tier to each item. Based on propositional knowledge statements, related literature, and the identified misconceptions gathered initially from 157 pre-service teachers, the AREPDiT was constructed and administered to 256 pre-service teachers. The Cronbach alpha reliability coefficient of the pre-service teachers’ scores was estimated to be 0.74. Content and face validations were established by senior experts. A moderate positive correlation between the participants’ both-tiers scores and their certainty scores indicated evidence for construct validity. Therefore, the AREPDiT is a reliable and valid instrument not only to identify pre-service teachers’ misconceptions about GW, GE, OLD, and AR but also to differentiate these misconceptions from lack of knowledge. The results also reveal that a majority of the respondents demonstrated limited understandings about atmosphere-related environmental problems and held six common misconceptions. Future studies could test the AREPDiT as a tool for assessing the misconceptions held by pre-service teachers from different programs as well as in-service teachers and high school students.","openalex, scopus, wos",llm,0.960,unreviewed,
discarded,Development and application of a two‐tier diagnostic test measuring college biology students' understanding of diffusion and osmosis after a course of instruction,Arthur Louis Odom; Lloyd H. Barrow,1995,Journal of Research in Science Teaching,10.1002/tea.3660320106,https://openalex.org/W2068231696,domain-concept-inventory-not-computing,"Abstract This study involved the development and application of a two‐tier diagnostic test measuring college biology students' understanding of diffusion and osmosis after a course of instruction. The development procedure had three general steps: defining the content boundaries of the test, collecting information on students' misconceptions, and instrument development. Misconception data were collected from interviews and multiple‐choice questions with free response answers. The data were used to develop 12 two‐tier multiple choice items in which the first tier examined content knowledge and the second examined understanding of that knowledge. The conceptual knowledge examined was the particulate and random nature of matter, concentration and tonicity, the influence of life forces on diffusion and osmosis, membranes, kinetic energy of matter, the process of diffusion, and the process of osmosis. The diagnostic instrument was administered to 240 students (123 non‐biology majors and 117 biology majors) enrolled in a college freshman biology laboratory course. The students had completed a unit on diffusion and osmosis. The content taught was carefully defined by propositional knowledge statements, and was the same content that defined the content boundaries of the test. The split‐half reliability was .74. Difficulty indices ranged from 0.23 to 0.95, and discrimination indices ranged from 0.21 to 0.65. Each item was analyzed to determine student understanding of, and identify misconceptions about, diffusion and osmosis.","openalex, scopus, wos",llm,0.960,unreviewed,
kept,A Review and Comparison of Diagnostic Instruments to Identify Students’ Misconceptions in Science,Derya Kaltakci-Gurel; Ali Eryılmaz; Lillian C. McDermott,2015,Eurasia Journal of Mathematics Science and Technology Education,10.12973/eurasia.2015.1369a,https://openalex.org/W2472851532,domain-concept-inventory-not-computing; diagnostic-instruments-review; method-precedent; cited,"Different diagnostic tools have been developed and used by researchers to identify students' conceptions. The present study aimed to provide an overview of the common diagnostic instruments in science to assess students' misconceptions. Also the study provides a brief comparison of these common diagnostic instruments with their strengths and weaknesses. A total of 273 articles published (from the year 1980 to 2014) in main journals were investigated thoroughly through document analysis method. The study reveals interviews (53%), open-ended tests (34%), multiple-choice tests (32%) and multiple tier tests (13%) as the most commonly used diagnostic tools. However, each tool has some advantages as well as disadvantages over the others that should be kept in mind in their usages. A careful user of a diagnostic instrument such as a classroom teacher or a researcher would be aware of the diagnostic instruments and selects the most effective one for his/her purposes.","openalex, scopus, wos",human,0.960,human,
discarded,DEVELOPMENT OF A TWO-TIER MULTIPLE-CHOICE (TTMC) DIAGNOSTIC TEST FOR GEOMETRY MATERIALS TO IDENTIFY MISCONCEPTIONS OF MIDDLE SCHOOL STUDENTS,Mohammad Syaifuddin; Rani Darmayanti; Nopia Rizki,2022,Jurnal Silogisme Kajian Ilmu Matematika dan Pembelajarannya,10.24269/silogisme.v7i2.5456,https://openalex.org/W4364321620,domain-concept-inventory-not-computing,"Tujuan dari penelitian ini adalah untuk membuat instrumen diagnostik two-tier yang dapat mendeteksi miskonsepsi siswa tentang materi segitiga dan segiempat. Metode deskriptif digunakan untuk membuat instrumen dari bahan segitiga, sedangkan metode RD digunakan untuk membuat instrumen dari bahan segi empat. Validitas dan reliabilitas instrumen diagnostik two-tier dievaluasi. Uji validitas instrumen menunjukkan bahwa 8 soal dari 10 soal materi segitiga dan 7 soal dari 10 soal materi segi empat dinyatakan valid. Instrumen tersebut kemudian diujicobakan pada siswa SMP kelas tujuh dan delapan. Hasil tes dianalisis dan ditafsirkan untuk mengidentifikasi kesalahpahaman. Berdasarkan temuan penelitian ini, miskonsepsi siswa tentang materi segitiga antara lain mengidentifikasi jenis-jenis segitiga berdasarkan panjang sisi dan besar sudut, serta menentukan tinggi segitiga yang menyebabkan mereka salah menghitung luas segitiga. Kesalahpahaman tentang materi segi empat di kalangan siswa termasuk indikator teoritis untuk mendefinisikan segiempat dan jajaran genjang.","openalex, scopus, wos",llm,0.960,unreviewed,
discarded,Development and Application of a Two-Tier Diagnostic Test for High School Students’ Understanding of Flowering Plant Growth and Development,Sheau‐Wen Lin,2004,International Journal of Science and Mathematics Education,10.1007/s10763-004-6484-y,https://openalex.org/W2077278326,domain-concept-inventory-not-computing,,"openalex, scopus, wos",llm,0.960,unreviewed,
discarded,Development and use of a three-tier diagnostic test to assess high school students’ misconceptions about the photoelectric effect,Erdal Taşlıdere,2016,Research in Science & Technological Education,10.1080/02635143.2015.1124409,https://openalex.org/W2320552923,domain-concept-inventory-not-computing,"Background: In the last few decades, researchers have turned their attention to students’ understanding of scientific concepts at different school levels. The results indicate that the learners have different ideas, and most of them are inaccurate in terms of those generally accepted by the scientific community.Purpose: This study was undertaken to describe the development, validation and use of a three-tier multiple-choice diagnostic test (PEMT) to reveal Turkish high school students’ common misconceptions in terms of the photoelectric effect.Sample: In this study, 243 students (male=86, female=137) from six high schools made up the sample which comprised approximately 76% of the 11th grade population.Design and Methods: Based on findings from the literature, open-ended questions and interviews, the PEMT was developed and administered to 243 students. The data was analysed descriptively.Results: The Cronbach’s alpha reliability coefficient of the scores was estimated as .83. Construct, content and face validities were established by senior experts and through the use of statistical techniques. The findings denoted that the test is a valid and reliable measure of students’ qualitative understanding of the photoelectric concept. The results revealed that the majority of the students demonstrated a limited understanding of the photoelectric effect and have five prevalent misconceptions. These are: (1) an increase in intensity would provide the photon with enough energy to release electrons; (2) the photoelectric effect results from the ionization of atoms through the interaction with light; (3) a light beam whose photons have smaller energies than the work function would release electrons with the help of a voltage source; (4) the number of photoelectrons depends on the energy of the photon and (5) the photon has kinetic energy and it depends on the colour of light. The last two misconceptions were discovered in the current study.Conclusion: The findings indicated that the PEMT is a reliable and valid measuring tool for investigating high school students’ conceptual understanding and misconceptions. Future studies could use the PEMT as a tool for assessing the misconceptions of high school students, pre-service science or pre-service physics teachers.","openalex, scopus, wos",llm,0.960,unreviewed,
discarded,Development and application of a four-tier test to assess pre-service physics teachers’ misconceptions about geometrical optics,Derya Kaltakci-Gurel; Ali Eryılmaz; Lillian C. McDermott,2017,Research in Science & Technological Education,10.1080/02635143.2017.1310094,https://openalex.org/W2606708742,domain-concept-inventory-not-computing,"Background: Correct identification of misconceptions is an important first step in order to gain an understanding of student learning. More recently, four-tier multiple choice tests have been found to be effective in assessing misconceptions.Purpose: The purposes of this study are (1) to develop and validate a four-tier misconception test to assess the misconceptions of pre-service physics teachers (PSPTs) about geometrical optics, and (2) to assess and identify PSPTs’ misconceptions about geometrical optics.Sample: The Four-Tier Geometrical Optics Test (FTGOT) was developed based on findings from the interviews (n = 16), open-ended testing (n = 52), pilot testing (n = 53) and administered to 243 PSPTs from 12 state universities in Turkey.Design and Methods: The first phase of the study was the development of a four-tier test. In the second phase of this study, a cross-sectional survey design was used.Results: Validity of the FTGOT scores was established by means of some qualitative and quantitative methods. These are: (1) content and face validations by six experts; (2) Positive correlations between the PSPTs’ correct scores considering only first tiers of the FTGOT and their confidence score for this tier (r = .194) and between correct scores considering first and third tiers and confidence scores for both of those tiers (r = .218) were found as evidences for construct validity. (3) False positive (3.5%), false negative (3.3%) and lack of knowledge (5.1%) percentages were found to be less than 10% as an evidence for content validity of the test scores. (4) Explanatory factor analysis conducted over correct and misconception scores yielded meaningful factors for the correct scores as an evidence for construct validity. Additionally, the Cronbach alpha coefficients were calculated for correct scores (r = 0.59) and misconception scores (r = 0.42) to establish the reliability of the test scores. Six misconceptions about geometrical optics, which were held by more than 10% of the PSPTs, were identified and considered to be significant.Conclusions: The results from the present investigation demonstrate that the FTGOT is a valid and reliable instrument in assessing misconceptions in geometrical optics.","openalex, scopus, wos",llm,0.960,unreviewed,
discarded,Using Three-Tier Diagnostic Test to Assess Students’ Misconceptions of States of Matter,Zübeyde Demet Kırbulut; Ömer Geban,2014,Eurasia Journal of Mathematics Science and Technology Education,10.12973/eurasia.2014.1128a,https://openalex.org/W2157719821,domain-concept-inventory-not-computing,"This study involves the development of a three-tier diagnostic test to measure high school students’ understanding of states of matter concepts. The States of Matter Diagnostic Test (SMDT) is a 19-item three-tier diagnostic test consisting of three-tier items for assessing students’ understanding of states of matter concepts. The SMDT was administered to 195 10th grade high school students in the pilot study and 102 10th grade high school students in the main study. Cronbach alpha reliability indexes for the SMDT were estimated to be .78 and .83 for the pilot and main study, respectively. Point-biserial coefficients ranged from .20 to .69 with an average of .44 for the pilot study and with an average of .49 for the main study.","openalex, scopus, wos",llm,0.960,unreviewed,
discarded,The Use of Cronbach’s Alpha When Developing and Reporting Research Instruments in Science Education,Keith S. Taber,2017,Research in Science Education,10.1007/s11165-016-9602-2,https://openalex.org/W2623703952,instrument-development-general,"Cronbach’s alpha is a statistic commonly quoted by authors to demonstrate that tests and scales that have been constructed or adopted for research projects are fit for purpose. Cronbach’s alpha is regularly adopted in studies in science education: it was referred to in 69 different papers published in 4 leading science education journals in a single year (2015)—usually as a measure of reliability. This article explores how this statistic is used in reporting science education research and what it represents. Authors often cite alpha values with little commentary to explain why they feel this statistic is relevant and seldom interpret the result for readers beyond citing an arbitrary threshold for an acceptable value. Those authors who do offer readers qualitative descriptors interpreting alpha values adopt a diverse and seemingly arbitrary terminology. More seriously, illustrative examples from the science education literature demonstrate that alpha may be acceptable even when there are recognised problems with the scales concerned. Alpha is also sometimes inappropriately used to claim an instrument is unidimensional. It is argued that a high value of alpha offers limited evidence of the reliability of a research instrument, and that indeed a very high value may actually be undesirable when developing a test of scientific knowledge or understanding. Guidance is offered to authors reporting, and readers evaluating, studies that present Cronbach’s alpha statistic as evidence of instrument quality.","openalex, scopus, wos",llm,0.880,unreviewed,
