status,title,authors,year,venue,doi,url,tags,abstract,provider,decision_source,llm_confidence,llm_review_outcome,llm_change_direction
discarded,Member Checking,Linda Birt; Suzanne E. Scott; Debbie Cavers; Christine Campbell; Fiona M Walter,2016,Qualitative Health Research,10.1177/1049732316654870,https://openalex.org/W2460117687,research-methodology-only,"The trustworthiness of results is the bedrock of high quality qualitative research. Member checking, also known as participant or respondent validation, is a technique for exploring the credibility of results. Data or results are returned to participants to check for accuracy and resonance with their experiences. Member checking is often mentioned as one in a list of validation techniques. This simplistic reporting might not acknowledge the value of using the method, nor its juxtaposition with the interpretative stance of qualitative research. In this commentary, we critique how member checking has been used in published research, before describing and evaluating an innovative in-depth member checking technique, Synthesized Member Checking. The method was used in a study with patients diagnosed with melanoma. Synthesized Member Checking addresses the co-constructed nature of knowledge by providing participants with the opportunity to engage with, and add to, interview and interpreted data, several months after their semi-structured interview.","openalex, scopus, wos",llm,0.900,unreviewed,
kept,On Novices' Interaction with Compiler Error Messages,James Prather; Raymond Pettit; Kayla Holcomb McMurry; Alani Peters; John Homer; Nevan Simone; Maxine S. Cohen,2017,,10.1145/3105726.3106169,https://openalex.org/W2747427841,compiler-error-messages; novice-programmers; mixed-methods; error-messages-already-cited,"The difficulty in understanding compiler error messages can be a major impediment to novice student learning. To alleviate this issue, multiple researchers have run experiments enhancing compiler error messages in automated assessment tools for programming assignments. The conclusions reached by these published experiments appear to be conducting. We examine these experiments and propose five potential reasons for the inconsistent conclusions concerning enhanced compiler error messages: (1) students do not read them, (2) researchers are measuring the wrong thing, (3) the effects are hard to measure, (4) the messages are not properly designed, (5) the messages are properly designed, but students do not understand them in context due to increased cognitive load. We constructed mixed-methods experiments designed to address reasons 1 and 5 with a specific automated assessment tool, Athene, that previously reported inconclusive results. Testing student comprehension of the enhanced compiler error messages outside the context of an automated assessment tool demonstrated their effectiveness over standard compiler error messages. Quantitative results from a 60 minute one-on-one think-aloud study with 31 students did not show substantial increase in student learning outcomes over the control. However, qualitative results from the one-on-one think-aloud study indicated that most students are reading the enhanced compiler error messages and generally make effective changes after encountering them.","openalex, scopus, wos",human,0.990,human,
discarded,Do-It-Yourself Empowerment as Experienced by Novice Makers with Disabilities,Janis Lena Meissner; John Vines; Janice McLaughlin; Thomas Nappey; Jekaterina Maksimova; Peter Wright,2017,,10.1145/3064663.3064674,https://openalex.org/W2622836494,accessibility-maker-not-target,"Recent HCI research has highlighted the potential afforded by maker technologies for supporting new forms of DIY Assistive Technology (DIY-AT) for people with disabilities. Furthermore, the popular discourse surrounding both the maker movement and disability is one of democratisation and empowerment. Despite this, critics argue that maker movement membership lacks diversity and that within DIY-AT, it is seldom the people with disabilities who are creating such designs. We conducted a qualitative study that explored how people with disabilities experience the empowering potential of making. We analysed online videos by makers with disabilities and conducted fieldwork at two makerspaces. These informed the design of DIY-Abilities, a series of workshops for people with disabilities in which participants could learn different maker technologies and complete their own maker project. Through analysis of participants' narratives we contribute a new perspective on the specific social and material capacities of accessible maker initiatives.","openalex, scopus, wos",llm,0.900,unreviewed,
discarded,Reasons why Dutch novice nurses leave nursing: A qualitative approach,Jos H.A.M. Kox; Johanna H. Groenewoud; Ellen Bakker; Sita Bierma‐Zeinstra; J. Runhaar; Harald S. Miedema; Pepijn D. D. M. Roelofs,2020,Nurse Education in Practice,10.1016/j.nepr.2020.102848,https://openalex.org/W3044647837,unrelated-domain,"Shortages in the nursing profession are increasing. It is, therefore, imperative to understand why novice nurses are leaving the profession. This qualitative study explores Dutch novice nurses' motives for leaving the profession. Individual semi-structured interviews were held with seventeen former novice nurses who had decided to leave nursing within two years after graduation. Data was collected and analysed following the principles of Thematic Analysis, leading to six themes; 1) Lack of challenge; ambitious to progress further in management or research roles. 2) Lack of passion; no feeling of passion for patient care. 3) Lack of perceived competence; not feeling ""up to the challenge"". 4) Lack of job satisfaction due to heavy workload; work-life imbalance and inability to deliver high-quality care. 5) Lack of work capacity due to non-work-related health conditions; unmet requirements for job or work environment adjustment. 6) Lack of feeling of belonging; suffering from a negative attitude of colleagues to one another. To prevent novice nurse professional turnover, measures such as capacity building, supervisor support and a tailored personal development plan could be taken. To make novice nurses feel safe and reassured, support from colleagues and supervisors is important. Such measures require thoughtful implementation and evaluation.","openalex, scopus, wos",llm,0.980,unreviewed,
discarded,What Do Experts and Novices “See” in Evolutionary Problems?,Ross H. Nehm; Judith Ridgway,2011,Evolution Education and Outreach,10.1007/s12052-011-0369-7,https://openalex.org/W2082951975,domain-concept-inventory-not-computing,"Considerable research has focused on differences in expert and novice problem representation and performance within physics, chemistry, and genetics. Here, we examine whether models of problem solving based on this work are useful within the domain of evolutionary biology. We utilized card sort tasks, interviews, and paper-and-pencil tests to: (1) delineate problem categorization rules, (2) quantify problem solving success, and (3) measure the relationships between the composition, structure, and coherence of problem solutions. We found that experts and novices perceived different item features to be of significance in card sort tasks, and that sensitivity to item surface features was adversely associated with problem solving success. As in other science domains, evolutionary problem representation and problem solving performance were tightly coupled. Explanatory coherence and the absence of cognitive biases were distinguishing features of evolutionary expertise. We discuss the implications of these findings for biology teaching and learning.","openalex, scopus, wos",llm,0.940,unreviewed,
discarded,"From senior student to novice worker: learning trajectories in political science, psychology and mechanical engineering",Madeleine Abrandt Dahlgren; Håkan Hult; Lars Owe Dahlgren; Helene Hård af Segerstad; Kristina Johansson,2006,Studies in Higher Education,10.1080/03075070600923400,https://openalex.org/W2083855347,general-professional-learning-not-target,"This longitudinal study focuses on the transition from higher education to working life. Research has hitherto described the transition in rather general terms, and there is still only limited knowledge about how graduates construe themselves as professionals, or how they experience the transition to the sociocultural contexts of working life. In this study, the transition is viewed as a trajectory between different communities of practice. Three different Master’s programmes at Linköping University are focused on and compared: political science, psychology and mechanical engineering. The specific aims are to: (i) identify aspects of identity and knowledge formation as reported by informants, both as senior students and later as novice workers with 18 months of work experience; (ii) identify features of discourses of knowledge and competence operating in the programmes and working life; and (iii) to relate the results to differences in the way the programmes are designed. The results indicate that the psychology programme prepares for working life in a rational way, that is, the generic skills and substantive knowledge acquired seem to correspond to the demands of professional work. The other programmes stand out as preparing for working life either by providing generic skills that need to be transformed in professional work, or by containing elements that mainly play a ritual role rather than corresponding to the demands of working life.","openalex, scopus, wos",llm,0.950,unreviewed,
discarded,“Is this document relevant?…probably”,Fábio Crestani; Mounia Lalmas; Cornelis J. van Rijsbergen; I. M. Campbell,1998,ACM Computing Surveys,10.1145/299917.299920,https://openalex.org/W2006187024,information-retrieval-not-target,"This article surveys probablistic approaches to modeling information retrieval. The basic concepts of probabilistic approaches to information retrieval are outlined and the principles and assumptions upon which the approaches are based are presented. The various models proposed in the development of IR are described, classified, and compared using a common formalism. New approaches that constitute the basis of future research are described.","openalex, scopus, wos",llm,0.930,unreviewed,
discarded,Understanding Online Discussion Experiences of Blind Screen Reader Users,Ferdous M.J.,2026,International Journal of Human Computer Interaction,10.1080/10447318.2025.2589865,https://www.scopus.com/inward/record.uri?partnerID=HzOxMe3b&scp=105024901813&origin=inward,accessibility-not-target,,"openalex, scopus, wos",llm,0.920,unreviewed,
discarded,ActionaBot: Structuring Metacognitive Conversations towards In-Situ Awareness in How-To Instruction Following,Zhu Q.,2025,Cui 2025 Proceedings of the 2025 ACM Conference on Conversational User Interfaces,10.1145/3719160.3736627,https://www.scopus.com/inward/record.uri?partnerID=HzOxMe3b&scp=105011636894&origin=inward,metacognition-general-not-target,,"openalex, scopus, wos",llm,0.880,unreviewed,
discarded,Practice of Research Methodology in Civil Engineering and Architecture: A Comprehensive Guide,Almusaed A.,2025,Practice of Research Methodology in Civil Engineering and Architecture A Comprehensive Guide,10.1007/978-3-031-97393-2,https://www.scopus.com/inward/record.uri?partnerID=HzOxMe3b&scp=105025611330&origin=inward,research-methodology-only,,"openalex, scopus, wos",llm,0.950,unreviewed,
discarded,"Paradata: Documenting Data Creation, Curation and Use",Huvila I.,2025,Paradata Documenting Data Creation Curation and Use,10.1017/9781009366564,https://www.scopus.com/inward/record.uri?partnerID=HzOxMe3b&scp=105034826379&origin=inward,data-curation-not-target,,"openalex, scopus, wos",llm,0.950,unreviewed,
discarded,"Technological Innovation in Increasing Sport Access and Participation for People with Disabilities and Inactivity-A Report on 1st Conference USCI (University Sport Consortium International)_November 5-6, 2024",Tayebi S.M.,2025,Annals of Applied Sport Science,10.61186/aassjournal.1485,https://www.scopus.com/inward/record.uri?partnerID=HzOxMe3b&scp=105004770784&origin=inward,unrelated-domain,,"openalex, scopus, wos",llm,0.990,unreviewed,
discarded,Artificial Intelligence in Education: A Machine-Generated Literature Overview,Khine M.S.,2024,Artificial Intelligence in Education A Machine Generated Literature Overview,10.1007/978-981-97-9350-1,https://www.scopus.com/inward/record.uri?partnerID=HzOxMe3b&scp=105005046823&origin=inward,general-ai-review-not-target,,"openalex, scopus, wos",llm,0.940,unreviewed,
discarded,Achieving equity in school writing: Causes and cures for opportunity and achievement gaps in a key twenty-first century skill,Deane P.D.,2023,Achieving Equity in School Writing Causes and Cures for Opportunity and Achievement Gaps in A Key Twenty First Century Skill,10.3726/b19194,https://www.scopus.com/inward/record.uri?partnerID=HzOxMe3b&scp=85175404423&origin=inward,writing-general-not-target,,"openalex, scopus, wos",llm,0.920,unreviewed,
discarded,On the Use of Soft Computing Methods in Educational Data Mining and Learning Analytics Research: a Review of Years 2010–2018,Charitopoulos A.,2020,International Journal of Artificial Intelligence in Education,10.1007/s40593-020-00200-8,https://www.scopus.com/inward/record.uri?partnerID=HzOxMe3b&scp=85088428172&origin=inward,general-edtech-not-target-domain,,"openalex, scopus, wos",llm,0.940,unreviewed,
discarded,"Investigating the relationship between task complexity, cognitive ability and disorientation in hypertext navigation",Bayazit A.,2018,World Journal on Educational Technology Current Issues,10.18844/wjet.v10i4.4088,https://www.scopus.com/inward/record.uri?partnerID=HzOxMe3b&scp=85083472769&origin=inward,hypertext-navigation-not-target,,"openalex, scopus, wos",llm,0.900,unreviewed,
discarded,Collaborative learning and new media: New insights into an evolving field,Ludwig C.,2018,Collaborative Learning and New Media New Insights into an Evolving Field,10.3726/b11402,https://www.scopus.com/inward/record.uri?partnerID=HzOxMe3b&scp=85114974547&origin=inward,general-edtech-not-target-domain,,"openalex, scopus, wos",llm,0.930,unreviewed,
discarded,"Smart STEM-Driven Computer Science Education: Theory, Methodology and Robot-based Practices",Štuikys V.,2018,Smart Stem Driven Computer Science Education Theory Methodology and Robot Based Practices,10.1007/978-3-319-78485-4,https://www.scopus.com/inward/record.uri?partnerID=HzOxMe3b&scp=85053650166&origin=inward,general-computing-education-not-target,,"openalex, scopus, wos",llm,0.920,unreviewed,
discarded,"Investigating the relationship between task complexity, cognitive ability and disorientation in hypertext navigation",Bayazit A.,2018,Cypriot Journal of Educational Sciences,10.18844/cjes.v13i4.2554,https://www.scopus.com/inward/record.uri?partnerID=HzOxMe3b&scp=85063301112&origin=inward,hypertext-navigation-not-target,,"openalex, scopus, wos",llm,0.900,unreviewed,
discarded,Instructional Design for Learning: Theoretical Foundations,Seel N.M.,2017,Instructional Design for Learning Theoretical Foundations,10.1007/978-94-6300-941-6,https://www.scopus.com/inward/record.uri?partnerID=HzOxMe3b&scp=85047664330&origin=inward,general-education-method,,"openalex, scopus, wos",llm,0.950,unreviewed,
discarded,Reconsidering early bilingualism: A corpus-based study of Polish migrant children in the United Kingdom,Opacki M.,2017,Reconsidering Early Bilingualism A Corpus Based Study of Polish Migrant Children in the United Kingdom,10.3726/978-3-653-07250-1,https://www.scopus.com/inward/record.uri?partnerID=HzOxMe3b&scp=85034033810&origin=inward,unrelated-domain,,"openalex, scopus, wos",llm,0.990,unreviewed,
discarded,Fuzzy logic-based modeling in collaborative and blended learning,Hadjileontiadou S.J.,2015,Fuzzy Logic Based Modeling in Collaborative and Blended Learning,10.4018/978-1-4666-8705-9,https://www.scopus.com/inward/record.uri?partnerID=HzOxMe3b&scp=84944405463&origin=inward,general-edtech-not-target-domain,,"openalex, scopus, wos",llm,0.940,unreviewed,
discarded,"Smart learning objects for smart education in computer science: Theory, methodology and robot-based implementation",Štuikys V.,2015,Smart Learning Objects for Smart Education in Computer Science Theory Methodology and Robot Based Implementation,10.1007/978-3-319-16913-2,https://www.scopus.com/inward/record.uri?partnerID=HzOxMe3b&scp=84944096696&origin=inward,general-computing-education-not-target,,"openalex, scopus, wos",llm,0.920,unreviewed,
discarded,The skills of document use: From text comprehension to web-based learning,Rouet J.F.,2013,Skills of Document Use from Text Comprehension to Web Based Learning,10.4324/9780203820094,https://www.scopus.com/inward/record.uri?partnerID=HzOxMe3b&scp=84909039950&origin=inward,document-literacy-general,,"openalex, scopus, wos",llm,0.860,unreviewed,
discarded,The Design of Future Educational Interfaces,Oviatt S.,2013,Design of Future Educational Interfaces,10.4324/9780203366202,https://www.scopus.com/inward/record.uri?partnerID=HzOxMe3b&scp=84909103676&origin=inward,hci-general-not-target,,"openalex, scopus, wos",llm,0.930,unreviewed,
discarded,Enhancing self-directed vocabulary learning: Research and practice,Wu J.,2013,Enhancing Self Directed Vocabulary Learning Research and Practice,,https://www.scopus.com/inward/record.uri?partnerID=HzOxMe3b&scp=84924569425&origin=inward,language-learning-not-target,,"openalex, scopus, wos",llm,0.940,unreviewed,
discarded,The Oxford Handbook of Translation Studies,Malmkjær K.,2012,Oxford Handbook of Translation Studies,10.1093/oxfordhb/9780199239306.001.0001,https://www.scopus.com/inward/record.uri?partnerID=HzOxMe3b&scp=84900233607&origin=inward,unrelated-domain,,"openalex, scopus, wos",llm,0.990,unreviewed,
discarded,Surgery for mesial temporal pathology: a 26-year experience,"Oliver, Tucker A.; Lee, Matthew L.; Piper, Keaton F.; Ali, M. Salman; Vale, Fernando L.",2025,JOURNAL OF NEUROSURGERY,10.3171/2025.1.JNS242375,https://www.webofscience.com/wos/woscc/full-record/WOS:001566513700002,unrelated-domain,"OBJECTIVE Mesial temporal lobe (MTL) surgery continues to be challenging to the novice surgeon. The aim of this study was to understand the nuances of MTL surgery using a keyhole craniotomy via an inferior temporal gyrus (ITG) access corridor. In addition, the authors reviewed associated complications and considered strategies for prevention. METHODS A single-surgeon IRB-approved database for epilepsy surgery was established in 1998, and cases from 1998 to 2022 were reviewed. After patients with high-grade gliomas with extensive temporal extension were excluded due to their extensive comorbidities and need for specialized postoperative care, 717 patients were included and operative complications were documented. Resection of the mesial structures was the primary goal of the surgical interventions. Complications were grouped as nonneurological (infection, CSF leakage, cosmetic defect [e.g., temporalis muscle atrophy], and extraaxial hemorrhage) and neurological (postoperative seizure, visual field deficit [VFD], cerebrovascular accident, cranial nerve deficit, and speech difficulty). RESULTS Among the 717 patients (mean age 37 years), 38 patients had complications, with an overall complication rate of 5.3%. Complications included transient word-finding difficulty (n = 1), lacunar stroke (n = 1), VFD (n = 1), transient cranial nerve deficit (n = 2), cosmetic defect (n = 4), CSF leakage/pseudomeningoceles (n = 4), infection (n = 5), postoperative seizure (n = 9), and hemorrhage (n = 11). Of those complications, lacunar stroke and VFD in 2 patients (0.3%) were associated with permanent neurological deficits. No deaths were reported in the perioperative period. No major medical complications occurred, such as deep vein thrombosis or myocardial infarction. CONCLUSIONS Keyhole craniotomy with the ITG approach to MTL resection was a safe and effective method for treating temporal lobe pathology. Careful examination of the complications associated with this procedure demonstrated healthy maturation of the technique, evolution of strategies to effectively educate young surgeons, and systematic implementation of appropriate perioperative management to minimize complications.","openalex, scopus, wos",llm,0.990,unreviewed,
