status,title,authors,year,venue,doi,url,tags,abstract,provider,decision_source,llm_confidence,llm_review_outcome,llm_change_direction
discarded,NIOSH alert: preventing allergic reactions to natural rubber latex in the workplace.,,1997,,10.26616/nioshpub97135,https://openalex.org/W4236092652,latex-materials-medical,WARNING! Workers exposed to latex gloves and,"openalex, scopus, wos, dblp",llm,1.000,unreviewed,
discarded,"Nanoparticle classification, physicochemical properties, characterization, and applications: a comprehensive review for biologists",Nadeem Joudeh; Dirk Linke,2022,Journal of Nanobiotechnology,10.1186/s12951-022-01477-8,https://openalex.org/W4281679590,unrelated-domain,"Interest in nanomaterials and especially nanoparticles has exploded in the past decades primarily due to their novel or enhanced physical and chemical properties compared to bulk material. These extraordinary properties have created a multitude of innovative applications in the fields of medicine and pharma, electronics, agriculture, chemical catalysis, food industry, and many others. More recently, nanoparticles are also being synthesized 'biologically' through the use of plant- or microorganism-mediated processes, as an environmentally friendly alternative to the expensive, energy-intensive, and potentially toxic physical and chemical synthesis methods. This transdisciplinary approach to nanoparticle synthesis requires that biologists and biotechnologists understand and learn to use the complex methodology needed to properly characterize these processes. This review targets a bio-oriented audience and summarizes the physico-chemical properties of nanoparticles, and methods used for their characterization. It highlights why nanomaterials are different compared to micro- or bulk materials. We try to provide a comprehensive overview of the different classes of nanoparticles and their novel or enhanced physicochemical properties including mechanical, thermal, magnetic, electronic, optical, and catalytic properties. A comprehensive list of the common methods and techniques used for the characterization and analysis of these properties is presented together with a large list of examples for biogenic nanoparticles that have been previously synthesized and characterized, including their application in the fields of medicine, electronics, agriculture, and food production. We hope that this makes the many different methods more accessible to the readers, and to help with identifying the proper methodology for any given nanoscience problem.","openalex, scopus, wos, dblp",llm,0.990,unreviewed,
discarded,Open access self-archiving: An author study,Alma Swan; Sheridan Brown,2005,CogPrints (University of Southampton),,https://openalex.org/W1552729918,scholarly-communication-not-learning,"This, our second author international, cross-disciplinary study on open access had 1296 respondents. Its focus was on self-archiving. Almost half (49%) of the respondent population have self-archived at least one article during the last three years. Use of institutional repositories for this purpose has doubled and usage has increased by almost 60% for subject-based repositories. Self-archiving activity is greatest amongst those who publish the largest number of papers. There is still a substantial proportion of authors unaware of the possibility of providing open access to their work by self-archiving. Of the authors who have not yet self-archived any articles, 71% remain unaware of the option. With 49% of the author population having self-archived in some way, this means that 36% of the total author population (71% of the remaining 51%), has not yet been appraised of this way of providing open access. Authors have frequently expressed reluctance to self-archive because of the perceived time required and possible technical difficulties in carrying out this activity, yet findings here show that only 20% of authors found some degree of difficulty with the first act of depositing an article in a repository, and that this dropped to 9% for subsequent deposits. Another author worry is about infringing agreed copyright agreements with publishers, yet only 10% of authors currently know of the SHERPA/RoMEO list of publisher permissions policies with respect to self-archiving, where clear guidance as to what a publisher permits is provided. Where it is not known if permission is required, however, authors are not seeking it and are self-archiving without it. Communicating their results to peers remains the primary reason for scholars publishing their work; in other words,\nresearchers publish to have an impact on their field. The vast majority of authors (81%) would willingly comply with a mandate from their employer or research funder to deposit copies of their articles in an institutional or subject-based repository. A further 13% would comply reluctantly; 5% would not comply with such a mandate.","openalex, scopus, wos, dblp",llm,0.920,unreviewed,
discarded,Latex Gloves: Protecting Browser Extensions from Probing and Revelation Attacks,Alexander Sjösten; Steven Van Acker; Pablo Picazo‐Sanchez; Andrei Sabelfeld,2019,,10.14722/ndss.2019.23309,https://openalex.org/W2944306435,latex-homonym-not-typesetting,"Browser extensions enable rich experience for the users of today's web. Being deployed with elevated privileges, extensions are given the power to overrule web pages. As a result, web pages often seek to detect the installed extensions, sometimes for benign adoption of their behavior but sometimes as part of privacy-violating user fingerprinting. Researchers have studied a class of attacks that allow detecting extensions by probing for Web Accessible Resources (WARs) via URLs that include public extension IDs. Realizing privacy risks associated with WARs, Firefox has recently moved to randomize a browser extension's ID, prompting the Chrome team to plan for following the same path. However, rather than mitigating the issue, the randomized IDs can in fact exacerbate the extension detection problem, enabling attackers to use a randomized ID as a reliable fingerprint of a user. We study a class of extension revelation attacks, where extensions reveal themselves by injecting their code on web pages. We demonstrate how a combination of revelation and probing can uniquely identify 90% out of all extensions injecting content, in spite of a randomization scheme. We perform a series of large-scale studies to estimate possible implications of both classes of attacks. As a countermeasure, we propose a browser-based mechanism that enables control over which extensions are loaded on which web pages and present a proof of concept implementation which blocks both classes of attacks.","openalex, scopus, wos, dblp",llm,0.990,unreviewed,
discarded,Development of endoscopic device to veer out a latex tube with jamming by granular materials,Takaichi Yanagida; Kazunori Adachi; Taro Nakamura,2013,,10.1109/robio.2013.6739674,https://openalex.org/W1973374240,latex-materials-medical,"This paper describes the development of an endoscopic device that veers out a latex tube with jamming by granular materials. Colorectal cancer can be cured completely if it is discovered and treated early with a large intestine endoscope. A conventional endoscope can screen and heal the inside of the intestine, but such surgery is difficult for doctors, and it can take 300 or more training sessions to learn the technique. Even experienced doctors can occasionally spend an hour to perform this operation. In this study, in order an attempt to solve these problems, we propose an endoscopic device that veers out a latex tube with jamming by granular materials. This device can pass through the sigmoid colon without pulling it up, and because of the jamming transition by granular materials, this robot can also become rigid and take on the shape of the sigmoid colon. Unlike other endoscopic robots, our device can support the endoscope. Thus we can easily perform various functions of the conventional endoscope. Here we describe our approach for insertion of an endoscope. Next, we describe our experiment confirming the efficacy of the jamming transition. We also confirm the availability of a prototype of endoscopic device to veer out a latex tube with jamming by rice granular using a large intestine model has a about 90-degree angle.","openalex, scopus, wos, dblp",llm,0.990,unreviewed,
discarded,Training and simulation for patient safety,Raj Aggarwal; Oliver Mytton; Miliard Derbrew; David Hananel; Matthew Heydenburg; S. Barry Issenberg; Chloe Macaulay; Mary E. Mancini; Takeshi Morimoto; Nathaniel J. Soper; Arnona Ziv; Richard Reznick,2010,BMJ Quality & Safety,10.1136/qshc.2009.038562,https://openalex.org/W2132115381,general-training-not-target,"BACKGROUND: Simulation-based medical education enables knowledge, skills and attitudes to be acquired for all healthcare professionals in a safe, educationally orientated and efficient manner. Procedure-based skills, communication, leadership and team working can be learnt, be measured and have the potential to be used as a mode of certification to become an independent practitioner. RESULTS: Simulation-based training initially began with life-like manikins and now encompasses an entire range of systems, from synthetic models through to high fidelity simulation suites. These models can also be used for training in new technologies, for the application of existing technologies to new environments and in prototype testing. The level of simulation must be appropriate to the learners' needs and can range from focused tuition to mass trauma scenarios. The development of simulation centres is a global phenomenon which should be encouraged, although the facilities should be used within appropriate curricula that are methodologically sound and cost-effective. DISCUSSION: A review of current techniques reveals that simulation can successfully promote the competencies of medical expert, communicator and collaborator. Further work is required to develop the exact role of simulation as a training mechanism for scholarly skills, professionalism, management and health advocacy.","openalex, scopus, wos, dblp",llm,0.950,unreviewed,
discarded,Enriching Location Representation with Detailed Semantic Information,"Grattafiori, Aaron; Dubey, Abhimanyu; Jauhri, Abhinav; Pandey, Abhinav; Kadian, Abhishek; Al-Dahle, Ahmad; Letman, Aiesha; Mathur, Akhil; Schelten, Alan; Vaughan, Alex; Yang, Amy; Fan, Angela; Goyal, Anirudh; Hartshorn, Anthony; Yang, Aobo; Mitra, Archi; Sravankumar, Archie; Korenev, Artem; Hinsvark, Arthur; Rao, Arun; Zhang, Aston; Rodriguez, Aurelien; Gregerson, Austen; Spataru, Ava; Roziere, Baptiste; Biron, Bethany; Tang, Binh; Chern, Bobbie; Caucheteux, Charlotte; Nayak, Chaya; Bi, Chloe; Marra, Chris; McConnell, Chris; Keller, Christian; Touret, Christophe; Wu, Chunyang; Wong, Corinne; Ferrer, Cristian Canton; Nikolaidis, Cyrus; Allonsius, Damien; Song, Daniel; Pintz, Danielle; Livshits, Danny; Wyatt, Danny; Esiobu, David; Choudhary, Dhruv; Mahajan, Dhruv; Garcia-Olano, Diego; Perino, Diego; Hupkes, Dieuwke; Lakomkin, Egor; AlBadawy, Ehab; Lobanova, Elina; Dinan, Emily; Smith, Eric Michael; Radenovic, Filip; Guzmán, Francisco; Zhang, Frank; Synnaeve, Gabriel; Lee, Gabrielle; Anderson, Georgia Lewis; Thattai, Govind; Nail, Graeme; Mialon, Gregoire; Pang, Guan; Cucurell, Guillem; Nguyen, Hailey; Korevaar, Hannah; Xu, Hu; Touvron, Hugo; Zarov, Iliyan; Ibarra, Imanol Arrieta; Kloumann, Isabel; Misra, Ishan; Evtimov, Ivan; Zhang, Jack; Copet, Jade; Lee, Jaewon; Geffert, Jan; Vranes, Jana; Park, Jason; Mahadeokar, Jay; Shah, Jeet; van der Linde, Jelmer; Billock, Jennifer; Hong, Jenny; Lee, Jenya; Fu, Jeremy; Chi, Jianfeng; Huang, Jianyu; Liu, Jiawen; Wang, Jie; Yu, Jiecao; Bitton, Joanna; Spisak, Joe; Park, Jongsoo; Rocca, Joseph; Johnstun, Joshua; Saxe, Joshua; Jia, Junteng",2024,arXiv (Cornell University),10.4230/lipics.giscience.2025.3,https://openalex.org/W4401306886,unrelated-domain,"Cyber-physical systems (CPS) are critical to modern infrastructure, but are vulnerable to faults and anomalies that threaten their operational safety. In this work, we evaluate the use of open-source Large Language Models (LLMs), such as Mistral 7B, Llama3.1:8b-instruct-fp16, and others to detect anomalies in two distinct datasets: battery management and powertrain systems. Our methodology utilises retrieval-augmented generation (RAG) techniques, incorporating a novel two-step process where LLMs first infer operational rules from normal behavior before applying these rules for fault detection. During the experiments, we found that the original prompt design yielded strong results for the battery dataset but required modification for the powertrain dataset to improve performance. The adjusted prompt, which emphasises rule inference, significantly improved anomaly detection for the powertrain dataset. Experimental results show that models like Mistral 7B achieved F1-scores up to 0.99, while Llama3.1:8b-instruct-fp16 and Gemma 2 reached perfect F1-scores of 1.0 in complex scenarios. These findings demonstrate the impact of effective prompt design and rule inference in improving LLM-based fault detection for CPS, contributing to increased operational resilience.","openalex, scopus, wos, dblp",llm,0.980,unreviewed,
discarded,Gemini 1.5: Unlocking multimodal understanding across millions of tokens of context,"Gemini Robotics Team; Petko Georgiev; Ving Ian Lei; Ryan Burnell; Libin Bai; Anmol Gulati; Garrett Tanzer; Damien Vincent; Zhufeng Pan; Wang, Shibo; Mariooryad, Soroosh; Yifan Ding; Geng, Xinyang; Fred Alcober; Frostig, Roy; Mark Omernick; Lexi Walker; Paduraru, Cosmin; Christina Sorokin; Tacchetti, Andrea; Colin Gaffney; Samira Daruki; Sercinoglu, Olcan; Zach Gleicher; Juliette Love; Paul Voigtlaender; Rohan Jain; Gabriela Surita; Mohamed, Kareem; Rory Blevins; Junwhan Ahn; Zhu, Tao; Kawintiranon, Kornraphop; Orhan Fırat; Gu, Yiming; Yujing Zhang; Rahtz, Matthew; Faruqui, Manaal; Natalie A. Clay; Justin Gilmer; Co-Reyes, JD; Ivo Penchev; Rui Zhu; Nobuyuki Morioka; Kevin Hui; Krishna Haridasan; Víctor Campos; Mahdieh, Mahdis; Guo, Mandy; Samer Hassan; Kilgour, Kevin; Arpi Vezer; Cheng, Heng-Tze; Raoul de Liedekerke; Goyal, Siddharth; Paul Barham; Strouse, DJ; Seb Noury; Jonas Adler; Mukund Sundararajan; Sharad Vikram; Lepikhin, Dmitry; Michela Paganini; Xavier García; Fan Yang; Valter, Dasha; Maja Trębacz; Kiran Vodrahalli; Chulayuth Asawaroengchai; Roman Ring; Kalb, Norbert; Livio Baldini Soares; Siddhartha Brahma; David F. Steiner; Tianhe Yu; Fabian Mentzer; Antoine He; Lucas Gonzalez; Bibo Xu; Raphaël Lopez Kaufman; Laurent El Shafey; Junhyuk Oh; Tom Hennigan; George van den Driessche; Seth Odoom; Mario Lučić; Becca Roelofs; Lall, Sid; Amit Marathe; Chan, Betty; Santiago Ontañón; Luheng He; Denis Teplyashin; Lai, Jonathan; Phil Crone; Bogdan Damoc; Ho, Lewis; Sebastian Riedel; Karel Lenc; Chih‐Kuan Yeh",2024,arXiv (Cornell University),10.48550/arxiv.2403.05530,https://openalex.org/W4392679398,unrelated-domain,"In this report, we introduce the Gemini 1.5 family of models, representing the next generation of highly compute-efficient multimodal models capable of recalling and reasoning over fine-grained information from millions of tokens of context, including multiple long documents and hours of video and audio. The family includes two new models: (1) an updated Gemini 1.5 Pro, which exceeds the February version on the great majority of capabilities and benchmarks; (2) Gemini 1.5 Flash, a more lightweight variant designed for efficiency with minimal regression in quality. Gemini 1.5 models achieve near-perfect recall on long-context retrieval tasks across modalities, improve the state-of-the-art in long-document QA, long-video QA and long-context ASR, and match or surpass Gemini 1.0 Ultra's state-of-the-art performance across a broad set of benchmarks. Studying the limits of Gemini 1.5's long-context ability, we find continued improvement in next-token prediction and near-perfect retrieval (>99%) up to at least 10M tokens, a generational leap over existing models such as Claude 3.0 (200k) and GPT-4 Turbo (128k). Finally, we highlight real-world use cases, such as Gemini 1.5 collaborating with professionals on completing their tasks achieving 26 to 75% time savings across 10 different job categories, as well as surprising new capabilities of large language models at the frontier; when given a grammar manual for Kalamang, a language with fewer than 200 speakers worldwide, the model learns to translate English to Kalamang at a similar level to a person who learned from the same content.","openalex, scopus, wos, dblp",llm,0.980,unreviewed,
discarded,Human Factors in Phishing Attacks: A Systematic Literature Review,Giuseppe Desolda; Lauren S. Ferro; Andrea Marrella; Tiziana Catarci; Maria Francesca Costabile,2021,ACM Computing Surveys,10.1145/3469886,https://openalex.org/W3204452949,unrelated-domain,"Phishing is the fraudulent attempt to obtain sensitive information by disguising oneself as a trustworthy entity in digital communication. It is a type of cyber attack often successful because users are not aware of their vulnerabilities or are unable to understand the risks. This article presents a systematic literature review conducted to draw a “big picture” of the most important research works performed on human factors and phishing. The analysis of the retrieved publications, framed along the research questions addressed in the systematic literature review, helps in understanding how human factors should be considered to defend against phishing attacks. Future research directions are also highlighted.","openalex, scopus, wos, dblp",llm,0.970,unreviewed,
discarded,Attacking a Smartphone Biometric Fingerprint System: A Novice's Approach,Ramón Blanco Gonzalo; Barbara Corsetti; Ines Goicoechea-Telleria; Anas Husseis; Judith Liu‐Jimenez; Raúl Sánchez-Reillo; Teodors Eglītis; Elakkiya Ellavarason; Richard Guest; Chiara Lunerti; Mohammadreza Azimi; Jalil Nourmohammadi Khiarak; Salatiel Ezennaya-Gomez; Nicholas Whiskerd; Rıdvan Salih Kuzu; Ebenezer Okoh,2018,,10.1109/ccst.2018.8585726,https://openalex.org/W2898641676,unrelated-domain,Biometric systems on mobile devices are an increasingly ubiquitous method for identity verification. The majority of contemporary devices have an embedded fingerprint sensor which may be used for a variety of transactions including unlock a device or sanction a payment. In this study we explore how easy it is to successfully attack a fingerprint system using a fake finger manufactured from commonly available materials. Importantly our attackers were novices to producing the fingers and were also constrained by time. Our study shows the relative ease that modern devices can be attacked and the material combinations that lead to these attacks.,"openalex, scopus, wos, dblp",llm,0.980,unreviewed,
discarded,Retrieval augmented generation for large language models in healthcare: A systematic review,Lameck Mbangula Amugongo; Pietro Mascheroni; Steven E. Brooks; Stefan Doering; Jan Seidel,2025,PLOS Digital Health,10.1371/journal.pdig.0000877,https://openalex.org/W4411203672,unrelated-domain,"Large Language Models (LLMs) have demonstrated promising capabilities to solve complex tasks in critical sectors such as healthcare. However, LLMs are limited by their training data which is often outdated, the tendency to generate inaccurate (""hallucinated"") content and a lack of transparency in the content they generate. To address these limitations, retrieval augmented generation (RAG) grounds the responses of LLMs by exposing them to external knowledge sources. However, in the healthcare domain there is currently a lack of systematic understanding of which datasets, RAG methodologies and evaluation frameworks are available. This review aims to bridge this gap by assessing RAG-based approaches employed by LLMs in healthcare, focusing on the different steps of retrieval, augmentation and generation. Additionally, we identify the limitations, strengths and gaps in the existing literature. Our synthesis shows that 78.9% of studies used English datasets and 21.1% of the datasets are in Chinese. We find that a range of techniques are employed RAG-based LLMs in healthcare, including Naive RAG, Advanced RAG, and Modular RAG. Surprisingly, proprietary models such as GPT-3.5/4 are the most used for RAG applications in healthcare. We find that there is a lack of standardised evaluation frameworks for RAG-based applications. In addition, the majority of the studies do not assess or address ethical considerations related to RAG in healthcare. It is important to account for ethical challenges that are inherent when AI systems are implemented in the clinical setting. Lastly, we highlight the need for further research and development to ensure responsible and effective adoption of RAG in the medical domain.","openalex, scopus, wos, dblp",llm,0.970,unreviewed,
