status,title,authors,year,venue,doi,url,tags,abstract,provider,decision_source,llm_confidence,llm_review_outcome,llm_change_direction
discarded,A novel latex patch model enables cost-effective hands-on teaching in vascular surgery,"Gaenzle, Maximilian; Geisler, Antonia; Hering, Hannes; Sabanov, Arsen; Steiner, Sabine; Branzan, Daniela",2024,SURGERY OPEN SCIENCE,10.1016/j.sopen.2024.07.003,https://www.webofscience.com/wos/woscc/full-record/WOS:001280393500001,latex-materials-medical,"Objectives: We developed a new simulator for hands-on teaching of vascular surgical skills, the Leipzig Latex Patch Model (LPM). This study aimed to quantify the effectiveness and acceptance of the LPM evaluated by students, as well as evaluation of the results by experienced vascular surgeons. Methods: A prospective, single-center, single-blinded, randomized study was conducted. Fifty 5th-year medical students were randomized into two groups, first performing a patch suture on the LPM (study group) or established synthetic tissue model (control), then on porcine aorta. The second suture was videotaped and scored by two surgeons using a modified Objective Structured Assessment of Technical Skill (OSATS) score. We measured the time required for suturing; the participants completed questionnaires. Results: Participants required significantly less time for the second suture than the first (median: LPM 30 min vs. control 28.5 min, p = 0.0026). There was no significant difference in suture time between the groups (median: 28 min vs. 30 min, p = 0.2958). There was an increase in confidence from 28 % of participants before to 58 % after the course (p p < 0.0001). The cost of materials per participant was 1.05<euro> (LPM) vs. 8.68<euro> (control). The OSATS-scores of the LPM group did not differ significantly from those of the control (median: 20.5 points vs. 23.0 points, p = 0.2041). Conclusions: This pilot study demonstrated an increase in technical skills and confidence through simulator-based teaching. Our data suggests comparable results of the LPM compared to the conventional model, as assessed by the OSATS-score. This low-cost, low-threshold training model for vascular suturing skills should make hands-on training more accessible to students and surgical residents. Key message: We developed and validated a low-cost, low-threshold training model for vascular suturing skills. This should make hands-on training more accessible to medical students and surgical residents in the future.","openalex, scopus, wos, dblp",llm,1.000,unreviewed,
discarded,"A Human-in-the-Loop Framework for AI-Generated, Accreditation-Aligned Assessments in Engineering Education","Ahmad, Abdel-Mehsen; Karaky, Hassan; Shahine, Mohamad Abou",2026,COMPUTER APPLICATIONS IN ENGINEERING EDUCATION,10.1002/cae.70227,https://www.webofscience.com/wos/woscc/full-record/WOS:001808806300001,latex-as-tool-only,"The integration of Generative Artificial Intelligence (GenAI) into engineering education offers significant potential for assessment creation, yet generic Large Language Models (LLMs) often fail to adhere to the strict technical and pedagogical constraints required for engineering programs. Specifically, standard prompting approaches struggle to generate valid Moodle XML syntax, render complex mathematical notation (LaTeX) without errors, and align assessments with granular accreditation standards such as those defined by ABET. To address these limitations, this study introduces a novel, two-part software platform: (1) an AI Question Generation Prompter, a web-based tool that structures prompts based on specific course outcomes (COs) and performance indicators (PIs), and (2) a Visual Moodle XML Editor, a graphical interface that enables a ""human-in-the-loop"" workflow for validating AI-generated code and rendering engineering equations. A multidisciplinary exploratory case study involving mechanical, electrical, and computer engineering courses demonstrated that the platform reduced assessment creation time by an estimated 87% for one faculty participant, compared to their previous manual methods. The workflow successfully generated robust, accreditation-aligned questions containing complex engineering notation that imported seamlessly into the Learning Management System (LMS). Furthermore, the platform operationalized a dual-feedback loop, providing immediate formative feedback to students and data-driven curricular insights to faculty. This work presents an exploratory, open-source technical framework for harnessing GenAI in engineering education, ensuring both administrative efficiency and rigorous academic standards.","openalex, scopus, wos, dblp",llm,0.860,unreviewed,
discarded,Obstetrics and gynecology residents' satisfaction and self-confidence after anal sphincter injury simulation-based workshop in Indonesia: a pre- and post-intervention comparison study,"Wahyuningtyas, Riska; Kurniawati, Eighty Mardiyan; Utomo, Budi; Hardianto, Gatut; Paraton, Hari; Hastono, Tri; Kuswanto, Djoko",2022,JOURNAL OF EDUCATIONAL EVALUATION FOR HEALTH PROFESSIONS,10.3352/jeehp.2022.19.4,https://www.webofscience.com/wos/woscc/full-record/WOS:000759895200001,latex-materials-medical,"Purpose: Obstetric anal sphincter injury (OASI) is one of the most common complication during delivery. Simulation models using manikin can be used as an effective medical learning method to improve students' abilities before meeting patients. It aimed to describe the development of anal sphincter injury model and assess the resident satisfaction and self-confidence after perineal repair workshop with anal sphincter injury simulator in Indonesia.

Methods: This was cross-sectional study with evaluation of outcome before and after workshop. We created silicone-latex simulation anal sphincter injury model. Then, we validated this simulation and made it as simulation model for workshop. We asked residents' satisfaction repairing anal sphincter injury using simulation model and residents' self-confidence when practicing the anal sphincter injury repair.

Results: All residents felt the simulation-based workshop was valuable (100%). Most of score for similarity simulation model were good (about 8). The self-assessment of confidence was measured prior to the workshop and after the workshop. The overall self-confidence was increased significantly after workshop in procedure identification external sphincter ani (EAS) (P=0.031), suturing anal mucosa (P=0.001), suturing internal sphincter ani (P=0.001), suturing external sphincter ani (EAS) (P <0.001), evaluation of sphincter ani tone (P=0.016).

Conclusion: Anal sphincter injury simulator improves the self-confidence of residents in procedure identification external sphincter ani (EAS), suturing anal mucosa, suturing internal sphincter ani, suturing external sphincter ani (EAS) and evaluation of sphincter ani tone.","openalex, scopus, wos, dblp",llm,1.000,unreviewed,
discarded,"Enhancing Math education for visually impaired students: alternative text implementation in LATEX, <i>MathJax</i>, <i>MathML</i> and <i>LAMBDA</i>","Rossi, Giampaolo; Fornaro, Claudio",2024,COMMUNICATIONS IN APPLIED AND INDUSTRIAL MATHEMATICS,10.2478/caim-2024-0012,https://www.webofscience.com/wos/woscc/full-record/WOS:001336686400005,accessibility-equations,"This article outlines an innovative procedure to improve the accessibility of Mathematics for secondary school students with visual impairments. Using LATEX, a widely used typesetting system, a transformative approach is developed that converts traditional mathematical content into three accessible formats: PDF, MathJax and LAMBDA. Central to this system is the integration of alternative text, which offers full descriptions of images and mathematical formulae and promotes a richer understanding of its content. The broader implications of this project include the introduction of novel teaching models for educators, enhanced accessibility of Mathematics programmes, and the potential to encourage the enrolment of visually impaired students in science degree courses. Ultimately, this work contributes to the creation of the conditions for the development of an inclusive and barrier-free learning environment in Mathematics education.",wos,llm,0.990,unreviewed,
discarded,Is LaTeX use correlated with the number of equations in a manuscript?,"Moorhead, Althea, V",2021,SCIENTOMETRICS,10.1007/s11192-021-04119-2,https://www.webofscience.com/wos/woscc/full-record/WOS:000698099100001,latex-related; wysiwyg-vs-markup; authoring-behavior; authoring-behaviour-not-learners,"Astronomy papers are most frequently composed and submitted in either Microsoft Word or LaTeX format. While most journals accept submissions in Word format (and some, such as Meteoritics and Planetary Science, until recently required Word format), the majority of astronomy papers posted to the arXiV are submitted in LaTeX format. The wisdom of using LaTeX is sometimes questioned: for instance, a recent study demonstrated that a set of 40 researchers and graduate students were able to transcribe text and tables more quickly and with fewer errors using Word rather than LaTeX, although LaTeX proved similarly efficient when it came to transcribing equations and was more enjoyable to use. However, the study had all participants reproduce a given source text. We suspect that the use of Word may influence an author to include fewer equations when creating an original work. This is a difficult hypothesis to test directly, so we instead use a subset of arXiV submissions to probe whether the use of LaTeX is correlated with the number of standalone equations in a manuscript. We find that PDF-only manuscripts on the arXiV have roughly half as many equations as those with LaTeX source files.",wos,human,0.930,human,
discarded,SLDNF-Draw: Visualization of Prolog operational semantics in LaTeX,"Gavanelli, Marco",2017,INTELLIGENZA ARTIFICIALE,10.3233/IA-170108,https://www.webofscience.com/wos/woscc/full-record/WOS:000399736500006,latex-as-output-only,"Logic Programming is a programming paradigm widely used for teaching Artificial Intelligence in university courses. Prolog, probably the most popular Logic Programming language, is based on inferences similar to theorem provers, and learning it is propaedeutical for understanding formal specification languages.

However, after a first phase in which students learn how specifications can be translated into executable code, a second phase is necessary for engineering the resulting program. In this second phase, having a clear picture of the execution model is crucial.

In this paper, SLDNF-Draw, a program that visualizes the SLDNF operational semantics of Prolog, is presented. SLDNFDraw produces trees in LATEX, the popular typesetting system, so that the generated trees have very high typographic quality and can be embedded in printed documents (e.g., course handouts) as well as in animated presentations.

SLDNF Draw is completely written in Prolog, as a meta-interpreter, and does not rely on external imperative languages for the visualization.",wos,llm,0.760,unreviewed,
kept,Master's students' perceptions of Microsoft Word for mathematical typesetting,"Loch, Birgit; Lowe, Tim; Mestel, Ben",2015,TEACHING MATHEMATICS AND ITS APPLICATIONS,10.1093/teamat/hru020,https://www.webofscience.com/wos/woscc/full-record/WOS:000210717300004,latex-related; word-processor-vs-markup; user-perceptions; mathematical-typesetting; perception-study-latex-adjacent; cited,"It is widely recognized that mathematical typesetting is more difficult than typesetting in most other disciplines due to the need for specialized mathematical notation and symbols. While most mathematicians type mathematical documents using LaTeX, with varying levels of proficiency, students often use other options or handwrite mathematics. Here, we investigate students' perceptions of the mathematical editor available since Word 2007. This investigation is timely as there is anecdotal evidence that mathematicians do not think thatWord is capable of quality mathematical typesetting, and there have not been many studies in the literature on this topic. In this case study, we ask the following questions: IsWord a suitable tool for students to typeset mathematics? And: How does Word compare to other mathematical typesetting packages students have used? We asked master's level students to typeset mathematics in Word and then comment on their experience, relating to the ease of use, quality of output and overall experience. We also asked the students to compareWord to other tools they may have used in the past. The results show that the current versions of Word are indeed capable of producing quality mathematical typesetting, that the learning curve is not high, and thatWord should not be dismissed as a tool for typesetting mathematics. While there were concerns that editing takes longer than in other tools and that typesetting in general takes time, overall students were positively surprised by Word's mathematical features and commented favourably.",wos,human,0.990,human,
discarded,LaTeX as an inclusive accessibility instrument for highschool mathematical education,Ahmetovic D.,2021,Proceedings of the 18th International Web for all Conference W4a 2021,10.1145/3430263.3452444,https://www.scopus.com/inward/record.uri?partnerID=HzOxMe3b&scp=85107327639&origin=inward,accessibility-equations,,scopus,llm,0.990,unreviewed,
discarded,MathInBraille online converter,Batusic M.,2011,Assistive Technology Research Series,10.3233/978-1-60750-814-4-632,https://www.scopus.com/inward/record.uri?partnerID=HzOxMe3b&scp=84865489631&origin=inward,accessibility-equations,,scopus,llm,0.990,unreviewed,
discarded,Technical writing for teams: The STREAM tools handbook,Mamishev A.,2011,Technical Writing for Teams the Stream Tools Handbook,,https://www.scopus.com/inward/record.uri?partnerID=HzOxMe3b&scp=85216997089&origin=inward,writing-general-not-target,,scopus,llm,0.920,unreviewed,
discarded,Policy Mining: Putting LLMs toWork,"Atluri, Vijayalakshmi",2025,"PROCEEDINGS OF THE 30TH ACM SYMPOSIUM ON ACCESS CONTROL MODELS AND TECHNOLOGIES, SACMAT 2025",10.1145/3734436.3734438,https://www.webofscience.com/wos/woscc/full-record/WOS:001592828800001,software-engineering-not-target,"Policy engineering pertains to devising access control policies. This can be performed either in a top-down or a bottom-up manner. The bottom-up approach, also referred to as policy mining, is to (automatically) discover security policies from the existing authorizations. Several researchers have proposed approaches for RBAC and ABAC policy mining. In contrast, the top-down approach relies on a careful analysis of the business processes of an organization to devise the appropriate security policies. Each approach has its own advantages and disadvantages. For example, the bottom-up approach lends itself to automation, but may result in erroneous policies as it relies on existing authorizations, which may not always be correct to begin with. On the other hand, although the top-down approach may result in more accurate policies, it is often manual, tedious and time consuming since it requires that the semantics of the business processes be well understood. Sometimes it may be more pragmatic to employ a hybrid approach to reap the benefits of both. The goal of our work is to automate the top-down process of policy engineering by utilizing the power of Large Language Models (LLMs). Essentially, our approach is to extract the security policies from the Natural Language Access Control Policies (NLACPs) and then automatically derive Machine Enforceable Security Policies (MESPs). The target MESP could be based on any of the currently prevalent access control models including RBAC, ABAC, etc. In the rest of the discussion, we consider ABAC although the general approach is applicable to handle other access control models. The framework of our approach comprises of three major components. The first component is the LLM-based extraction of NLACPs of key entities from natural language text. For ABAC, it is necessary to determine all the subject and object attribute combinations that are required for making access control decisions, as well as the allowable operations. We have taken a two-step approach for transforming security policies expressed in natural language text into machine-enforceable ABAC rules [1]. Our approach first classifies policy statements to determine whether they constitute an NLACP. If a statement is policy-related, it is then translated into a structured ABAC rule, extracting conditions of subject attributes, object attributes, and actions. To enhance accuracy and efficiency while reducing reliance on human annotations, we employ a two-tiered knowledge distillation strategy, where GPT-4 generates synthetic training data to fine-tune a lightweight CodeT5 student model. We have evaluated our method on real-world datasets, demonstrating high classification accuracy and effective structured policy extraction. The policies thus generated are to be translated into a machine-readable format that can be understood by the target access control system. This typically involves the use of standarized policy languages such as eXtensible Access Control Markup Language (XACML), Attribute-Based Access Control Markup Language (ABACML) or other structured representations. In our implementation, we adopt JSON as the output format due to its compatibility with existing access control engines and APIs. The second component is the graphical representation of the ABAC rules that leverages directional flow capacities to enforce access control policies, and mapping the potential pathways between a subject and an object to ascertain access rights [2].

Graph based modeling has two benefits: First, it enables the utilization of readily available commercial graph database systems (e.g., Neo4j) to implement ABAC. As a result, enforcement of ABAC can be accomplished simply through graph queries (Cypher in case of Neo4j). Second, the graph structure facilitates rich policy analyses. These graph analysis approaches and tools can be readily adopted to analyze ABAC properties such as redundancy and safety, and identification of conflicts. Indeed, these can also be systematically expressed as simple structured graph queries. These analyses, which are difficult to perform on flat JSON or XACML structures, become straightforward when the policy is represented as a graph. Given the unstructured nature of NLACPs, ambiguities and inconsistencies are inevitable. This reinforces the need for graph-based analysis to refine and ensure the correctness of the extracted ABAC rules. The third component is a user-friendly interactive interface (UI) to enable users with posing queries in a natural language (rather than a graph database query which is possible for only technically savvy users). Through this interactive platform, users can ask policy-related questions in plain English, which will be translated into graph queries, again utilizing the power of LLMs. This requires evaluation of the effectiveness of the system for query accuracy and response relevance.",wos,llm,0.940,unreviewed,
discarded,XBoot: A RAPID and Instructional Low-Code Generator for Spring Boot Applications,"Alkazemi, Basem Y.; Nour, Mohamed K.",2025,APPLIED SCIENCES-BASEL,10.3390/app151910621,https://www.webofscience.com/wos/woscc/full-record/WOS:001593476300001,markup-language-no-learner-data,"Developing secure and well-structured web applications using Spring Boot presents a significant challenge, as it requires developers to manage multiple layers, employ framework-specific annotations, and ensure authentication, authorization, and compliance with architectural standards. These complexities often lead to errors among students and novice developers. Although current low-code platforms reduce coding effort, they frequently compromise clarity, modularity, and maintainability. This paper introduces XBoot, a lightweight framework that utilizes a straightforward XML-based domain-specific language (DSL) to automatically generate modular and secure Spring Boot applications. By providing concise specifications for entities, services, routes, and user roles, XBoot generates database entities, service classes, controllers, user interface templates, and integrated security rules. Validation rules are directly enforced from the DSL, and built-in Swagger documentation facilitates interactive API testing. The evaluation was conducted in two phases. Initially, XBoot was validated by generating applications for student-course and flight-booking domains, where less than 50 lines of DSL resulted in 950-1350 lines of Java and HTML code, complete with security and documentation. Subsequently, 10 undergraduate students utilized XBoot in practice. All participants successfully generated and deployed applications within 2-20 min (average approximate to 7), compared to 45-120 min for manual implementation. On a 5-point Likert scale, students rated the reinforcement of layered architecture at an average of 4.0. These findings suggest that XBoot effectively eliminates common structural and security errors, reduces boilerplate complexity through concise DSL specifications, and maintains modularity and transparency-limitations often observed in traditional coding and other low-code platforms.",wos,llm,0.860,unreviewed,
