status,title,authors,year,venue,doi,url,tags,abstract,provider,decision_source,llm_confidence,llm_review_outcome,llm_change_direction
discarded,Pragmatics Twelve Years Later: A Report on Lingua Franca,Reinhard von Hanxleden; Edward A. Lee; Hauke Fuhrmann; Alexander Schulz-Rosengarten; Sören Domrös; Marten Lohstroh; Soroush Bateni; Christian Menard,2022,Lecture notes in computer science,10.1007/978-3-031-19756-7_5,https://openalex.org/W4312955362,modeling-language-not-target,"Abstract In 2010, Fuhrmann et al. argued for enhancing modeler productivity by providing tooling that, put simply, combines the best of textual and graphical worlds. They referred to this as pragmatics , and argued that a key enabler would be the ability to automatically synthesize customized graphical views from a (possibly textual) model. The model would be the “ground truth” used, for example, for downstream code synthesis and simulation; the graphical views would typically be abstractions from the model serving various purposes, including documentation. Twelve years later, we reflect on their proposal, and illustrate the current state with the recently developed polyglot coordination language Lingua Franca (LF). LF has been designed with pragmatics in mind since early on, and some characteristics of LF make it particularly suited for pragmatics-aware programming and modeling. However, the underlying pragmatic principles are broadly applicable, and by now a set of mature open source tools is available for putting them into practice.","openalex, scopus, wos",llm,0.860,unreviewed,
discarded,Computer Simulation and Animation in Engineering Mechanics: A Critical Review and Analysis,Oai Ha; Ning Fang,2020,,10.18260/1-2--19335,https://openalex.org/W2626658628,general-edtech-not-target-domain,"Nearly all students in mechanical, aerospace, civil, environmental, and biomedical engineering majors are required to take engineering mechanics courses. These courses cover a broad spectrum of foundational engineering concepts and require students to have solid spatial visualization skills. This paper presents a critical literature review and analysis of the behavioral and technical constructs of published studies on the development and assessment of web-based computer simulation and animation (CSA) modules and programs used in engineering mechanics education, particularly in engineering statics and dynamics. Popular databases, such as EBSCOhost, ERIC, Web of Knowledge, and annual ASEE conference proceedings, were employed to identify relevant papers. This paper presents definitions of the terms ""computer simulation"" and ""computer animation."" Three important aspects of CSA modules and programs are described in great detail, including 1) web-based CSA modules and programs developed for engineering mechanics; 2) cognitive aspects of interactive learning with web-based CSA modules and programs; and 3) development of interactive web-based CSA modules and programs. Based on relevant studies published in the literature, this paper analyzes nine characteristics among published studies, including 1) commonly-reported student learning outcomes; 2) sample sizes; 3) area of study; 4) authoring tools, development software, and proprietary software on the client side; 5) mathematic equation presentation; 6) user control; 7) other media besides animation; 8) experimental design; and 9) data collection methods.","openalex, scopus, wos",llm,0.930,unreviewed,
discarded,Appliancizer: Transforming Web Pages into Electronic Devices,Jorge Garza; Devon J. Merrill; Steven Swanson,2021,,10.1145/3411764.3445732,https://openalex.org/W3162956232,web-development-tool-not-learning,"Prototyping electronic devices that meet today’s consumer standards is a time-consuming task that requires multi-domain expertise. Consumers expect electronic devices to have visually appealing interfaces with both tactile and screen-based interfaces. Appliancizer, our interactive computational design tool, exploits the similarities between graphical and tangible interfaces, allowing web pages to be rapidly transformed into physical electronic devices. Using a novel technique we call essential interface mapping, our tool converts graphical user interface elements (e.g., an HTML button) into tangible interface components (e.g., a physical button) without changing the application source code. Appliancizer automatically generates the PCB and low-level code from web-based prototypes and HTML mock-ups. This makes the prototyping of mixed graphical-tangible interactions as easy as modifying a web page and allows designers to leverage the well-developed ecosystem of web technologies. We demonstrate how our technique simplifies and accelerates prototyping by developing two devices with Appliancizer.","openalex, scopus, wos",llm,0.870,unreviewed,
discarded,The Origins of the Underline as Visual Representation of the Hyperlink on the Web: A Case Study in Skeuomorphism,John J. Romano,2016,Digital Access to Scholarship at Harvard (DASH) (Harvard University),,https://openalex.org/W2787613540,markup-history-not-learning,"This thesis investigates the process by which the underline came to be used as the default signifier of hyperlinks on the World Wide Web. Created in 1990 by Tim Berners-Lee, the web quickly became the most used hypertext system in the world, and most browsers default to indicating hyperlinks with an underline. To answer the question of why the underline was chosen over competing demarcation techniques, the thesis applies the methods of history of technology and sociology of technology. Before the invention of the web, the underline–also known as the vinculum–was used in many contexts in writing systems; collecting entities together to form a whole and ascribing additional meaning to the content. This early usage made the underline a natural choice, semantically, as a hyperlink signifier. The technological context in which the web was created also played a significant role in the use of the underline. Early computer systems were limited in their display capacities and the interfaces created on them were influenced by these constraints. Specifically, the NeXT computer on which Berners-Lee developed the web made underlining text very simple using its Interface Builder software. The combination of the existing semantic meaning of the underline in written language, coupled with the affordances of contemporary computer systems resulted in the commonplace use of the underline to signify hyperlinks.","openalex, scopus, wos",llm,0.830,unreviewed,
discarded,Democratic Interfaces - Decision-Making Tools for Online Communities,Eirik Fatland,2007,Aaltodoc (Aalto University),,https://openalex.org/W2590236581,ui-design-not-target,"’Democratic interfaces’ presents a design exploration into mobilizing the potential of the Internet for enabling newand more inclusive forms of democracy. Drawing on online deliberation research, the thesis argues that successful online democracy will need to facilitate open and informed discussion (deliberation) as a prerequisite for democratic decision-making.\n\nThe potential for deliberative democracy on the Internetis explored through proposed user interface designs for online deliberation software:WebTing, a tool to facilitate democratic assemblies for online communities; and the citizensconstitution.org website, a campaign for a more inclusive constitutional process in the European Union. Further proposals are annotated as a pattern language and documented as they appear in the design process.\nThe outcomes of this thesis work are relevant for the design and study of communtiy-enabling software, and in particular online deliberation and discussion software.\n\nMethods used are characteristic of interaction design, including information-gathering, sketching, prototypingand usability evaluation. Particular attention is paid to the challenges of designing community-enabling software, and to the normative influence of user interface design on user behaviour.These considerations suggest a need for new design methods independent of the HCI tradition, focused on user-to-user rather than user-to-system interaction, and on a prescriptive rather than reactive design practice.","openalex, scopus, wos",llm,0.940,unreviewed,
discarded,Prompt Orchestration Markup Language,Yuge Zhang; Nan Chen; Jiahang Xu; Yuqing Yang,2025,arXiv (Cornell University),10.48550/arXiv.2508.13948,https://openalex.org/W4415014182,markup-language; semantic-vs-presentation; user-study; not-about-learner-understanding,"Large Language Models (LLMs) require sophisticated prompting, yet current practices face challenges in structure, data integration, format sensitivity, and tooling. Existing methods lack comprehensive solutions for organizing complex prompts involving diverse data types (documents, tables, images) or managing presentation variations systematically. To address these gaps, we introduce POML (Prompt Orchestration Markup Language). POML employs component-based markup for logical structure (roles, tasks, examples), specialized tags for seamless data integration, and a CSS-like styling system to decouple content from presentation, reducing formatting sensitivity. It includes templating for dynamic prompts and a comprehensive developer toolkit (IDE support, SDKs) to improve version control and collaboration. We validate POML through two case studies demonstrating its impact on complex application integration (PomLink) and accuracy performance (TableQA), as well as a user study assessing its effectiveness in real-world development scenarios.","openalex, scopus, wos",human,0.840,human,
discarded,Aircraft Systems Conceptual Design : An object-oriented approach from to,Ingo Staack,2016,,10.3384/diss.diva-132614,https://openalex.org/W2551854185,unrelated-domain,"Aircraft Conceptual Design (ACD) is facing new challenges on the way to enhanced fidelity level required in, nowadays complex, system design. The challenge during this early design phase is the use of higher-fidelity methods typically applied in later development stages. Integration of models and simulations to enhance analysis capability while maintaining a streamlined, transparent, and low cost (low effort regarding task time and workforce) work process is therefore required.","openalex, scopus, wos",llm,0.980,unreviewed,
discarded,Evaluating Extensible 3D (X3D) Graphics For Use in Software Visualisation,Craig Anslow,2008,,10.26686/wgtn.16934440.v1,https://openalex.org/W4225657745,software-visualisation-not-target,"3D web software visualisation has always been expensive, special purpose, and hard to program. Most of the technologies used require large amounts of scripting, are not reliable on all platforms, are binary formats, or no longer maintained. We can make end-user web software visualisation of object-oriented programs cheap, portable, and easy by using Extensible (X3D) 3D Graphics, which is a new open standard. In this thesis we outline our experience with X3D and discuss the suitability of X3D as an output format for software visualisation.","openalex, scopus, wos",llm,0.910,unreviewed,
discarded,Performance of Ajax Applications on Mobile Devices,Mikko Pervilä,2008,Työväentutkimus Vuosikirja,,https://openalex.org/W1521128695,web-performance-not-learning,"88 pages + appendix 20 pages The Ajax approach has outgrown its origin as shorthand for “Asynchronous JavaScript + XML”. Three years after its naming, Ajax has become widely adopted by web applications. Therefore, there exists a growing interest in using those applications with mobile devices. This thesis evaluates the presentational capability and measures the performance of five mobile browsers on the Apple iPhone and Nokia models N95 and N800. Performance is benchmarked through user-experienced response times as measured with a stopwatch. 12 Ajax toolkit examples and 8 production-quality applications are targeted, all except one in their real environments. In total, over 1750 observations are analyzed and included in the appendix. Communication delays are not considered; the network connection type is WLAN. Results indicate that the initial loading time of an Ajax application can often exceed 20 seconds. Content reordering may be used to partially overcome this limitation. Proper testing is the key for success: the selected browsers are capable of presenting Ajax applications if their differing implementations are overcome, perhaps using a suitable toolkit.","openalex, scopus, wos",llm,0.920,unreviewed,
discarded,Collective knowledge advancement as a pedagogical practice in teacher education. An explorative case study of student group work with wiki assignments in the interplay between an offline and a global online setting,Rolf K. Baltzersen,2017,Duo Research Archive (University of Oslo),10.13140/rg.2.2.27511.52643,https://openalex.org/W2786890425,wiki-use-no-difficulty-data,"ENGELSK: \nThe aim of this dissertation was to describe and analyze collective knowledge advancement (CKA) as a pedagogical practice in teacher education. The background is that Internet permits new types of authentic knowledge production that make it possible for anyone to make contributions (e.g., Wikipedia). In the future, it is expected that schools and teacher education institutions will let students make contributions in these online settings to a greater degree.\n The present study explored how student groups worked with different wiki assignments in one specific teacher education course. A range of different types of data (group interviews, video data, screen capture data, and wiki log data) were collected. By utilizing two theoretical concepts (germ cell and contradictions) from cultural-historical activity theory, help was identified as the singular entity that exhibited the simplest possible characteristics of CKA as a pedagogical practice. On the basis of these findings, it was concluded that three different types of help are particularly important. These include help as informal peer feedback, which relies on spontaneous verbalization of ongoing thoughts, and help that is provided through the open publication of student work in the online setting. The third type of help requires that all students be assigned as helpers for each other so they can share the workload more equally.\n This dissertation contributes to educational research in five ways. First, the findings indicate that different types of informal teaching are important components of CKA as a pedagogical practice. Second, the results also describe new types of authentic learning that build on interactions between students and outsiders in the online setting. Third, the findings suggest that it is possible to turn campus-based teaching into a “practicum period” by letting students experiment with new types of collaboration. Fourth, the findings show that a polycontextual pedagogical practice emerges in the interplay between an offline setting and several different online settings. Finally, the analysis demonstrated that the notion of a germ cell provides a powerful means of studying different types of pedagogical practice.\n\nNORSK:\nDenne avhandlingen har som formål å beskrive og analysere kollektiv kunnskapsutvikling som en pedagogisk praksis i lærerutdanningen. Bakgrunnen er at internett nå muliggjør mange nye typer autentisk kunnskapsproduksjon der hvem som helst kan være med å bidra (for eksempel Wikipedia). Man vil kunne forvente at både lærerutdanning og skoler i større grad vil la elever være aktive bidragsytere i slike online-miljø.\n Denne forskningsstudien utforsker hvordan studenter samarbeider når de løser ulike wikioppgaver på et studium i lærerutdanningen. Flere ulike typer data har blitt samlet inn (gruppeintervju, videoopptak av studentsamarbeid, skjermaktivitet på datamaskin og wikilogg). Ved å ta i bruk to teoretiske begreper (kimcelle og kontradiksjoner) fra kulturhistorisk aktivitetsteori, så blir hjelp identifisert som den minste meningsfulle enheten som beskriver hva som karakteriserer kollektiv kunnskapsutvikling som en pedagogisk praksis. Studien viser at særlig tre spesifikke typer hjelp er viktig. Den første typen er hjelp som skjer i form av uformelle tilbakemeldinger mellom medstudenter. Her oppstår den spontant i verbale samtaler. Den andre typen er hjelp som blir gitt ved åpen publisering av studentarbeid i ulike online-miljø. Det tredje typen hjelp består i at alle studenter bør ha en rolle som hjelpere for hverandre i undervisningen slik at arbeidsbyrden blir fordelt mer rettferdig. \n Denne avhandlingen bidrar til utdanningsforskningen på fem ulike måter. For det første viser den at ulike typer uformell undervisning er sentrale i en pedagogisk praksis som bygger på kollektiv kunnskapsutvikling. For det andre beskriver funnene en ny type autentisk læring som bygger på kommunikasjon mellom studenter og utenforstående i et online-miljø. For det tredje viser funnene at lærerstudentene kan få en form for “praksistrening” på campus ved å eksperimentere med nye samarbeidsformer. For det fjerde viser funnene at den pedagogiske praksis kan analyseres som polykontekstuell fordi studentene deltar i både et lokalt offline-miljø og flere online-miljø. For det femte viser analysen at begrepet kimcelle kan brukes for å prøve å få en dypere forståelse for hva som kjennetegner ulike pedagogiske praksiser.","openalex, scopus, wos",llm,0.830,unreviewed,
discarded,XForms 2.0: What’s new,Steven Pemberton,2018,Balisage series on markup technologies,10.4242/balisagevol21.pemberton02,https://openalex.org/W2890747149,markup-language-no-learner-data,"XForms is a declarative language for defining applications on the web and elsewhere, used worldwide for large and small applications. This paper gives an overview of what has changed between the previous version and the up-coming XForms 2.0.","openalex, scopus, wos",llm,0.900,unreviewed,
discarded,How Suite it is: Declarative XForms Submission Testing,Steven Pemberton,2020,Balisage series on markup technologies,10.4242/balisagevol25.pemberton01,https://openalex.org/W3117819021,markup-language-no-learner-data,"Submission, the process of sending data to a server and dealing with the response, is probably the hardest part of XForms to implement, and certainly involves the XForms element with the most attributes. This is largely due to legacy: XForms was designed to work with existing standards, and HTTP submission was designed before XML existed: the data representations are several, and on occasion byzantine. Part of the process of producing a standard such as XForms is a test suite to check implementability of the specification. The original XForms test suite consisted of a large collection of XForms, one XForm per feature to be tested. These had to be run by hand, and the output inspected to determine if the test had passed. As a part of the XForms 2.0 effort, a new test suite is being designed and built. This tests features by introspection, without user intervention, so that the XForm itself can report if it has passed or not. Current work within the test suite is on submission. This paper gives an overview of how the test suite works, and discusses the issues involved with submission, the XForms approach to it, and how to go about introspecting something that has left the client before you can cast your eyes on it.","openalex, scopus, wos",llm,0.900,unreviewed,
discarded,Assisting the hypertext authoring process with topology metrics and information retrieval,Gavin Gollogley,1997,Dublin City University Open Access Institutional Repository (Dublin City University),,https://openalex.org/W80910212,hypertext-authoring-no-learner-data,"As more and more documents become available in electronic format, the use of hypertext systems is becoming more common as a way to organise information. However as the size of a hypertext database grows, the ‘lost in hyperspace’ problem may limit efficient and meaningful usage of hypertext systems. \n \nIn order to increase local coherence at net level, authors should limit 'the fragmentation characteristics of hypertext’. These characteristics seem to be endemic to hyperdocuments and result from the segmentation of information into disjointed nodes. Fragmentation may result in a lack of interpretative context and thus lead to the impression that the hyper-document is an aggregation of loosely linked pieces of information rather then a coherent whole. In an attempt to understand a new node, readers try to extract information and relate it in context to other nodes that they have viewed. In this thesis we describe an application which incorporates an apprentice link editor to suggest candidate information/hypertext links for the hypertext author to validate. These ‘suggestions’ use node-to-node comparison and metrics to present the author with the most appropriate choices in adding a new node to the hypertext they are authoring. \n \nAlthough this project is intended to provide a hypertext author with the tools needed to enhance the construction of a large hypertext, the assumption of trusting the author, and the notion that the best quality control tool is a skilled author is never forgotten.","openalex, scopus, wos",llm,0.820,unreviewed,
