status,title,authors,year,venue,doi,url,tags,abstract,provider,decision_source,llm_confidence,llm_review_outcome,llm_change_direction
discarded,Was Weber Wrong? A Human Capital Theory of Protestant Economic History *,Sascha O. Becker; Ludger Woessmann,2009,The Quarterly Journal of Economics,10.1162/qjec.2009.124.2.531,https://openalex.org/W2168966825,unrelated-domain,"Max Weber attributed the higher economic prosperity of Protestant regions to a Protestant work ethic. We provide an alternative theory: Protestant economies prospered because instruction in reading the Bible generated the human capital crucial to economic prosperity. We test the theory using county-level data from late-nineteenth-century Prussia, exploiting the initial concentric dispersion of the Reformation to use distance to Wittenberg as an instrument for Protestantism. We find that Protestantism indeed led to higher economic prosperity, but also to better education. Our results are consistent with Protestants' higher literacy accounting for most of the gap in economic prosperity.","dblp, openalex",llm,0.990,unreviewed,
discarded,Artificial intelligence in higher education: the state of the field,Helen Crompton; Diane Burke,2023,International Journal of Educational Technology in Higher Education,10.1186/s41239-023-00392-8,https://openalex.org/W4366783381,general-ai-review-not-target,"Abstract This systematic review provides unique findings with an up-to-date examination of artificial intelligence (AI) in higher education (HE) from 2016 to 2022. Using PRISMA principles and protocol, 138 articles were identified for a full examination. Using a priori, and grounded coding, the data from the 138 articles were extracted, analyzed, and coded. The findings of this study show that in 2021 and 2022, publications rose nearly two to three times the number of previous years. With this rapid rise in the number of AIEd HE publications, new trends have emerged. The findings show that research was conducted in six of the seven continents of the world. The trend has shifted from the US to China leading in the number of publications. Another new trend is in the researcher affiliation as prior studies showed a lack of researchers from departments of education. This has now changed to be the most dominant department. Undergraduate students were the most studied students at 72%. Similar to the findings of other studies, language learning was the most common subject domain. This included writing, reading, and vocabulary acquisition. In examination of who the AIEd was intended for 72% of the studies focused on students, 17% instructors, and 11% managers. In answering the overarching question of how AIEd was used in HE, grounded coding was used. Five usage codes emerged from the data: (1) Assessment/Evaluation, (2) Predicting, (3) AI Assistant, (4) Intelligent Tutoring System (ITS), and (5) Managing Student Learning. This systematic review revealed gaps in the literature to be used as a springboard for future researchers, including new tools, such as Chat GPT.","dblp, openalex",llm,0.940,unreviewed,
kept,Understanding Learning Curves and Trajectories in CSS Layout,Meen Chul Kim; Thomas Park; Ruixue Liu; Andrea Forte,2019,SIGCSE,10.1145/3287324.3287387,https://openalex.org/W2915835482,css-learning; markup-language-education; learning-analytics; error-patterns; markup-error-logs; cited,"Web development is a learning context with the potential to support rich computational thinking. Large-scale analysis of compilation and runtime errors have been used in introductory programming courses and similar approaches can be used to understand learning in web development environments. We investigated activity logs of a novel web coding game to uncover learning trajectories and what people struggle with when learning flexible box (flexbox), a collection of new CSS layout features. We designed a game called Flexbox Froggy, in which learners solve challenges by writing a few lines of CSS code, moving from simple levels that require knowledge of one flexbox property, to complex levels combining multiple properties. We investigate learning curves based on the changes in syntactic and semantic errors learners make as they complete the game. Our findings show that people performed better encountering a single new property than combined with properties they had already practiced. Clusters of learners at different levels did not demonstrate expected error rates based on learning curve theory. Also unexpectedly, advanced groups that mastered syntax had higher semantic error rates than the beginner group, especially when attempting new properties or complex use cases. We conclude with implications for designing and developing introductory web programming games and other instructional materials.","dblp, openalex, scopus",human,0.990,human,
discarded,Maximum Power Point Tracking of Multiple Photovoltaic Arrays: A PSO Approach,Masafumi Miyatake; Mummadi Veerachary; Fuhito Toriumi; Nobuhiko Fujii; Hideyoshi Ko,2011,IEEE Transactions on Aerospace and Electronic Systems,10.1109/taes.2011.5705681,https://openalex.org/W2132895429,unrelated-domain,"Multiple photovoltaic (PV) modules feeding a common load is the most common form of power distribution used in solar PV systems. In such systems, providing individual maximum power point tracking (MPPT) schemes for each of the PV modules increases the cost. Furthermore, its v-i characteristic exhibits multiple local maximum power points (MPPs) during partial shading, making it difficult to find the global MPP using conventional single-stage (CSS) tracking. To overcome this difficulty, the authors propose a novel MPPT algorithm by introducing a particle swarm optimization (PSO) technique. The proposed algorithm uses only one pair of sensors to control multiple PV arrays, thereby resulting in lower cost, higher overall efficiency, and simplicity with respect to its implementation. The validity of the proposed algorithm is demonstrated through experimental studies. In addition, a detailed performance comparison with conventional fixed voltage, hill climbing, and Fibonacci search MPPT schemes are presented. Algorithm robustness was verified for several complicated partial shading conditions, and in all cases this method took about 2 s to find the global MPP.","dblp, openalex, scopus",llm,0.990,unreviewed,
discarded,On the Synergies between Machine Learning and Binocular Stereo for Depth Estimation from Images: a Survey,Matteo Poggi; Fabio Tosi; Konstantinos Batsos; Philippos Mordohai; Stefano Mattoccia,2021,IEEE Transactions on Pattern Analysis and Machine Intelligence,10.1109/tpami.2021.3070917,https://openalex.org/W3146873565,unrelated-domain,"Stereo matching is one of the longest-standing problems in computer vision with close to 40 years of studies and research. Throughout the years the paradigm has shifted from local, pixel-level decision to various forms of discrete and continuous optimization to data-driven, learning-based methods. Recently, the rise of machine learning and the rapid proliferation of deep learning enhanced stereo matching with new exciting trends and applications unthinkable until a few years ago. Interestingly, the relationship between these two worlds is two-way. While machine, and especially deep, learning advanced the state-of-the-art in stereo matching, stereo itself enabled new ground-breaking methodologies such as self-supervised monocular depth estimation based on deep networks. In this paper, we review recent research in the field of learning-based depth estimation from single and binocular images highlighting the synergies, the successes achieved so far and the open challenges the community is going to face in the immediate future.","dblp, openalex, scopus",llm,0.970,unreviewed,
discarded,LayOpt: an educational web-app for truss layout optimization,Helen E. Fairclough; Linwei He; Thomas J. Pritchard; Matthew Gilbert,2021,Structural and Multidisciplinary Optimization,10.1007/s00158-021-03009-8,https://openalex.org/W3195723172,general-edtech-not-target-domain,"Abstract A new interactive truss layout optimization web-app has been developed for educational use. This has been designed to be used on a range of devices, from mobile phones to desktop PCs. Truss designs are first generated via numerical layout optimization and then rationalized via geometry optimization. It is then shown that these designs can be simplified using a computationally inexpensive process that allows the user to control the trade-off between complexity and structural volume. The process involves the use of smooth Heaviside representations of member existence variables, with nodal slack forces employed that allow unstable intermediate truss structures. Full details of the web-app are provided in this contribution, from underlying formulation to cloud computing implementation. A range of numerical examples are used to demonstrate the efficacy of the web-app, and to show how it can potentially be used in educational and practical engineering settings.","dblp, openalex, scopus",llm,0.930,unreviewed,
discarded,Motor Learning: An Analysis of 100 Trials of a Ski Slalom Game in Children with and without Developmental Coordination Disorder,Bouwien Smits‐Engelsman; Lemke Dorothee Jelsma; Gillian Ferguson; Reint H. Geuze,2015,PLoS ONE,10.1371/journal.pone.0140470,https://openalex.org/W2239479014,unrelated-domain,"OBJECTIVE: Although Developmental Coordination Disorder (DCD) is often characterized as a skill acquisition deficit disorder, few studies have addressed the process of motor learning. This study examined learning of a novel motor task; the Wii Fit ski slalom game. The main objectives were to determine: 1) whether learning occurs over 100 trial runs of the game, 2) if the learning curve is different between children with and without DCD, 3) if learning is different in an easier or harder version of the task, 4) if learning transfers to other balance tasks. METHOD: 17 children with DCD (6-10 years) and a matched control group of 17 typically developing (TD) children engaged in 20 minutes of gaming, twice a week for five weeks. Each training session comprised of alternating trial runs, with five runs at an easy level and five runs at a difficult level. Wii scores, which combine speed and accuracy per run, were recorded. Standardized balance tasks were used to measure transfer. RESULTS: Significant differences in initial performance were found between groups on the Wii score and balance tasks. Both groups improved their Wii score over the five weeks. Improvement in the easy and in the hard task did not differ between groups. Retention in the time between training sessions was not different between TD and DCD groups either. The DCD group improved significantly on all balance tasks. CONCLUSIONS: The findings in this study give a fairly coherent picture of the learning process over a medium time scale (5 weeks) in children novice to active computer games; they learn, retain and there is evidence of transfer to other balance tasks. The rate of motor learning is similar for those with and without DCD. Our results raise a number of questions about motor learning that need to be addressed in future research.","dblp, openalex, scopus",llm,0.980,unreviewed,
discarded,Spatiotemporal network effects and mechanisms of charging station utilization patterns,Lu H.,2026,Sustainable Cities and Society,10.1016/j.scs.2026.107486,https://www.scopus.com/inward/record.uri?partnerID=HzOxMe3b&scp=105039115833&origin=inward,unrelated-domain,,"dblp, openalex, scopus",llm,0.980,unreviewed,
discarded,Understanding the Role of Endocannabinoids in Posttraumatic Stress Disorder,Ney L.,2025,International Journal of Molecular Sciences,10.3390/ijms26125527,https://www.scopus.com/inward/record.uri?partnerID=HzOxMe3b&scp=105008913122&origin=inward,unrelated-domain,,"dblp, openalex, scopus",llm,0.990,unreviewed,
discarded,Handbook of optical wireless communication,Ke X.,2024,Handbook of Optical Wireless Communication,10.1007/978-981-97-1522-0,https://www.scopus.com/inward/record.uri?partnerID=HzOxMe3b&scp=105001397756&origin=inward,unrelated-domain,,"dblp, openalex, scopus",llm,0.990,unreviewed,
discarded,Is There such a Thing as Post-Viral Depression?: Implications for Precision Medicine,Park E.S.,2024,Biomolecules and Therapeutics,10.4062/biomolther.2024.170,https://www.scopus.com/inward/record.uri?partnerID=HzOxMe3b&scp=85209106003&origin=inward,unrelated-domain,,"dblp, openalex, scopus",llm,0.990,unreviewed,
discarded,"The Immune System: Mental Health and Neurological Conditions, Second Edition",Anisman H.,2024,Immune System Mental Health and Neurological Conditions,10.1016/C2023-0-00827-5,https://www.scopus.com/inward/record.uri?partnerID=HzOxMe3b&scp=105043070048&origin=inward,unrelated-domain,,"dblp, openalex, scopus",llm,0.990,unreviewed,
kept,An Analysis of HTML and CSS Syntax Errors in a Web Development Course.,Thomas H. Park; Brian Dorn; Andrea Forte,2015,ACM Trans. Comput. Educ.,10.1145/2700514,https://dblp.org/rec/journals/jeric/ParkDF15,html-css-learning; markup-language-education; syntax-errors; web-development; markup-syntax-errors-validation; cited,,"openalex, dblp, scopus",human,0.990,human,
discarded,Introducing Translation Studies: Theories and Applications,Munday J.,2026,Introducing Translation Studies Theories and Applications,10.4324/9781003424857,https://www.scopus.com/inward/record.uri?partnerID=HzOxMe3b&scp=105040048923&origin=inward,unrelated-domain,,"openalex, dblp, scopus",llm,0.990,unreviewed,
discarded,The Oxford Handbook of Language and Prejudice,Setter J.,2025,Oxford Handbook of Language and Prejudice,10.1093/oxfordhb/9780192869203.001.0001,https://www.scopus.com/inward/record.uri?partnerID=HzOxMe3b&scp=105026224978&origin=inward,unrelated-domain,,"openalex, dblp, scopus",llm,0.990,unreviewed,
discarded,A Systematic Literature Review of Inter-Commit Fine-Grained Source Code Changes: Assessing Readiness for Large-Scale Data Collection,Rzanny P.,2025,ACM Computing Surveys,10.1145/3767321,https://www.scopus.com/inward/record.uri?partnerID=HzOxMe3b&scp=105023829701&origin=inward,software-engineering-not-target,,"openalex, dblp, scopus",llm,0.940,unreviewed,
discarded,ECS Web Lab: A Web-Based Solution for Equitable and Engaging Web Development Education,Mazzone S.B.,2025,ASEE Annual Conference and Exposition Conference Proceedings,10.18260/1-2--56312,https://www.scopus.com/inward/record.uri?partnerID=HzOxMe3b&scp=105029193666&origin=inward,web-development-education-but-no-specific-focus,,"openalex, dblp, scopus",llm,0.760,unreviewed,
discarded,JestViz: Towards Supporting Novice Web Developers Debug JavaScript,Shanbhag S.,2025,Communications in Computer and Information Science,10.1007/978-3-031-84391-4_8,https://www.scopus.com/inward/record.uri?partnerID=HzOxMe3b&scp=105001325478&origin=inward,debugging; novice-web-developers; javascript-errors; error-messages-other-language-tooling,,"openalex, dblp, scopus",human,0.760,human,
kept,Computer science concept inventories: past and future.,Cynthia Bagier Taylor; Daniel Zingaro; Leo Porter 0001; Kevin C. Webb 0001; Cynthia Bailey Lee; Michael J. Clancy,2014,Comput. Sci. Educ.,10.1080/08993408.2014.970779,https://dblp.org/rec/journals/csedu/TaylorZPWLC14,concept-inventory-review; method-precedent; cited,,"openalex, dblp, scopus",human,,human,
discarded,From scrap and waste to sustainable uniform and graded magnesium composites: a science of valorizing waste-derived feedstocks,Fathi R.,2027,Progress in Materials Science,10.1016/j.pmatsci.2026.101790,https://www.scopus.com/inward/record.uri?partnerID=HzOxMe3b&scp=105046415456&origin=inward,known-item-search-noise,,"openalex, dblp, scopus",human,,human,
discarded,"Biomass and bioenergy technologies assessment for net-zero transitions: Resource potential, performance, technology readiness, and system constraints",Samizadeh S.,2027,Renewable and Sustainable Energy Reviews,10.1016/j.rser.2026.117377,https://www.scopus.com/inward/record.uri?partnerID=HzOxMe3b&scp=105047245625&origin=inward,known-item-search-noise,,"openalex, dblp, scopus",human,,human,
discarded,From “cost of asking” to “fit of asking”: How seeking help with AI shapes employees’ indebtedness and autonomy in different workplace helping contexts,Zhai J.,2027,Computers in Human Behavior,10.1016/j.chb.2026.109150,https://www.scopus.com/inward/record.uri?partnerID=HzOxMe3b&scp=105047085112&origin=inward,known-item-search-noise,,"openalex, dblp, scopus",human,,human,
discarded,Future work now: organizational culture in hybrid work modes,Pagnozzi F.,2026,Management Decision,10.1108/MD-01-2025-0164,https://www.scopus.com/inward/record.uri?partnerID=HzOxMe3b&scp=105029137891&origin=inward,known-item-search-noise,,"openalex, dblp, scopus",human,,human,
discarded,Decarbonising construction logistics: the role of supplier-led distribution and integrated warehousing,Dhawan K.,2026,Construction Innovation,10.1108/CI-06-2025-0285,https://www.scopus.com/inward/record.uri?partnerID=HzOxMe3b&scp=105030039320&origin=inward,known-item-search-noise,,"openalex, dblp, scopus",human,,human,
kept,Developing a pre- and post-course concept inventory to gauge operating systems learning.,Kevin C. Webb 0001; Cynthia Bagier Taylor,2014,SIGCSE,10.1145/2538862.2538886,https://dblp.org/rec/conf/sigcse/WebbT14,os-concept-inventory; method-precedent; cited,,"openalex, dblp, scopus",human,,human,
discarded,Nurse core competency cultivation using the checklist-based Kirkpatrick model under the “cross-departmental bed-sharing” mode,Wang M.,2026,BMC Nursing,10.1186/s12912-026-04682-0,https://www.scopus.com/inward/record.uri?partnerID=HzOxMe3b&scp=105041046217&origin=inward,known-item-search-noise,,"openalex, dblp, scopus",human,,human,
discarded,"Large Language Models in Electrical and Computer Engineering Education: Opportunities, Challenges and the Road Ahead",Alwarafy A.,2026,European Journal of Education,10.1111/ejed.70761,https://www.scopus.com/inward/record.uri?partnerID=HzOxMe3b&scp=105044314416&origin=inward,known-item-search-noise,,"openalex, dblp, scopus",human,,human,
discarded,SSDVis: Teaching Students Modern OS Concepts in a Flash,Woychyshyn M.,2026,Iticse 2026 Proceedings of the 31st ACM Conference on Innovation and Technology in Computer Science Education V 1,10.1145/3803400.3809309,https://www.scopus.com/inward/record.uri?partnerID=HzOxMe3b&scp=105045587929&origin=inward,known-item-search-noise,,"openalex, dblp, scopus",human,,human,
discarded,Emotional Intelligence as a Driver of Pro-Environmental Behavior: A Conceptual Review for Climate Action,Limata P.,2026,Sustainability Switzerland,10.3390/su18136904,https://www.scopus.com/inward/record.uri?partnerID=HzOxMe3b&scp=105045278487&origin=inward,known-item-search-noise,,"openalex, dblp, scopus",human,,human,
discarded,"Data Visualization for Teenage Teaching: A Review of Current Applications, Pedagogical Strategies, and Impact on Learning",Lan X.,2026,IEEE Transactions on Visualization and Computer Graphics,10.1109/TVCG.2026.3700620,https://www.scopus.com/inward/record.uri?partnerID=HzOxMe3b&scp=105041205082&origin=inward,known-item-search-noise,,"openalex, scopus",human,,human,
discarded,The Role of Interactive New-Media Arts Applications in Managing Knowledge in the Public Domain,Ahmedien D.A.M.,2026,Wiley Interdisciplinary Reviews Data Mining and Knowledge Discovery,10.1002/widm.70125,https://www.scopus.com/inward/record.uri?partnerID=HzOxMe3b&scp=105047013061&origin=inward,known-item-search-noise,,"openalex, scopus",human,,human,
discarded,Using Small Explanatory Interpreters Inspired by Programming Language Education to Teach Operating Systems,Sane A.,2026,Iticse 2026 Proceedings of the 31st ACM Conference on Innovation and Technology in Computer Science Education V 1,10.1145/3803400.3809398,https://www.scopus.com/inward/record.uri?partnerID=HzOxMe3b&scp=105045577631&origin=inward,known-item-search-noise,,"openalex, scopus",human,,human,
discarded,The Effects of Agent Type and Feedback Style on Self-Directed Learning: A Mixed-Methods Study,Han X.,2026,Behavioral Sciences,10.3390/bs16071069,https://www.scopus.com/inward/record.uri?partnerID=HzOxMe3b&scp=105045596369&origin=inward,known-item-search-noise,,"openalex, scopus",human,,human,
discarded,Using chatbot in education – A systematic review and research agenda,Wut T.m.,2026,Social Sciences and Humanities Open,10.1016/j.ssaho.2026.102956,https://www.scopus.com/inward/record.uri?partnerID=HzOxMe3b&scp=105040081171&origin=inward,known-item-search-noise,,"openalex, scopus",human,,human,
kept,An Approach to Discover Students' Conceptions in Online Computing Education: A Case Study of Students' Understanding of Virtual Memory,Pamplona S.,2024,IEEE Access,10.1109/ACCESS.2024.3442440,https://www.scopus.com/inward/record.uri?partnerID=HzOxMe3b&scp=85201259576&origin=inward,written-pre-post-conceptions; method-precedent; cited,,scopus,human,,human,
