status,title,authors,year,venue,doi,url,tags,abstract,provider,decision_source,llm_confidence,llm_review_outcome,llm_change_direction
discarded,"Lees' Loss Prevention in the Process Industries: Hazard Identification, Assessment and Control: Third Edition",Mannan M.S.,2004,Lees Loss Prevention in the Process Industries Hazard Identification Assessment and Control Third Edition,10.1016/B978-0-7506-7555-0.X5081-6,https://www.scopus.com/inward/record.uri?partnerID=HzOxMe3b&scp=85041120899&origin=inward,unrelated-domain,,"openalex, scopus, wos, dblp",llm,0.990,unreviewed,
discarded,Evaluating Large Language Models Trained on Code,Mark Chen; Jerry Tworek; Heewoo Jun; Qiming Yuan; Henrique Pondé de Oliveira Pinto; Jared Kaplan; Harrison Edwards; Yuri Burda; Nicholas Joseph; Greg Brockman; Alex Ray; Raul Puri; Gretchen Krueger; Michael Petrov; Heidy Khlaaf; Girish Sastry; Pamela Mishkin; Brooke Chan; Scott Gray; Nick Ryder; Mikhail Pavlov; Alethea Power; Łukasz Kaiser; Mohammad Bavarian; Clemens Winter; Philippe Tillet; Felipe Petroski Such; Dave Cummings; Matthias Plappert; Fotios Chantzis; Elizabeth A. Barnes; Ariel Herbert-Voss; William H. Guss; Alex Nichol; Alex Paino; Nikolas Tezak; Jie Tang; I. Babuschkin; Suchir Balaji; Shantanu Jain; William S. Saunders; Christopher Hesse; Andrew N. Carr; Jan Leike; Joshua Achiam; Vedant Misra; Evan Morikawa; Alec Radford; Matthew M. Knight; Miles Brundage; Mira Murati; Katie Mayer; Peter Welinder; Bob McGrew; Dario Amodei; Sam McCandlish; Ilya Sutskever; Wojciech Zaremba,2021,arXiv (Cornell University),10.48550/arxiv.2107.03374,https://openalex.org/W3177813494,llm-code-evaluation-not-education,"I created a basic proof of concept of LMVM (Language Model Virtual Machine), a command line toolchain that English instructions into native binaries without intermediary high-level language compilation. The command line uses a large language model (LLM) as IR generation backend, producing LLVM Intermediate Representation (IR) directly from user instructions coding. The IR is compiled and linked to machine code (-o files) via `clang` (with an `llc`/`lld` fallback on POSIX hosts) and executed on bare metal, within Docker sandboxes, on AWS Lambda, or as standalone HTTP servers. How It Works (5 Steps) 1. You type an instruction - e.g. ""Create a rest api running on localhost port 3000 and return hello world"" 2. LMVM checks your computer - It figures out if you're on Windows/Mac/Linux, what CPU you have (Intel vs ARM), and makes sure clang (the compiler) is installed. If not, it offers to install it for you (with your permission). 3. An AI writes LLVM IR - Instead of writing C or Python, the LLM writes LLVM IR -- a low-level assembly-like language that sits between source code and machine code. The prompt includes your OS details so the AI generates code that works on your platform (e.g. Winsock on Windows vs POSIX sockets on Mac/Linux). 4. Clang turns IR into a native binary - clang compiles the IR and links it with system libraries (PostgreSQL, OpenSSL, SQLite, etc.) into a real executable. One step, no extra tools needed. 5. It runs - The binary executes directly on your CPU. If it's a Docker target, it runs sandboxed. If it's Lambda, it packages for AWS. 2. Why we care : Compiled native binaries outperform interpreted languages by 10-50x in CPU usage and 5-15x in memory for compute-heavy tasks, because interpreters add overhead with every instruction they process and their single-threaded execution model blocks true parallelism. Few runtimes that compile code on the fly, the gap narrows to 2-5x in CPU since those systems optimize hot code paths over time -- but native code still starts faster, uses less memory, and can run true parallel threads instead of juggling everything through a single event loop. The biggest gains show up in recursive and number-crunching workloads (where the cost of ""figuring out what to do next"" dominates) and memory-heavy tasks (where automatic garbage collection and wrapping every value in an object bloats memory usage). I/O-bound tasks show the smallest differences, because the operating system does the real work regardless of what language runtime sits on top. This also means we need to think carefully about maintainability, especially now that AI agents can generate code as a complete black box sometimes even producing low-level output that humans rarely inspect. 3. System Architecture [CLI] → [Toolchain] → [LLM Client] → [Compiler] → [Runner] → Output ↑ | Error Feedback | Self‑Correction Loop (x10) 3.1 CLI and Interactive Setup The command-line interface (built on Commander.js) exposes four commands: `run` (compile and execute), `compile` (IR generation only), `build` (compile existing IR), and `targets` (list output targets). 3.2 LLM Client The LLM client wraps an OpenAI-compatible API, supporting providers examples (OpenAI, Groq, Together AI, OpenRouter, and local llm instances). The command line agent constructs prompts from two sources: a system prompt (loaded from `Prompt.md`, ~4000 tokens) containing LLVM IR generation rules, security constraints, and code templates; and a user prompt containing a platform descriptor (host OS, exact target triple, sockets dialect), the instruction, target, and error context for retry attempts. A secondary method, is used by the toolchain bootstrapper to obtain package-manager commands for the detected host. 3.3 Platform Abstraction and Toolchain Bootstrapper Since LMVM builds real native programs, it has to know exactly what computer it's running on -- the same code won't work the same way on Windows vs Mac vs Linux. So a platform module figures out three things: 1. The ""target triple"" -- a label that tells the compiler exactly which OS and CPU to build for (like x86_64-pc-windows-msvc for 64-bit Windows, or arm64-apple-darwin for an M-series Mac). 2. How to do networking -- Windows uses its own socket system (Winsock), while Mac and Linux use the standard POSIX approach. The code has to match. 3. What package manager is available -- winget/choco/scoop on Windows, brew on Mac, apt/dnf/pacman on Linux. This matters if LMVM needs to install something. All of this gets described in plain text and injected into the AI's prompt, so it writes code that actually compiles on your machine instead of assuming you're on Linux. Before talking to the AI, LMVM runs a checklist to make sure your computer can actually compile things: 1. PATH fix - If you just installed clang but your terminal hasn't refreshed yet, LMVM detects the install location and patches its own PATH so it finds clang right away, no need to restart your terminal. 2. Is clang there? - It checks that the compiler is actually available. 3. Can clang actually build a program? (Windows only) -- On Windows, having clang isn't enough -- it also needs the MSVC linker and Windows SDK behind it. LMVM compiles a tiny test program to verify the full chain works. If it fails, the Visual Studio Build Tools are probably missing. 4. Install with user's permission - If anything is missing, LMVM asks the AI for the right install commands, shows them to you, and waits for your yes before running anything. Then it checks again. If the toolchain still can't work after all that, LMVM stops early and tells you exactly what to do (install manually, open a new terminal, or use Docker instead). It doesn't waste your AI API calls retrying something a code fix can't solve. 3.4 Code Compiler Compilation is driven by `clang`, which lowers the `.ll` and invokes the platform linker in a single step: Primary path (all platforms) - `clang output.ll -o `. Library flags are platform-aware: POSIX hosts use `-lpq`, `-lcurl`, `-lssl`, etc.; Windows links `ws2_32` for socket/server targets and relies on the MSVC C runtime. For the AWS Lambda target, static linking is applied. POSIX fallback - If `clang` is unavailable on macOS/Linux, the system falls back to the classic cascade: the LLVM Static Compiler (`llc -filetype=obj -relocation-model=pic`) to produce a position-independent object file, then `ld.lld` (`-flavor gnu`), the system C compiler (`cc`), or `clang` as a linker. A 60-second timeout bounds each invocation. The compiler maps library names to their respective linker flags through platform-specific lookup tables, covering PostgreSQL (libpq), HTTP (libcurl), JSON (cJSON), SSL/TLS (OpenSSL), image processing (libpng, libjpeg), databases (libsqlite3, libmysqlclient), compression (zlib), encryption (libcrypto), caching (hiredis), and message queues (librdkafka). 3.5 Execution Runner The runner dispatches binary execution based on the detected target like native , docker or AWS or GCR. 3.6 Self-Correction Loop When compilation or execution fails, the runtime updates a VM state object (`VMState`) with the error type (compiler/linker/runtime), error message, error line number, previous IR, and a compressed memory object (`VMMemory`) tracking accumulated errors and resolved dependencies. This enriched context is fed back to the LLM in the next attempt, enabling targeted correction. The loop terminates after a configurable maximum number of attempts (default: 10). 3.7 Security Layer LMVM employs defense-in-depth across three layers: 1. AI rules -- The instructions sent to the AI explicitly say: don't generate code that runs shell commands with user input, don't write files outside the allowed folder, don't read sensitive system files, don't hardcode passwords, and don't allocate unlimited memory. Think of this as a ""don't do bad things"" rulebook for the AI. 2. Sandbox -- When running in Docker, the program is locked down. A seccomp profile blocks the most dangerous system calls -- things like creating new processes, mounting drives, rebooting the machine, loading kernel modules, or snooping on other programs. Docker also limits the program to 512 MB of RAM and 1 CPU core, so it can't eat all your resources. This follows NIST security guidelines. 3. Input protection -- When LMVM runs the compiler or your program, it passes arguments as a structured list, not a single string. This means a hacker can't sneak in shell commands the way they might with string concatenation (the classic ""shell injection"" attack). The one exception is the toolchain installer, which does run shell commands -- but it always shows you the exact commands first and waits for your approval before running them. API keys are hidden in console output, and data buffers are capped at 10 MB to prevent memory explosions Appendix : As a demo using command LMVMcli command line we created a basic rest api directly as a machice code. Generated IR by GPT","openalex, scopus, wos",llm,0.740,unreviewed,
discarded,DeepDelta: learning to repair compilation errors,Ali Mesbah; Andrew Rice; Emily Johnston; Nick Glorioso; Edward Aftandilian,2019,,10.1145/3338906.3340455,https://openalex.org/W2967096374,general-programming-errors-not-education,"Programmers spend a substantial amount of time manually repairing code that does not compile. We observe that the repairs for any particular error class typically follow a pattern and are highly mechanical. We propose a novel approach that automatically learns these patterns with a deep neural network and suggests program repairs for the most costly classes of build-time compilation failures. We describe how we collect all build errors and the human-authored, in-progress code changes that cause those failing builds to transition to successful builds at Google. We generate an AST diff from the textual code changes and transform it into a domain-specific language called Delta that encodes the change that must be made to make the code compile. We then feed the compiler diagnostic information (as source) and the Delta changes that resolved the diagnostic (as target) into a Neural Machine Translation network for training. For the two most prevalent and costly classes of Java compilation errors, namely missing symbols and mismatched method signatures, our system called DeepDelta, generates the correct repair changes for 19,314 out of 38,788 (50%) of unseen compilation errors. The correct changes are in the top three suggested fixes 86% of the time on average.","openalex, scopus, wos",llm,0.840,unreviewed,
discarded,A Think-Aloud Study of Novice Debugging,Jacqueline Whalley; Amber Settle; Andrew Luxton-Reilly,2023,ACM Transactions on Computing Education,10.1145/3589004,https://openalex.org/W4361271907,general-debugging-not-error-messages,"Debugging is a core skill required by programmers, yet we know little about how to effectively teach the process of debugging. The challenges of learning debugging are compounded for novices who lack experience and are still learning the tools they need to program effectively. In this work, we report a case study in which we used a think-aloud protocol to gain insight into the behaviour of three students engaged in debugging tasks. Our qualitative analysis reveals a variety of helpful practices and barriers that limit the effectiveness of debugging. We observe that comprehension, evidence-based activities, and workflow practices all contribute to novice debugging success. Lack of sustained effort, precision, and methodical processes negatively impact debugging effectiveness. We anticipate that understanding how students engage in debugging tasks will aid future work to address ineffective behaviours and promote effective debugging activities.","openalex, scopus, wos",llm,0.860,unreviewed,
discarded,Predictors of Errors of Novice Java Programmers,Rex P. Bringula; Geecee Maybelline Manabat; Miguel Angelo Tolentino; Edmon Torres,2012,World Journal of Education,10.5430/wje.v2n1p3,https://openalex.org/W2168288921,general-programming-errors-not-error-messages,"This descriptive study determined which of the sources of errors would predict the errors committed by novice Java programmers. Descriptive statistics revealed that the respondents perceived that they committed the identified eighteen errors infrequently. Thought error was perceived to be the main source of error during the laboratory programming exercises. Factor analysis showed that there were five categories for the types of errors committed. Four of them were symbol- or keyword-related errors (Invalid symbols or keywords, Mismatched symbols, Missing symbols, and Excessive symbols) and the fifth one was Naming-related error (Inappropriate naming error). Regression analysis showed that Sensorimotor and Habit errors, together with Knowledge error, were found to predict Mismatched symbols and Missing symbols errors, respectively. Knowledge error was found to be the consistent source of the five types of errors. Thus, the null hypothesis stating that sources of errors do not predict errors committed by novice Java programmers is partially rejected. The implications of the findings were also discussed.","openalex, scopus, wos",llm,0.820,unreviewed,
discarded,Learning Agent-based Modeling with LLM Companions: Experiences of Novices and Experts Using ChatGPT & NetLogo Chat,John Chen; Xi Lu; Yuzhou Du; Michael Rejtig; Ruth Bagley; Mike Horn; Uri Wilensky,2024,,10.1145/3613904.3642377,https://openalex.org/W4391421475,general-programming-not-target,"Large Language Models (LLMs) have the potential to fundamentally change the way people engage in computer programming. Agent-based modeling (ABM) has become ubiquitous in natural and social sciences and education, yet no prior studies have explored the potential of LLMs to assist it. We designed NetLogo Chat to support the learning and practice of NetLogo, a programming language for ABM. To understand how users perceive, use, and need LLM-based interfaces, we interviewed 30 participants from global academia, industry, and graduate schools. Experts reported more perceived benefits than novices and were more inclined to adopt LLMs in their workflow. We found significant differences between experts and novices in their perceptions, behaviors, and needs for human-AI collaboration. We surfaced a knowledge gap between experts and novices as a possible reason for the benefit gap. We identified guidance, personalization, and integration as major needs for LLM-based interfaces to support the programming of ABM.","openalex, scopus, wos",llm,0.880,unreviewed,
discarded,Metacodenition: Scaffolding the Problem-Solving Process for Novice Programmers,Yulia Pechorina; Keith Anderson; Paul Denny,2023,,10.1145/3576123.3576130,https://openalex.org/W4317502144,general-programming-not-target,"Problem-solving is a central activity to computing, and thus a key skill that novices develop when learning programming. While most programming-related concepts are taught explicitly in introductory courses, it is common for problem-solving to be taught implicitly – usually through having students perform programming drills. This approach can be problematic for some learners and may lead to the development of unproductive problem solving strategies that leave students feeling lost when faced with new problems. A substantial body of work has investigated the explicit teaching of problem-solving and related metacognitive skills. This prior literature has shown that teaching students a model for the problem-solving process and how to track their progress within that model leads to greater self-efficacy and productivity. Interventions targeting isolated steps in these models have been shown to work, but there have been few efforts to combine such interventions into a single coherent system. Our contribution is a novel tool called Metacodenition, which is a programming environment for novices that provides metacognitive scaffolding around an existing problem-solving framework. We find that Metacodenition’s scaffolding improves performance on code-writing tasks and that students view Metacodenition to be a helpful tool they would use voluntarily.","openalex, scopus, wos",llm,0.880,unreviewed,
kept,Towards Assessing the Readability of Programming Error Messages,Brett A. Becker; Paul Denny; James Prather; Raymond Pettit; Robert Nix; Catherine Mooney,2021,,10.1145/3441636.3442320,https://openalex.org/W3138942564,compiler-error-messages; readability; instrument-development; error-messages-corroboration,"Programming error messages have proven to be notoriously problematic for novices who are learning to program. Although recent efforts have focused on improving message wording, these have been criticized for attempting to improve usability without first understanding and addressing readability. To date, there has been no research dedicated to the readability of programming error messages and how this could be assessed. In this paper we examine human-based assessments of programming error message readability and make two important contributions. First, we conduct an experiment using the top twenty most-frequent error messages in three popular programming languages (Python, Java, and C), revealing that human notions of readability are highly subjective and dependent on both programming experience and language familiarity. Both novices and experts agreed more about which messages are more readable, but disagreed more about which messages are not readable. Second, we leverage the data from this experiment to uncover several key factors that seem to affect message readability: message length, message tone, and use of jargon. We discuss how these factors can help guide future efforts to design a readability metric for programming error messages.","openalex, scopus, wos",human,0.990,human,
discarded,Automated Critique of Early Programming Antipatterns,Leo C. Ureel; Charles Wallace,2019,,10.1145/3287324.3287463,https://openalex.org/W2916594277,general-programming-not-target,"The introductory programming lab, with small cycles of teaching, coding, testing, and critique from instructors, is an extraordinarily productive learning experience for novice programmers. We wish to extend the availability of such critique through automation, capturing the essence of interaction between student and instructor as closely as possible. Integrated Development Environments and Automated Grading Systems provide constant feedback through static analysis and unit testing. But we also wish to tailor automated feedback to acknowledge commonly recurring issues with novice programmers, in keeping with the practice of a human instructor. We argue that the kinds of mistakes that novice programmers make, and the way they are reported to the novices, deserve special care. In this paper we provide examples of early programming antipatterns that have arisen from our teaching experience, and describe different ways of identifying and dealing with them automatically through our tool WebTA. Novice students may produce code that is close to a correct solution but contains syntactic errors; WebTA attempts to salvage the promising portions of the student's submission and suggest repairs that are more meaningful than typical compiler error messages. Alternatively, a student misunderstanding may result in well-formed code that passes unit tests yet contains clear design flaws; through additional analysis, WebTA can identify and flag them. Finally, certain types of antipattern can be anticipated and flagged by the instructor, based on the context of the course and the programming exercise; WebTA allows for customizable critique triggers and messages.","openalex, scopus, wos",llm,0.860,unreviewed,
