status,title,authors,year,venue,doi,url,tags,abstract,provider,decision_source,llm_confidence,llm_review_outcome,llm_change_direction
discarded,Exploring the regulation of learning within mobile mixed-reality environments: Insights from dynamic engagement transitions,Liu Y.,2026,Computers and Education,10.1016/j.compedu.2025.105519,https://www.scopus.com/inward/record.uri?partnerID=HzOxMe3b&scp=105023836585&origin=inward,general-edtech-not-target-domain,,"openalex, scopus, wos",llm,0.940,unreviewed,
discarded,Mapping Students’ Cognitive Profiles on Newtonian Mechanics: A Rasch-Based Analysis via Four-Tier Digital Diagnostic Assessment,Viyanti V.,2026,Online Learning in Educational Research,10.58524/oler.v6i1.1218,https://www.scopus.com/inward/record.uri?partnerID=HzOxMe3b&scp=105047080099&origin=inward,domain-concept-inventory-not-computing,,"openalex, scopus, wos",llm,0.950,unreviewed,
discarded,Assessing conceptual understanding in high school chemistry: particulate nature of gas concept test (PNGCT) with Rasch modeling,Talens C.U.,2026,Chemistry Teacher International,10.1515/cti-2024-0062,https://www.scopus.com/inward/record.uri?partnerID=HzOxMe3b&scp=105024581004&origin=inward,domain-concept-inventory-not-computing,,"openalex, scopus, wos",llm,0.950,unreviewed,
discarded,Adding one more dimension into the instructional analogy: what does the participatory analogy contribute?,Arici F.,2026,Thinking Skills and Creativity,10.1016/j.tsc.2025.102046,https://www.scopus.com/inward/record.uri?partnerID=HzOxMe3b&scp=105020987572&origin=inward,general-education-method,,"openalex, scopus, wos",llm,0.940,unreviewed,
discarded,Investigating learners' misconceptions on division of whole numbers to identify a goal of research lesson-a case of lesson study,"Sugawara, Mami; Sekao, David; Sibiya, Mandlenkosi Richard",2026,INTERNATIONAL ELECTRONIC JOURNAL OF MATHEMATICS EDUCATION,10.29333/iejme/17700,https://www.webofscience.com/wos/woscc/full-record/WOS:001676699700003,domain-concept-inventory-not-computing,"Identifying and addressing learners' misconceptions is critical for effective mathematical instruction, as unresolved conceptual gaps hinder long-term mathematical development. Diagnostic assessment provides a valuable means of uncovering these misconceptions and informing targeted teaching strategies. Despite this, classroom practices often prioritise procedural fluency over deep conceptual understanding, allowing learners to progress without fully addressing underlying difficulties. This study investigated Grade 6 learners' misconceptions about the division of whole numbers using a two-tier multiple-choice diagnositc test and unstructured interviews. Guided by Revised Bloom's Taxonomy and Newman's Error Analysis Theory within an interpretivist qualitative case study design, the study employed thematic analysis to categorise learners' errors. The findings revealed three dominant types of errors: transformation errors, comprehension errors, and processing skill errors. These results underscore the importance of strengthening learners' grasp of foundational concepts such as place value and mathematical language. The study recommends that teachers explicitly integrate diagnostic assessments into classroom practice and design instructional interventions that directly target specific error types, thereby supporting both conceptual understanding and procedural fluency in division.","openalex, scopus, wos",llm,0.950,unreviewed,
discarded,Identifying and comparing misconceptions about atoms and molecules among students and student teachers,Azadboni F.K.,2026,Physics Education,10.1088/1361-6552/ae28aa,https://www.scopus.com/inward/record.uri?partnerID=HzOxMe3b&scp=105033722231&origin=inward,domain-concept-inventory-not-computing,,"openalex, scopus, wos",llm,0.950,unreviewed,
discarded,TECHNOLOGY-SUPPORTED 3D MODELING AND PRINTING IN CHEMISTRY TEACHER EDUCATION,"Sargin, Emeti; Uyulgan, Melis Arzu",2026,INFORMATION TECHNOLOGIES AND LEARNING TOOLS,10.33407/itlt.v113i3.6546,https://www.webofscience.com/wos/woscc/full-record/WOS:001813992300008,domain-concept-inventory-not-computing,"This study addresses persistent difficulties in understanding abstract chemical concepts such as hybridization, hybrid orbitals, and molecular geometry in chemistry teacher education. Due to their invisible and highly abstract nature, these topics are often associated with misconceptions and limited spatial reasoning among pre-service teachers. The study examines how technology-supported three-dimensional (3D) modeling and printing practices are incorporated into learning processes and how these practices relate to conceptual understanding. A mixed-methods research design was adopted to examine both conceptual outcomes and participants' perspectives. Quantitative data were collected through a two-tier Molecular Geometry Diagnostic Test administered before and after a semester-long instructional implementation. Qualitative data were obtained through focus group interviews. The findings indicate notable improvements in participants' understanding of hybridization, molecular structures consistent with the octet rule, and valence shell electron pair repulsion-based molecular geometries, alongside a reduction in common misconceptions. Qualitative findings revealed that interaction with both digital and physically printed 3D models supported the concretization of abstract concepts, enhanced spatial reasoning, and promoted meaningful learning through a combination of visual and tactile engagement. Participants emphasized that hands-on modeling activities helped them establish stronger connections between symbolic representations and molecular-level structures. Despite these pedagogical benefits, limitations related to technical infrastructure and insufficient prior training were identified as challenges to sustainable implementation. Overall, the results highlight the practical value of integrating 3D visualization and modeling practices into chemistry teacher education programs, underscoring the need for systematic professional development opportunities to support pre-service teachers' technological and pedagogical competencies.","openalex, scopus, wos",llm,0.950,unreviewed,
discarded,A New Perspective on the Evaluation of Pupils' Inquiry Skills Using Four-tier Test,"Smida, Dominik; Drozdikova, Anna; Nechajova, Rachel",2026,SCIENCE & EDUCATION,10.1007/s11191-026-00747-3,https://www.webofscience.com/wos/woscc/full-record/WOS:001771147000001,domain-concept-inventory-not-computing,"In biology education, it is essential to systematically develop pupils' inquiry skills, with a particular focus not only on their procedural component but also on understanding their scientific nature. However, conventional tests do not provide a comprehensive view of the pupils' acquired inquiry skills. For this reason, it is necessary to explore new approaches to assess them and provide deeper insights into pupils' thinking when solving various items through scientific methods. One perspective instrument can be a four-tier test, which has become increasingly popular among researchers. Nevertheless, it has more often been applied to assess conceptual understanding of knowledge rather than inquiry skills. However, the results of our research indicate that the four-tier test represents a valid and reliable instrument that provides more objective results in contrast to the one-tier and two-tier multiple-choice tests, which significantly overestimate the pupils' mean score, and in the case of the two-tier test, also overestimate the mean frequency of pupils' misconceptions associated with the application of inquiry skills. In addition, using the four-tier test, we identified frequent misconceptions among pupils associated with skills such as designing experiments, identifying variables, and formulating research questions. These findings can contribute to preventing or eliminating these misconceptions in biology education. Overall, the results show that the four-tier test can provide more detailed information about pupils' difficulties and problems, which can help us find more effective strategies for their development in biology education.","openalex, scopus, wos",llm,0.950,unreviewed,
discarded,Development of a four-tier number sense test for sixth-grade students: cross-regional validity evidence in Hong Kong and Taiwan,"Yang, Der-Ching; Cheung, Ka Luen; Lin, Su-Wei",2026,EDUCATIONAL STUDIES,10.1080/03055698.2026.2660681,https://www.webofscience.com/wos/woscc/full-record/WOS:001747957100001,domain-concept-inventory-not-computing,"This study developed and validated a four-tier number sense test (4TNST) for sixth-grade students in Hong Kong and Taiwan. The 4TNST operationalises a five-component, second-order conceptualisation of number sense and extends earlier two-tier and three-tier instruments by differentiating confidence in answers from confidence in reasons. It was administered online to 1,735 Hong Kong and 997 Taiwanese sixth graders. Item analyses indicated adequate distributional properties. Reliability was acceptable for the five components and high for the overall scale. Confirmatory factor analyses supported a second-order five-component model, and supplementary exploratory analyses corroborated this structure. Multi-group analyses indicated approximate measurement invariance across regions and strong invariance across gender. Number sense performance was low, whereas confidence ratings were high, indicating overconfidence. As one of the first large-scale, online four-tier number sense tests in mathematics education, the 4TNST integrates performance and confidence into a single diagnostic score providing actionable information for instruction and curriculum design.","openalex, scopus, wos",llm,0.950,unreviewed,
discarded,Development of a Two-Tier Cognitive Diagnostic Test to Identify Misconceptions of Basic Operations of Algebraic Expression,"Seng, Khong Wei; Lian, Lim Hooi",2026,MALAYSIAN JOURNAL OF LEARNING & INSTRUCTION,10.32890/mjli2026.23.1.9,https://www.webofscience.com/wos/woscc/full-record/WOS:001715266700003,domain-concept-inventory-not-computing,"Purpose-This study aims to develop a two-tier Cognitive Diagnostic Test Instrument for Basic Algebraic Expressions Operations (UDKOMUA). The purpose is to identify misconceptions related to the basic operations (+, -,& times;, & +/-) of algebraic expressions among Form One students. Methodology-This quantitative study employed a survey method. The study involved 107 Form One students from a secondary school in Penang state. The Cognitive Diagnostic Assessment (CDA) model was applied in the development process of the UDKOMUA instrument, along with Item Response Theory (IRT). The UDKOMUA instrument consists of 24 two-tier multiple-choice items, and has demonstrated high content validity. Student data were collected using the UDKOMUA test, which included background information and multiple-choice items on algebraic expressions based on the four basic operations (+, -, & times;, & +/-). Data were analysed using the Rasch model to determine the validity and reliability of the UDKOMUA instrument. Finding-Analysis using the Rasch model of Winsteps showed that 23 items (95.8%) and 21 items (87.5%) had fulfilled the requirements in MNSQ infit and outfit. The standardized residual variance (PCA) was 60.8% and the item polarity value (PTMEA CORR) was between .41 to .73, which successfully differentiated the ability of respondents. The result of t-test in DIF (Differential Item Functioning) was between-1.75 to +1.47, which means showing no bias, and the rate scale used was quite good with the lowest observed count of 13 observations. The reliability index of respondents, items, and Cronbach Alpha (KR-20) was .88, .92, and .95 respectively. This has confirmed that the UDKOMUA and the result of study are reliable and valid. Significance-The UDKOMUA instrument built in this study can be used and utilized among Form One mathematics teachers.","openalex, scopus, wos",llm,0.950,unreviewed,
discarded,Development and validation of a two-tier test instrument on simple electric circuits,"Gross, Benjamin; Ivanjek, Lana; Flegr, Salome; Glaesser, Judith; Kelava, Augustin; Burde, Jan-Philipp",2026,PHYSICAL REVIEW PHYSICS EDUCATION RESEARCH,10.1103/mf6b-5xcs,https://www.webofscience.com/wos/woscc/full-record/WOS:001688145400001,domain-concept-inventory-not-computing,"In this article, we report the development and validation of a new two-tier concept inventory, the Basic Electricity Assessment of Students' Thinking (BEAST), designed to assess common conceptual difficulties (""student ideas,"" such as current consumption and sequential reasoning) and the understanding of fundamental electric circuit concepts (e.g., current, voltage, and resistance) among undergraduate students. The final version of the BEAST covers six student ideas, each linked to a distinct physical concept. Each student idea is assessed using three two-tier single-choice items. To refine the items and evaluate their content validity, including the correctness of answers and the intended categorization of student ideas based on response patterns, feedback and ratings from five experts were incorporated. The test was administered to a sample of N 1/4 176 students enrolled in introductory physics courses across six different German universities. Quantitative evaluation using classical test theory and structural analyses demonstrated strong evidence supporting the test's content and construct validity. Confirmatory factor analysis utilizing parsimonious bifactor models showed a good fit of the model to the data.","openalex, scopus, wos",llm,0.950,unreviewed,
discarded,DEVELOPMENT AND APPLICATION OF A TWO-TIER ACID-BASE MISCONCEPTION DIAGNOSTIC TEST BASED ON PICTORIAL TO IDENTIFYING STUDENT MISCONCEPTIONS IN CHEMISTRY,"Nahadi, N.; Siswaningsih, Wiwi; Firman, Harry; Dewi, Elpha Purnama; Lestari, Tri; Rahmawati, Triannisa",2023,JOURNAL OF ENGINEERING SCIENCE AND TECHNOLOGY,,https://www.webofscience.com/wos/woscc/full-record/WOS:001024772800018,domain-concept-inventory-not-computing,"The purpose of this study was to develop a two-tier diagnostic test based on pictorial that could identify students' misconceptions of acid-base concepts. This test is called the Acid-Base Misconception Diagnostic Test (ABMDT). This study used the Development and Validation method which consisted of design, development, validation, and application. Instrument validation sheets, interview guides, and essay tests were developed to obtain the data in this study. Based on the results of the design and development stage, obtained 15 items of ABMDT were valid with the Content Validity Ratio (CVR) value for each item being one. Based on the result of the reliability test, Cronbach's Alpha value was 0.771 or in other words, the test included acceptable categories. We then used valid and reliable items to identify misconceptions among high school students who learned the concept of acid-base. The application of tests showed that many misconceptions about an acid-base concept which was identified, such as strong acids reacting with metals resulting in H2 gas because strong acids ionized partially.","openalex, scopus, wos",llm,0.950,unreviewed,
discarded,Exploring Indonesian student misconceptions in science concepts,"Soeharto, Soeharto; Csapo, Beno",2022,HELIYON,10.1016/j.heliyon.2022.e10720,https://www.webofscience.com/wos/woscc/full-record/WOS:000866417100024,domain-concept-inventory-not-computing,"This study aims to investigate the development and the differences in student misconceptions in science based on gender and grade level, and to evaluate the developed two-tier multiple-choice diagnostic test in confirming the test's validity and reliability. A sample of 856 participants from 10th-12th graders and prospective science teachers were collected. The two-tier multiple-choice diagnostic test with 32 items covering biology, chemistry, and physics was administered to evaluate students' science misconceptions at the senior high school and uni-versity levels. The results met validity and reliability criteria using confirmatory factor analysis and Rasch pa-rameters. The single-factor model has CFI = .973, RMSEA = .006, CI (.001, .014) and SRMR = .017 and the three -factor model has CFI = 0.939, RMSEA = .010, CI (.01, .017) and SRMR = .017. Based on the Rasch parameter, the infit and outfit MNSQ values achieve the acceptable fit (0.96 to 1) with good item reliability (.99) and person reliability (.80). All items have positive PTMA. Student misconceptions had significant differences in terms of grade and gender. We confirmed that prospective science teachers have higher misconceptions than 11th and 12th graders and slightly higher ones than 10th graders. Boys have a better conceptual understanding than girls based on the mean of correct answers. The multiple linear regression with the stepwise method confirmed that gender significantly predicted student misconceptions of science concepts, with 9% of variance explained. This study provided evidence that students and prospective teachers experience various misconceptions about science concepts.","openalex, scopus, wos",llm,0.950,unreviewed,
discarded,The development and implementation of a two-tier multiple choice test related to the concepts of oxidation-reduction reactions and galvanic cells,"Sekerci, Ali Riza; Erdem, Ali Riza",2022,JOURNAL OF EDUCATIONAL SCIENCES & PSYCHOLOGY,10.51865/JESP.2022.1.05,https://www.webofscience.com/wos/woscc/full-record/WOS:000863331200005,domain-concept-inventory-not-computing,"In recent years there has been growing interest in research concerning students' understanding of electrochemistry concepts. The two-tier multiple choice tests have played an important role in helping researchers determine students' level of understanding and in identifying specific misconceptions. The aim of current research was to develop a two-tier multiple choice test related to the concepts of oxidation-reduction reactions and galvanic cells, and to examine the applicability of this test. For this aim, primarily the students' misconceptions about related issues were identified in consideration of the literature. Then, a two-tier multiple choice test consisting of 19 items was developed based on the misconceptions identified. As a result, a valid and reliable two-tier multiple choice test was confirmed for the identification of 11th grade students' misconceptions about the concepts of oxidation-reduction reactions and galvanic cells. In addition, the students' misconceptions were discussed by evaluating answers given during the test.","openalex, scopus, wos",llm,0.950,unreviewed,
discarded,Development of Concept Maps Diagnostic Test for Identification of Students' Misconceptions,"Halim, A.; Elmi; Elisa; Wahyuni, A.; Ngadimin; Musdar; Balqis, Novi Nanda",2020,3RD INTERNATIONAL CONFERENCE ON MATHEMATICS AND SCIENCE EDUCATION (ICOMSE) 2019: STRENGTHENING MATHEMATICS AND SCIENCE EDUCATION RESEARCH FOR THE CHALLENGE OF GLOBAL SOCIETY,10.1063/5.0000613,https://www.webofscience.com/wos/woscc/full-record/WOS:000558062000073,domain-concept-inventory-not-computing,"Concept maps are usually used as learning media but rarely used as evaluation tools. In this study, concept maps were used as a substitute for diagnostic tests that are often applied to detect students' misconceptions. The research approaches used are quantitative, research & development and surveys. Diagnostic tests in the form of concept maps developed using the ADDIE model were tested for validity by using two-tier diagnostic tests as a The implementation of the CMDT (Concept Maps Diagnostic Test) uses a limited sample of 20 students of class XII 6 senior high school in Banda Aceh City. Based on the results of data analysis, it was found that students who experienced misconceptions were the relatively low category, knew the concepts in the medium category, lacked knowledge in the medium category and relatively low students who answered by guessing. These results did not differ significantly from the results of the two-tier diagnostic test. The findings through this study prove that the use of diagnostic concept maps to identify misconceptions is more effective in knowing the level of understanding and revealing student misconceptions.","openalex, scopus, wos",llm,0.950,unreviewed,
discarded,Development of a three-tier number sense test for fifth-grade students,"Yang, Der-Ching",2019,EDUCATIONAL STUDIES IN MATHEMATICS,10.1007/s10649-018-9874-8,https://www.webofscience.com/wos/woscc/full-record/WOS:000473205200007,domain-concept-inventory-not-computing,"To assess the strength of conceptual understanding of number sense, a three-tier number sense test (TTNST) for fifth-grade students was developed and validated in this study. The three-tier test includes a content tier that assesses content knowledge of number sense, a reason tier that assesses a reason given for selecting a first-tier response, and a confidence tier that assesses how confident fifth-grade students are in their responses in the first two tiers. A total of 819 fifth-grade students from elementary schools in Taiwan participated in this study. Collected data showed that the test had good reliability and validity. The results revealed that many of the sample students performed poorly on number sense but maintained extremely high confidence; this indicated that many of the students held severe misconceptions and some were lacking in number sense. In addition, this study confirmed that the inclusion of a third tier (with confidence ratings) in the number sense test can mitigate the weaknesses of a previously used two-tier test. The educational implications of the findings are discussed in this paper.","openalex, scopus, wos",llm,0.950,unreviewed,
