status,title,authors,year,venue,doi,url,tags,abstract,provider,decision_source,llm_confidence,llm_review_outcome,llm_change_direction
discarded,First Things First,James Prather; Raymond Pettit; Brett A. Becker; Paul Denny; Dastyni Loksa; Alani Peters; Zachary Albrecht; Krista Masci,2019,,10.1145/3287324.3287374,https://openalex.org/W2916601118,metacognition; novice-programmers; problem-solving-process; programming-errors-not-messages,"When solving programming problems, novices are often not aware of where they are in the problem-solving process. For instance, students who misinterpret the problem prompt will most likely not form a valid conceptual model of the task and fail to make progress towards a working solution. Avoiding such errors, and recovering from them once they occur, requires metacognitive skills that enable students to reflect on their problem-solving processes. For these reasons, developing metacognitive awareness is crucially important for novice students. Previous research has shown that explicitly teaching key steps of programming problem-solving, and having students reflect on where they are in the problem-solving process, can help students complete future programming assignments. Such metacognitive awareness training can be done through personal tutoring, but can be difficult to implement without a high ratio of instructors to students. We explore a more scalable approach, making use of an automated assessment tool, and conduct a controlled experiment to see whether scaffolding the problem-solving process would increase metacognitive awareness and improve student performance. We collected all code submissions by students in both control and experimental groups, as well as data from direct observation using a think-aloud protocol. We found that students who received the intervention showed a higher degree of understanding of the problem prompt and were more likely to complete the programming task successfully.","openalex, scopus, wos",human,0.890,human,
discarded,Writing in the Secondary Foreign Language Classroom: The Effects of Prompts and Tasks on Novice Learners of French,Denise Paige Way; Elizabeth G. Joiner; Michael A. Seaman,2000,Modern Language Journal,10.1111/0026-7902.00060,https://openalex.org/W2060485916,language-learning-not-target,"This study investigated the effects of 3 different writing tasks (descriptive, narrative, and expository) and 3 different writing prompts (bare, vocabulary, and prose model) on 937 writing samples culled from 330 novice learners enrolled in 15 classes of Levels 1 and 2 high school French. In order to assess the quality, fluency, syntactic complexity, and accuracy of the writing samples, the researchers employed 4 evaluation methods: holistic scoring, length of product, mean length of T‐units, and percentage of correct T‐units. Results indicate that the descriptive task was the easiest and the expository task the most difficult. The prose model prompts produced the highest mean scores, and the bare prompts produced the lowest mean scores. Based on these findings, the researchers question whether the description of a novice writer in the ACTFL Proficiency Guidelines(1986) should be used as a blueprint for curriculum development and textbook construction for secondary novice foreign language learners.","openalex, scopus, wos",llm,0.950,unreviewed,
discarded,Errors and Complications in SQL Query Formulation,Toni Taipalus; Mikko Siponen; Tero Vartiainen,2018,ACM Transactions on Computing Education,10.1145/3231712,https://openalex.org/W2885090162,sql-errors; novice-programmers; error-taxonomy; programming-errors-not-messages,"SQL is taught in almost all university level database courses, yet SQL has received relatively little attention in educational research. In this study, we present a database management system independent categorization of SQL query errors that students make in an introductory database course. We base the categorization on previous literature, present a class of logical errors that has not been studied in detail, and review and complement these findings by analyzing over 33,000 SQL queries submitted by students. Our analysis verifies error findings presented in previous literature and reveals new types of errors, namely logical errors recurring in similar manners among different students. We present a listing of fundamental SQL query concepts we have identified and based our exercises on, a categorization of different errors and complications, and an operational model for designing SQL exercises.","openalex, scopus, wos",human,0.980,human,
kept,Learning From Errors: Exploring the Effectiveness of Enhanced Error Messages in Learning to Program,Zihe Zhou; Shi-Juan Wang; Yizhou Qian,2021,Frontiers in Psychology,10.3389/fpsyg.2021.768962,https://openalex.org/W3216589773,enhanced-error-messages; novice-programmers; intervention-study; error-messages-corroboration,"Error messages provided by the programming environments are often cryptic and confusing to learners. This study explored the effectiveness of enhanced programming error messages (EPEMs) in a Python-based introductory programming course. Participants were two groups of middle school students. The control group only received raw programming error messages (RPEMs) and had 35 students. The treatment group received EPEMs and had 33 students. During the class, students used an automated assessment tool called Mulberry to practice their programming skill. Mulberry automatically collected all the solutions students submitted when solving programming problems. Data analysis was based on 6339 student solutions collected by Mulberry. Our results showed that EPEMs did not help to reduce student errors or improve students' performance in debugging. The ineffectiveness of EPEMs may result from reasons such as the inaccuracy of the interpreter's error messages or students not reading the EPEMs. However, the viewpoint of productive failure may provide a better explanation of the ineffectiveness of EPEMs. The failures in coding and difficulties in debugging can be resources for learning. We recommend that researchers reconsider the role of errors in code and investigate whether and how failures and debugging contribute to the learning of programming.","openalex, scopus, wos",human,0.990,human,
discarded,How Novices Use LLM-based Code Generators to Solve CS1 Coding Tasks in a Self-Paced Learning Environment,Majeed Kazemitabaar; Xinying Hou; Austin Z. Henley; Barbara Ericson; David Weintrop; Tovi Grossman,2023,,10.1145/3631802.3631806,https://openalex.org/W4391584367,general-programming-not-target,"As Large Language Models (LLMs) gain in popularity, it is important to understand how novice programmers use them and the effect they have on learning to code. We present the results of a thematic analysis on a data set from 33 learners, aged 10-17, as they independently learned Python by working on 45 code-authoring tasks with access to an AI Code Generator based on OpenAI Codex. We explore several important questions related to how learners used LLM-based AI code generators, and provide an analysis of the properties of the written prompts and the resulting AI generated code. Specifically, we explore (A) the context in which learners use Codex, (B) what learners are asking from Codex in terms of syntax and logic, (C) properties of prompts written by learners in terms of relation to task description, language, clarity, and prompt crafting patterns, (D) properties of the AI-generated code in terms of correctness, complexity, and accuracy, and (E) how learners utilize AI-generated code in terms of placement, verification, and manual modifications. Furthermore, our analysis reveals four distinct coding approaches when writing code with an AI code generator: AI Single Prompt, where learners prompted Codex once to generate the entire solution to a task; AI Step-by-Step, where learners divided the problem into parts and used Codex to generate each part; Hybrid, where learners wrote some of the code themselves and used Codex to generate others; and Manual coding, where learners wrote the code themselves. Our findings reveal consistently positive trends between learners’ utilization of the Hybrid coding approach and their post-test evaluation scores, while showing consistent negative trends between the AI Single Prompt and the post-test evaluation scores. Furthermore, we offer insights into novice learners’ use of AI code generators in a self-paced learning environment, highlighting signs of over-reliance, self-regulation, and opportunities for enhancing AI-assisted learning tools.","openalex, scopus, wos",llm,0.870,unreviewed,
discarded,"Error messages in relational database management systems: A comparison of effectiveness, usefulness, and user confidence",Toni Taipalus; Hilkka Grahn; Hadi Ghanbari,2021,Journal of Systems and Software,10.1016/j.jss.2021.111034,https://openalex.org/W3177923307,sql-error-messages; error-message-effectiveness; user-study; error-messages-other-language-tooling,"The database and the database management system (DBMS) are two of the main components of any information system. Structured Query Language (SQL) is the most popular query language for retrieving data from the database, as well as for many other data management tasks. During system development and maintenance, software developers use a considerable amount of time to interpret compiler error messages. The quality of these error messages has been demonstrated to affect software development effectiveness, and correctly formulating queries and fixing them when needed is an important task for many software developers. In this study, we set out to investigate how participants (N=152) experienced the qualities of error messages of four popular DBMSs in terms of error message effectiveness, perceived usefulness for finding and fixing errors, and error recovery confidence. Our results show differences between the DBMSs by three of the four metrics, and indicate a discrepancy between objective effectiveness and subjective usefulness. The results suggest that although error messages have perceived differences in terms of usefulness for finding and fixing errors, these differences may not necessarily result in differences in query fixing success rates.","openalex, scopus, wos",human,0.990,human,
discarded,Novice Programmers and the Problem Description Effect,Dennis Bouvier; Ellie Lovellette; John Matta; Bedour Alshaigy; Brett A. Becker; Michelle Craig; Jana Jacková; Robert McCartney; Kate Sanders; Mark Zarb,2016,,10.1145/3024906.3024912,https://openalex.org/W2587751095,general-programming-not-target,"It is often debated whether a problem presented in a straightforward minimalist fashion is better, or worse, for learning than the same problem presented with a ""real-life"" or ""concrete"" context. The presentation, contextualization, or ""problem description"" has been well studied over several decades in disciplines such as mathematics education and psychology; however, little has been published in the field of computing education. In psychology it has been found that not only the presence of context, but the type of context can have dramatic results on problem success. In mathematics education it has been demonstrated that there are non-mathematical factors in problem presentation that can affect success in solving the problem and learning. The contextual background of a problem can also impact cognitive load, which should be considered when evaluating the effects of context. Further, it has been found that regarding cognitive load, computer science has unique characteristics compared to other disciplines, with the consequence that results from other disciplines may not apply to computer science, thus requiring investigation within computer science.","openalex, scopus, wos",llm,0.860,unreviewed,
discarded,Open source software development tool installation: Challenges and strategies for novice developers,Salerno L.,2026,Empirical Software Engineering,10.1007/s10664-026-10885-5,https://www.scopus.com/inward/record.uri?partnerID=HzOxMe3b&scp=105040590370&origin=inward,novice-developers; tool-installation-difficulties; open-source-workflows; not-about-learner-understanding,,"openalex, scopus, wos",human,0.760,human,
discarded,Experiences with test-driven elaborated feedback for teaching introductory programming,Garcia-Dominguez A.,2026,Computer Science Education,10.1080/08993408.2025.2554497,https://www.scopus.com/inward/record.uri?partnerID=HzOxMe3b&scp=105016748948&origin=inward,general-programming-not-target,,"openalex, scopus, wos",llm,0.840,unreviewed,
discarded,Understanding Java Programming Errors by First Year Students through the Lens of the Neo-Piaget Cognitive Development Framework,Mudongo M.,2025,Comped 2025 Proceedings of the ACM Global Computing Education Conference 2025,10.1145/3736181.3754328,https://www.scopus.com/inward/record.uri?partnerID=HzOxMe3b&scp=105021400675&origin=inward,programming-errors; novice-programmers; misconceptions; programming-errors-not-messages,,"openalex, scopus, wos",human,0.800,human,
discarded,Howzat? Appealing to Expert Judgement for Evaluating Human and AI Next-Step Hints for Novice Programmers,Brown N.C.C.,2025,ACM Transactions on Computing Education,10.1145/3737885,https://www.scopus.com/inward/record.uri?partnerID=HzOxMe3b&scp=105018666717&origin=inward,general-programming-not-target,,"openalex, scopus, wos",llm,0.840,unreviewed,
discarded,From Imitation Games to Robot-Teachers: A Review and Discussion of the Role of LLMs in Computing Education,Kohn T.,2025,Journal of Computer Assisted Learning,10.1111/jcal.70043,https://www.scopus.com/inward/record.uri?partnerID=HzOxMe3b&scp=105005184968&origin=inward,general-computing-education-not-target,,"openalex, scopus, wos",llm,0.900,unreviewed,
discarded,Breaking the Programming Language Barrier: Multilingual Prompting to Empower Non-Native English Learners,Prather J.,2025,Ace 2025 Proceedings of the 27th Australasian Computing Education Conference Held in Conjunction with Australasian Computer Science Week,10.1145/3716640.3716649,https://www.scopus.com/inward/record.uri?partnerID=HzOxMe3b&scp=105007440856&origin=inward,general-programming-not-target,,"openalex, scopus, wos",llm,0.830,unreviewed,
discarded,Exploring the Design Space of Cognitive Engagement Techniques with AI-Generated Code for Enhanced Learning,Kazemitabaar M.,2025,International Conference on Intelligent User Interfaces Proceedings IUI,10.1145/3708359.3712104,https://www.scopus.com/inward/record.uri?partnerID=HzOxMe3b&scp=105001917306&origin=inward,general-programming-not-target,,"openalex, scopus, wos",llm,0.850,unreviewed,
discarded,"Beyond the Hype: A Comprehensive Review of Current Trends in Generative AI Research, Teaching Practices, and Tools",Prather J.,2025,Annual Conference on Innovation and Technology in Computer Science Education Iticse,10.1145/3689187.3709614,https://www.scopus.com/inward/record.uri?partnerID=HzOxMe3b&scp=85219513441&origin=inward,general-ai-review-not-target,,"openalex, scopus, wos",llm,0.920,unreviewed,
kept,Error Messages for Students Taught Using a Systematic Program Design Curriculum,Dzhatdoyev S.,2025,Lecture Notes in Computer Science Including Subseries Lecture Notes in Artificial Intelligence and Lecture Notes in Bioinformatics,10.1007/978-3-031-74558-4_9,https://www.scopus.com/inward/record.uri?partnerID=HzOxMe3b&scp=85219185006&origin=inward,error-messages; students; program-design-curriculum; error-messages-corroboration,,"openalex, scopus, wos",human,0.780,human,
discarded,Gen AI to Understand Programming Errors,Uresti J.A.R.,2025,Proceedings of International Conference on Research in Education and Science,,https://www.scopus.com/inward/record.uri?partnerID=HzOxMe3b&scp=105029064117&origin=inward,programming-errors; genai-support; novice-understanding; programming-errors-not-messages,,"openalex, scopus, wos",human,0.720,human,
discarded,A Qualitative Study of How Computer Science Students Develop Debugging Skills in a Curriculum,Banweer K.,2025,Proceedings Frontiers in Education Conference Fie,10.1109/FIE63693.2025.11328512,https://www.scopus.com/inward/record.uri?partnerID=HzOxMe3b&scp=105033036304&origin=inward,general-debugging-not-error-messages,,"openalex, scopus, wos",llm,0.820,unreviewed,
discarded,Automated Grading Systems: Enhancing Efficiency and Consistency in Student Assessments,Vetrivel S.C.,2025,Adopting Artificial Intelligence Tools in Higher Education Student Assessment,10.1201/9781003470304-3,https://www.scopus.com/inward/record.uri?partnerID=HzOxMe3b&scp=105003618010&origin=inward,assessment-tool-not-target-domain,,"openalex, scopus, wos",llm,0.880,unreviewed,
discarded,Programming language learning in K-12 education,Poitras E.,2024,Empowering Stem Educators with Digital Tools,10.4018/979-8-3693-9806-7.ch010,https://www.scopus.com/inward/record.uri?partnerID=HzOxMe3b&scp=105008588957&origin=inward,general-computing-education-not-target,,"openalex, scopus, wos",llm,0.900,unreviewed,
discarded,Empowering STEM educators with digital tools,Papadakis S.,2024,Empowering Stem Educators with Digital Tools,10.4018/979-8-3693-9806-7,https://www.scopus.com/inward/record.uri?partnerID=HzOxMe3b&scp=105008604727&origin=inward,general-edtech-not-target-domain,,"openalex, scopus, wos",llm,0.940,unreviewed,
discarded,Integrating Natural Language Prompting Tasks in Introductory Programming Courses,Kerslake C.,2024,SIGCSE Virtual 2024 Proceedings of the 2024 ACM Virtual Global Computing Education Conference V 1,10.1145/3649165.3690125,https://www.scopus.com/inward/record.uri?partnerID=HzOxMe3b&scp=85214749540&origin=inward,general-programming-not-target,,"openalex, scopus, wos",llm,0.860,unreviewed,
kept,Not the Silver Bullet: LLM-enhanced Programming Error Messages are Ineffective in Practice,Santos E.A.,2024,ACM International Conference Proceeding Series,10.1145/3689535.3689554,https://www.scopus.com/inward/record.uri?partnerID=HzOxMe3b&scp=85211376745&origin=inward,enhanced-error-messages; novice-programmers; intervention-study; error-messages-corroboration,,"openalex, scopus, wos",human,0.820,human,
discarded,"A Systematic Literature Review on the Influence of Enhanced Developer Experience on Developers' Productivity: Factors, Practices, and Recommendations",Razzaq A.,2024,ACM Computing Surveys,10.1145/3687299,https://www.scopus.com/inward/record.uri?partnerID=HzOxMe3b&scp=85208566769&origin=inward,software-engineering-not-target,,"openalex, scopus, wos",llm,0.930,unreviewed,
discarded,The Widening Gap: The Benefits and Harms of Generative AI for Novice Programmers,Prather J.,2024,Icer 2024 ACM Conference on International Computing Education Research,10.1145/3632620.3671116,https://www.scopus.com/inward/record.uri?partnerID=HzOxMe3b&scp=85202820894&origin=inward,general-programming-not-target,,"openalex, scopus, wos",llm,0.870,unreviewed,
discarded,On Eye Tracking in Software Engineering,Grabinger L.,2024,SN Computer Science,10.1007/s42979-024-03045-3,https://www.scopus.com/inward/record.uri?partnerID=HzOxMe3b&scp=85199857606&origin=inward,software-engineering-not-target,,"openalex, scopus, wos",llm,0.930,unreviewed,
discarded,Building Blocks Towards More Effective SQL Error Messages,Taipalus T.,2024,Annual Conference on Innovation and Technology in Computer Science Education Iticse,10.1145/3649217.3653552,https://www.scopus.com/inward/record.uri?partnerID=HzOxMe3b&scp=85198904148&origin=inward,sql-error-messages; error-message-design; error-messages-other-language-tooling,,"openalex, scopus, wos",human,0.820,human,
discarded,A Transformation of the Way of Thinking Key Principles in Programming Education Inspired by Pascal,"Dagiene, Valentina; Grigas, Gintautas; Jevsikova, Tatjana",2024,INFORMATICS IN EDUCATION,10.15388/infedu.2024.25,https://www.webofscience.com/wos/woscc/full-record/WOS:001382923100002,general-programming-education-history,"The work of Niklaus Wirth, designer of the Pascal programming language, has led to the introduction of programming in schools in many countries often leading to a transformation in the way of thinking. In this article, we provide a retrospective analysis of the Lithuanian experience driven by Pascal and discuss the main ideas about teaching programming originating from this experience. We conducted a qualitative study by means of interviews with experts involved in the development of programming education during its early phases to examine their memories and perspectives. Programming education in Lithuania started with the Pascal-inspired Young Programmers' School by Correspondence, founded in 1981, which had a great influence on the Lithuanian programming elite. For this purpose, a compiler for a subset of Pascal was developed for students taking their first steps towards programming, or more precisely, algorithmic thinking. Many innovations were developed and brought into practice. The ones that have proved their worth and have not lost their relevance are the subject of this article. These include assessing program text readability, cultivating programming style, program reading tasks, creative thinking tasks, problem-solving approaches, detailed compiler error messages, automatic error fixing, and compiler advice to novice programmers. While some concepts became obsolete with technological advancements, others remain relevant, directly or as inspiration for new ideas, forming the basis of this study.","openalex, scopus, wos",llm,0.870,unreviewed,
