status,title,authors,year,venue,doi,url,tags,abstract,provider,decision_source,llm_confidence,llm_review_outcome,llm_change_direction
discarded,Large Language Models for Education: Grading Open-Ended Questions Using ChatGPT,Gustavo Pinto; Isadora Cardoso-Pereira; Danilo Monteiro; Danilo Lucena; Alberto Souza; Kiev Gama,2023,,10.1145/3613372.3614197,https://openalex.org/W4387007101,assessment-tool-not-target-domain,"As a way of addressing increasingly sophisticated problems, software professionals face the constant challenge of seeking improvement. However, for these individuals to enhance their skills, their process of studying and training must involve feedback that is both immediate and accurate. In the context of software companies, where the scale of professionals undergoing training is large, but the number of qualified professionals available for providing corrections is small, delivering effective feedback becomes even more challenging. To circumvent this challenge, this work presents an exploration of using Large Language Models (LLMs) to support the correction process of open-ended questions in technical training.","openalex, scopus, wos, dblp",llm,0.900,unreviewed,
discarded,LEVA: Using Large Language Models to Enhance Visual Analytics,Yuheng Zhao; Yixing Zhang; Yu Zhang; Xinyi Zhao; Junjie Wang; Zekai Shao; Çağatay Turkay; Siming Chen,2024,IEEE Transactions on Visualization and Computer Graphics,10.1109/tvcg.2024.3368060,https://openalex.org/W4392405493,unrelated-domain,"Visual analytics supports data analysis tasks within complex domain problems. However, due to the richness of data types, visual designs, and interaction designs, users need to recall and process a significant amount of information when they visually analyze data. These challenges emphasize the need for more intelligent visual analytics methods. Large language models have demonstrated the ability to interpret various forms of textual data, offering the potential to facilitate intelligent support for visual analytics. We propose LEVA, a framework that uses large language models to enhance users' VA workflows at multiple stages: onboarding, exploration, and summarization. To support onboarding, we use large language models to interpret visualization designs and view relationships based on system specifications. For exploration, we use large language models to recommend insights based on the analysis of system status and data to facilitate mixed-initiative exploration. For summarization, we present a selective reporting strategy to retrace analysis history through a stream visualization and generate insight reports with the help of large language models. We demonstrate how LEVA can be integrated into existing visual analytics systems. Two usage scenarios and a user study suggest that LEVA effectively aids users in conducting visual analytics.","openalex, scopus, wos, dblp",llm,0.970,unreviewed,
discarded,Programming by Demonstration Using Version Space Algebra,Tessa Lau; Steven A. Wolfman; Pedro Domingos; Daniel S. Weld,2003,Machine Learning,10.1023/a:1025671410623,https://openalex.org/W1792831685,end-user-programming-no-learner-data,,"openalex, scopus, wos, dblp",llm,0.800,unreviewed,
discarded,What is the matter with transcendence? On the place of religion in the new anthropology of ethics★,Joel Robbins,2016,Journal of the Royal Anthropological Institute,10.1111/1467-9655.12494_1,https://openalex.org/W2531584104,unrelated-domain,"A focus on ordinary or everyday ethics has become perhaps the dominant concern in the rapidly developing anthropology of ethics. In this article, I argue that this focus tends to marginalize the study of the ways in which religion contributes to people's moral lives. After defining religion and transcendence in terms that make them less uncongenial to the study of ethics than many proponents of ordinary ethics suggest, I examine values as one sometimes transcendent cultural form that often informs ethical life. I draw on Victor Turner (along with Durkheim) to develop an account of how rituals often both present people with and allow them to perform transcendent versions of values. These encounters, in turn, shape people's ethical sensibilities, including those they bring to bear in everyday life, in ways we cannot understand unless we accord religion a more central role in the anthropology of ethics than it has played to this point. I illustrate my arguments with material drawn both from Turner's Ndembu ethnography and from my own research on Christianity in Papua New Guinea.","openalex, scopus, wos, dblp",llm,0.990,unreviewed,
discarded,Public software for the astronomer - an overview,Eric D. Feigelson; Fionn Murtagh,1992,Publications of the Astronomical Society of the Pacific,10.1086/133031,https://openalex.org/W2057893849,software-overview-no-learner-data,"We describe sources of public software available over wide-area research networks, in journals, and from government sources, which may be valuable to the astronomer and astrophysicist. A very large amount of high quality public software is accessible at all times. We concentrate on locations with material useful for research, and offer practical suggestions regarding access in an Appendix.","openalex, scopus, wos, dblp",llm,0.940,unreviewed,
discarded,The five pillars of computational reproducibility: bioinformatics and beyond,Mark Ziemann; Pierre Poulain; Anusuiya Bora,2023,Briefings in Bioinformatics,10.1093/bib/bbad375,https://openalex.org/W4387865014,computational-reproducibility-not-learning,"Computational reproducibility is a simple premise in theory, but is difficult to achieve in practice. Building upon past efforts and proposals to maximize reproducibility and rigor in bioinformatics, we present a framework called the five pillars of reproducible computational research. These include (1) literate programming, (2) code version control and sharing, (3) compute environment control, (4) persistent data sharing and (5) documentation. These practices will ensure that computational research work can be reproduced quickly and easily, long into the future. This guide is designed for bioinformatics data analysts and bioinformaticians in training, but should be relevant to other domains of study.","openalex, scopus, wos, dblp",llm,0.900,unreviewed,
discarded,Threddy: An Interactive System for Personalized Thread-based Exploration and Organization of Scientific Literature,Hyeonsu B Kang; Joseph Chee Chang; Yongsung Kim; Aniket Kittur,2022,,10.1145/3526113.3545660,https://openalex.org/W4301666938,reading-support-not-target,"Reviewing the literature to understand relevant threads of past work is a critical part of research and vehicle for learning. However, as the scientific literature grows the challenges for users to find and make sense of the many different threads of research grow as well. Previous work has helped scholars to find and group papers with citation information or textual similarity using standalone tools or overview visualizations. Instead, in this work we explore a tool integrated into users’ reading process that helps them with leveraging authors’ existing summarization of threads, typically in introduction or related work sections, in order to situate their own work’s contributions. To explore this we developed a prototype that supports efficient extraction and organization of threads along with supporting evidence as scientists read research articles. The system then recommends further relevant articles based on user-created threads. We evaluate the system in a lab study and find that it helps scientists to follow and curate research threads without breaking out of their flow of reading, collect relevant papers and clips, and discover interesting new articles to further grow threads.","openalex, scopus, wos, dblp",llm,0.860,unreviewed,
discarded,"Generating In-Context, Personalized Feedback for Intelligent Tutors with Large Language Models",Jennifer M. Reddig; Arav Arora; Christopher J. MacLellan,2025,International Journal of Artificial Intelligence in Education,10.1007/s40593-025-00505-6,https://openalex.org/W4412907717,general-programming-not-target,"This study explores how large language models (LLMs), specifically GPT-4, could be used to generate personalized feedback within an Intelligent Tutoring System (ITS). The research focuses on evaluating the model’s ability to (1) diagnose student errors, (2) generate personalized corrective feedback, and (3) assess the accuracy of diagnoses and helpfulness of the feedback. We analyze student errors from the Apprentice Tutor College Algebra ITS and prompt GPT-4 to give targeted feedback on those errors. The findings suggest that while this model can effectively diagnose a range of student errors, its feedback varies in effectiveness based on the complexity of the problem and the type of error. While GPT-4 generates relevant, specific feedback a majority of the time, 35% of the hints were too general, incorrect, or give away the correct answer. The study also explores methods for using an LLM to automatically evaluate the validity of generated feedback, and finds that only 35% of feedback passes automated helpfulness evaluations.","openalex, scopus, wos, dblp",llm,0.860,unreviewed,
discarded,Healthy viewing: the reception of medical narratives,Solange Davin,2003,Sociology of Health & Illness,10.1111/1467-9566.00364,https://openalex.org/W1993764403,unrelated-domain,"This paper draws on two reception studies. One focuses on an American medical drama which respondents perceived as entertainment but also as a reliable source of information from which they collected medical and social data by using emotional and ludic strategies. The second compares parallel illness narratives in a soap opera and a documentary. Soap operas were described by informants as good pedagogic tools because they attracted large audiences and promoted identification and repetition which enhance learning. On the other hand, they criticised the documentary for being incomplete and artificial. The conclusion argues that viewers are media-literate, astute and insightful. They produce sophisticated, subtle interpretations which cannot be predicted by content analyses of programmes alone. More reception research is therefore needed, particularly since television is increasingly omnipresent and provides a considerable portion of the public's medical knowledge.","openalex, scopus, wos, dblp",llm,0.990,unreviewed,
discarded,Mathematics intelligent tutoring system for learning multiplication and division of fractions based on diagnostic teaching,Shu-Chuan Shih; Chih-Chia Chang; Bor‐Chen Kuo; Yuhan Huang,2023,Education and Information Technologies,10.1007/s10639-022-11553-z,https://openalex.org/W4315481000,domain-concept-inventory-not-computing,"A one-on-one dialogue-based mathematics intelligent tutoring system (ITS) for learning multiplication and division of fractions was developed and evaluated in this study. This system could identify students' error types and misconceptions in real-time by using a block-based matching method. The adaptive dialogue-based instruction was supported by a response-driven tutoring model, which was constructed based on the diagnostic teaching methodology. Instructional strategies including provoking cognitive conflict, problem simplification and representational teaching were used in the tutoring model of the system. Effectiveness of the math ITS in remedial instruction was evaluated through a quasi-experimental study. The participants of the study were 66 sixth graders chosen from central Taiwan. They were divided into an experimental group of 35 and a control group of 31. One week after the pretest, the experimental group received 2-h one-on-one instruction via the math ITS, while the control group took a 2-h conventional teacher instruction with the same teaching content in the classroom. All participants took a post-test within 2 days after the remedial instruction. The results showed that the experimental group using the math ITS significantly outperformed the control group. Further analysis indicated that the math ITS had a significant effect on the lesser-performing group (the lower 75% in the pretest score). In addition, a usability and user experience survey showed that students were willing and likely to learn mathematics using the dialogue-based math ITS.","openalex, scopus, wos, dblp",llm,0.950,unreviewed,
discarded,WORCS: A workflow for open reproducible code in science,Caspar J. Van Lissa; Andreas M. Brandmaier; Loek Brinkman; Anna‐Lena Lamprecht; Aaron Peikert; Marijn Struiksma; Barbara Vreede,2021,Data Science,10.3233/ds-210031,https://openalex.org/W3034374347,computational-reproducibility-not-learning,"Adopting open science principles can be challenging, requiring conceptual education and training in the use of new tools. This paper introduces the Workflow for Open Reproducible Code in Science (WORCS): A step-by-step procedure that researchers can follow to make a research project open and reproducible. This workflow intends to lower the threshold for adoption of open science principles. It is based on established best practices, and can be used either in parallel to, or in absence of, top-down requirements by journals, institutions, and funding bodies. To facilitate widespread adoption, the WORCS principles have been implemented in the R package worcs, which offers an RStudio project template and utility functions for specific workflow steps. This paper introduces the conceptual workflow, discusses how it meets different standards for open science, and addresses the functionality provided by the R implementation, worcs. This paper is primarily targeted towards scholars conducting research projects in R, conducting research that involves academic prose, analysis code, and tabular data. However, the workflow is flexible enough to accommodate other scenarios, and offers a starting point for customized solutions. The source code for the R package and manuscript, and a list of examplesof WORCS projects , are available at https://github.com/cjvanlissa/worcs .","openalex, scopus, wos, dblp",llm,0.900,unreviewed,
discarded,Proceedings of the 11th Python in Science Conference,,2012,Proceedings of the Python in Science Conferences,10.25080/majora-54c7f2c8-00d,https://openalex.org/W4300454675,general-programming-not-target,"We use a combination of code-generation, code lowering, and just-in-time compilation techniques called SEJITS (Selective Embedded JIT Specialization) to generate highly performant parallel code for Bag of Little Bootstraps (BLB), a statistical sampling algorithm that solves the same class of problems as general bootstrapping, but which parallelizes better. We do this by embedding a very small domain-specific language into Python for describing instances of the problem and using expert-created code generation strategies to generate code at runtime for a parallel multicore platform. The resulting code can sample gigabyte datasets with performance comparable to hand-tuned parallel code, achieving near-linear strong scaling on a 32-core CPU, yet the Python expression of a BLB problem instance remains source-and performance-portable across platforms. This work represents another case study in a growing list of algorithms we have ""packaged"" using SEJITS in order to make high-performance implementations of the algorithms available to Python programmers across diverse platforms.","openalex, scopus, wos, dblp",llm,0.950,unreviewed,
discarded,Not just for programmers: How GitHub can accelerate collaborative and reproducible research in ecology and evolution,Pedro Henrique Pereira Braga; Katherine Hébert; Emma J. Hudgins; Eric R. Scott; Brandon P.M. Edwards; Luna L. Sánchez‐Reyes; Matthew Grainger; Vivienne Foroughirad; Friederike Hillemann; Allison D. Binley; Cole B. Brookson; Kaitlyn M. Gaynor; Saeed Shafiei Sabet; Ali Güncan; Helen Weierbach; Dylan Gomes; Robert Crystal‐Ornelas,2023,Methods in Ecology and Evolution,10.1111/2041-210x.14108,https://openalex.org/W4366774502,computational-reproducibility-not-learning,"Abstract Researchers in ecology and evolutionary biology are increasingly dependent on computational code to conduct research. Hence, the use of efficient methods to share, reproduce, and collaborate on code as well as document research is fundamental. GitHub is an online, cloud‐based service that can help researchers track, organize, discuss, share, and collaborate on software and other materials related to research production, including data, code for analyses, and protocols. Despite these benefits, the use of GitHub in ecology and evolution is not widespread. To help researchers in ecology and evolution adopt useful features from GitHub to improve their research workflows, we review 12 practical ways to use the platform. We outline features ranging from low to high technical difficulty, including storing code, managing projects, coding collaboratively, conducting peer review, writing a manuscript, and using automated and continuous integration to streamline analyses. Given that members of a research team may have different technical skills and responsibilities, we describe how the optimal use of GitHub features may vary among members of a research collaboration. As more ecologists and evolutionary biologists establish their workflows using GitHub, the field can continue to push the boundaries of collaborative, transparent, and open research.","openalex, scopus, wos, dblp",llm,0.880,unreviewed,
discarded,It’s Dangerous to Prompt Alone! Exploring How Fine-Tuning GPT-4o Affects Novices’ Programming Error Resolution,Santos E.A.,2025,IEEE Access,10.1109/ACCESS.2025.3613500,https://www.scopus.com/inward/record.uri?partnerID=HzOxMe3b&scp=105017290188&origin=inward,compiler-error-messages; novice-programmers; ai-assisted-debugging; programming-errors-not-messages,,"openalex, scopus, wos, dblp",human,0.780,human,
discarded,"Pick, Click, Flick!: The Story of Interaction Techniques",Myers B.A.,2024,Pick Click Flick the Story of Interaction Techniques,,https://www.scopus.com/inward/record.uri?partnerID=HzOxMe3b&scp=105023925424&origin=inward,hci-history-not-target,,"openalex, scopus, wos, dblp",llm,0.950,unreviewed,
discarded,Interpol questioned documents review 2019–2022,Deviterne-Lapeyre M.,2023,Forensic Science International Synergy,10.1016/j.fsisyn.2022.100300,https://www.scopus.com/inward/record.uri?partnerID=HzOxMe3b&scp=85149070109&origin=inward,unrelated-domain,,"openalex, scopus, wos, dblp",llm,0.980,unreviewed,
discarded,"Nursing Interventions Classification (NIC), Eighth Edition",Wagner C.M.,2023,Nursing Interventions Classification Nic,,https://www.scopus.com/inward/record.uri?partnerID=HzOxMe3b&scp=105033040669&origin=inward,unrelated-domain,,"openalex, scopus, wos, dblp",llm,0.990,unreviewed,
discarded,"Fundamentals of Nursing, 11th Edition",Potter P.A.,2022,Fundamentals of Nursing,10.1016/C2020-0-01560-4,https://www.scopus.com/inward/record.uri?partnerID=HzOxMe3b&scp=105043123037&origin=inward,unrelated-domain,,"openalex, scopus, wos, dblp",llm,0.990,unreviewed,
discarded,Communicating with Data: The Art of Writing for Data Science,Nolan D.,2021,Communicating with Data the Art of Writing for Data Science,10.1093/oso/9780198862741.001.0001,https://www.scopus.com/inward/record.uri?partnerID=HzOxMe3b&scp=85126042139&origin=inward,writing-general-not-target,,"openalex, scopus, wos, dblp",llm,0.920,unreviewed,
discarded,Weedon's Skin Pathology,Patterson J.W.,2020,Weedon S Skin Pathology,10.1016/C2017-0-00838-8,https://www.scopus.com/inward/record.uri?partnerID=HzOxMe3b&scp=105040640894&origin=inward,unrelated-domain,,"openalex, scopus, wos, dblp",llm,0.990,unreviewed,
discarded,"Trust in Automated Software Repair: The Effects of Repair Source, Transparency, and Programmer Experience on Perceived Trustworthiness and Trust",Ryan T.J.,2019,Lecture Notes in Computer Science Including Subseries Lecture Notes in Artificial Intelligence and Lecture Notes in Bioinformatics,10.1007/978-3-030-22351-9_31,https://www.scopus.com/inward/record.uri?partnerID=HzOxMe3b&scp=85069852729&origin=inward,general-programming-not-target,,"openalex, scopus, wos, dblp",llm,0.860,unreviewed,
discarded,Fundamentals of nursing: The art and science of person-centered nursing care: Eighth edition,Taylor C.,2014,Fundamentals of Nursing the Art and Science of Person Centered Nursing Care Eighth Edition,,https://www.scopus.com/inward/record.uri?partnerID=HzOxMe3b&scp=84971207153&origin=inward,unrelated-domain,,"openalex, scopus, wos, dblp",llm,0.990,unreviewed,
discarded,Leddy & Pepper's conceptual bases of professional nursing: Eighth edition,Hood L.,2013,Leddy Pepper S Conceptual Bases of Professional Nursing Eighth Edition,,https://www.scopus.com/inward/record.uri?partnerID=HzOxMe3b&scp=84971296068&origin=inward,unrelated-domain,,"openalex, scopus, wos, dblp",llm,0.990,unreviewed,
discarded,"Lees' Loss Prevention in the Process Industries: Hazard Identification, Assessment And Control: Fourth Edition",Mannan S.,2012,Lees Loss Prevention in the Process Industries Hazard Identification Assessment and Control Fourth Edition,10.1016/C2009-0-24104-3,https://www.scopus.com/inward/record.uri?partnerID=HzOxMe3b&scp=85041156174&origin=inward,unrelated-domain,,"openalex, scopus, wos, dblp",llm,0.990,unreviewed,
discarded,Introducing biological rhythms,Koukkari W.L.,2006,Introducing Biological Rhythms,10.1007/978-1-4020-4701-5,https://www.scopus.com/inward/record.uri?partnerID=HzOxMe3b&scp=84900646986&origin=inward,unrelated-domain,,"openalex, scopus, wos, dblp",llm,0.990,unreviewed,
