status,title,authors,year,venue,doi,url,tags,abstract,provider,decision_source,llm_confidence,llm_review_outcome,llm_change_direction
discarded,Examining determinants of health numeracy and processing of numeric health information by English-as-a-second language immigrants to Canada,Sospeter Gatobu,2014,UWSpace (University of Waterloo),,https://openalex.org/W2531912896,unrelated-domain,"Health numeracy is a necessary skill for accessing health services. Immigrants have lower levels of health numeracy compared to host populations which constrains their access to health information necessary to make quality health decisions. Factors contributing to immigrants’ low health numeracy skills include language and mathematics self-efficacy. Language is associated with how people acquire and process numeric information. Some languages have more numeric concepts than others. Speakers of languages that lack one or more numeric concepts may be constrained in the comprehension of health information that contains such concepts. Moreover, they may lack the self-efficacy to engage in numeric tasks containing such concepts. Therefore, the overall objectives of this study were: 1) to investigate the effect of primary language and 2) mathematics self-efficacy on its speakers’ comprehension of numeric health information presented in a different language; and also 3) to investigate how speakers of low and high numeric concept languages process numeric health information when the information is presented in a language which is not their primary or first language. \nThe study involved sixty Kikuyu (a low numeric concept language) and sixty Mandarin (a high numeric concept language) speaking immigrants to Canada. Demographic data was collected from the 120 participants using a general information questionnaire. Numeracy was assessed using a context-free numeracy tool (French Kit). Short test of functional literacy in adults (S-TOFHLA) and the newest vital signs (NVS) were used to assess health numeracy and literacy, and self-efficacy was measured with the Mathematics Self-Efficacy Scale (MSES) and the Subjective Numeracy Scale (SNS). Processing of numeric health information was assessed qualitatively using the think-aloud method. Descriptive statistics were generated for performance in numeracy, health numeracy and literacy, and in mathematics self-efficacy. Multiple regression analysis was conducted to determine the predictors of numeracy and health numeracy. Protocol analysis was conducted for the verbal information obtained from the think-aloud process. \nResults, interpretations and implications for public health practice and research are discussed.","openalex, scopus, wos, dblp",llm,0.980,unreviewed,
discarded,Legal Aspects of Radiography and Radiology,Dimond B.C.,2008,Legal Aspects of Radiography and Radiology,10.1002/9780470690468,https://www.scopus.com/inward/record.uri?partnerID=HzOxMe3b&scp=84947723697&origin=inward,unrelated-domain,,"openalex, scopus, wos, dblp",llm,0.990,unreviewed,
discarded,Latex Medical Gloves: Time for a Reappraisal,Timo Palosuo; Irini Antoniadou; Finn Gottrup; P. A. Phillips,2011,International Archives of Allergy and Immunology,10.1159/000323892,https://openalex.org/W1978268606,latex-materials-medical,"Many hospitals have implemented policies to restrict or ban the use of devices made of natural rubber latex (NRL) in healthcare as precautionary measures against the perceived risk of NRL allergy. Changes in glove technology, progress in measuring the specific allergenic potential of gloves and a dramatic decrease in the prevalence of NRL allergies after interventions and education prompted us to revisit the basis for justifiable glove selection policies. The published Anglophone literature from 1990 to 2010 was reviewed for original articles and reviews dealing with the barrier and performance properties of NRL and synthetic gloves and the role of glove powder. The review shows that NRL medical gloves, when compared with synthetic gloves, tend to be stronger, more flexible and better accepted by clinicians. The introduction of powder-free gloves has been associated with reductions in protein content and associated allergies. Recently, new methods to quantify clinically relevant NRL allergens have enabled the identification of gloves with low allergenic potential. The use of low-protein, low-allergenic, powder-free gloves is associated with a significant decrease in the prevalence of type I allergic reactions to NRL among healthcare workers. Given the excellent barrier properties and operating characteristics, dramatically reduced incidences of allergic reactions, availability of specific tests for selection of low-allergen gloves, competitive costs and low environmental impact, the use of NRL gloves within the hospital environment warrants reappraisal.","openalex, scopus, wos, dblp",llm,1.000,unreviewed,
discarded,Evaluation of the Extraction Method for the Cytotoxicity Testing of Latex Gloves,Hyun Sook Baek; Ja Young Yoo; Dong Kyun Rah; Dong‐Wook Han; Dong-Hee Lee; Oh-Hun Kwon; Jong‐Chul Park,2005,Yonsei Medical Journal,10.3349/ymj.2005.46.4.579,https://openalex.org/W2107319967,latex-materials-medical,"In this study, the cytotoxicity of medical latex gloves to cultured L-929 cells was determined using various extraction conditions. According to the extraction time and temperature, three types of extraction conditions were used: 1) 24 h at 37 degrees C; 2) 72 h at 37 degrees C; 3) 72 h at 50 degrees C. Also, four different extraction vehicles were used, namely, distilled water (DW), 9 g/l sodium chloride (saline) in DW, and culture media with or without serum. Under the above-mentioned conditions, the samples were extracted and then 2-fold serially diluted in the concentration range 3.13 - 50%. When extracted with either DW or saline for 24 h or 72 h at 37 degrees C, only 50% diluted samples showed distinct cytotoxicity to L-929 cells. Moreover, no cytotoxic potentials were observed when gloves were extracted with DW or saline at 50 degrees C for 72 h. Cytotoxicity was markedly greater when gloves were extracted with culture medium, irrespective of the presence of serum in the medium. These results suggest that optimal extraction conditions should be established for the cytotoxicity evaluations of biomaterials and medical devices.","openalex, scopus, wos, dblp",llm,1.000,unreviewed,
discarded,"Experimental Validation of Circumferential, Longitudinal, and Radial 2-Dimensional Strain During Dobutamine Stress Echocardiography in Ischemic Conditions",Patricia Réant; Louis Labrousse; Stéphane Lafitte; Pierre Bordachar; Xavier Pillois; Liliane Tariosse; Simone Bonoron‐Adèle; Philippe Padois; Claude Deville; R. Roudaut; Pierre Dos Santos,2008,Journal of the American College of Cardiology,10.1016/j.jacc.2007.07.088,https://openalex.org/W2044571822,unrelated-domain,,"openalex, scopus, wos, dblp",llm,0.980,unreviewed,
discarded,Isolation and Characterization of Methicillin-Resistant Staphylococcus aureus from Pork Farms and Visiting Veterinary Students,Timothy S. Frana; Aleigh R. Beahm; Blake Hanson; Joann Μ. Kinyon; Lori L. Layman; Locke A. Karriker; Alejandro Ramirez; Tara C. Smith,2013,PLoS ONE,10.1371/journal.pone.0053738,https://openalex.org/W2060328045,unrelated-domain,"In the last decade livestock-associated methicillin-resistant S. aureus (LA-MRSA) has become a public health concern in many parts of the world. Sequence type 398 (ST398) has been the most commonly reported type of LA-MRSA. While many studies have focused on long-term exposure experienced by swine workers, this study focuses on short-term exposures experienced by veterinary students conducting diagnostic investigations. The objectives were to assess the rate of MRSA acquisition and longevity of carriage in students exposed to pork farms and characterize the recovered MRSA isolates. Student nasal swabs were collected immediately before and after farm visits. Pig nasal swabs and environmental sponge samples were also collected. MRSA isolates were identified biochemically and molecularly including spa typing and antimicrobial susceptibility testing. Thirty (30) veterinary students were enrolled and 40 pork farms were visited. MRSA was detected in 30% of the pork farms and in 22% of the students following an exposure to a MRSA-positive pork farm. All students found to be MRSA-positive initially following farm visit were negative for MRSA within 24 hours post visit. Most common spa types recovered were t002 (79%), t034 (16%) and t548 (4%). Spa types found in pork farms closely matched those recovered from students with few exceptions. Resistance levels to antimicrobials varied, but resistance was most commonly seen for spectinomycin, tetracyclines and neomycin. Non-ST398 MRSA isolates were more likely to be resistant to florfenicol and neomycin as well as more likely to be multidrug resistant compared to ST398 MRSA isolates. These findings indicate that MRSA can be recovered from persons visiting contaminated farms. However, the duration of carriage was very brief and most likely represents contamination of nasal passages rather than biological colonization. The most common spa types found in this study were associated with ST5 and expands the range of livestock-associated MRSA types.","openalex, scopus, wos, dblp",llm,0.980,unreviewed,
discarded,Hand Hygiene Practices among Medical Students,Azzam Al Kadi; Sajad Ahmad Salati,2012,Interdisciplinary Perspectives on Infectious Diseases,10.1155/2012/679129,https://openalex.org/W2160922324,unrelated-domain,"Background. Hand hygiene is a cost-effective method in preventing infection transmission. Hand hygiene practices have been found to be faulty in most healthcare settings. We conducted a study to evaluate the awareness, and compliance of hand hygiene among undergraduate medical students during their clinical phase in Qassim College of Medicine, Saudi Arabia. Methods. A questionnaire based on World Health Organization's concept of ""Five Moments for Hand Hygiene"" was used to evaluate the awareness of the indications for hand hygiene and compliance was observed during Objective Structured Clinical Examination (OSCE) sessions. Sixty students including thirty-six males (60%) and twenty-four females (40%) participated voluntarily in the study. Results. The average awareness regarding the positive indications of hand hygiene was 56%. Rest of the 44% of students were either not sure or unaware of the indications of hygiene. Only 29% of students were able to identify all the five indications for hand hygiene in the questionnaire. Compliance as assessed during OSCE sessions was only 17% with no significant difference between the genders. Conclusion. It was concluded that serious efforts are needed to improve the hand hygiene practices among medical students.","openalex, scopus, wos, dblp",llm,0.980,unreviewed,
discarded,Anaphylaxis: guidelines from the European Academy of Allergy and Clinical Immunology,Antonella Muraro; Graham Roberts; Margitta Worm; Maria Beatrice Bilò; Knut Brockow; Montserrat Fernández‐Rivas; Alexandra F. Santos; Zaraquiza Zolkipli; Abdelouahab Bellou; Kirsten Beyer; Carsten Bindslev‐Jensen; Victória Cardona; Andrew Clark; Pascal Demoly; A. E. J. Dubois; Audrey DunnGalvin; Philippe Eigenmann; Susanne Halken; L. Harada; Gideon Lack; Marek Jutel; B. Niggemann; Franziska Ruëff; Frans Timmermans; Berber Vlieg‐Boerstra; Thomas Werfel; Sangeeta Dhami; Sukhmeet S. Panesar; Cezmi A. Akdiş; Aziz Sheikh; the EAACI Food Allergy and Anaphylaxis Guidelines Group,2014,Allergy,10.1111/all.12437,https://openalex.org/W1963678166,unrelated-domain,"Anaphylaxis is a clinical emergency, and all healthcare professionals should be familiar with its recognition and acute and ongoing management. These guidelines have been prepared by the European Academy of Allergy and Clinical Immunology (EAACI) Taskforce on Anaphylaxis. They aim to provide evidence-based recommendations for the recognition, risk factor assessment, and the management of patients who are at risk of, are experiencing, or have experienced anaphylaxis. While the primary audience is allergists, these guidelines are also relevant to all other healthcare professionals. The development of these guidelines has been underpinned by two systematic reviews of the literature, both on the epidemiology and on clinical management of anaphylaxis. Anaphylaxis is a potentially life-threatening condition whose clinical diagnosis is based on recognition of a constellation of presenting features. First-line treatment for anaphylaxis is intramuscular adrenaline. Useful second-line interventions may include removing the trigger where possible, calling for help, correct positioning of the patient, high-flow oxygen, intravenous fluids, inhaled short-acting bronchodilators, and nebulized adrenaline. Discharge arrangements should involve an assessment of the risk of further reactions, a management plan with an anaphylaxis emergency action plan, and, where appropriate, prescribing an adrenaline auto-injector. If an adrenaline auto-injector is prescribed, education on when and how to use the device should be provided. Specialist follow-up is essential to investigate possible triggers, to perform a comprehensive risk assessment, and to prevent future episodes by developing personalized risk reduction strategies including, where possible, commencing allergen immunotherapy. Training for the patient and all caregivers is essential. There are still many gaps in the evidence base for anaphylaxis.","openalex, scopus, wos, dblp",llm,0.990,unreviewed,
discarded,epic3: National Evidence-Based Guidelines for Preventing Healthcare-Associated Infections in NHS Hospitals in England,Heather Loveday; Jennie Wilson; Robert Pratt; Mana Golsorkhi; Alison Tingle; Aggie Bak; J. Browne; Jacqui Prieto; Mark H. Wilcox,2013,Journal of Hospital Infection,10.1016/s0195-6701(13)60012-2,https://openalex.org/W2131428092,unrelated-domain,,"openalex, scopus, wos, dblp",llm,0.990,unreviewed,
discarded,Validation of an asthma questionnaire for use in healthcare workers,George L. Delclos; Ahmed A. Arif; L A Aday; Arch Carson; D Lai; Christine M. Lusk; T. Stock; Elaine Symanski; L W Whitehead; Fernando G. Benavides; Josep M. Antó,2006,Occupational and Environmental Medicine,10.1136/oem.2005.021634,https://openalex.org/W2132999722,unrelated-domain,"BACKGROUND: Previous studies have described increased occurrence of asthma among healthcare workers, but to our knowledge there are no validated survey questionnaires with which to study this occupational group. AIMS: To develop, validate, and refine a new survey instrument on asthma for use in epidemiological studies of healthcare workers. METHODS: An initial draft questionnaire, designed by a multidisciplinary team, used previously validated questions where possible; the occupational exposure section was developed by updating health services specific chemical lists through hospital walk-through surveys and review of material safety data sheets. A cross-sectional validation study was conducted in 118 non-smoking subjects, who also underwent bronchial challenge testing, an interview with an industrial hygienist, and measurement of specific IgE antibodies to common aeroallergens. RESULTS: The final version consisted of 43 main questions in four sections. Time to completion of the questionnaire ranged from 13 to 25 minutes. Test-retest reliability of asthma and allergy items ranged from 75% to 94%, and internal consistency for these items was excellent (Cronbach's alpha > or = 0.86). Against methacholine challenge, an eight item combination of asthma related symptoms had a sensitivity of 71% and specificity of 70%; against a physician diagnosis of asthma, this same combination showed a sensitivity of 79% and specificity of 98%. Agreement between self-reported exposures and industrial hygienist review was similar to previous studies and only moderate, indicating the need to incorporate more reliable methods of exposure assessment. Against the aerollergen panel, the best combinations of sensitivity and specificity were obtained for a history of allergies to dust, dust mite, and animals. CONCLUSIONS: Initial evaluation of this new questionnaire indicates good validity and reliability, and further field testing and cross-validation in a larger healthcare worker population is in progress. The need for development of more reliable occupational exposure assessment methods that go beyond self-report is underscored.","openalex, scopus, wos, dblp",llm,0.980,unreviewed,
discarded,ICT students' perceptions towards ChatGPT: An experimental reflective lab analysis,Mahmoud Elkhodr; Ergun Gide; Mingxuan Wu; Omar Darwish,2023,STEM Education,10.3934/steme.2023006,https://openalex.org/W4380836944,general-ai-education-not-target,"This study explores the use of the Generative artificial intelligence (GenAI) tool ChatGPT in higher education. Amidst the potential benefits and the risk of misuse, this research investigates the tool's role as a classroom aid and its impact on learning outcomes and experiences. Three case studies involving undergraduate and postgraduate ICT students were conducted. Findings revealed a positive perception of ChatGPT as a useful and enjoyable learning resource. Most students indicated a willingness to use such AI tools in the future. Additionally, the study suggested improved performance in functionality, user flow, and content comprehension among students using ChatGPT, compared to those relying solely on traditional search engines.","openalex, scopus, wos, dblp",llm,0.880,unreviewed,
discarded,"Creating mathematics formative assessments using LaTeX, PDF forms and computer algebra",Katherine Herbert; Dmitry K. Demskoi; Kerrie Cullis,2019,Australasian Journal of Educational Technology,10.14742/ajet.4539,https://openalex.org/W2932900221,latex-as-tool-only,"Formative assessment benefits both students and teaching academics. In particular, formative assessment in mathematics subjects enables both students and teaching academics to assess individual performance and understanding through students’ responses. Over the last decade, educational technologies and learning management systems (LMSs) are used to support formative assessment design. In mathematics, this is problematic because of the inflexibility of LMS and educational technology tools. Automating formative assessment generation and marking to support mathematics learning is made possible by utilising specific software and technologies in new ways. This paper proposes a new method of creating mathematics formative assessments using LaTeX and PDF forms in conjunction with a computer algebra system (e.g., Maple), independent of an LMS. This method is implemented in undergraduate mathematics subjects servicing non-mathematics–focused higher education courses. The method generates individualised assessments that are automatically marked. Results show that the method provides the teaching academic with a more efficient way of designing formative mathematics assessments without compromising the effectiveness of the assessment task. This study contributes to the growing research on mathematics in higher education. The implication is an increased understanding of how existing technology, implemented in new ways, can potentially benefit both mathematics students and teaching academics.","openalex, scopus, wos, dblp",llm,0.900,unreviewed,
discarded,Allergic Rhinitis and its Impact on Asthma (ARIA) 2008*,Jean Bousquet; N. Khaltaev; Álvaro A. Cruz; Judah A. Denburg; Wytske J. Fokkens; Alkis Togias; Torsten Zuberbier; Carlos E. Baena‐Cagnani; Giorgio Walter Canonica; Chris van Weel; Ioana Agache; N Aït-Khaled; Claus Bachert; Michael S. Blaiss; С. Бонини; Louis‐Philippe Boulet; Philippe‐Jean Bousquet; Paulo Augusto Moreira Camargos; K.‐H. Carlsen; Y. Chen; Adnan Čustović; Ronald Dahl; Pascal Demoly; H. Douagui; S. R. Durham; Roy Gerth van Wijk; O. Kalayci; Michael Kaliner; Y.‐Y. Kim; M. L. Kowalski; Piotr Kuna; L. T. T. Le; Catherine Lemière; Junjie Li; Richard F. Lockey; S. Mavale‐Manuel; Eli O. Meltzer; Yousser Mohammad; Joaquim Mullol; Robert M. Naclerio; Robyn E. O’Hehir; Ken Ohta; S. Ouedraogo; S. Palkonen; Nikolaos G. Papadopoulos; Giovanni Passalacqua; R. Pawankar; Todor A. Popov; Klaus F. Rabe; J. Rosado‐Pinto; G. K. Scadding; F. Estelle R. Simons; Е. Тоскала; E. Valovirta; Paul Van Cauwenberge; De Yun Wang; Magnus Wickman; Barbara P. Yawn; Arzu Yorgancıoğlu; Osman Yusuf; Heather J. Zar; I. Annesi‐Maesano; E. D. Bateman; A. Ben Kheder; Daniel A. Boakye; J. Bouchard; Peter Burney; William W. Busse; Moira Chan‐Yeung; Niels H. Chavannes; А. Г. Чучалин; William K. Dolen; R. Emuzyte; L. Grouse; Marc Humbert; Claire Jackson; Sebastian L. Johnston; Paul K. Keith; James P. Kemp; J.‐M. Klossek; Désirée Larenas‐Linnemann; Brian J. Lipworth; Malo Jl; Gailen D. Marshall; Charles K. Naspitz; K Nékám; B. Niggemann; Ewa Niżankowska‐Mogilnicka; Yoshitaka Okamoto; Marco Orrù; P. Potter; David Price; Stuart Stoloff; Olivier Vandenplas; Giovanni Viegi; Dennis Williams,2008,Allergy,10.1111/j.1398-9995.2007.01620.x,https://openalex.org/W2164132449,unrelated-domain,"short form 36 questions; SIGN, Scottish intercollegiate network;","openalex, scopus, wos, dblp",llm,0.990,unreviewed,
