status,title,authors,year,venue,doi,url,tags,abstract,provider,decision_source,llm_confidence,llm_review_outcome,llm_change_direction
discarded,"Design, Implementation and Assessment of a Web-Based Ethnomathematics Instructional Content Repository for Mathematics Teachers in Benue State, Nigeria",Joshua Abah Abah; Clement Onwu Iji; Benjamin Ogbole Abakpa; Paul Igber Anyagh,2021,Journal of Mathematics and Science Teacher,10.29333/mathsciteacher/11075,https://openalex.org/W3187461461,general-edtech-not-target-domain,"This study developed and assessed a web-based ethnomathematics instructional content repository for pre-service and in-service mathematics teachers in Benue State, Nigeria. The study adopted a developmental research design to systematically build and evaluate the educational intervention as a solution to complex problems in mathematics education practice. The development was achieved using WordPress Version 5.4, hosted online at https://villagemath.net on Linux OS server running with cPanel v80.p (Build 20), Apache Version 2.4.39, PHP Version 5.6.40 and MySQL Version 5.7.26. The study was guided by seven research questions posed around common web metrics, key performance indices, and quality assessment in terms of content, navigation, structure, appearance and uniqueness of the designed web tool. Five hypotheses were formulated and tested at 0.05 level of significance using t-test. The sample for the study comprises 341 pre-service and in-service mathematics teachers drawn from a population of 2981 using purposive sampling. The main instrument of the study is the researcher-developed Web-based Ethnomathematics Instructional Content Repository Assessment Questionnaire – WEICRAQ (Cronbach Alpha Coefficient = 0.98, indicating a high level of internal consistency of the instrument). Additional data collection was handled using WP Statistics, Pingdom Tools, Google PageSpeed Insights, GTmetrix and WebPage Test. The research questions were answered using charts, graphs, mean and standard deviation. Analysis of the results of the study yielded a positive pattern of common web metrics for the designed web tool, indicating that the platform appeals to a wide range of users, with key performance indicators such as speed index, page size, and last painted hero affirming that the platform is robust, elegantly designed and fast. The results also showed that pre-service and in-service mathematics teachers in Benue State, Nigeria unanimously rated the Web-based Ethnomathematics Instructional Content Repository high in terms of content, navigation, structure, appearance and uniqueness. The outcomes of this study has demonstrated that culture can indeed become an integral part of every aspect of instructional design, making it important to consider social and cultural peculiarities in planning and delivering mathematics instruction. The Web-based Ethnomathematics Instructional Content Repository has humanized Mathematics for users and provided a reservoir of resources for training students in conceptual understanding, procedural fluency, strategic competence, adaptive reasoning and productive disposition. Based on the findings of the study, it was recommended that Mathematics teachers should continue to use the Web-based Ethnomathematics Instructional Content Repository as a worthy companion tailored to their specific professional needs, and that students across all levels of education should seek deeper and more enriched learning experience by continuously leveraging on instructional resources available on the web tool to enhance their individualized learning, enrich their cultural rediscovery, and add aesthetic value to their learning of Mathematics as a school subject. It was also recommended that Mathematics educators in colleges of education and universities should deploy the instructional environment as a veritable tool for re-directing narratives across the field of Mathematics Education, and that Non-governmental organizations (NGOs) and government agencies in the educational and cultural sectors should make use of the ethnomathematics platform to drive their initiatives in grassroots development.","openalex, scopus, wos",llm,0.930,unreviewed,
discarded,Findings from a community education needs assessment to facilitate the integration of genomic medicine into primary care,Carol A. Christianson; Karen Powell; Susan Hahn; Deborah Bartz; Tiese Roxbury; Susan H. Blanton; Jeffery M. Vance; Margaret A. Pericak‐Vance; Joseph Telfair; Vincent C. Henrich,2010,Genetics in Medicine,10.1097/gim.0b013e3181ed3f97,https://openalex.org/W3109554561,unrelated-domain,,"openalex, scopus, wos",llm,0.980,unreviewed,
discarded,Self-Guided Internet-Based Mindfulness-Informed Stress Management for Generalized Anxiety Disorder: Randomized Controlled Trial With Longitudinal Network Analysis,Wang Z.,2026,Journal of Medical Internet Research,10.2196/91751,https://www.scopus.com/inward/record.uri?partnerID=HzOxMe3b&scp=105041055351&origin=inward,unrelated-domain,,"openalex, scopus, wos",llm,0.990,unreviewed,
discarded,Psychology of Health and Wellbeing: A Global Perspective,Khosla M.,2026,Psychology of Health and Wellbeing A Global Perspective,10.4324/9781003506553,https://www.scopus.com/inward/record.uri?partnerID=HzOxMe3b&scp=105033579603&origin=inward,unrelated-domain,,"openalex, scopus, wos",llm,0.990,unreviewed,
discarded,Terrorism and Power in Russia : The Empire of (In)Security and the Remaking of Politics,Mahon A.,2026,Terrorism and Power in Russia the Empire of in Security and the Remaking of Politics,10.4324/9781003495734,https://www.scopus.com/inward/record.uri?partnerID=HzOxMe3b&scp=105032510348&origin=inward,unrelated-domain,,"openalex, scopus, wos",llm,0.990,unreviewed,
discarded,"Psychosocial Elements of Physical Therapy: The Connection of Body to Mind, Second Edition",Baker H.J.,2026,Psychosocial Elements of Physical Therapy the Connection of Body to Mind Second Edition,10.4324/9781003740308,https://www.scopus.com/inward/record.uri?partnerID=HzOxMe3b&scp=105040800748&origin=inward,unrelated-domain,,"openalex, scopus, wos",llm,0.990,unreviewed,
discarded,Measuring climate knowledge: A systematic review of quantitative studies,Lubej M.,2025,Iscience,10.1016/j.isci.2025.111888,https://www.scopus.com/inward/record.uri?partnerID=HzOxMe3b&scp=85217133898&origin=inward,instrument-development-noncomputing,,"openalex, scopus, wos",llm,0.920,unreviewed,
discarded,Automated Detection of Media Bias: From the Conceptualization of Media Bias to its Computational Classification,Spinde T.,2025,Automated Detection of Media Bias from the Conceptualization of Media Bias to Its Computational Classification,10.1007/978-3-658-47798-1,https://www.scopus.com/inward/record.uri?partnerID=HzOxMe3b&scp=105025498407&origin=inward,unrelated-domain,,"openalex, scopus, wos",llm,0.980,unreviewed,
discarded,Psychometric properties of the Arabic Stress Numerical Rating Scale (SNRS-11) in adolescents,Obeid S.,2024,Scientific Reports,10.1038/s41598-024-81554-0,https://www.scopus.com/inward/record.uri?partnerID=HzOxMe3b&scp=85211176500&origin=inward,instrument-development-noncomputing,,"openalex, scopus, wos",llm,0.970,unreviewed,
discarded,Effect of Computer Simulations on Student Ability to Translate Chemical Representations When Learning the Particulate Nature of Matter Concept,Hu B.,2024,Journal of Chemical Education,10.1021/acs.jchemed.4c00964,https://www.scopus.com/inward/record.uri?partnerID=HzOxMe3b&scp=105001269943&origin=inward,domain-concept-inventory-not-computing,,"openalex, scopus, wos",llm,0.950,unreviewed,
discarded,Development of the Groundwater Concept Inventory to Measure Groundwater Knowledge in a General Audience,Ojeda A.,2024,Groundwater,10.1111/gwat.13380,https://www.scopus.com/inward/record.uri?partnerID=HzOxMe3b&scp=85181722463&origin=inward,domain-concept-inventory-not-computing,,"openalex, scopus, wos",llm,0.950,unreviewed,
discarded,Approaches to information-seeking behaviour in psychology: a comparison of early and contemporary studies,Wilson T.D.,2024,Information Research,10.47989/ir291694,https://www.scopus.com/inward/record.uri?partnerID=HzOxMe3b&scp=85188505154&origin=inward,unrelated-domain,,"openalex, scopus, wos",llm,0.980,unreviewed,
discarded,The Solidarity Economy: Nonprofits and the Making of Neoliberalism after Empire,Sasson T.,2024,Solidarity Economy Nonprofits and the Making of Neoliberalism After Empire,,https://www.scopus.com/inward/record.uri?partnerID=HzOxMe3b&scp=85199832254&origin=inward,unrelated-domain,,"openalex, scopus, wos",llm,0.990,unreviewed,
discarded,"Participant observers: Anthropology, colonial development, and the reinvention of society in Britain",Foks F.,2023,Participant Observers Anthropology Colonial Development and the Reinvention of Society in Britain,,https://www.scopus.com/inward/record.uri?partnerID=HzOxMe3b&scp=85160887992&origin=inward,unrelated-domain,,"openalex, scopus, wos",llm,0.990,unreviewed,
discarded,Patient and family-centered care for children: A concept analysis,Seniwati T.,2023,Belitung Nursing Journal,10.33546/bnj.2350,https://www.scopus.com/inward/record.uri?partnerID=HzOxMe3b&scp=85151245612&origin=inward,unrelated-domain,,"openalex, scopus, wos",llm,0.990,unreviewed,
discarded,"Africa: Diversity and Development, Second edition",Binns T.,2023,Africa Diversity and Development Second Edition,10.4324/9780429028403,https://www.scopus.com/inward/record.uri?partnerID=HzOxMe3b&scp=85179228738&origin=inward,unrelated-domain,,"openalex, scopus, wos",llm,0.990,unreviewed,
discarded,"UNDERSTANDING SUICIDE IN THE UNITED STATES: A Social, Biological, and Psychological Perspective",Stacy M.,2023,Understanding Suicide in the United States A Social Biological and Psychological Perspective,10.1017/9781009386937,https://www.scopus.com/inward/record.uri?partnerID=HzOxMe3b&scp=105025076888&origin=inward,unrelated-domain,,"openalex, scopus, wos",llm,0.990,unreviewed,
discarded,Post-Colonial Nations in Historical and Cultural Context,Bondarenko D.M.,2023,Post Colonial Nations in Historical and Cultural Context,,https://www.scopus.com/inward/record.uri?partnerID=HzOxMe3b&scp=105015264010&origin=inward,unrelated-domain,,"openalex, scopus, wos",llm,0.990,unreviewed,
discarded,Leprosy perceptions and knowledge in endemic districts in india and indonesia: Differences and commonalities,Van’T Noordende A.T.,2021,Plos Neglected Tropical Diseases,10.1371/journal.pntd.0009031,https://www.scopus.com/inward/record.uri?partnerID=HzOxMe3b&scp=85100074076&origin=inward,unrelated-domain,,"openalex, scopus, wos",llm,0.990,unreviewed,
discarded,Religious parties and the politics of civil liberties,Yadav V.,2021,Religious Parties and the Politics of Civil Liberties,10.1093/oso/9780197545362.001.0001,https://www.scopus.com/inward/record.uri?partnerID=HzOxMe3b&scp=85105726639&origin=inward,unrelated-domain,,"openalex, scopus, wos",llm,0.990,unreviewed,
discarded,Personality and prosocial behavior: A theoretical framework and meta-analysis,Thielmann I.,2020,Psychological Bulletin,10.1037/bul0000217,https://www.scopus.com/inward/record.uri?partnerID=HzOxMe3b&scp=85076575399&origin=inward,unrelated-domain,,"openalex, scopus, wos",llm,0.990,unreviewed,
discarded,Modeling second language learners' interlanguage and its variability: a computer-based dynamic assessment approach to distinguishing between errors and mistakes,Sylvie Thouësny,2011,Dublin City University Open Access Institutional Repository (Dublin City University),,https://openalex.org/W144266878,language-learning-not-target,"Despite a long history, interlanguage variability research is a debatable topic as most paradigms do not distinguish between competence and performance. While interlanguage\nperformance has been proven to be variable, determining whether interlanguage competence is exposed to random and/or systematic variations is complex, given the fact that distinction between competence-dependent errors and performance-related mistakes should be established to best represent the interlanguage competence.\n\nThis thesis suggests a dynamic assessment model grounded in sociocultural theory to distinguish between errors and mistakes in texts written by learners of French, to then\ninvestigate the extent to which interlanguage competence varies across time, text types, and students. The key outcomes include:\n\n1. An expanded model based on dynamic assessment principles to distinguish between errors and mistakes, which also provides the structure to create and observe learners’ zone of proximal development;\n2. A method to increase the accuracy of the part-of-speech tagging procedure whose reliability correlates with the number of incorrect words contained in learners’ texts;\n3. A sociocultural insight into interlanguage variability research. Results demonstrate that interlanguage competence is as variable as performance. The main finding shows that knowledge over time is subject to not only systematic, but also unsystematic variations.","openalex, scopus, wos",llm,0.930,unreviewed,
discarded,Simplified Single Source Xml Model: for Student-Centered Educational Content Management,Tamara Taylor,2012,ePublications at Regis University (Regis University),,https://openalex.org/W2412536399,structured-document-authoring-no-learner-data,"This study investigates XML as a single source, recommending solutions and defining future needs for educators to manage student-centered educational content for diverse user preferences and multi-modal delivery. This research proposes a simplified XML single source model for educational course content management and XSL transformation of course material into multi-modal display/output that enables student-centered learning. The reviewed literature exposed four problem areas related to content management in which an XML single source might be a solution. Reviewed and synthesized literature related to XML into a cubed relationship with opposing the sides of the cube (content management/single source, corporate goals/educational goals and reuse/re-purpose) compared and contrasted. The result points to the need for a simplified XML model in order to realize the potential of educational goals for student-centered transformations (re-purposing content) and to future proof content management that is device independent and provides possible solutions to the problem areas in content management and technology management of course material.","openalex, scopus, wos",llm,0.820,unreviewed,
discarded,Methodologies and tools for expert knowledge sharing in manual assembly industries by using augmented reality,Traian Lavric,2022,HAL (Le Centre pour la Communication Scientifique Directe),,https://openalex.org/W4392443743,general-training-not-target,"Abstract: To remain competitive in the ongoing industrial revolution (i.e., Industry 4.0), manufacturing sectors must ensure high flexibility at the production level, a need best addressed by skilled human workforce. As traditional training becomes increasingly inefficient, finding a better way of training novice workers becomes a critical requirement. Literature suggests that augmented reality (AR), an emerging technology proposed by Industry 4.0, can potentially address this concern.The benefits of AR-based knowledge sharing tools have been demonstrated in a variety of domains, including industry, from manufacturing to validation and maintenance. However, despite the progress of AR in recent years, no significant industrial breakthrough can be noted. We found that most AR systems are elaborated and evaluated under controlled settings, without the implication of the eventual end users. Guided by literature recommendations, we conducted a long-term case study in a manual assembly factory, to identify needs and expectations that an AR training system should meet, to optimally address the considered industrial sector.Further, we conducted an in-depth analysis on information representation and conveyance in AR, with respect to cognitive implications and content authoring efforts. We explored as well human-computer interaction paradigms to identify principles and design guidelines for elaborating an AR tool dedicated to the shop floor context. We found that the visual representation of the assembly expertise in AR can rely on spatially registered low-cost visual assets (i.e., text, photo, video, and predefined auxiliary data), while a human-centered design should be adopted during the elaboration of the AR system, prioritizing usability and usefulness rather than performance.We defined a formalized visual representation (i.e., 2W1H principle) of assembly operations in AR, that considers authoring concerns and supports training performance. We proposed an HMD-only immersive authoring that allows one to capture his assembly expertise in-situ, during the assembly itself. The authoring is a one-step process, does not rely on existing data or external services and does not require AR or technical expertise, pre- or post-processing of data. During training, the assembly information is conveyed via AR by following the 2W1H principle, designed to guide novice workers in a natural, non-intrusive manner, minimizing user input and UI clutter, and aiming to optimize comprehension and learning.We evaluated our proposal by conducting several experiments. The first, conducted on a real-world assembly workstation, confirmed the hypothesis that spatially registered low-cost visual assets can effectively convey manual assembly expertise to novice workers via AR in an industrial setup. The findings of the second experiment supported the assumption that the worthiness of authoring CAD-based AR instructions in similar industrial context is questionable. A final experiment proved that the proposed AR system, including both authoring and training procedures, can be used effectively by novices in a matter of minutes. The overall reported feedback demonstrated the usability and efficiency of the proposed AR training approach, indicating that a similar system implementation could be successfully adopted in shop floor environments.Future work should validate the reported experimental findings in large-scale industrial evaluations and propose reliable “intelligent” modules (e.g., assembly validation and feedback) to better assist novice workers during training and optimize the authoring procedure as well.","openalex, scopus, wos",llm,0.920,unreviewed,
discarded,Revitalizing Battle Staff Training,Karol G. Ross; Linda G. Pierce; Marie C. Baehr,1999,,10.21236/ada375970,https://openalex.org/W256770008,general-training-not-target,The Depth and Simultaneous Attack Battle Laboratory (D&SABL) and the U.S. Army Research Laboratory (ARL) are in a position to bring advanced training technology into fire support institutional training. Using D&SABL resources to introduce and refine scientifically based learning research findings as well as,"openalex, scopus, wos",llm,0.930,unreviewed,
discarded,Enhancing student learning journeys with semantically annotated content,Zainb Dawod,2017,Brunel University Research Archive (BURA) (Brunel University London),,https://openalex.org/W2953087327,semantic-annotation-no-learner-data,This thesis was submitted for the award of Doctor of Philosophy and was awarded by Brunel University London,"openalex, scopus, wos",llm,0.860,unreviewed,
discarded,"""A model-driven approach for designing multi-platform user interface dialogues"": dialogues specification",Mbaki Luzayisu,2013,HAL (Le Centre pour la Communication Scientifique Directe),,https://openalex.org/W4393393268,model-driven-ui-not-target,A Model-Driven Approach for Designing Multi-platform User Interface Dialogues,"openalex, scopus, wos",llm,0.950,unreviewed,
