status,title,authors,year,venue,doi,url,tags,abstract,provider,decision_source,llm_confidence,llm_review_outcome,llm_change_direction
discarded,Natural language processing,Gobinda Chowdhury,2003,Annual Review of Information Science and Technology,10.1002/aris.1440370103,https://openalex.org/W2031213082,unrelated-domain,"Previous ARIST chapters (Haas, 1996;Warner, 1987) described a number of theoretical developments that have influenced research in NLP.The most recent theoretical developments can be grouped into four classes: (i) statistical and corpus-based methods in NLP, (ii) recent efforts to use WordNet for NLP research, (iii) the resurgence of interest in finite-state and other computationally lean approaches to NLP, and (iv) the initiation of collaborative projects to create large grammar and NLP tools.Statistical methods are used in NLP for a number of purposes, e.g., for word sense disambiguation, for generating grammars and parsing, for determining stylistic evidences of authors and speakers, and so on.Charniak (1995) points out that 90% accuracy can be obtained in assigning part-of-speech tag to a word by applying simple statistical measures.Jelinek (1999) is a widely cited source on the use of statistical methods in NLP, especially in speech processing.Rosenfield (2000) reviews statistical language models for speech processing and argues for a Bayesian approach to the integration of linguistic theories of data.Mihalcea & Moldovan (1999) mention that although thus far statistical approaches have been considered the best for word sense disambiguation, they are useful only in a small set of texts.They propose the use of WordNet to improve the results of statistical analyses of natural language texts.WordNet is an online lexical reference system developed at Princeton University.This is an excellent NLP tool containing English nouns, verbs, adjectives and adverbs organized into synonym sets, each representing one underlying lexical concept.Details of WordNet is available in Fellbaum ( 1998) and on the web (http://www.cogsci.princeton.edu/~wn/).WordNet is now used in a number of NLP research and applications.One of the major applications of WordNet in NLP has been in Europe with the formation EuroWordNet in 1996.EuroWordNet is a multilingual database with WordNets for several European languages including Dutch, Italian, Spanish, German, French, Czech and Estonian, structured in the same way as the WordNet for English (http://www.hum.uva.nl/~ewn/).The finite-state automation is the mathematical device used to implement regular expressions -the standard notation for characterizing text sequences.Variations of automata such as finite-state transducers, Hidden Markov Models, and n-gram grammars are important components of speech recognition and speech synthesis, spell-checking, and information extraction which are the important applications of NLP.Different applications of the Finite State methods in NLP have been discussed by Jurafsky & Martin (2000), Kornai (1999) and Roche & Shabes (1997).The work of NLP researchers has been greatly facilitated by the availability of large-scale grammar for parsing and generation.Researchers can get access to large-scale grammars and tools through several websites, for example Lingo","openalex, scopus, wos",llm,0.980,unreviewed,
discarded,The impact of a virtual teaching assistant (chatbot) on students' learning in Ghanaian higher education,Harry Barton Essel; Dimitrios Vlachopoulos; Akosua Tachie-Menson; Esi Eduafua Johnson; Papa Kwame Baah,2022,International Journal of Educational Technology in Higher Education,10.1186/s41239-022-00362-6,https://openalex.org/W4308947461,general-edtech-not-target-domain,"Abstract Chatbot usage is evolving rapidly in various fields, including higher education. The present study’s purpose is to discuss the effect of a virtual teaching assistant (chatbot) that automatically responds to a student’s question. A pretest–posttest design was implemented, with the 68 participating undergraduate students being randomly allocated to scenarios representing a 2 × 2 design (experimental and control cohorts). Data was garnered utilizing an academic achievement test and focus groups, which allowed more in depth analysis of the students’ experience with the chatbot. The results of the study demonstrated that the students who interacted with the chatbot performed better academically comparing to those who interacted with the course instructor. Besides, the focus group data garnered from the experimental cohort illustrated that they were confident about the chatbot’s integration into the course. The present study essentially focused on the learning of the experimental cohort and their view regarding interaction with the chatbot. This study contributes the emerging artificial intelligence (AI) chatbot literature to improve student academic performance. To our knowledge, this is the first study in Ghana to integrate a chatbot to engage undergraduate students. This study provides critical information on the use and development of virtual teaching assistants using a zero-coding technique, which is the most suitable approach for organizations with limited financial and human resources.","openalex, scopus, wos",llm,0.950,unreviewed,
discarded,Assessment in and of Serious Games: An Overview,Francesco Bellotti; Bill Kapralos; Kiju Lee; Pablo Moreno‐Ger; Riccardo Berta,2013,Advances in Human-Computer Interaction,10.1155/2013/136864,https://openalex.org/W2043238171,general-edtech-not-target-domain,"There is a consensus that serious games have a significant potential as a tool for instruction. However, their effectiveness in terms of learning outcomes is still understudied mainly due to the complexity involved in assessing intangible measures. A systematic approach—based on established principles and guidelines—is necessary to enhance the design of serious games, and many studies lack a rigorous assessment. An important aspect in the evaluation of serious games, like other educational tools, is user performance assessment. This is an important area of exploration because serious games are intended to evaluate the learning progress as well as the outcomes. This also emphasizes the importance of providing appropriate feedback to the player. Moreover, performance assessment enables adaptivity and personalization to meet individual needs in various aspects, such as learning styles, information provision rates, feedback, and so forth. This paper first reviews related literature regarding the educational effectiveness of serious games. It then discusses how to assess the learning impact of serious games and methods for competence and skill assessment. Finally, it suggests two major directions for future research: characterization of the player’s activity and better integration of assessment in games.","openalex, scopus, wos",llm,0.950,unreviewed,
discarded,Early Alert of Academically At-Risk Students: An Open Source Analytics Initiative,Sandeep M. Jayaprakash; Erik W. Moody; Eitel J. M. Lauría; James R. Regan; Joshua D. Baron,2014,Journal of Learning Analytics,10.18608/jla.2014.11.3,https://openalex.org/W1486785378,general-edtech-not-target-domain,"The Open Academic Analytics Initiative (OAAI) is a collaborative, multi-year grant program aimed at researching issues related to the scaling up of learning analytics technologies and solutions across all of higher education. The paper describes the goals and objectives of the OAAI, depicts the process and challenges of collecting, organizing and mining student data to predict academic risk, and report results on the predictive performance of those models, their portability across pilot programs at partner institutions, and the results of interventions on at-risk students.","openalex, scopus, wos",llm,0.950,unreviewed,
discarded,USING ASYNCHRONOUS AUDIO FEEDBACK TO ENHANCE TEACHING PRESENCE AND STUDENTS’ SENSE OF COMMUNITY,Philip Ice; Reagan Curtis; Perry D. Phillips; John G. Wells,2007,Online Learning,10.24059/olj.v11i2.1724,https://openalex.org/W1533649901,general-edtech-not-target-domain,"This paper reports the findings of a case study in which audio feedback replaced text-based feedback in asynchronous courses. Previous research has demonstrated that participants in online courses can build effective learning communities through text based communication alone. Similarly, it has been demonstrated that instructors for online courses can adequately project immediacy behaviors using text-based communication. However, we believed that the inclusion of an auditory element might strengthen both the sense of community and the instructor's ability to affect more personalized communication with students. Over the course of one semester, students in this study received a mixture of asynchronous audio and text-based feedback. Our findings revealed extremely high student satisfaction with embedded asynchronous audio feedback as compared to asynchronous text only feedback. Four themes, which accounted for this preference, were culled out in an iterative, inductive analysis of interview data: 1. Audio feedback was perceived to be more effective than text-based feedback for conveying nuance; 2. Audio feedback was associated with feelings of increased involvement and enhanced learning community interactions; 3. Audio feedback was associated with increased retention of content; and 4. Audio feedback was associated with the perception that the instructor cared more about the student. Document analysis revealed that students were three times more likely to apply content for which audio commenting was provided in class projects than was the case for content for which text based commenting was provided. Audio commenting was also found to significantly increase the level at which students applied such content. Implications of this case study and directions for future research are addressed in the discussion and conclusions section of this paper.","openalex, scopus, wos",llm,0.950,unreviewed,
discarded,Interacting with educational chatbots: A systematic review,Mohammad Amin Kuhail; Nazik Alturki; Salwa Alramlawi; Kholood Alhejori,2022,Education and Information Technologies,10.1007/s10639-022-11177-3,https://openalex.org/W4284991798,general-edtech-not-target-domain,"Abstract Chatbots hold the promise of revolutionizing education by engaging learners, personalizing learning activities, supporting educators, and developing deep insight into learners’ behavior. However, there is a lack of studies that analyze the recent evidence-based chatbot-learner interaction design techniques applied in education. This study presents a systematic review of 36 papers to understand, compare, and reflect on recent attempts to utilize chatbots in education using seven dimensions: educational field, platform, design principles, the role of chatbots, interaction styles, evidence, and limitations. The results show that the chatbots were mainly designed on a web platform to teach computer science, language, general education, and a few other fields such as engineering and mathematics. Further, more than half of the chatbots were used as teaching agents, while more than a third were peer agents. Most of the chatbots used a predetermined conversational path, and more than a quarter utilized a personalized learning approach that catered to students’ learning needs, while other chatbots used experiential and collaborative learning besides other design principles. Moreover, more than a third of the chatbots were evaluated with experiments, and the results primarily point to improved learning and subjective satisfaction. Challenges and limitations include inadequate or insufficient dataset training and a lack of reliance on usability heuristics. Future studies should explore the effect of chatbot personality and localization on subjective satisfaction and learning effectiveness.","openalex, scopus, wos",llm,0.950,unreviewed,
discarded,Assessment of chemistry knowledge in large language models that generate code,Andrew Dickson White; Glen M. Hocky; Heta A. Gandhi; Mehrad Ansari; Sam Cox; Geemi P. Wellawatte; Subarna Sasmal; Ziyue Yang; Kangxin Liu; Yuvraj Singh; Willmor J. Peña Ccoa,2023,Digital Discovery,10.1039/d2dd00087c,https://openalex.org/W4319996831,assessment-tool-not-target-domain,"prompt engineering strategies, like putting copyright notices at the top of files. Our dataset and evaluation tools are open source which can be contributed to or built upon by future researchers, and will serve as a community resource for evaluating the performance of new models as they emerge. We also describe some good practices for employing LLMs in chemistry. The general success of these models demonstrates that their impact on chemistry teaching and research is poised to be enormous.","openalex, scopus, wos",llm,0.950,unreviewed,
discarded,A review of computer-assisted assessment,Gráinne Conole; Bill Warburton,2005,Research in Learning Technology,10.3402/rlt.v13i1.10970,https://openalex.org/W2128474890,general-assessment-review,"Pressure for better measurement of stated learning outcomes has resulted in a demand for more frequent assessment. The resources available are seen to be static or dwindling, but Information and Communications Technology is seen to increase productivity by automating assessment tasks. This paper reviews computer-assisted assessment (CAA) and suggests future developments. A search was conducted of CAA-related literature from the past decade to trace the development of CAA from the beginnings of its large-scale use in higher education. Lack of resources, individual inertia and risk propensity are key barriers for individual academics, while proper resourcing and cultural factors outweigh technical barriers at the institutional level.DOI: 10.1080/0968776042000339772","openalex, scopus, wos",llm,0.910,unreviewed,
discarded,Opening Doors or Slamming Them Shut? Online Learning Practices and Students with Disabilities,Sheryl Burgstahler,2015,Social Inclusion,10.17645/si.v3i6.420,https://openalex.org/W2204702682,accessibility-not-target,"Online learning has the potential to open doors to education for everyone who has access to the technology required to participate. Or does it? When it comes to social inclusion in online learning, who are the “haves” and who are the “have-nots?” Some online learning practices erect barriers to individuals with disabilities—uncaptioned videos are not accessible to students who are deaf, content presented only within graphic images is not accessible to individuals who are blind, unorganized content cluttered on a page creates barriers to some students with learning disabilities and attention deficits, web pages that require the use of a mouse are inaccessible to those who cannot operate a mouse. This article explores the question, “What online learning practices make social inclusion possible for individuals with disabilities?” The author answers this question with lessons learned from her own teaching experiences as well as those presented in research and practice literature. She also shares overall characteristics of distance learning programs that promote the social inclusion of students with disabilities in their courses. The author points out how making courses welcoming to, accessible to, and usable by individuals with disabilities may promote the social inclusion of other students as well. She recommends further dissemination and future research regarding inclusive practices in online learning.","openalex, scopus, wos",llm,0.930,unreviewed,
discarded,Applying Principles of Universal Design to Test Delivery: The Effect of Computer-Based Read-Aloud on Test Performance of High School Students with Learning Disabilities,Robert Dolan; Tracey E. Hall; Manju Banerjee; Euljung Chun; Nicole Strangman,2005,Open Access Journals at BC (Boston College),,https://openalex.org/W1521259699,accessibility-not-target,"Standards-based reform efforts are highly dependent on accurate assessment of all students, including those with disabilities.The accuracy of current large-scale assessments is undermined by construct-irrelevant factors including access barriers, a particular problem for students with disabilities.Testing accommodations such as the read-aloud have led to improvement, but research findings suggest the need for a more flexible, individualized approach to accommodations.The current pilot study applies principles of Universal Design for Learning to the creation of a prototype computer-based test delivery tool that provides students with a flexible, customizable testing environment with the option for read-aloud of test content.Two contrasting methods were used to deliver two equivalent forms of a National Assessment of Educational Progress United States history and civics test to ten high school students with learning disabilities.In a counterbalanced design, students were administered one form via traditional paper-and-pencil (PPT) and the other via a computer-based system with optional text-to-speech (CBT-TTS).Test scores were calculated, and student surveys, structured interviews, field observations, and usage tracking were conducted to derive information about student preferences and patterns of use.Results indicate a significant increase in scores on the CBT-TTS versus PPT administration for questions with reading passages greater than 100 words in length.Qualitative findings also support the effectiveness of CBT-TTS, which students generally preferred over PPT.The results of this pilot study provide preliminary support for the potential benefits and usability of digital technologies in creating universally designed assessments that more fairly and accurately test students with disabilities.","openalex, scopus, wos",llm,0.930,unreviewed,
discarded,ActiveMath: A Generic and Adaptive Web-Based Learning Environment,Erica Melis⋆; Eric Andrés; Jochen Büdenbender; Adrian Frischauf; Paul Libbrecht; Martin Pollet; Carsten Ullrich; Erica Melis⋆; Eric Andrés; Jochen Büdenbender; Adrian Frischauf; George Goguadze; Martin Pollet; Carsten Ullrich,2001,HAL (Le Centre pour la Communication Scientifique Directe),,https://openalex.org/W2150840043,structured-document-authoring-no-learner-data,"Abstract. ActiveMath is a generic web-based learning system that dynamically generates interactive (mathematical) courses adapted to the student’s goals, preferences, capabilities, and knowledge. The content is represented in an semantic xml-based format. For each user, the appropriate content is retrieved from a knowledge base and the course is generated individually according to pedagogical rules. Then the course is presented to the user via a standard webbrowser. One of the exceptional features of ActiveMath is its integration of stand-alone mathematical service systems. This offers the means for exploratory learning, realistically complex exercises as well as for learning proof methods. The article provides a comprehensive account of the current version of ActiveMath.","openalex, scopus, wos",llm,0.850,unreviewed,
discarded,Capturing Chaos: Rendering Handwritten Language Documents,John C. Henderson,2008,ScholarSpace (University of Hawaii at Manoa),,https://openalex.org/W1614965893,structured-document-authoring-no-learner-data,"This paper demonstrates how the nature of a source language document, and the broad goals set for the usability of the content, can direct the process of creating digital language documentation from that source. Gerhardt Laves’ handwritten 1931 field notes on Noongar language and culture of southwestern Australia were retranscribed using an XML markup scheme and processed in various ways using XSLT. The central goals were to produce usable resources for community language activities and for linguistic and other scholarly analysis. A specific requirement for a rough facsimile representation, in recognizing that some of the graphic form of the notes was content that should be represented in the markup, contributed significantly to the specification of the markup scheme. Consultation with the Noongar community led to the recognition of Noongar families’ rights in the materials and the recognition of culturally sensitive content, which together led to a requirement for multiple versions with varying content. The general nature of these handwritten notes also raises important issues of reliability and attribution that must be handled in the markup scheme.","openalex, scopus, wos",llm,0.780,unreviewed,
