status,title,authors,year,venue,doi,url,tags,abstract,provider,decision_source,llm_confidence,llm_review_outcome,llm_change_direction
kept,Navigating Compiler Errors with AI Assistance - A Study of GPT Hints in an Introductory Programming Course,Maciej Pankiewicz; Ryan S. Baker,2024,,10.1145/3649217.3653608,https://openalex.org/W4393027606,compiler-error-messages; ai-assisted-debugging; novice-programmers; intervention-study; error-messages-corroboration,"We examined the efficacy of AI-assisted learning in an introductory programming course at the university level by using a GPT-4 model to generate personalized hints for compiler errors within a platform for automated assessment of programming assignments. The control group had no access to GPT hints. In the experimental condition GPT hints were provided when a compiler error was detected, for the first half of the problems in each module. For the latter half of the module, hints were disabled. Students highly rated the usefulness of GPT hints. In affect surveys, the experimental group reported significantly higher levels of focus and lower levels of confrustion (confusion and frustration) than the control group. For the six most commonly occurring error types we observed mixed results in terms of performance when access to GPT hints was enabled for the experimental group. However, in the absence of GPT hints, the experimental group's performance surpassed the control group for five out of the six error types.","openalex, scopus, wos",human,0.990,human,
discarded,Framework for SQL Error Message Design: A Data-Driven Approach,Toni Taipalus; Hilkka Grahn,2023,ACM Transactions on Software Engineering and Methodology,10.1145/3607180,https://openalex.org/W4383223779,sql-error-messages; error-message-design; novice-users; error-messages-other-language-tooling,"Software developers use a significant amount of time reading and interpreting error messages. However, error messages have often been based on either anecdotal evidence or expert opinion, disregarding novices, who arguably are the ones who benefit the most from effective error messages. Furthermore, the usability aspects of Structured Query Language (SQL) error messages have not received much scientific attention. In this mixed-methods study, we coded a total of 128 error messages from eight database management systems (DBMS), and using data from 311 participants, analysed 4,796 queries using regression analysis to find out if and how acknowledged error message qualities explain SQL syntax error fixing success rates. Additionally, we performed a conventional content analysis on 1,505 suggestions on how to improve SQL error messages, and based on the analysis, formulated a framework consisting of nine guidelines for SQL error message design. The results indicate that general error message qualities do not necessarily explain query fixing success in the context of SQL syntax errors and that even some novel NewSQL systems fail to account for basic error message design guidelines. The error message design framework and examples of its practical applications shown in this study are applicable in educational contexts as well as by DBMS vendors in understanding novice perspectives in error message design.","openalex, scopus, wos",human,0.990,human,
discarded,Decoding Logic Errors: A Comparative Study on Bug Detection by Students and Large Language Models,Stephen MacNeil; Paul Denny; Andrew Tran; Juho Leinonen; Seth Bernstein; Arto Hellas; Sami Sarsa; Joanne Kim,2024,,10.1145/3636243.3636245,https://openalex.org/W4390490882,logic-errors-not-compiler-errors,"Identifying and resolving logic errors can be one of the most frustrating challenges for novices programmers. Unlike syntax errors, for which a compiler or interpreter can issue a message, logic errors can be subtle. In certain conditions, buggy code may even exhibit correct behavior – in other cases, the issue might be about how a problem statement has been interpreted. Such errors can be hard to spot when reading the code, and they can also at times be missed by automated tests. There is great educational potential in automatically detecting logic errors, especially when paired with suitable feedback for novices. Large language models (LLMs) have recently demonstrated surprising performance for a range of computing tasks, including generating and explaining code. These capabilities are closely linked to code syntax, which aligns with the next token prediction behavior of LLMs. On the other hand, logic errors relate to the runtime performance of code and thus may not be as well suited to analysis by LLMs. To explore this, we investigate the performance of two popular LLMs, GPT-3 and GPT-4, for detecting and providing a novice-friendly explanation of logic errors. We compare LLM performance with a large cohort of introductory computing students (n = 964) solving the same error detection task. Through a mixed-methods analysis of student and model responses, we observe significant improvement in logic error identification between the previous and current generation of LLMs, and find that both LLM generations significantly outperform students. We outline how such models could be integrated into computing education tools, and discuss their potential for supporting students when learning programming.","openalex, scopus, wos",llm,0.880,unreviewed,
discarded,Enhancing Interactive Theorem Prover Error Messages with Hints,Khakimova M.,2026,Leibniz International Proceedings in Informatics Lipics,10.4230/LIPIcs.ITP.2026.5,https://www.scopus.com/inward/record.uri?partnerID=HzOxMe3b&scp=105045835805&origin=inward,error-message-hints; formal-languages; error-recovery; error-messages-other-language-tooling,,"openalex, scopus, wos",human,0.760,human,
discarded,Using LLMs in Generating Design Rationale for Software Architecture Decisions,Zhou X.,2026,ACM Transactions on Software Engineering and Methodology,10.1145/3785010,https://www.scopus.com/inward/record.uri?partnerID=HzOxMe3b&scp=105045927782&origin=inward,software-engineering-not-target,,"openalex, scopus, wos",llm,0.940,unreviewed,
discarded,FORGET-SE: A Controlled Dataset to Investigate Memory Decay and Interference in Software Engineering Knowledge Tracing,Sha A.,2026,Proceedings 2026 IEEE ACM 48th International Conference on Software Engineering Education and Training ICSE Seet 2026,10.1145/3786580.3786952,https://www.scopus.com/inward/record.uri?partnerID=HzOxMe3b&scp=105045842039&origin=inward,general-computing-education-not-target,,"openalex, scopus, wos",llm,0.880,unreviewed,
discarded,A survey on large language models for software engineering,Zhang Q.,2026,Science China Information Sciences,10.1007/s11432-025-4670-0,https://www.scopus.com/inward/record.uri?partnerID=HzOxMe3b&scp=105033893310&origin=inward,general-ai-review-not-target,,"openalex, scopus, wos",llm,0.950,unreviewed,
discarded,Navigating the Ethical and Societal Impacts of Generative AI in Higher Computing Education,Mak J.,2026,Iticse Wgr 2025 Publication of the 2025 Working Group Reports on Innovation and Technology in Computer Science Education,10.1145/3760545.3783975,https://www.scopus.com/inward/record.uri?partnerID=HzOxMe3b&scp=105031882119&origin=inward,general-computing-education-not-target,,"openalex, scopus, wos",llm,0.920,unreviewed,
discarded,Impacts of a ChatGPT-supported concept mapping approach on students’ database programming achievement and their problem-solving and critical thinking awareness,Lee Y.F.,2026,Interactive Learning Environments,10.1080/10494820.2025.2523395,https://www.scopus.com/inward/record.uri?partnerID=HzOxMe3b&scp=105009950104&origin=inward,general-programming-not-target,,"openalex, scopus, wos",llm,0.880,unreviewed,
discarded,Beyond the Benefits: A Systematic Review of the Harms and Consequences of Generative AI in Computing Education,Bernstein S.,2025,Proceedings of 25th International Conference on Computing Education Research Koli Calling 2025,10.1145/3769994.3770036,https://www.scopus.com/inward/record.uri?partnerID=HzOxMe3b&scp=105022932725&origin=inward,general-computing-education-not-target,,"openalex, scopus, wos",llm,0.900,unreviewed,
discarded,Porpoise: An LLM-Based Sandbox for Novices to Practice Writing Purpose Statements,Krishnamurthi S.,2025,Splash E 2025 Proceedings of the 2025 ACM SIGPLAN International Symposium on Splash E Co Located with ICFP Splash 2025,10.1145/3758317.3759683,https://www.scopus.com/inward/record.uri?partnerID=HzOxMe3b&scp=105021314473&origin=inward,writing-support-not-target,,"openalex, scopus, wos",llm,0.900,unreviewed,
discarded,Integrating Computational Thinking Diagnostic Mechanism and Reflective Learning: An Innovative Approach to Enhance Learning Outcomes in Introductory Programming,Wu T.T.,2025,Journal of Computer Assisted Learning,10.1111/jcal.70121,https://www.scopus.com/inward/record.uri?partnerID=HzOxMe3b&scp=105015161169&origin=inward,general-programming-not-target,,"openalex, scopus, wos",llm,0.870,unreviewed,
discarded,Modeling structured programming with Strudel: a simulation runtime for programming education tools,Santos A.L.,2025,Software and Systems Modeling,10.1007/s10270-025-01337-7,https://www.scopus.com/inward/record.uri?partnerID=HzOxMe3b&scp=105023492643&origin=inward,programming-education-tooling-not-target,,"openalex, scopus, wos",llm,0.880,unreviewed,
discarded,A randomized controlled trial on the nomenclature of scientific computing,Kluthe T.,2025,Computer Science Education,10.1080/08993408.2024.2403971,https://www.scopus.com/inward/record.uri?partnerID=HzOxMe3b&scp=85208927068&origin=inward,general-scientific-computing-not-target,,"openalex, scopus, wos",llm,0.880,unreviewed,
discarded,"Deep learning-based software engineering: progress, challenges, and opportunities",Chen X.,2025,Science China Information Sciences,10.1007/s11432-023-4127-5,https://www.scopus.com/inward/record.uri?partnerID=HzOxMe3b&scp=85213975936&origin=inward,software-engineering-not-target,,"openalex, scopus, wos",llm,0.950,unreviewed,
discarded,Decoding Debugging Instruction: A Systematic Literature Review of Debugging Interventions,Yang S.,2024,ACM Transactions on Computing Education,10.1145/3690652,https://www.scopus.com/inward/record.uri?partnerID=HzOxMe3b&scp=85213009639&origin=inward,general-debugging-not-error-messages,,"openalex, scopus, wos",llm,0.860,unreviewed,
discarded,Scaffolding in Teacher–Student Interaction: A Decade of Research,Janneke van de Pol; Monique Volman; J.J. Beishuizen,2010,Educational Psychology Review,10.1007/s10648-010-9127-6,https://openalex.org/W2156300785,general-education-method,"Although scaffolding is an important and frequently studied concept, much discussion exists with regard to its conceptualizations, appearances, and effectiveness. Departing from the last decade’s scaffolding literature, this review scrutinizes these three areas of scaffolding. First, contingency, fading, and transfer of responsibility are discerned in this review as the three key characteristics of scaffolding. Second, an overview is presented of the numerous descriptive studies that provided narratives on the appearances of scaffolding and classifications of scaffolding strategies. These strategies are synthesized into a framework for analysis, distinguishing between scaffolding means and intentions . Third, the small number of effectiveness studies available is discussed and the results suggest that scaffolding is effective. However, more research is needed. The main challenge in scaffolding research appears to be its measurement. Based on the encountered and described measurement problems, suggestions for future research are made.","openalex, scopus, wos",llm,0.880,unreviewed,
discarded,Online Teaching and Learning in Higher Education during the Coronavirus Pandemic: Students’ Perspective,Claudiu Coman; Laurențiu Gabriel Țîru; Luiza Meseșan-Schmitz; Carmen Stanciu; Maria Cristina Bularca,2020,Sustainability,10.3390/su122410367,https://openalex.org/W3113033734,general-edtech-not-target-domain,"The research focuses on identifying the way in which Romanian universities managed to provide knowledge during the Coronavirus pandemic, when, in a very short time, universities had to adapt the educational process for exclusively online teaching and learning. In this regard, we analyzed students’ perception regarding online learning, their capacity to assimilate information, and the use of E-learning platforms. An online survey based on a semi-structured questionnaire was conducted. Data was collected from 762 students from two of the largest Romanian universities. The results of the research revealed that higher education institutions in Romania were not prepared for exclusively online learning. Thus, the advantages of online learning identified in other studies seem to diminish in value, while disadvantages become more prominent. The hierarchy of problems that arise in online learning changes in the context of the crisis caused by the pandemic. Technical issues are the most important, followed by teachers’ lack of technical skills and their teaching style improperly adapted to the online environment. However, the last place was assigned by students to the lack of interaction with teachers or poor communication with them. Based on these findings, research implications for universities and researchers are discussed.","openalex, scopus, wos",llm,0.950,unreviewed,
discarded,A comparison of reading paper and on-line documents,Kenton O’Hara; Abigail Sellen,1997,,10.1145/258549.258787,https://openalex.org/W2122624458,document-reading; paper-vs-screen; wysiwyg-vs-document-use; not-about-learner-understanding,"We report on a laboratory study that compares reading from paper to reading on-line. Critical differences have to do with the major advantages paper offers in supporting annotation while reading, quick navigation, and flexibility of spatial layout. These, in turn, allow readers to deepen their understanding of the text, extract a sense of its structure, create a plan for writing, cross-refer to other documents, and interleave reading and writing. We discuss the design implications of these findings for the development of better reading technologies.","openalex, scopus, wos",human,0.860,human,
discarded,Learning to Learn: On Training Students to Learn from Texts,Ann L. Brown; Joseph C. Campione; Jeanne D. Day,1981,Educational Researcher,10.3102/0013189x010002014,https://openalex.org/W2034089873,general-learning-theory,"Based on an invited address given by the first author at the annual meetings of the American Educational Research Association in Boston, April 1980.","openalex, scopus, wos",llm,0.890,unreviewed,
discarded,Mapping research in student engagement and educational technology in higher education: a systematic evidence map,Melissa Bond; Katja Buntins; Svenja Bedenlier; Olaf Zawacki‐Richter; Michael Kerres,2020,International Journal of Educational Technology in Higher Education,10.1186/s41239-019-0176-8,https://openalex.org/W3014646985,general-edtech-not-target-domain,"Abstract Digital technology has become a central aspect of higher education, inherently affecting all aspects of the student experience. It has also been linked to an increase in behavioural, affective and cognitive student engagement, the facilitation of which is a central concern of educators. In order to delineate the complex nexus of technology and student engagement, this article systematically maps research from 243 studies published between 2007 and 2016. Research within the corpus was predominantly undertaken within the United States and the United Kingdom, with only limited research undertaken in the Global South, and largely focused on the fields of Arts & Humanities, Education, and Natural Sciences, Mathematics & Statistics. Studies most often used quantitative methods, followed by mixed methods, with little qualitative research methods employed. Few studies provided a definition of student engagement, and less than half were guided by a theoretical framework. The courses investigated used blended learning and text-based tools (e.g. discussion forums) most often, with undergraduate students as the primary target group. Stemming from the use of educational technology, behavioural engagement was by far the most often identified dimension, followed by affective and cognitive engagement. This mapping article provides the grounds for further exploration into discipline-specific use of technology to foster student engagement.","openalex, scopus, wos",llm,0.950,unreviewed,
discarded,The cost structure of sensemaking,Daniel M. Russell; Mark Stefik; Peter Pirolli; Stuart K. Card,1993,,10.1145/169059.169209,https://openalex.org/W2135880665,sensemaking-theory-not-target,Making sense of a body of data is a common activity in any kind of analysis. Sensemaking is the process of searching for a representation and encoding data in that representation to answer task-specific questions. Different operations during sensemaking require different cognitive and external resources. Representations are chosen and changed to reduce the cost of operations in an information processing task. The power of these representational shifts is generally under-appreciated as is the relation between sensemaking and information retrieval.,"openalex, scopus, wos",llm,0.850,unreviewed,
discarded,Mining Social Media Data for Understanding Students’ Learning Experiences,Xin Chen; Mihaela Vorvoreanu; Krishna Madhavan,2014,IEEE Transactions on Learning Technologies,10.1109/tlt.2013.2296520,https://openalex.org/W2086093608,general-edtech-not-target-domain,"Students’ informal conversations on social media (e.g., Twitter, Facebook) shed light into their educational experiences—opinions, feelings, and concerns about the learning process. Data from such uninstrumented environments can provide valuable knowledge to inform student learning. Analyzing such data, however, can be challenging. The complexity of students’ experiences reflected from social media content requires human interpretation. However, the growing scale of data demands automatic data analysis techniques. In this paper, we developed a workflow to integrate both qualitative analysis and large-scale data mining techniques. We focused on engineering students’ Twitter posts to understand issues and problems in their educational experiences. We first conducted a qualitative analysis on samples taken from about 25,000 tweets related to engineering students’ college life. We found engineering students encounter problems such as heavy study load, lack of social engagement, and sleep deprivation. Based on these results, we implemented a multi-label classification algorithm to classify tweets reflecting students’ problems. We then used the algorithm to train a detector of student problems from about 35,000 tweets streamed at the geo-location of Purdue University. This work, for the first time, presents a methodology and results that show how informal social media data can provide insights into students’ experiences.","openalex, scopus, wos",llm,0.940,unreviewed,
discarded,Shared Decision Making: A Model for Clinical Practice,Glyn Elwyn; Dominick L. Frosch; Richard Thomson; Natalie Joseph‐Williams; Amy Lloyd; Paul Kinnersley; Emma Cording; Dave Tomson; Carole Dodd; Stephen Rollnick; Adrian Edwards; Michael J. Barry,2012,Journal of General Internal Medicine,10.1007/s11606-012-2077-6,https://openalex.org/W2041927436,unrelated-domain,"The principles of shared decision making are well documented but there is a lack of guidance about how to accomplish the approach in routine clinical practice. Our aim here is to translate existing conceptual descriptions into a three-step model that is practical, easy to remember, and can act as a guide to skill development. Achieving shared decision making depends on building a good relationship in the clinical encounter so that information is shared and patients are supported to deliberate and express their preferences and views during the decision making process. To accomplish these tasks, we propose a model of how to do shared decision making that is based on choice, option and decision talk. The model has three steps: a) introducing choice, b) describing options, often by integrating the use of patient decision support, and c) helping patients explore preferences and make decisions. This model rests on supporting a process of deliberation, and on understanding that decisions should be influenced by exploring and respecting ""what matters most"" to patients as individuals, and that this exploration in turn depends on them developing informed preferences.","openalex, scopus, wos",llm,0.980,unreviewed,
