status,title,authors,year,venue,doi,url,tags,abstract,provider,decision_source,llm_confidence,llm_review_outcome,llm_change_direction
discarded,USING ARTIFICIAL INTELLIGENCE TECHNOLOGIES FOR AUTOMATING THE CONDUCTING AND CHECKING OF DICTATIONS,"Piatykop, Olena; Harin, Yevhen; Pronina, Olha",2025,INFORMATION TECHNOLOGIES AND LEARNING TOOLS,10.33407/itlt.v106i2.5954,https://www.webofscience.com/wos/woscc/full-record/WOS:001541256100010,general-edtech-not-target-domain,"In today's rapidly evolving world, the continuous development of knowledge and skills is essential. Accessible Internet and a variety of online platforms for distance learning allow individuals to learn throughout their lives, adapting to the changing demands of the labor market. Online educational platforms allow students to study at any time and from anywhere, which is especially important for people with limited access to traditional education due to geographic, temporal or other reasons. The introduction of artificial intelligence technologies into educational systems facilitates the automation of numerous tasks and enables structured feedback, allowing students to quickly identify and correct their mistakes. This contributes to a deeper understanding of the material and improves learning outcomes. The availability of web-oriented educational systems allows institutions to serve a large number of students simultaneously, expanding their audience without significant additional costs. This is also relevant for distance learning in cases of unexpected disruptions. This article explores how AI can automate the administration and evaluation of dictations in distance learning. The system was developed using JavaScript, Next.js, CSS, Tailwind CSS, and TypeScript, along with cloud-based solutions such as Google Cloud Storage. AI-driven technologies were incorporated, including Google Text-to-Speech for generating dictations in a natural-sounding audio format, Google Diff-Match-Patch for real-time text comparison, and Google Vertex AI for detailed feedback and error analysis. The developed system provides teachers with tools for creating, managing, and evaluating dictations. A convenient interface for working with dictations has been developed for students, including a feedback mechanism based on artificial intelligence. The developed web-oriented learning system, owing to AI integration, represents an innovative approach to personalized language learning, and also shows the potential of AI and cloud technologies in the formation of future educational practices.",wos,llm,0.930,unreviewed,
discarded,ASPECT: Answer Set rePresentation as vEctor graphiCs in laTex,"Bertagnon, Alessandro; Gavanelli, Marco",2024,JOURNAL OF LOGIC AND COMPUTATION,10.1093/logcom/exae042,https://www.webofscience.com/wos/woscc/full-record/WOS:001302885900001,latex-as-output-only,"Logic programming is a declarative programming paradigm that finds extensive use in the field of Artificial Intelligence (AI). As a result, it has become a valuable tool used in university courses for teaching students AI techniques. Besides Prolog language, the more recent Answer Set Programming (ASP) language turns out to be a powerful tool for developing advanced applications due to the expressiveness of the language and the availability of efficient solving systems. Unfortunately, the output of ASP solvers can be difficult to interpret, since it is a set of atoms, often long and verbose. This is most true in the case of students learning the language or in the case of experts developing applications for complex real-world problems. For these reasons, the ability to produce, when possible, a graphical representation of the solver output becomes useful to ensure easier interpretation of the results. In this paper we present ASPECT, a sub-language of ASP in which the user can directly define, in an intuitive and declarative way, a graphical representation of the answer set. The ASPECT atoms can be converted into the popular LaTeX markup language to produce vector graphics. The documents produced by ASPECT are easy to embed in documents such as scientific articles, course handouts and presentations. Also, the development of user-friendly interfaces is critical for wider use of similar technologies in the industrial sector as well. Moreover, ASPECT is also extended to deal with temporal information, and provide graphical animations of answer sets that enclose the temporal dimension, such as in planning problems. Finally, we advocate the use of ASPECT to create complex and animated presentations starting from a declarative specification.",wos,llm,0.780,unreviewed,
discarded,ASPECT: Answer Set rePresentation as vEctor graphiCs in laTex,"Bertagnon, Alessandro; Gavanelli, Marco; Zanotti, Fabio",2023,"ITALIAN CONFERENCE ON COMPUTATIONAL LOGIC 2023, CILC 2023",,https://www.webofscience.com/wos/woscc/full-record/WOS:001798551400015,latex-as-output-only,"Logic programming is a declarative programming paradigm that finds extensive use in the field of Artificial Intelligence (AI). As a result, it has become a valuable tool used in university courses for teaching students AI techniques. Besides Prolog language, the more recent Answer Set Programming (ASP) language turns out to be a powerful tool for developing advanced applications due to the expressiveness of the language and the availability of efficient solving systems. Unfortunately, the output of ASP solvers can be difficult to interpret, since it is a set of atoms, often long and verbose. This is most true in the case of students learning the language or in the case of experts developing applications for complex real-world problems. For these reasons, the ability to produce, when possible, a graphical representation of the solver output becomes useful to ensure easier interpretation of the results. In this paper we present ASPECT, a sub-language of ASP in which the user can directly define, in an intuitive and declarative way, a graphical representation of the answer set. The ASPECT atoms can be converted into the popular LaTeX markup language to produce vector graphics. The documents produced by ASPECT are easy to embed in documents such as scientific articles, course handouts, and presentations. Also, the development of user-friendly interfaces is critical for wider use of similar technologies in the industrial sector as well.",wos,llm,0.780,unreviewed,
discarded,WEB BASED TESTS AS A MEANS TO ASSIST IN PRACTICAL ASSIGNMENTS: AN EXPERIENCE IN THE SECOND YEAR OF THE DEGREE IN BUSINESS ADMINISTRATION,"Diaz-Delfa, M. T.; Arnaldos-Garcia, F.",2018,"12TH INTERNATIONAL TECHNOLOGY, EDUCATION AND DEVELOPMENT CONFERENCE (INTED)",,https://www.webofscience.com/wos/woscc/full-record/WOS:000448704003124,general-edtech-not-target-domain,"During the academic year 2015/2016 we have introduced in one of our subjects, ""Statistics for Business II"", in the Degree of Business Administration, the software R to undertake data analysis. As part of this process, a group of teachers have worked in a project to create materials to facilitate the introduction of the new software to our students. These materials have been mainly html pages where students can learn how to carry out different types of data analysis using this software. As an additional support we have used the web-based tests available in Sakai, the Learning Management System (LMS) at the University of Murcia, to create tests that satisfy a twofold objective when used with our practical assignments. On the one hand, the questions included in the tests are designed to structure the process of doing practical assignments, what is particularly interesting not only because our students usually find the subject difficult to understand and need extra help, but also owing to R has a steep learning curve at the beginning. On the other hand, these tests help us to have an assessment of the practical assignments, as we can have a numerical mark from each test. In the two groups that participated in the experience we followed different strategies with the tests. The time available to do the test was the same, but in one of the groups students were allowed to take each test only once, whereas in the second group students could take each test as many times as they considered necessary. In this paper we describe the behaviour of students in these tests for both groups and compare their results.",wos,llm,0.920,unreviewed,
discarded,Examining the Oral Communication Strategies Used by a Group of Nepalese Adult Learners in an ESL Context,"Manzano, Brendalyn A.",2018,3L-LANGUAGE LINGUISTICS LITERATURE-THE SOUTHEAST ASIAN JOURNAL OF ENGLISH LANGUAGE STUDIES,10.17576/3L-2018-2401-07,https://www.webofscience.com/wos/woscc/full-record/WOS:000437467000007,language-learning-not-target,"This paper sought to examine the oral communication strategies (CSs) used by a group of Nepalese adult learners in an oral task in an ESL context. There has been a long history of CS studies in L2 acquisition research; however, there are no studies yet reporting the CSs employed by Nepalese learners in an ESL context. Hence, six Nepalese learners with intermediate language proficiency were engaged in a picture storytelling task. Their narrations were recorded and transcribed, and their responses during the interview were elicited. Four significant results were revealed. Firstly, the Nepalese learners experienced a considerable amount of communication difficulties as manifested by various gap markers. To overcome these problems, the learners simultaneously used a variety of non-verbal CSs alongside verbal CSs. Secondly, linguistic errors were abound in their narrations but were ignored due to their communication goal. Hence, there are areas of communication (e.g., vocabulary and sentence structure) where the learners were having trouble, and these concerns should require instructional attention. Thirdly, the majority of the verbal CSs were avoidance strategies while most of the non-verbal CSs were achievement strategies. Lastly, examining the CSs used by the learners paved the way to culture-based strategies that were employed during storytelling. These CSs provided new inputs to the existing CS frameworks used by English language learners. Implications for language teaching and learning as well as future research are discussed.",wos,llm,0.950,unreviewed,
discarded,Development of Mobile-Interfaced Machine Learning-Based Predictive Models for Improving Students' Performance in Programming Courses,"Matthew, Fagbola Temitayo; Adepoju, Adeyanju Ibrahim; Ayodele, Oloyede; Olumide, Obe; Olatayo, Olaniyan; Adebimpe, Esan; Bolaji, Omodunbi; Funmilola, Egbetola",2018,INTERNATIONAL JOURNAL OF ADVANCED COMPUTER SCIENCE AND APPLICATIONS,,https://www.webofscience.com/wos/woscc/full-record/WOS:000435403400014,general-programming-not-target,"Student performance modelling (SPM) is a critical step to assessing and improving students' performances in their learning discourse. However, most existing SPM are based on statistical approaches, which on one hand are based on probability, depicting that results are based on estimation; and on the other hand, actual influences of hidden factors that are peculiar to students, lecturers, learning environment and the family, together with their overall effect on student performance have not been exhaustively investigated. In this paper, Student Performance Models (SPM) for improving students' performance in programming courses were developed using M5P Decision Tree (MDT) and Linear Regression Classifier (LRC). The data used was gathered using a structured questionnaire from 295 students in 200 and 300 levels of study who offered Web programming, C or JAVA at Federal University, Oye-Ekiti, Nigeria between 2012 and 2016. Hidden factors that are significant to students' performance in programming were identified. The relevant data gathered, normalized, coded and prepared as variable and factor datasets, and fed into the MDT algorithm and LRC to develop the predictive models. The developed models were obtained, validated and afterwards implemented in an Android 1.0.1 Studio environment. Extended Markup Language (XML) and Java were used for the design of the Graphical User Interface (GUI) and the logical implementation of the developed models as a mobile calculator, respectively. However, Mean Absolute Error (MAE), Root Mean Squared Error (RMSE), Relative Absolute Error (RAE) and the Root Relative Squared Error (RRSE) were the metrics used to evaluate the robustness of MDT and LRC models. The evaluation results obtained indicate that the variable-based LRC produced the best model in terms of MAE, RMSE, RAE and the RRSE having yielded the least values in all the evaluations conducted. Further results obtained established the strong significance of attitude of students and lecturers, fearful perception of students, erratic power supply, university facilities, student health and students' attendance to the performance of students in programming courses. The variable-based LRC model presented in this paper could provide baseline information about students' performance thereby offering better decision making towards improving teaching/ learning outcomes in programming courses.",wos,llm,0.880,unreviewed,
discarded,MODEL FOR BUILDING COMPETENCIES THROUGH AN ELECTRONIC SYSTEM FOR ASSESSMENT OF KNOWLEDGE,"Kostadinova, Iva; Getova, Iglika; Dimitrov, Georgi P.; Nikolova, Boryana",2017,"10TH INTERNATIONAL CONFERENCE OF EDUCATION, RESEARCH AND INNOVATION (ICERI2017)",,https://www.webofscience.com/wos/woscc/full-record/WOS:000429975300067,general-assessment-not-target,"The ICT penetration in the life of the average person, digitisation of things and the easy access to information from many and different sources has gradually shifted the emphasis in the learning process from acquiring knowledge toward building skills and competencies. In the course of the training in hard skills, it becomes more and more important that the acquired knowledge be applied rationally in the solving of sudden problems.

The main issues that are encountered in the learning process are the abundance of information sources, difficulties in selecting appropriate learning literature, and defocusing learners from the main purpose of learning. A good solution is a frequent control over the knowledge imposed from the lecturer, who checks the acquired knowledge analysing the results and guiding the learners to their specific problem through a suitable solution and appropriate literature.

The paper presents a model for building competence in disciplines developing hard skills (such as C ++, C #, Java, JavaScript, HTML, etc.). The model is based on a scheme of accelerated systematic use of a complex of validation tools for the acquired knowledge in the educational process presentation, verification, analysis and application of the learned material in practical tasks with the participation of an electronic system. It includes regularly repeating four stages: Stage of acquaintance with the new learning material, stage of testing and analysing knowledge; Stage of practical implementation in the form of realization of more complex tasks or larger projects and fourth stage implementation of accumulated knowledge and skills in the solving of cases. The result of implementing the model in the learning process has a positive influence on demonstrated student knowledge in the form of more and better-solved tasks during the learning process and a greater number of correct answers during the exam. This gives a reason to believe that the model can enjoy the same success in other hard skills disciplines.",wos,llm,0.900,unreviewed,
discarded,FOCUS GROUP TO CREATE A VIRTUAL CASE STUDY MODEL UNIT FOR THE DMU E-PARASITOLOGY,"Pena-Fernandez, A.; Magnet, A.; Pena, M. A.",2018,EDULEARN18: 10TH INTERNATIONAL CONFERENCE ON EDUCATION AND NEW LEARNING TECHNOLOGIES,,https://www.webofscience.com/wos/woscc/full-record/WOS:000531474301080,general-edtech-not-target-domain,"De Montfort University (DMU, Leicester, UK) is leading a teaching innovation project for the creation of a complete package for teaching and learning human parasitology in collaboration with the Spanish universities: San Pablo CEU and Miguel Hernandez, and practicing Biomedical Scientists from the UK National Health Service. The DMU e-Parasitology package will be freely available on the DMU website (http://parasitology.dmu.ac.uk/) late in 2018 and present three modules: a theoretical unit for the study of medical parasitic diseases; a virtual laboratory and microscope sections with a complete collection of clinical slides for the study of these major diseases. To provide the user of this novel package with a holistic and complete experience for the learning of medical parasitology we have started the development of a fourth section, which will hold highly interactive virtual case studies in which the user will be provided with a medical history and different clinical slides to identify the parasites and their structures. The user will need to reflect and critically think to suggest potential diagnoses, additional diagnostic techniques, treatment and prevention techniques for that parasitic disease. A first virtual case study has been created in the DMU e-Parasitology here: http://parasitology.dmu.ac.uk/learn/ case_studies/cs1/story_html5.html, as described in Pena-Fernandez et al. (2018) [1]. The degree of difficulty is medium-high, so a background in parasitology is needed to resolve it. Comprehensive student feedback is being collected to improve this case study, which will be used as a model unit to develop future case studies for this section. To determine the feasibility of this case study to train postgraduate students, DMU students attending the MSc Advanced Biomedical Science have completed the case study during a workshop session specially delivered this academic course 2017/18 (n=9). We collected the following results: 100% students indicated that the e-Parasitology is interactive (71.4% agreed, 28.57 strongly agreed), and the case-study presented was appropriate for their studies (57.1% agreed, 42.9% strongly agreed). In relation to the content, all students highlighted that it was relevant for their studies (42.9% agreed, 57.1% strongly agreed), and indicated that the exercises presented were easy to understand (71.43% agreed, 28.57% strongly agreed). In the free-open questions available in the questionnaire, postgraduate students demanded more case studies and mini-formative assessments within the theoretical units that they reviewed to answer the virtual case study (free-living amoebas and Entamoeba histolytica). Finally, they suggested the provision of the correct answers throughout the case study instead of at the end.",wos,llm,0.920,unreviewed,
