status,title,authors,year,venue,doi,url,tags,abstract,provider,decision_source,llm_confidence,llm_review_outcome,llm_change_direction
discarded,Critical stance within a community of inquiry in an advanced mathematics course for pre-service teachers,Simon Goodchild; Naneh Apkarian; Chris Rasmussen; Brian P. Katz,2020,Journal of Mathematics Teacher Education,10.1007/s10857-020-09456-2,https://openalex.org/W3011635803,domain-concept-inventory-not-computing,"Abstract This paper reports a study of university students’ experiences of learning mathematics in an introductory differential equations course that takes an inquiry approach to learning and teaching. The students are on a trajectory leading toward a bachelor’s degree in mathematics to be followed by a year-long teacher education credential program. The analysis of students’ end of course presentations and written portfolios is framed with community of practice theory, complemented with analytic categories from community of inquiry, including notions of inquiry stance and critical alignment. Our social theorization of university mathematics education adds a complementary perspective to the more conventional cognitive and discursive analyses and is necessitated by the very nature of inquiry approaches to education. The analysis of students’ presentations and writing leads to exploring their development of the notion of critical stance, which the students are seen to take toward the mathematics, their learning, and approaches to teaching mathematics. We find that the notion of critical stance can be distilled into three components: awareness, self-evaluation, and agency.","openalex, scopus, wos",llm,0.900,unreviewed,
discarded,Testing the use of variation theory in teaching critical thinking—a field experimental study,Kristoffer Larsson; Klas Andersson,2025,Instructional Science,10.1007/s11251-025-09721-y,https://openalex.org/W4411692825,variation-theory; critical-thinking; field-experiment; method-precedent; variation-theory-other-focus,"Abstract Research review articles over the years have established that studies on teaching critical thinking suffer from methodological and theoretical deficiencies, making results unreliable. The methods have been criticized for not handling threats to internal validity (designs without control groups or proper randomization) and the theories have been criticized for conceptual vagueness. To address this, the study reported on here developed an experimentally robust intervention design to test a new theory for teaching critical thinking—the variation theory of learning and teaching. This theory focuses on opening up new aspects of the world for the learner through systematic variation in these aspects. In this study, an aspect of critical thinking was targeted: the aspect of alternating points of view on societal issues. 92 Swedish 9th grade students and 5 social studies teachers from a school in the commuting area of Gothenburg were randomly assigned to treatment, i.e. variation-theory-based teaching, and control group, i.e. “business-as-usual” teaching. The results were measured through essay tasks, in pre- and post-tests, showing significant gains in alternating points of view in favour of the treatment group, both on the issues taught and novel issues, i.e. transfer. The results suggest that, when put to the test in a methodologically robust intervention, variation theory is a powerful theory for teaching critical thinking, and in addition, it offers a way to theoretically explain the teaching and learning taking place. This suggests a need for further exploration of the theory in relation to research on and teaching of critical thinking.","openalex, scopus, wos",human,0.950,human,
discarded,"The Corticohippocampal Circuit, Synaptic Plasticity, and Memory",Jayeeta Basu; Steven A. Siegelbaum,2015,Cold Spring Harbor Perspectives in Biology,10.1101/cshperspect.a021733,https://openalex.org/W2179672615,unrelated-domain,"Synaptic plasticity serves as a cellular substrate for information storage in the central nervous system. The entorhinal cortex (EC) and hippocampus are interconnected brain areas supporting basic cognitive functions important for the formation and retrieval of declarative memories. Here, we discuss how information flow in the EC-hippocampal loop is organized through circuit design. We highlight recently identified corticohippocampal and intrahippocampal connections and how these long-range and local microcircuits contribute to learning. This review also describes various forms of activity-dependent mechanisms that change the strength of corticohippocampal synaptic transmission. A key point to emerge from these studies is that patterned activity and interaction of coincident inputs gives rise to associational plasticity and long-term regulation of information flow. Finally, we offer insights about how learning-related synaptic plasticity within the corticohippocampal circuit during sensory experiences may enable adaptive behaviors for encoding spatial, episodic, social, and contextual memories.","openalex, scopus, wos",llm,0.990,unreviewed,
discarded,Theory and Practice of Lesson Study in Mathematics,"Huang, Rongjin; Takahashi, Akihiko; João Pedro da Ponte",2019,Advances in mathematics education,10.1007/978-3-030-04031-4,https://openalex.org/W2935293426,lesson-study-book-general,"This book brings together and builds on the current research efforts on adaptation, conceptualization, and theorization of Lesson Study (LS). Presenting the practices and theories of LS with practicing and prospective teachers, it enables the reader to take a comparative perspective.","openalex, scopus, wos",llm,0.820,unreviewed,
kept,Learning studies in hong kong schools : a summary evaluation report on the ‘variation for the improvement of teaching and learning’ (VITAL) project.,John Elliott; Christina Wai Mui Yu,2013,Éducation & didactique,10.4000/educationdidactique.1762,https://openalex.org/W2168632548,learning-study; evaluation-report; variation-theory; method-precedent; learning-study-corroboration,"Introduction The VARIATION FOR THE IMPROVEMENT OF TEACHING AND LEARNING PROJECT (VITAL) was funded by the Hong Kong Education and Manpower Bureau over three years from 2005 to 2008, and based in the Centre for Learning Studies and School Partnership (CLASP) at the Hong Kong Institute of Education under the leadership of Professor Lo Mun Ling. The project involved the application of a unique combination of the Japanese and Chinese lesson ...","openalex, scopus, wos",human,0.930,human,
discarded,A threshold concepts focus to curriculum design: supporting student learning through application of variation theory,Gerlese S. Åkerlind; Jo McKenzie; Mandy Lupton,2011,QUT ePrints (Queensland University of Technology),,https://openalex.org/W24346462,variation-theory; threshold-concepts; curriculum-design; method-precedent; variation-theory-other-focus,The report describes the development and testing of a research-informed curriculum model aimed at improving students' learning of threshold concepts. The project used phenomenographic action research and the variation theory of learning to develop and trial the model with collaboration from three institutional partners.,"openalex, scopus, wos",human,0.940,human,
discarded,2024 ESC Guidelines for the management of chronic coronary syndromes,Vrints C.,2024,European Heart Journal,10.1093/eurheartj/ehae177,https://www.scopus.com/inward/record.uri?partnerID=HzOxMe3b&scp=85204602708&origin=inward,unrelated-domain,,"openalex, scopus, wos",llm,0.990,unreviewed,
discarded,"2024 ESC Guidelines for the management of chronic coronary syndromes, developed by the Task Force for the Management of Chronic Coronary Syndromes of the European Society of Cardiology (ESC) under the auspices of the European Association for Cardio-Thoracic Surgery (EACTS)",Vrints C.,2024,Giornale Italiano Di Cardiologia,10.1714/4375.43725,https://www.scopus.com/inward/record.uri?partnerID=HzOxMe3b&scp=85211243338&origin=inward,unrelated-domain,,"openalex, scopus, wos",llm,0.990,unreviewed,
discarded,Teaching About Electricity in Primary School Multimodality and Variation Theory as Analytical Lenses,Preston C.M.,2022,Research in Science Education,10.1007/s11165-022-10047-9,https://www.scopus.com/inward/record.uri?partnerID=HzOxMe3b&scp=85125543857&origin=inward,variation-theory; multimodality; science-teaching; method-precedent; variation-theory-other-focus,,"openalex, scopus, wos",human,0.830,human,
discarded,Exploring students' conceptions of vectors: A phenomenographic study,Abou-Hayt I.,2020,Sefi 48th Annual Conference Engaging Engineering Education Proceedings,,https://www.scopus.com/inward/record.uri?partnerID=HzOxMe3b&scp=85107188395&origin=inward,domain-concept-inventory-not-computing,,"openalex, scopus, wos",llm,0.900,unreviewed,
kept,Enhancing the generative learning of young people in the domain of financial literacy through learning study,Pang M.F.,2019,International Journal for Lesson and Learning Studies,10.1108/IJLLS-09-2018-0065,https://www.scopus.com/inward/record.uri?partnerID=HzOxMe3b&scp=85062471596&origin=inward,learning-study; variation-theory; financial-literacy; method-precedent; learning-study-corroboration,,"openalex, scopus, wos",human,0.840,human,
discarded,The image of images as an aid to improve learning: An eye-tracking experiment studying the effect of contrasts in computer-based learning material,Olander M.H.,2014,Csedu 2014 Proceedings of the 6th International Conference on Computer Supported Education,10.5220/0004960303090316,https://www.scopus.com/inward/record.uri?partnerID=HzOxMe3b&scp=84902353890&origin=inward,general-edtech-not-target-domain,,"openalex, scopus, wos",llm,0.880,unreviewed,
discarded,Teaching democracy – a complex object of learning,Holmqvist Olander M.,2013,International Journal for Lesson and Learning Studies,10.1108/IJLLS-01-2013-0005,https://www.scopus.com/inward/record.uri?partnerID=HzOxMe3b&scp=84941945124&origin=inward,object-of-learning; learning-study; variation-theory; variation-theory-other-focus,,"openalex, scopus, wos",human,0.800,human,
discarded,Variation theory - A tool to achieve pre-school curricula learning goals in mathematics,Holmquist M.,2012,Curriculum Perspectives,,https://www.scopus.com/inward/record.uri?partnerID=HzOxMe3b&scp=84877941987&origin=inward,variation-theory; early-math; method-precedent; variation-theory-other-focus,,"openalex, scopus, wos",human,0.820,human,
discarded,OA Diamond Journals Study. Part 1: Findings,Jeroen Bosman; Jan Erik Frantsvåg; Bianca Kramer; Pierre-Carl Langlais; Vanessa Proudman,2021,Zenodo (CERN European Organization for Nuclear Research),10.5281/zenodo.4558704,https://openalex.org/W3194696510,scholarly-communication-not-learning,"Context From June 2020 to February 2021, a consortium of 10 organisations undertook a large-scale study on open access journals across the world that are free for readers and authors, usually referred to as “OA diamond journals”. This study was commissioned by cOAlition S in order to gain a better understanding of the OA diamond landscape. Presentation The study undertook a statistical analysis of several bibliographic databases, surveyed 1,619 journals, collected 7,019 free text submissions and other data from 94 questions, and organised three focus groups with 11 journals and 10 interviews with hosting platforms. It collected 163 references in the academic literature, and inventoried 1048 journals not listed in DOAJ. The results of the study are available in the following outputs: Findings Report - DOI: 10.5281/zenodo.4558704 Recommendations Report- DOI:10.5281/zenodo.4562790 References Library - DOI: 10.5281/zenodo.4562816 Journals Inventory - DOI: 10.5281/zenodo.4562828 Dataset - DOI: 10.5281/zenodo.4553103 Findings: A wide archipelago of relatively small journals serving diverse communities OA diamond journals are on the road to full compliance with Plan S A mix of scientific strengths and operational challenges An economy that largely depends on volunteers, universities and government","openalex, scopus, wos",llm,0.940,unreviewed,
discarded,Math Augmentation: How Authors Enhance the Readability of Formulas using Novel Visual Design Practices,Andrew Head; Amber Xie; Marti A. Hearst,2022,CHI Conference on Human Factors in Computing Systems,10.1145/3491102.3501932,https://openalex.org/W4224991944,math-document-communication; readability; visual-design; math-notation-tooling,"With the increasing growth and impact of machine learning and other math-intensive fields, it is more important than ever to broaden access to mathematical notation. Can new visual and interactive displays help a wider readership successfully engage with notation? This paper provides the first detailed qualitative analysis of math augmentation—the practice of embellishing notation with novel visual design patterns to improve its readability. We present two qualitative studies of the practice of math augmentation. First is an analysis of 1.1k augmentations to 281 formulas in 47 blogs, textbooks, and other documents containing mathematical expressions. Second is an interview study with 12 authors who had previously designed custom math augmentations (“maugs”). This paper contributes a comprehensive inventory of the kinds of maugs that appear in math documents, and a detailed account of how authors’ tools ought to be redesigned to support efficient creation of math augmentations. These studies open a critical new design space for HCI researchers and interface designers.","openalex, scopus, wos",human,0.770,human,
discarded,Do Open Source Developers Respond to Competition?: The (La)Tex Case Study,Alexia Gaudeul,2006,SSRN Electronic Journal,10.2139/ssrn.908946,https://openalex.org/W2021210366,latex-as-tool-only,,"openalex, scopus, wos",llm,0.880,unreviewed,
discarded,Computation and the Humanities,Julianne Nyhan; Andrew Flinn,2016,Springer series on cultural computing,10.1007/978-3-319-20170-2,https://openalex.org/W4212842610,digital-humanities-not-target,This book addresses the application of computing to cultural heritage and the discipline of Digital Humanities that formed around it. Digital Humanities research is transforming how the Human record c,"openalex, scopus, wos",llm,0.920,unreviewed,
discarded,Asynchronous design/evaluation methods for hypertext technology development,Gary Perlman,1989,,10.1145/74224.74230,https://openalex.org/W1977398711,hypertext-evaluation-not-learning,"A process model used in the design and evaluation of hypertext systems is discussed. The model includes asynchronous processes of task analysis, document analysis, literature survey and systems evaluation, interpretation of data, designing and building systems, and collecting data. For each process, experiences with NaviText™ SAM, a hypertext interface to a reference source, are discussed. A variety of new methods for evaluation of experimental systems are presented along with several empirical results.","openalex, scopus, wos",llm,0.840,unreviewed,
discarded,Continuous Tools for Scientific Publishing,Rowan Cockett; Steve Purves; Franklin Koch; Mike Morrison,2024,Proceedings of the Python in Science Conferences,10.25080/nkvc9349,https://openalex.org/W4403120212,scholarly-authoring-tools-no-learner-data,"Advances in technology for data workflows have increased the speed and scope of scientific discovery, however, scientific dialogue still uses outdated technology for communicating and sharing knowledge. The widespread reliance on static PDF formats for research papers starkly contrasts with the complex, data-driven and increasingly computational nature of modern science. This gap, which is especially evident in the computational sciences, impedes the speed of research dissemination, reuse, and uptake. We require new mediums to compose ideas and ways to share research findings iteratively, as early as possible and connected directly to software and data. In this paper we discuss two tools for scientific authoring and publishing, MyST Markdown and Curvenote, and illustrate examples of improving metadata, reimagining the reading experience, including computational content, and transforming publishing practices for individuals and societies through automation and continuous practices. We focus on the unique aspects of the tools, which enable computational and interactive content, publishing and sharing continuously through automated checking and typesetting, and provide case studies from individuals to societies who have adopted these tools.","openalex, scopus, wos",llm,0.850,unreviewed,
discarded,Student-centred approaches in Mathematics,Carol Robinson,2012,Loughborough University Institutional Repository (Loughborough University),,https://openalex.org/W2239246939,general-education-not-target,"This booklet was commissioned from the Maths, Stats and OR Network as part of the Mathematical Sciences Strand of the National HE STEM Programme. It reports on a series of projects supported by the Network under the National HE STEM Programme, whose common theme is student-centred approaches in mathematics.","openalex, scopus, wos",llm,0.940,unreviewed,
discarded,Using social media to engage students,Peter Rowlett,2012,Nottingham Trent University's Institutional Repository (Nottingham Trent Repository),,https://openalex.org/W2536020447,general-edtech-not-target-domain,"Students Understanding Mathematics (ESUM)ESUM is a developmental research project at a UK university�� The lecturer has modified teaching, intending to create a more student-participative approach and encourage students to develop more conceptually-based understandings of mathematics.A small research team studied and contributed to the innovation which included small group activity, a variety of forms of questioning, an assessed group project and use of the GeoGebra medium for exploring functions.Inquiry-based questions have resulted in a much increased level of response from students.Of particular interest is that the developmental research approach enabled the teachers involved to learn about what engaged students and how they experienced the innovative approaches. Supporting Undergraduate Engagement and Achievement in STEM DisciplinesIn this project an innovative, engaging and practical mathematics blended learning 'bridging' course was introduced for new students enrolling onto","openalex, scopus, wos",llm,0.940,unreviewed,
discarded,Practice Research - Report 1: What is practice research? and Report 2: How can practice research be shared?,James Bulley; Özden Şahin,2021,Goldsmiths (University of London),10.23636/1347,https://openalex.org/W3205776746,research-methodology-only,"Practice research has a history stretching as far back as the earliest human experiments: practice is a method of discovering and sharing new findings about the world that surrounds us. In recent years, scholarly communication has undergone a series of changes that have led to a broadening of the landscape of academic research, due in part to the emergence of practice research in the academy. The formulation and dissemination of practice research affords an important opportunity for researchers in England across all research disciplines, offering a research field that conveys ways of knowing from practice, operating within, across and beyond disciplines in manners that go far beyond traditional research types. In practice research, forms of sensory, tacit and embodied knowledge can be conveyed, and its sharing presents an opportunity for the modernising and revitalising of research communication, uncovering novel dissemination routes in the digital era. In response to the conversations that have arisen across the world surrounding practice research, these reports seek to clarify the debates, discussions and promise of the practice research community in England. These reports: ● provide insights and recommendations to practice researchers, and to the organisations and professionals that support practice research; ● demonstrate that practice research enriches not just higher education, but learning and knowledge acquisition in other contexts including creative industries, scientific settings, non-profit organisations and independent bodies. Practice researchers are discovering new ways of generating and sharing research, embracing non-traditional types of publication. In a world whose day-to-day is rife with mixed-media and non-textual information, it is time for academic research to embrace non-textual media and formats, and the vast ever-developing array of novel communicative technologies that are used in our everyday lives. We have written these reports with the aim of reaching a diverse range of audiences, from students to researchers inside and outside of academia, from research support professionals to senior university research managers, from independent and non profit research organisations to those individuals and committees that weigh and decide policy and funding in future years.","openalex, scopus, wos",llm,0.880,unreviewed,
