status,title,authors,year,venue,doi,url,tags,abstract,provider,decision_source,llm_confidence,llm_review_outcome,llm_change_direction
discarded,"Global Surgery 2030: evidence and solutions for achieving health, welfare, and economic development",John G. Meara; Andrew Leather; Lars Hagander; Blake C. Alkire; Nivaldo Alonso; Emmanuel A. Ameh; Stephen W. Bickler; Lesong Conteh; Anna Dare; Justine Davies; Eunice Dérivois Mérisier; Shenaaz El‐Halabi; Paul E. Farmer; Atul A. Gawande; Rowan Gillies; Sarah Greenberg; Caris Grimes; Russell L. Gruen; Edna Adan Ismail; Thaim Buya Kamara; Chris Lavy; Ganbold Lundeg; Nyengo Mkandawire; Nakul Raykar; Johanna N. Riesel; Edgar B. Rodas; John Rose; Nobhojit Roy; Mark G. Shrime; Richard Sullivan; Stéphane Verguet; David Watters; Thomas G. Weiser; Iain H. Wilson; Gavin Yamey; Winnie Yip,2015,The Lancet,10.1016/s0140-6736(15)60160-x,https://openalex.org/W2043861297,unrelated-domain,,"openalex, scopus, wos",llm,0.990,unreviewed,
discarded,"Measurement Instruments for the Anthropomorphism, Animacy, Likeability, Perceived Intelligence, and Perceived Safety of Robots",Christoph Bartneck; Dana Kulić; Elizabeth A. Croft; Susana Zoghbi,2008,International Journal of Social Robotics,10.1007/s12369-008-0001-3,https://openalex.org/W2032568497,instrument-development-noncomputing,"This study emphasizes the need for standardized measurement tools for human robot interaction (HRI). If we are to make progress in this field then we must be able to compare the results from different studies. A literature review has been performed on the measurements of five key concepts in HRI: anthropomorphism, animacy, likeability, perceived intelligence, and perceived safety. The results have been distilled into five consistent questionnaires using semantic differential scales. We report reliability and validity indicators based on several empirical studies that used these questionnaires. It is our hope that these questionnaires can be used by robot developers to monitor their progress. Psychologists are invited to further develop the questionnaires by adding new concepts, and to conduct further validations where it appears necessary.","openalex, scopus, wos",llm,0.960,unreviewed,
discarded,"Development, Validation, and Application of the Microbiology Concept Inventory",Timothy D. Paustian; Amy G. Briggs; Robert Brennan; Nancy Boury; John Buchner; Shannon Harris; Rachel E. A. Horak; Lee E. Hughes; D. Sue Katz-Amburn; Maria J. Massimelli; Ann H. McDonald; Todd P. Primm; Ann C. Smith; Ann M. Stevens; Sunny B. Yung,2017,Journal of Microbiology and Biology Education,10.1128/jmbe.v18i3.1320,https://openalex.org/W2763518402,domain-concept-inventory-not-computing,"If we are to teach effectively, tools are needed to measure student learning. A widely used method for quickly measuring student understanding of core concepts in a discipline is the concept inventory (CI). Using the American Society for Microbiology Curriculum Guidelines (ASMCG) for microbiology, faculty from 11 academic institutions created and validated a new microbiology concept inventory (MCI). The MCI was developed in three phases. In phase one, learning outcomes and fundamental statements from the ASMCG were used to create T/F questions coupled with open responses. In phase two, the 743 responses to MCI 1.0 were examined to find the most common misconceptions, which were used to create distractors for multiple-choice questions. MCI 2.0 was then administered to 1,043 students. The responses of these students were used to create MCI 3.0, a 23-question CI that measures students' understanding of all 27 fundamental statements. MCI 3.0 was found to be reliable, with a Cronbach's alpha score of 0.705 and Ferguson's delta of 0.97. Test item analysis demonstrated good validity and discriminatory power as judged by item difficulty, item discrimination, and point-biserial correlation coefficient. Comparison of pre- and posttest scores showed that microbiology students at 10 institutions showed an increase in understanding of concepts after instruction, except for questions probing metabolism (average normalized learning gain was 0.15). The MCI will enable quantitative analysis of student learning gains in understanding microbiology, help to identify misconceptions, and point toward areas where efforts should be made to develop teaching approaches to overcome them.","openalex, scopus, wos",llm,0.950,unreviewed,
discarded,"Burnout Assessment Tool (BAT)—Development, Validity, and Reliability",Wilmar B. Schaufeli; Steffie Desart; Hans De Witte,2020,International Journal of Environmental Research and Public Health,10.3390/ijerph17249495,https://openalex.org/W3113208589,instrument-development-noncomputing,"This paper introduces a new definition for burnout and investigates the psychometric properties of the Burnout Assessment Tool (BAT). In a prior qualitative study, 49 practitioners were interviewed about their conceptualization of burnout (part 1). Using a dialectical approach, four core dimensions-exhaustion, mental distance, and impaired emotional and cognitive impairment-and three secondary dimensions-depressed mood, psychological distress, and psychosomatic complaints-emerged, which constitute the basis of the BAT. In the second study, the psychometric characteristics of the BAT were investigated in a representative sample of 1500 Flemish employees, focusing on factorial validity, reliability, and construct validity, respectively. Results demonstrate the assumed four-factor structure for the core dimensions, which is best represented by one general burnout factor. Contrary to expectations, instead of a three-factor structure, a two-factor structure was found for the secondary dimensions. Furthermore, the BAT and its subscales show adequate reliability. Convergent validity and discriminant validity with other burnout measures-including the MBI and OLBI-was demonstrated, as well as discriminant validity with other well-being constructs, such as work engagement and workaholism.","openalex, scopus, wos",llm,0.960,unreviewed,
discarded,"Not Another Inventory, Rather a Catalyst for Reflection",Neil D. Fleming,1992,To improve the academy,10.3998/tia.17063888.0011.014,https://openalex.org/W4254456324,instrument-development-general,"In this article the authors focus on the use of a modal preferences questionnaire as a catalyst to empower students to reflect on their own sensory preferences and modify their study methods accordingly. The authors discuss the development and use of the questionnaire, strategies for students to use in modifying their learning behavior, responses of students and faculty to the technique, and directions for further investigation of modal preferences.","openalex, scopus, wos",llm,0.870,unreviewed,
discarded,Development and Validation of the Single Item Narcissism Scale (SINS),Sara Konrath; Brian P. Meier; Brad J. Bushman,2014,PLoS ONE,10.1371/journal.pone.0103469,https://openalex.org/W2133776849,instrument-development-noncomputing,"MAIN OBJECTIVES: The narcissistic personality is characterized by grandiosity, entitlement, and low empathy. This paper describes the development and validation of the Single Item Narcissism Scale (SINS). Although the use of longer instruments is superior in most circumstances, we recommend the SINS in some circumstances (e.g. under serious time constraints, online studies). METHODS: In 11 independent studies (total N = 2,250), we demonstrate the SINS' psychometric properties. RESULTS: The SINS is significantly correlated with longer narcissism scales, but uncorrelated with self-esteem. It also has high test-retest reliability. We validate the SINS in a variety of samples (e.g., undergraduates, nationally representative adults), intrapersonal correlates (e.g., positive affect, depression), and interpersonal correlates (e.g., aggression, relationship quality, prosocial behavior). The SINS taps into the more fragile and less desirable components of narcissism. SIGNIFICANCE: The SINS can be a useful tool for researchers, especially when it is important to measure narcissism with constraints preventing the use of longer measures.","openalex, scopus, wos",llm,0.960,unreviewed,
discarded,Quantifying critical thinking: Development and validation of the physics lab inventory of critical thinking,Cole Walsh; Katherine N. Quinn; Carl Wieman; N. G. Holmes,2019,Physical Review Physics Education Research,10.1103/physrevphyseducres.15.010135,https://openalex.org/W2964194810,domain-concept-inventory-not-computing,"Introductory physics lab instruction is undergoing a transformation, with increasing emphasis on developing experimentation and critical thinking skills. These changes present a need for standardized assessment instruments to determine the degree to which students develop these skills through instructional labs. In this article, we present the development and validation of the physics lab inventory of critical thinking (PLIC). We define critical thinking as the ability to use data and evidence to decide what to trust and what to do. The PLIC is a 10-question, closed-response assessment that probes student critical thinking skills in the context of physics experimentation. Using interviews and data from 5584 students at 29 institutions, we demonstrate, through qualitative and quantitative means, the validity and reliability of the instrument at measuring student critical thinking skills. This establishes a valuable new assessment instrument for instructional labs.","openalex, scopus, wos",llm,0.950,unreviewed,
discarded,Validity of the behavior rating inventory of executive function in children with ADHD and/or Tourette syndrome,E. Mark Mahone,2002,Archives of Clinical Neuropsychology,10.1016/s0887-6177(01)00168-8,https://openalex.org/W2111929652,instrument-development-noncomputing,"The dynamic, multidimensional nature of executive function (EF), thought to be characteristically impaired in those with attention deficit hyperactivity disorder (ADHD), has been challenging to operationalize and assess in a clinical setting [Barkley, R. A. (1997). ADHD and the nature of self-control. New York: Guilford Press.]. Gioia, Isquith, Guy, and Kenworthy [Gioia, G. A., Isquith, P. K., Guy, S. C., & Kenworthy, L. (2000) Behavior Rating Inventory of Executive Function. Odessa, FL: Psychological Assessment Resources.] developed the Behavior Rating Inventory of Executive Function (BRIEF) to address these concerns. In order to provide concurrent validity information on the BRIEF, parents of 76 children (ADHD=18; Tourette syndrome (TS)=21; TS+ADHD=17; controls=20) completed the BRIEF, additional behavior rating scales and interviews, measures of psychoeducational (PE) competence, and performance-based measures of EF. Both ADHD and TS+ADHD groups were rated as more impaired (P<.0001) than the other groups on the five primary BRIEF indices. BRIEF index scores showed no significant correlation with performance-based EF or PE measures, with the exception of math achievement; however, the BRIEF showed a strong relationship with interviews and other parent rating measures of behaviors seen in ADHD. Future attempts to validate the BRIEF should focus on differences within subtypes of ADHD (e.g., inattentive, combined subtypes), and separating ADHD from other clinical groups in which EF is reported to be a problem.","openalex, scopus, wos",llm,0.960,unreviewed,
discarded,Mixing interview and questionnaire methods: Practical problems in aligning data,Lois Ruth Harris; Gavin Brown,2020,Scholarworks (University of Massachusetts Amherst),10.7275/959j-ky83,https://openalex.org/W1604239391,research-methodology-only,"Structured questionnaires and semi-structured interviews are often used in mixed method studies to generate confirmatory results despite differences in methods of data collection, analysis, and interpretation. A review of 19 questionnaire-interview comparison studies found that consensus and consistency statistics were generally weak between methods. Problems in aligning data from the two different methods are illustrated in a questionnaire-interview study of teacher conceptions of assessment. Poor alignment appeared attributable to: differences in data collection procedures, the complexity and instability of the construct being investigated, difficulties in making data comparable, lack of variability in participant responses, greater sensitivity to context and seemingly emotive responses within the interview, possible misinterpretation of some questionnaire prompts, and greater control of content exposure in the questionnaire. Results indicated that if ‘confirmatory’ results are being sought, researchers must create tightly aligned and structured instruments; present the construct in a simple, concrete, and highly contextualised manner; collect the two types of data with a minimal time gap; and estimate agreement between methods using consistency statistics. However, the cost of confirmation through strong alignment may lead to the loss of rich complementary data obtained through allowing each method to be analysed in its own right.Accessed 152,051 times on https://pareonline.net from January 12, 2010 to December 31, 2019. For downloads from January 1, 2020 forward, please click on the PlumX Metrics link to the right.","openalex, scopus, wos",llm,0.900,unreviewed,
discarded,Using concept inventories to measure understanding,David Sands; Mark Parker; Holly Hedgeland; Sally Jordan; Ross Galloway,2018,Higher Education Pedagogies,10.1080/23752696.2018.1433546,https://openalex.org/W2787671366,domain-concept-inventory-not-computing,"Measuring understanding is notoriously difficult. Indeed, in formulating learning outcomes the word ‘understanding’ is usually avoided, but in the sciences, developing understanding is one of the main aims of instruction. Scientific knowledge is factual, having been tested against empirical observation and experimentation, but knowledge of facts alone is not enough. There are also models and theories containing complex ideas and interrelationships that must be understood, and considerable attention has been devoted across a range of scientific disciplines to measuring understanding. This case study will focus on one of the main tools employed: the concept inventory and in particular the Force Concept Inventory (FCI). The success of concept inventories in physics has spawned concept inventories in chemistry, biology, astronomy, materials science and maths, to name a few. We focus here on the FCI and ask how useful concept inventories are for evaluating learning gains. Finally, we report on recent work by the authors to extend conceptual testing beyond the multiple-choice format.","openalex, scopus, wos",llm,0.940,unreviewed,
discarded,Adaptive Environmental Assessment and Management,C. S. Holling,1980,Forest Science,10.1093/forestscience/26.3.435,https://openalex.org/W1530529744,unrelated-domain,,"openalex, scopus, wos",llm,0.990,unreviewed,
discarded,Preliminary Results From The Development Of A Concept Inventory In Thermal And Transport Science,Mary Nelson; Barbara Olds; Ronald L. Miller; Ruth Streveler,2020,,10.18260/1-2--12983,https://openalex.org/W2612010766,domain-concept-inventory-not-computing,This paper reports on the progress made in the creation of a concept inventory in thermal and transport science. We discuss the steps taken to create questions for the concept inventory and the results of the alpha testing of our inventory. Next steps in the processparticularly establishing validity and reliability of the instrument -are also discussed.,"openalex, scopus, wos",llm,0.950,unreviewed,
discarded,Psychological characteristics of metacognitive strategy use and vocabulary development paths among vocational university students in a personalized english teaching environment,Zhao X.,2026,BMC Psychology,10.1186/s40359-026-04595-2,https://www.scopus.com/inward/record.uri?partnerID=HzOxMe3b&scp=105041882156&origin=inward,unrelated-domain,,"openalex, scopus, wos",llm,0.980,unreviewed,
discarded,Psychometric assessment of the short version of the Zarit Burden Inventory among Iranian family caregivers of individuals with chronic psychiatric disorders,Mirhosseini S.,2026,Discover Public Health,10.1186/s12982-026-02359-2,https://www.scopus.com/inward/record.uri?partnerID=HzOxMe3b&scp=105042571567&origin=inward,instrument-development-noncomputing,,"openalex, scopus, wos",llm,0.960,unreviewed,
discarded,Development and validation of a self-report questionnaire to assess executive functions in healthy adults: the executive functions in healthy adults questionnaire (EFHAQ),Pfeffer I.,2026,Scientific Reports,10.1038/s41598-026-65768-y,https://www.scopus.com/inward/record.uri?partnerID=HzOxMe3b&scp=105046710770&origin=inward,instrument-development-noncomputing,,"openalex, scopus, wos",llm,0.960,unreviewed,
discarded,Design and psychometric properties of the academic vitality scale in nursing students,Mohammadi M.,2026,Scientific Reports,10.1038/s41598-025-30701-2,https://www.scopus.com/inward/record.uri?partnerID=HzOxMe3b&scp=105027189153&origin=inward,instrument-development-noncomputing,,"openalex, scopus, wos",llm,0.960,unreviewed,
discarded,Academic medical postgraduates: a competence iceberg model and measurement development,Yue J.J.,2026,Humanities and Social Sciences Communications,10.1057/s41599-025-06371-w,https://www.scopus.com/inward/record.uri?partnerID=HzOxMe3b&scp=105026815487&origin=inward,instrument-development-noncomputing,,"openalex, scopus, wos",llm,0.960,unreviewed,
discarded,Evaluating the pulse of exercise programs: Developing and validating the intervention usability scale for exercise (IUSE) to enhance implementation and adherence,Mørtvedt A.I.,2026,Human Factors in Healthcare,10.1016/j.hfh.2026.100142,https://www.scopus.com/inward/record.uri?partnerID=HzOxMe3b&scp=105042273512&origin=inward,instrument-development-noncomputing,,"openalex, scopus, wos",llm,0.960,unreviewed,
discarded,Perceptions of the Values and Outcomes to Improve Cancer Experiences (VOICE) tool: a digital values-clarification instrument and tailored summary report for older adults with advanced cancer,Cole A.C.,2026,Journal of Patient Reported Outcomes,10.1186/s41687-026-01038-9,https://www.scopus.com/inward/record.uri?partnerID=HzOxMe3b&scp=105038827147&origin=inward,unrelated-domain,,"openalex, scopus, wos",llm,0.980,unreviewed,
discarded,Validation of the Turkish version of the Phobic Stimuli Response Scales,Yerlikaya E.E.,2026,Psicologia Reflexao E Critica,10.1186/s41155-026-00380-7,https://www.scopus.com/inward/record.uri?partnerID=HzOxMe3b&scp=105031572812&origin=inward,instrument-development-noncomputing,,"openalex, scopus, wos",llm,0.960,unreviewed,
discarded,Developing and evaluating the effectiveness of a web-based application to improve the mental health of infertile women: a multi-phase study protocol,Aliasghari F.,2026,Reproductive Health,10.1186/s12978-026-02362-5,https://www.scopus.com/inward/record.uri?partnerID=HzOxMe3b&scp=105044930627&origin=inward,unrelated-domain,,"openalex, scopus, wos",llm,0.980,unreviewed,
discarded,Investigation of phubbing behavior in attention deficit hyperactivity disorder and cognitive disengagement syndrome: a case-control study in adolescent,Gavcar E.G.,2026,BMC Psychiatry,10.1186/s12888-026-08212-9,https://www.scopus.com/inward/record.uri?partnerID=HzOxMe3b&scp=105045237587&origin=inward,unrelated-domain,,"openalex, scopus, wos",llm,0.990,unreviewed,
discarded,The long road to routine care: piloting the digital mental health intervention for PTSD “Radius Grow” in a psychiatric residential setting,Brähmer S.F.,2026,BMC Psychology,10.1186/s40359-026-04738-5,https://www.scopus.com/inward/record.uri?partnerID=HzOxMe3b&scp=105039331396&origin=inward,unrelated-domain,,"openalex, scopus, wos",llm,0.990,unreviewed,
discarded,Development and evaluation of a web-based toolkit to inform mental health professionals about digital mental health interventions for eating disorders,Mayer G.,2026,Journal of Eating Disorders,10.1186/s40337-025-01518-1,https://www.scopus.com/inward/record.uri?partnerID=HzOxMe3b&scp=105028794378&origin=inward,unrelated-domain,,"openalex, scopus, wos",llm,0.980,unreviewed,
discarded,Tools and methods for assessing the usability and related aspects of usability of extended reality and telerehabilitation technologies in stroke rehabilitation: a scoping review,Ouédraogo F.,2026,Journal of Neuroengineering and Rehabilitation,10.1186/s12984-025-01861-z,https://www.scopus.com/inward/record.uri?partnerID=HzOxMe3b&scp=105028875472&origin=inward,unrelated-domain,,"openalex, scopus, wos",llm,0.980,unreviewed,
discarded,How academic motivation and self-efficacy predict learning burnout: an empirical study of senior English majors in Chinese independent colleges,Chen B.,2026,BMC Psychology,10.1186/s40359-026-04424-6,https://www.scopus.com/inward/record.uri?partnerID=HzOxMe3b&scp=105038447153&origin=inward,unrelated-domain,,"openalex, scopus, wos",llm,0.980,unreviewed,
discarded,Psychological readiness for AI in health professions education: the role of innovativeness and cognitive flexibility among Turkish students,Çavuş Alan S.,2026,BMC Medical Education,10.1186/s12909-026-09258-9,https://www.scopus.com/inward/record.uri?partnerID=HzOxMe3b&scp=105040541463&origin=inward,general-ai-literacy-not-target,,"openalex, scopus, wos",llm,0.900,unreviewed,
discarded,Seeking pleasure or seeking compensation: a dual-pathway model of problematic social networks use,Klein L.,2026,Addictive Behaviors Reports,10.1016/j.abrep.2026.100720,https://www.scopus.com/inward/record.uri?partnerID=HzOxMe3b&scp=105042383376&origin=inward,unrelated-domain,,"openalex, scopus, wos",llm,0.990,unreviewed,
