status,title,authors,year,venue,doi,url,tags,abstract,provider,decision_source,llm_confidence,llm_review_outcome,llm_change_direction
discarded,"Multimodal Large Language Models in Health Care: Applications, Challenges, and Future Outlook",Rawan AlSaad; Alaa Abd‐Alrazaq; Sabri Boughorbel; Arfan Ahmed; Max-Antoine Renault; Rafat Damseh; Javaid I. Sheikh,2024,Journal of Medical Internet Research,10.2196/59505,https://openalex.org/W4402155831,unrelated-domain,"In the complex and multidimensional field of medicine, multimodal data are prevalent and crucial for informed clinical decisions. Multimodal data span a broad spectrum of data types, including medical images (eg, MRI and CT scans), time-series data (eg, sensor data from wearable devices and electronic health records), audio recordings (eg, heart and respiratory sounds and patient interviews), text (eg, clinical notes and research articles), videos (eg, surgical procedures), and omics data (eg, genomics and proteomics). While advancements in large language models (LLMs) have enabled new applications for knowledge retrieval and processing in the medical field, most LLMs remain limited to processing unimodal data, typically text-based content, and often overlook the importance of integrating the diverse data modalities encountered in clinical practice. This paper aims to present a detailed, practical, and solution-oriented perspective on the use of multimodal LLMs (M-LLMs) in the medical field. Our investigation spanned M-LLM foundational principles, current and potential applications, technical and ethical challenges, and future research directions. By connecting these elements, we aimed to provide a comprehensive framework that links diverse aspects of M-LLMs, offering a unified vision for their future in health care. This approach aims to guide both future research and practical implementations of M-LLMs in health care, positioning them as a paradigm shift toward integrated, multimodal data-driven medical practice. We anticipate that this work will spark further discussion and inspire the development of innovative approaches in the next generation of medical M-LLM systems.","openalex, scopus, wos",llm,0.980,unreviewed,
discarded,Fiscal Volatility Shocks and Economic Activity,Jesús Fernández‐Villaverde; Pablo Guerrón-Quintana; Keith Kuester; Juan Francisco Rubio-Ramı́rez,2015,American Economic Review,10.1257/aer.20121236,https://openalex.org/W3122613467,unrelated-domain,"We study how unexpected changes in uncertainty about fiscal policy affect economic activity. First, we estimate tax and spending processes for the United States with time-varying volatility to uncover evidence of time-varying volatility. Second, we estimate a VAR for the US economy using the time-varying volatility found in the previous step. Third, we feed the tax and spending processes into an otherwise standard New Keynesian model. Both in the VAR and in the model, we find that unexpected changes in fiscal volatility shocks can have a sizable adverse effect on economic activity. An endogenous increase in markups is a key mechanism. (JEL E12, E23, E32, E52, E62)","openalex, scopus, wos",llm,0.990,unreviewed,
discarded,Towards intelligent E-learning systems,Mengchi Liu; Dongmei Yu,2022,Education and Information Technologies,10.1007/s10639-022-11479-6,https://openalex.org/W4311123195,general-edtech-not-target-domain,,"openalex, scopus, wos",llm,0.850,unreviewed,
discarded,Design principles and architecture of a second language learning chatbot,Kim Heyoung; Hyejin Yang; Dongkwang Shin; Jang Ho Lee,2022,Language learning & technology,10.64152/10125/73463,https://openalex.org/W4413183455,general-edtech-not-target-domain,"The purpose of this article is to set out the design principles and architecture of a second language (L2) learning voice chatbot. Building on L2 acquisition theories and chatbot research, in this article, we report on a South Korean government-funded longitudinal project in which we designed and developed a chatbot called “Ellie”. Chatbot Ellie has three chat modes, “General Chat,” “Task Chat,” and “Skills”. In the General Chat mode, L2 users can have short talks about personal information, whereas in the Task Chat mode, they can engage in a wide range of problem-solving L2 tasks to achieve task goals by exchanging meanings with Ellie. The Skills mode offers form-focused language practice. Ellie was piloted among 137 Korean high school students, who used Ellie individually or in a group, for seven weeks in their English classes. The quality of the chatbot was investigated in terms of the appropriateness of language level, continuity of conversation, and success in task performance. Based on the results of the pilot, Ellie appears to have considerable potential to become an effective language learning companion for L2 learners, and has implications for the design and developments of future L2 chatbots.","openalex, scopus, wos",llm,0.930,unreviewed,
discarded,IMPLEMENTATION OF SYNCHRONOUS AND ASYNCHRONOUS E- LANGUAGE LEARNING IN EFL SETTING: A CASE STUDY,Rika Riwayatiningsih; Sulistyani Sulistyani,2020,JURNAL BASIS,10.33884/basisupb.v7i2.2484,https://openalex.org/W3095474628,general-edtech-not-target-domain,"Teaching and learning process since the pandemic time has shifted away from the traditional face to face classroom into online distance learning, and this will be undergo in the post pandemic. This case study aimed to investigate the effectiveness use of the combined modes of synchronous and asynchronous in e- language learning for university students. While both types of that learning approach have its importance in different scenario. The research questions to be answered in the study was how the adoption of synchronous (discussion activity platform) and asynchronous (learning content platform) would be more effective in e- language learning. 55 university participants from the second semester of English Department who joined the online creative writing class in synchronous and asynchronous language learning activity received the survey questionnaire as the sampling of the collected data. The data from the interview was also obtained to get the learners insights regarding the course experiences.The results showed that the applying of the combination approach in online learning has been greatly effective in helping the learners in terms of the community interaction and material engagement. Moreover, the learners’ response about the using blended mode of synchronous and asynchronous for their learning is very positive. Some suggestions to enfold the problems over the online learning are also provided.","openalex, scopus, wos",llm,0.940,unreviewed,
discarded,Enhancing conceptual understanding of secondary school students on mechanics through inquiry-driven laboratory instruction in physics education,Abuna T.,2026,Discover Education,10.1007/s44217-026-01616-5,https://www.scopus.com/inward/record.uri?partnerID=HzOxMe3b&scp=105040666032&origin=inward,domain-concept-inventory-not-computing,,"openalex, scopus, wos",llm,0.970,unreviewed,
discarded,Advancing accreditation and sustainable education goals through outcome attainment analysis: a case study of statics education in Malaysia,Zakwan F.A.A.,2026,Discover Education,10.1007/s44217-026-01302-6,https://www.scopus.com/inward/record.uri?partnerID=HzOxMe3b&scp=105036106840&origin=inward,general-edtech-not-target-domain,,"openalex, scopus, wos",llm,0.940,unreviewed,
discarded,Making the productive failure in PS-I more productive: the case of scaffolding the instruction phase,Safadi R.,2026,Instructional Science,10.1007/s11251-026-09802-6,https://www.scopus.com/inward/record.uri?partnerID=HzOxMe3b&scp=105039910905&origin=inward,general-edtech-not-target-domain,,"openalex, scopus, wos",llm,0.940,unreviewed,
discarded,An analysis of demonstration materials in quantum physics education,Folkers B.,2026,EPJ Quantum Technology,10.1140/epjqt/s40507-025-00460-0,https://www.scopus.com/inward/record.uri?partnerID=HzOxMe3b&scp=105027633098&origin=inward,domain-concept-inventory-not-computing,,"openalex, scopus, wos",llm,0.950,unreviewed,
discarded,Introducing the concepts of energy and dynamics in quantum mechanics by engaging students in theoretical modeling,Zuccarini G.,2026,European Journal of Physics,10.1088/1361-6404/ae8d62,https://www.scopus.com/inward/record.uri?partnerID=HzOxMe3b&scp=105046525909&origin=inward,domain-concept-inventory-not-computing,,"openalex, scopus, wos",llm,0.950,unreviewed,
discarded,Survey of Computerized Adaptive Testing: A Machine Learning Perspective,Zhuang Y.,2026,IEEE Transactions on Pattern Analysis and Machine Intelligence,10.1109/TPAMI.2026.3672850,https://www.scopus.com/inward/record.uri?partnerID=HzOxMe3b&scp=105032791876&origin=inward,assessment-tool-not-target-domain,,"openalex, scopus, wos",llm,0.900,unreviewed,
discarded,"Extending the Derivative Concept: A Coherent, Quantitative Approach to the Chain Rule, Implicit Differentiation, and Related Rates",Jeppson H.P.,2026,International Journal of Research in Undergraduate Mathematics Education,10.1007/s40753-025-00289-z,https://www.scopus.com/inward/record.uri?partnerID=HzOxMe3b&scp=105030521886&origin=inward,domain-concept-inventory-not-computing,,"openalex, scopus, wos",llm,0.950,unreviewed,
discarded,The role of mathematics in the quantum physics knowledge construction through problem-solving with peers,Didiş Körhasan N.,2026,European Journal of Physics,10.1088/1361-6404/ae6a4d,https://www.scopus.com/inward/record.uri?partnerID=HzOxMe3b&scp=105042047137&origin=inward,domain-concept-inventory-not-computing,,"openalex, scopus, wos",llm,0.950,unreviewed,
discarded,Gamification in Radiocommunications: A Board Game Approach to Boost Engagement and Learning,Domenech A.S.,2026,Education Sciences,10.3390/educsci16050713,https://www.scopus.com/inward/record.uri?partnerID=HzOxMe3b&scp=105040040394&origin=inward,general-edtech-not-target-domain,,"openalex, scopus, wos",llm,0.950,unreviewed,
discarded,Large Language Models Meet Molecules: A Systematic Review of Advances and Challenges in AI-Driven Cheminformatics,Umer M.S.,2026,Archives of Computational Methods in Engineering,10.1007/s11831-025-10437-y,https://www.scopus.com/inward/record.uri?partnerID=HzOxMe3b&scp=105019341406&origin=inward,unrelated-domain,,"openalex, scopus, wos",llm,0.950,unreviewed,
discarded,The Epistemic Generativity of Using a Model of a Big Idea,Shemwell J.T.,2026,Science Education,10.1002/sce.70037,https://www.scopus.com/inward/record.uri?partnerID=HzOxMe3b&scp=105023995685&origin=inward,domain-concept-inventory-not-computing,,"openalex, scopus, wos",llm,0.940,unreviewed,
discarded,Instructor Framing and Incentives Shape Physics Students’ Engagement and Learning Gains from an Inquiry-Based Electrostatics Tutorial on the Method of Images,Kashyap J.S.,2026,Education Sciences,10.3390/educsci16040594,https://www.scopus.com/inward/record.uri?partnerID=HzOxMe3b&scp=105036811394&origin=inward,domain-concept-inventory-not-computing,,"openalex, scopus, wos",llm,0.950,unreviewed,
discarded,What does it mean to think like a physicist? Insights from physics graduate students,Ghimire A.,2026,European Journal of Physics,10.1088/1361-6404/ae4e70,https://www.scopus.com/inward/record.uri?partnerID=HzOxMe3b&scp=105035255112&origin=inward,domain-concept-inventory-not-computing,,"openalex, scopus, wos",llm,0.950,unreviewed,
discarded,Semiotic problem framing: a new framework to guide students and teachers in conceptual understanding and teaching of physics,Tuveri M.,2026,European Journal of Physics,10.1088/1361-6404/ae2445,https://www.scopus.com/inward/record.uri?partnerID=HzOxMe3b&scp=105046892684&origin=inward,domain-concept-inventory-not-computing,,"openalex, scopus, wos",llm,0.950,unreviewed,
discarded,Fuzzy comprehensive three-level evaluation for deep learning classification targeting high-dimensional data,Feng S.,2026,Applied Soft Computing,10.1016/j.asoc.2025.114443,https://www.scopus.com/inward/record.uri?partnerID=HzOxMe3b&scp=105025432456&origin=inward,unrelated-domain,,"openalex, scopus, wos",llm,0.980,unreviewed,
discarded,Microstructure of narratives written by Chinese learners of Russian,Galkina E.V.,2026,Russian Language Studies,10.22363/2618-8163-2026-24-2-278-296,https://www.scopus.com/inward/record.uri?partnerID=HzOxMe3b&scp=105042218739&origin=inward,unrelated-domain,,"openalex, scopus, wos",llm,0.980,unreviewed,
discarded,Assessing the impact of multiple representations based instruction integrated with formative assessment practice on secondary school students’ problem-solving performance in Physics,Worku D.T.,2026,Research in Science and Technological Education,10.1080/02635143.2025.2469062,https://www.scopus.com/inward/record.uri?partnerID=HzOxMe3b&scp=86000202952&origin=inward,domain-concept-inventory-not-computing,,"openalex, scopus, wos",llm,0.950,unreviewed,
discarded,Comparing students’ understanding of electric and magnetic fields and forces with parallel multiple-choice questions,Hernandez E.,2026,Physical Review Physics Education Research,10.1103/7qnx-zmmx,https://www.scopus.com/inward/record.uri?partnerID=HzOxMe3b&scp=105032490280&origin=inward,domain-concept-inventory-not-computing,,"openalex, scopus, wos",llm,0.950,unreviewed,
discarded,Recognition and conversion of electric field representations: The case of vector field plot,Campos E.,2026,Eurasia Journal of Mathematics Science and Technology Education,10.29333/ejmste/17633,https://www.scopus.com/inward/record.uri?partnerID=HzOxMe3b&scp=105025407508&origin=inward,domain-concept-inventory-not-computing,,"openalex, scopus, wos",llm,0.950,unreviewed,
discarded,MIXING A MOOC WITH FLIP TEACHING IN A TRADITIONAL CLASSROOM,"Lujan-Mora, Sergio; Saquete Boro, Estela",2013,EDULEARN13: 5TH INTERNATIONAL CONFERENCE ON EDUCATION AND NEW LEARNING TECHNOLOGIES,,https://www.webofscience.com/wos/woscc/full-record/WOS:000346798306074,markup-language-education-but-no-difficulty-data,"MOOCs (Massive Open Online Courses) have been around us since 2008, when around 2,300 students took part in a course called ""Connectivism and Connective Knowledge"", organized by the University of Manitoba (Canada). However, 2012 was widely recognized as ""The year of the MOOC"", because some MOOC initiatives, such as Coursera, Udacity, or edX, gained a world-wide popularity. Many experts consider MOOCs a ""revolution in education"". However, other experts think is too soon to make such a claim and MOOCs still have to prove their real value. Unfortunately, there are not many research studies on MOOCs.

In this paper, we present some lessons learned from our MOOC on XML (extensible Markup Language). Some features our MOOC included were self-paced learning, an online discussion group, and assessment of learning students progressed through the course. We used Google CourseBuilder as LMS (Learning Management Systems). In our MOOC we had two types of students: official on-campus students and unofficial off-campus students. On-campus students were taught using a blended learning method: a combination of traditional face-to-face classroom with online learning.

Apart from the data gathered from the LMS, we conducted two online surveys to better understand how students learnt. The goal of our study was to discover if there was any correlation between the subject perception of the quality of the course and the learning style of each student.

Firstly, students answered an online survey which goal was to measure the quality of the instructional material. Students had to assess the quality of the audio and the video image, the duration of the videos, the content of the videos, and the difficulty of the quizzes. This survey was a 13-item questionnaire.

Secondly, students answered the Index of Learning Styles, an online survey based on the learning style model formulated by Richard M. Felder and Linda K. Silverman. This model is used to categorize students' learning styles based on the selection of some preferences from a group of four dimensions (active/reflective, sensing/intuitive, visual/verbal, and sequential/global). This survey was a 44-item questionnaire. In this paper we present the results and the conclusions of our study.","openalex, scopus, wos",llm,0.620,unreviewed,
discarded,Virtual reality case study throughout the curriculum to address competency gaps,"Whitman, L; Malzahn, D; Madhavan, V; Weheba, G; Krishnan, K",2004,INTERNATIONAL JOURNAL OF ENGINEERING EDUCATION,,https://www.webofscience.com/wos/woscc/full-record/WOS:000224135100003,general-edtech-not-target-domain,"While most instruction aims to provide students with content knowledge accompanied by practical application, the classroom experience typically has difficulty providing students with non-trivial examples. Graduating students also express a lack of confidence in integrating knowledge gained in disparate courses regarding identifying problems and synthesizing solutions. Many programs include industry-based projects as a solution to these issues. This approach has various drawbacks including the difficulty of implementing such a project in a sizable number of the courses, the need for a significant commitment of class time, establishing contacts and ensuring that students have sufficient access to them to develop a model The Industrial and Manufacturing Engineering Department at Wichita State University is developing an integrated set of realistic virtual reality models of a manufacturing line at Boeing Wichita This line and the virtual models will serve as a mega-case that will be used throughout the curriculum to vertically integrate the concepts across the curriculum and provide a situated learning experience for students. This large-scale virtual reality factory module, 'Innovation in Aircraft Manufacturing through System-Wide Virtual Reality Models and Curriculum Integration, is funded by the National Science Foundation through the Partnerships for Innovation program. The virtual reality models being developed include a Quest discrete-event simulation model of the 767 strut torque box manufacturing line and work cell level models in IGRIP and Jack software applications. Virtual Reality Markup Language (VRML) 2.0 files are generated from these models for use in case studies in various classes in the curriculum. Further details are available on the website (http://wwiv.slvr.org). This paper recounts the gaps identified by the Society of Manufacturing Engineers and from surveys of our graduating seniors. A matrix that maps our plan to bridge some of these gaps in courses in the curriculum is presented. The use of virtual reality in general, and specifically in the classroom, is then discussed. The primary pedagogical approach used, situated learning, which places the learner at the center of the instructional process, is presented. Examples of course modules are then discussed to show practical applications of using the mega-case to bridge the gaps in manufacturing engineering education. A rubric developed for assessment of the critical elements required for an effective situated learning experience and the realization of these characteristics in the VR modules is presented. Lastly, the benefits and problems of this approach are discussed.","openalex, scopus, wos",llm,0.950,unreviewed,
discarded,Using Terminal Histories to Monitor Student Progress on Hands-on Exercises,Jelena Mirković; Aashray Aggarwal; David Weinman; Paul Lepe; Jens Mache; Richard Weiss,2020,,10.1145/3328778.3366935,https://openalex.org/W3009139727,general-programming-not-target,"Hands-on exercises are often used to improve student engagement and knowledge retention in systems, networking and cybersecurity classes. Even when students comprehend the concepts, they may lack the skills to complete an exercise. Teachers need effective tools to identify these problemsduring an assignment and offer targeted and timely help.","openalex, scopus, wos",llm,0.830,unreviewed,
kept,Reading Hierarchies in Code,Thomas Park; Meen Chul Kim; Sukrit Chhabra; Brian Lee; Andrea Forte,2016,,10.1145/2899415.2899435,https://openalex.org/W2461076771,markup-language-education; instrument-development; code-reading; latex-related; hierarchy-instrument-includes-latex; cited,"One of the skills that comprise computational thinking is the ability to read code and reason about the hierarchical relationships between different blocks, expressions, elements, or other types of nodes, depending on the language. In this study, we present three new instruments for assessing different aspects of reading hierarchies in code, including vocabulary, reasoning, and fluency. One of these instruments is Nester, an interactive tool we have designed to elicit mental models about the hierarchical structure of code in computing languages ranging from HTML, CSS, and LaTeX to JavaScript and Lisp. We describe a lab study in which we administered these instruments to 24 participants with varying degrees of web development experience. We report findings from this study, including participants' ability to define, reason about, and manipulate hierarchies in code, and the errors and misconceptions that relate to them. Finally, we discuss avenues for future work.","openalex, scopus, wos",human,0.980,human,
