status,title,authors,year,venue,doi,url,tags,abstract,provider,decision_source,llm_confidence,llm_review_outcome,llm_change_direction
discarded,Explainable Q&A system based on domain-specific knowledge graph,Xuejiao Zhao,2021,,10.32657/10356/146724,https://openalex.org/W3173694849,unrelated-domain,"The rapid development of the Internet has brought an enormous amount of available information, which makes information fragment a serious problem. Traditional information retrieval (IR) systems provide a list of web sites in which the needed information may be found. But the users have to take a lot of time to digest many web pages and summarize the information they want, especially for some complex search tasks. To alleviate the problems of information fragment and accelerate IR, many research works of Question and Answering (Q&A) system attempt to","openalex, scopus, wos",llm,0.970,unreviewed,
kept,On Compiler Error Messages: What TheySayand What TheyMean,V. Javier Traver,2010,Advances in Human-Computer Interaction,10.1155/2010/602570,https://openalex.org/W1992007857,compiler-error-messages; novice-programmers; hci-analysis; error-messages-already-cited,"Programmers often encounter cryptic compiler error messages that are difficult to understand and thus difficult to resolve. Unfortunately, most related disciplines, including compiler technology, have not paid much attention to this important aspect that affects programmers significantly, apparently because it is felt that programmers should adapt to compilers. In this article, however, this problem is studied from the perspective of the discipline of human-computer interaction to gain insight into why compiler errors messages make the work of programmers more difficult, and how this situation can be alleviated. Additionally, because poorly designed error messages affect novice programmers more adversely, the problems faced by computer science students while learning to program are analyzed, and the obstacles originated by compilers are identified. Examples of actual compiler error messages are provided and carefully commented. Finally, some possible measures that can be taken are outlined, and some principles for compiler error message design are included.","openalex, scopus, wos",human,0.990,human,
kept,Do Enhanced Compiler Error Messages Help Students?,Raymond Pettit; John Homer; Roger Gee,2017,,10.1145/3017680.3017768,https://openalex.org/W2604953184,compiler-error-messages; intervention-study; novice-programmers; error-messages-corroboration,"One common frustration students face when first learning to program in a compiled language is the difficulty in interpreting the compiler error messages they receive. Attempts to improve error messages have produced differing results. Two recently published papers showed conflicting results, with one showing measurable change in student behavior, and the other showing no measurable change. We conducted an experiment comparable to these two over the course of several semesters in a CS1 course. This paper presents our results in the context of previous work in this area. We improved the clarity of the compiler error messages the students receive, so that they may more readily understand their mistakes and be able to make effective corrections. Our goal was to help students better understand their syntax mistakes and, as a reasonable measure of our success, we expected to document a decrease in the number of times students made consecutive submissions with the same compilation error. By doing this, we could demonstrate that this enhancement is effective. After collecting and thoroughly analyzing our own experimental data, we found that--despite anecdotal stories, student survey responses, and instructor opinions testifying to the tool's helpfulness--enhancing compiler error messages shows no measurable benefit to students. Our results validate one of the existing studies and contradict another. We discuss some of the reasons for these results and conclude with projections for future research.","openalex, scopus, wos",human,0.990,human,
kept,On Designing Programming Error Messages for Novices: Readability and its Constituent Factors,Paul Denny; James Prather; Brett A. Becker; Catherine Mooney; John Homer; Zachary Albrecht; Garrett Powell,2021,,10.1145/3411764.3445696,https://openalex.org/W3163358064,compiler-error-messages; readability; novice-programmers; error-messages-already-cited,"Programming error messages play an important role in learning to program. The cycle of program input and error message response completes a loop between the programmer and the compiler/interpreter and is a fundamental interaction between human and computer. However, error messages are notoriously problematic, especially for novices. Despite numerous guidelines citing the importance of message readability, there is little empirical research dedicated to understanding and assessing it. We report three related experiments investigating factors that influence programming error message readability. In the first two experiments we identify possible factors, and in the third we ask novice programmers to rate messages using scales derived from these factors. We find evidence that several key factors significantly affect message readability: message length, jargon use, sentence structure, and vocabulary. This provides novel empirical support for previously untested long-standing guidelines on message design, and informs future efforts to create readability metrics for programming error messages.","openalex, scopus, wos",human,0.990,human,
kept,An Exploration of the Effects of Enhanced Compiler Error Messages for Computer Programming Novices,Brett A. Becker,2015,Arrow - TU Dublin (Technological University Dublin),10.13140/rg.2.2.26637.13288,https://openalex.org/W2531756803,compiler-error-messages; novice-programmers; intervention-study; thesis; error-messages-corroboration,"Computer programming is an essential skill that all computing students must master and is increasingly important in many diverse disciplines. It is also difficult to learn. One of the many challenges novice programmers face from the start are notoriously cryptic compiler error messages. These report details on errors made by students and are essential as the primary source of information used to rectify those errors. However these difficult to understand messages are often a barrier to progress and a source of discouragement. A high number of student errors, and in particular a high frequency of repeated errors – when a student makes the same error consecutively – have been shown to be indicators of students who are struggling with learning to program. This instrumental case study research investigates the student experience with, and the effects of, software that has been specifically written to help students overcome their challenges with compiler error messages. This software provides help by enhancing error messages, presenting them in a straightforward, informative manner. Two cohorts of first year computing students at an Irish higher education institution participated over two academic years; a control group in 2014-15 that did not experience enhanced error messages, and an intervention group in 2013-14 that did.\nThis thesis lays out a comprehensive view of the student experience starting with a quantitative analysis of the student errors themselves. It then views the students as groups, revealing interesting differences in error profiles. Following this, some individual student profiles and behaviours are investigated. Finally, the student experience is discovered through their own words and opinions by means of a survey that incorporated closed and open-ended questions. In addition to reductions in errors overall, errors per student, and the key metric of repeated error frequency, the intervention group is shown to behave more cohesively with fewer indications of struggling students. A positive learning experience using the software is reported by the students and the lecturer. These results are of interest to educators who have witnessed students struggle with learning to program, and who are looking to help remove the barrier presented by compiler error messages. This work is important for two reasons. First, the effects of error message enhancement have been debated in the literature – this work provides evidence that there can be positive effects. Second, these results should be generalisable at least in part, to other languages, students and institutions.","openalex, scopus, wos",human,0.990,human,
discarded,CODA: convergence diagnosis and output analysis for MCMC,Martyn Plummer; Nicky Best; Kate Cowles; Karen Vines,2006,Open Research Online - ORO (The Open University),,https://openalex.org/W1549853756,statistical-computing-not-target,"[1st paragraph] At first sight, Bayesian inference with Markov Chain Monte Carlo (MCMC) appears to be straightforward. The user defines a full probability model, perhaps using one of the programs discussed in this issue; an underlying sampling engine takes the model definition and returns a sequence of dependent samples from the posterior distribution of the model parameters, given the supplied data. The user can derive any summary of the posterior distribution from this sample. For example, to calculate a 95% credible interval for a parameter α, it suffices to take 1000 MCMC iterations of α and sort them so that α1<α2<...<α1000. The credible interval estimate is then (α25, α975). However, there is a price to be paid for this simplicity. Unlike most numerical methods used in statistical inference, MCMC does not give a clear indication of whether it has converged. The underlying Markov chain theory only guarantees that the distribution of the output will converge to the posterior in the limit as the number of iterations increases to infinity. The user is generally ignorant about how quickly convergence occurs, and therefore has to fall back on post hoc testing of the sampled output. By convention, the sample is divided into two parts: a “burn in” period during which all samples are discarded, and the remainder of the run in which the chain is considered to have converged sufficiently close to the limiting distribution to be used. Two questions then arise: 1. How long should the burn in period be? 2. How many samples are required to accurately estimate posterior quantities of interest? The coda package for R contains a set of functions designed to help the user answer these questions. Some of these convergence diagnostics are simple graphical ways of summarizing the data. Others are formal statistical tests.","openalex, scopus, wos",llm,0.940,unreviewed,
kept,An exploration of novice compilation behaviour in BlueJ,Matthew C. Jadud,2021,Kent Academic Repository (University of Kent),10.22024/unikent/01.02.86458,https://openalex.org/W58732440,compilation-behaviour; novice-programmers; edit-compile-loop; edit-compile-loop-corroboration,"Our research explores the process by which beginning programmers go about writing programs. We have focused our explorations on what we call compilation behaviour: the programming behaviour a student engages in while repeatedly editing and compiling their programs in an attempt to make them syntactically, if not semantically, correct. The students whose behaviour we have observed were engaged in learning to program in an objects-first style using BlueJ, an environment designed for supporting novice programmers just starting out with the Java programming language. The significant results of our work are two-fold. First, we have developed tools for visualising the process by which students write their programs. Using these tools, we can quickly obtain valuable information about their process, and use that information to inform further research regarding their behaviour, or apply it immediately in a classroom context to better support the struggling learner. Second, we have proposed a quantification of novice compilation behavior which we call the error quotient. Using this metric, we can determine how well (or poorly) a student fares with syntax errors while learning to program. This quantity, like our tools for visualisation, provides a powerful indicator for how much or little a student is struggling with the language while programming, and correlates significantly with traditional indicators for academic progress.","openalex, scopus, wos",human,0.990,human,
discarded,Critiquing Antipatterns In Novice Code,Leo C. Ureel,2020,,10.37099/mtu.dc.etdr/1158,https://openalex.org/W3130125100,novice-programmers; compiler-error-messages; antipatterns; programming-errors-not-messages,"Students in introductory computer science courses, are learning to program. Indeed, most students perceive that learning to code is the central topic explored in the courses. Students spend an enormous amount of time struggling to learn the syntax and understand semantics of a particular language. Instructors spend a similar amount of time reading student code and explaining the meaning of the cryptic error messages displayed by compilers. Messages provided by compilers are intended to give feedback on the adherence of one’s code to the language specification and conventions. Unfortunately, these message are geared towards experts who have a clear understanding of the language syntax and semantics and a deep model of what comprises a program and how a program is developed. These students are novices who lack fundamental understanding of the structure of a program and have no basic mental model of how a program works. Novices make different kinds of mistakes than experts. Instructors need to spend a lot of time simply assisting novices in using compilers and understanding their output. In addition to mastering the syntax and semantics of their first programming language, novices are exposed to the question of what constitutes good design. Instructors can identify virtuous design choices and articulate areas of improvement. But contact time with students is limited, and waiting for in-person feedback or replies to personal messages can be a critical delay. Novices, still struggling to use the compiler, have not yet developed the sophisticated analytical processes employed by experts and this is reflected in their design choices and the kinds of mistakes they make. When a novice approaches an instructor with a question, the instructor must often provide a balanced critique that assists the student with understanding both the structure and the design aspects of their own code. My research has focused on whether we can identify examples of early programming antipatterns that have arisen from our teaching experience, and describe different ways of detecting them automatically. Novice students may produce code that is close to a correct solution but contains syntactic errors; code critiquers attempt to salvage the promising portions of the students submission and suggest repairs in ways more meaningful than typical compiler error messages. Alternatively, a student misunderstanding may result in well-formed code that passes unit tests yet contains clear design flaws; through additional analysis, code critiquers can detect and flag these flaws. Finally, certain types of antipatterns can","openalex, scopus, wos",human,0.900,human,
discarded,Usability Testing Finds Problems for Novice Users of Pediatric Portals,Maria T. Britto; Holly Jimison; Jennifer Knopf Munafo; Jennifer Wissman; Michelle Rogers; William Hersh,2009,Journal of the American Medical Informatics Association,10.1197/jamia.m3154,https://openalex.org/W123497898,unrelated-domain,"OBJECTIVE: Patient portals may improve pediatric chronic disease outcomes, but few have been rigorously evaluated for usability by parents. Using scenario-based testing with think-aloud protocols, we evaluated the usability of portals for parents of children with cystic fibrosis, diabetes or arthritis. DESIGN Sixteen parents used a prototype and test data to complete 14 tasks followed by a validated satisfaction questionnaire. Three iterations of the prototype were used. MEASUREMENTS: During the usability testing, we measured the time it took participants to complete or give up on each task. Sessions were videotaped and content-analyzed for common themes. Following testing, participants completed the Computer Usability Satisfaction Questionnaire which measured their opinions on the efficiency of the system, its ease of use, and the likeability of the system interface. A 7-point Likert scale was used, with seven indicating the highest possible satisfaction. RESULTS: Mean task completion times ranged from 73 (+/- 61) seconds to locate a document to 431 (+/- 286) seconds to graph laboratory results. Tasks such as graphing, location of data, requesting access, and data interpretation were challenging. Satisfaction was greatest for interface pleasantness (5.9 +/- 0.7) and likeability (5.8 +/- 0.6) and lowest for error messages (2.3 +/- 1.2) and clarity of information (4.2 +/- 1.4). Overall mean satisfaction scores improved between iteration one and three. CONCLUSIONS: Despite parental involvement and prior heuristic testing, scenario-based testing demonstrated difficulties in navigation, medical language complexity, error recovery, and provider-based organizational schema. While such usability testing can be expensive, the current study demonstrates that it can assist in making healthcare system interfaces for laypersons more user-friendly and potentially more functional for patients and their families.","openalex, scopus, wos",llm,0.980,unreviewed,
discarded,"A multi-national, multi-institutional study of assessment of programming skills of first-year CS students",M. McCracken; Vicki L. Almstrum; Danny Diaz; Mark Guzdial; Dianne Hagan; Yifat Ben‐David Kolikant; Cary Laxer; Lynda Thomas; Ian Utting; Tadeusz Wilusz,2001,,10.1145/572133.572137,https://openalex.org/W2033086912,assessment-instrument; computing-education; method-precedent; programming-assessment-not-markup,"In computer science, an expected outcome of a student's education is programming skill. This working group investigated the programming competency students have as they complete their first one or two courses in computer science. In order to explore options for assessing students, the working group developed a trial assessment of whether students can program. The underlying goal of this work was to initiate dialog in the Computer Science community on how to develop these types of assessments. Several universities participated in our trial assessment and the disappointing results suggest that many students do not know how to program at the conclusion of their introductory courses. For a combined sample of 216 students from four universities, the average score was 22.89 out of 110 points on the general evaluation criteria developed for this study. From this trial assessment we developed a framework of expectations for first-year courses and suggestions for further work to develop more comprehensive assessments.","openalex, scopus, wos",human,0.940,human,
discarded,A step-by-step guide to perform x-ray photoelectron spectroscopy,Grzegorz Greczyński; Lars Hultman,2022,Journal of Applied Physics,10.1063/5.0086359,https://openalex.org/W4283740148,domain-concept-inventory-not-computing,"There is a growing concern within the surface science community that the massive increase in the number of XPS articles over the last few decades is accompanied by a decrease in work quality including in many cases meaningless chemical bond assignment. Should this trend continue, it would have disastrous consequences for scientific research. While there are many factors responsible for this situation, the lack of insight of physical principles combined with seeming ease of XPS operation and insufficient training are certainly the major ones. To counter that, we offer a comprehensive tutorial written in the form of a step-by-step guide starting from experimental planning, through sample selection and handling, instrument setup, data acquisition, spectra analysis, and results presentation. Six application examples highlight the broad range of research questions that can be answered by XPS. The topic selection and the discussion level are intended to be accessible for novices yet challenging possible preconceptions of experienced practitioners. The analyses of thin film samples are chosen for model cases as this is from where the bulk of XPS reports presently emanate and also where the author's key expertise lies. At the same time, the majority of discussed topics is applicable to surface science in general and is, thus, of relevance for the analyses of any type of sample and material class. The tutorial contains ca. 160 original spectra and over 290 references for further reading. Particular attention is paid to the correct workflow, development of good research practices, and solid knowledge of factors that impact the quality and reliability of the obtained information. What matters in the end is that the conclusions from the analysis can be trusted. Our aspiration is that after reading this tutorial each practitioner will be able to perform error-free data analysis and draw meaningful insights from the rich well of XPS.","openalex, scopus, wos",llm,0.950,unreviewed,
discarded,A classification of errors in lay comprehension of medical documents,Alla Keselman; Catherine Arnott Smith,2012,Journal of Biomedical Informatics,10.1016/j.jbi.2012.07.012,https://openalex.org/W2041806027,document-comprehension-medical,,"openalex, scopus, wos",llm,0.880,unreviewed,
