status,title,authors,year,venue,doi,url,tags,abstract,provider,decision_source,llm_confidence,llm_review_outcome,llm_change_direction
discarded,You're (Not) My Type‐ Can LLMs Generate Feedback of Specific Types for Introductory Programming Tasks?,Dominic Lohr; Hieke Keuning; Natalie Kiesler,2025,Journal of Computer Assisted Learning,10.1111/jcal.13107,https://openalex.org/W4406091961,general-programming-not-target,"ABSTRACT Background Feedback as one of the most influential factors for learning has been subject to a great body of research. It plays a key role in the development of educational technology systems and is traditionally rooted in deterministic feedback defined by experts and their experience. However, with the rise of generative AI and especially large language models (LLMs), we expect feedback as part of learning systems to transform, especially for the context of programming. In the past, it was challenging to automate feedback for learners of programming. LLMs may create new possibilities to provide richer, and more individual feedback than ever before. Objectives This article aims to generate specific types of feedback for introductory programming tasks using LLMs. We revisit existing feedback taxonomies to capture the specifics of the generated feedback, such as randomness, uncertainty and degrees of variation. Methods We iteratively designed prompts for the generation of specific feedback types (as part of existing feedback taxonomies) in response to authentic student programs. We then evaluated the generated output and determined to what extent it reflected certain feedback types. Results and Conclusion This study provides a better understanding of different feedback dimensions and characteristics. The results have implications for future feedback research with regard to, for example, feedback effects and learners' informational needs. It further provides a basis for the development of new tools and learning systems for novice programmers including feedback generated by AI.","openalex, scopus, wos, dblp",llm,0.860,unreviewed,
discarded,AutoChemplete - Making Chemical Structural Formulas Accessible,Merlin Knaeble; Gabriel Sailer; Zihan Chen; Thorsten Schwarz; Kailun Yang; Mario Nadj; Rainer Stiefelhagen; Alexander Maedche,2023,ACM International Conference Proceeding Series,10.1145/3587281.3587293,https://openalex.org/W4366762616,accessibility-equations,"Despite their interests, blind and low vision students avoid STEM subjects. Research attributes this to a lack of accessible material. Annotating STEM content such as chemical structural formulas requires expert domain knowledge, is time consuming, and frustrating. We conduct interviews with blind and low vision chemists and accessibility professionals to derive requirements for tool support. On this basis, we develop AutoChemplete, an interactive labeling tool for chemical structural formulas. It ingests images and uses machine learning to predict the molecule. With a similarity search in the solution space, we enable even novices to simply pick from options. From this we are able to generate accessible representations. We conduct fifteen think-aloud sessions with participants of varying domain expertise and find support of different annotation styles simultaneously. Not only does AutoChemplete strike a balance in skill-support, participants even find it entertaining.","openalex, scopus, wos, dblp",llm,0.990,unreviewed,
discarded,"""It doesn't win you friends""",Maitraye Das; Darren Gergle; Anne Marie Piper,2019,Proceedings of the ACM on Human-Computer Interaction,10.1145/3359293,https://openalex.org/W2983035945,accessibility-not-target,"Collaborative writing tools have become ubiquitous in today's world and are used widely in many professional organizations and academic settings. Yet, we know little about how ability-diverse teams, such as those involving people with and without vision impairments, make use of collaborative writing tools. We report on interviews with 20 academics and professionals who are blind or visually impaired and perform collaborative writing with sighted colleagues. Our findings reveal that people with vision impairments perform collaborative writing activities through four interconnected processes, which include learning an ecosystem of (in)accessible tools, adapting to complexities of collaborative features, balancing the cost and benefit of accessibility, and navigating power dynamics within organizations. We discuss how our analysis contributes to theories of accessibility in collaboration and offers practical insights for future collaborative system design.","openalex, scopus, wos, dblp",llm,0.920,unreviewed,
discarded,An approach to the evaluation of assistive technology,Robert Stevens; Alistair D. N. Edwards,1996,,10.1145/228347.228359,https://openalex.org/W2034799779,accessibility-not-target,"A valid criticism of may innovations in assistive technology is that they have not been evaluated. However. there are obstacles which make this form of technology difficult to evaluate according to conventional paradigms. The reasons behind this are discussed. A particular evaluation which endeavoured to circumvent those problems is described. The item evaluated was Matllta/k, a program to make mathematics accessible to blind people.","openalex, scopus, wos, dblp",llm,0.930,unreviewed,
discarded,Getting life in two worlds,Edgar Rivera Colón,2009,Rutgers University Community Repository (Rutgers University),10.7282/t398877q,https://openalex.org/W2282431520,unrelated-domain,"This dissertation project is an ethnographic study of the House Ballroom community in New York City. The House Ballroom community is a Black and Latino/a queer and transgender alternative kinship system and dance performance circuit. Specifically, it follows the lives of HIV prevention workers who are deeply embedded in House Ballroom social networks. Based on four years of anthropological fieldwork, I document the way that these community activists fashion meaningful lives in the meeting point between the Ballroom world and the HIV prevention not-for-profit organizations in New York City. It is also an ethnography of the productive failure of the gay and lesbian movement's inability to include working class Black and Latino/a queer communities in developing a political infrastructure to combat HIV/AIDS in New York City. My informants have helped to develop an alternative civil and political infrastructure by combining material and symbolic resources found in the HIV prevention not-for-profit organizations and the House Ballroom community. This ethnography documents and analyzes the lives that these House Ballroom prevention activists have forged and the work of political love that animates their professional and Ballroom communities.","openalex, scopus, wos, dblp",llm,0.990,unreviewed,
discarded,”I don’t want to feel like I’m working in a 1960s factory”: The Practitioner Perspective on Creativity Support Tool Adoption,Srishti Palani; David Ledo; George Fitzmaurice; Fraser Anderson,2022,CHI Conference on Human Factors in Computing Systems,10.1145/3491102.3501933,https://openalex.org/W4225016439,general-hci-not-target,"With the rapid development of creativity support tools, creative practitioners (e.g., designers, artists, architects) have to constantly explore and adopt new tools into their practice. While HCI research has focused on developing novel creativity support tools, little is known about creative practitioner’s values when exploring and adopting these tools. We collect and analyze 23 videos, 13 interviews, and 105 survey responses of creative practitioners reflecting on their values to derive a value framework. We find that practitioners value the tools’ functionality, integration into their current workflow, performance, user interface and experience, learning support, costs and emotional connection, in that order. They largely discover tools through personal recommendations. To help unify and encourage reflection from the wider community of CST stakeholders (e.g., systems creators, researchers, marketers, educators), we situate the framework within existing research on systems, creativity support tools and technology adoption.","openalex, scopus, wos, dblp",llm,0.920,unreviewed,
discarded,Reconstructing with trace information: Does rapid identification information lead to better crime reconstructions?,Madeleine de Gruijter; C.J. de Poot; Henk Elffers,2016,Journal of Investigative Psychology and Offender Profiling,10.1002/jip.1471,https://openalex.org/W2556382793,unrelated-domain,"Abstract Currently, promising new tools are under development that will enable crime scene investigators to analyze fingerprints or DNA‐traces at the crime scene. While these technologies could help to find a perpetrator early in the investigation, they may also strengthen confirmation bias when an incorrect scenario directs the investigation this early. In this study, 40 experienced Crime scene investigators (CSIs) investigated a mock crime scene to study the influence of rapid identification technologies on the investigation. This initial study shows that receiving identification information during the investigation results in more accurate scenarios. CSIs in general are not as much reconstructing the event that took place, but rather have a “who done it routine.” Their focus is on finding perpetrator traces with the risk of missing important information at the start of the investigation. Furthermore, identification information was mostly integrated in their final scenarios when the results of the analysis matched their expectations. CSIs have the tendency to look for confirmation, but the technology has no influence on this tendency. CSIs should be made aware of the risks of this strategy as important offender information could be missed or innocent people could be wrongfully accused.","openalex, scopus, wos, dblp",llm,0.980,unreviewed,
discarded,FFL: A Language and Live Runtime for Styling and Labeling Typeset Math Formulas,Zhiyuan Wu; Jiening Li; Kevin Ma; Hita Kambhamettu; Andrew Head,2023,,10.1145/3586183.3606731,https://openalex.org/W4387801434,latex-related; math-typesetting; readability; user-study; math-notation-tooling,"As interest grows in learning math concepts in fields like data science and machine learning, it is becoming more important to help broad audiences engage with math notation. In this paper, we explore how authoring tools can help authors better style and label formulas to support their readability. We introduce a markup language for augmenting formulas called FFL, or “Formula Formatting Language,” which aims to lower the threshold to stylize and diagram formulas. The language is designed to be concise, writable, readable, and integrable into web-based document authoring environments. It was developed with an accompanying runtime that supports live application of augmentations to formulas. Our lab study shows that FFL improves the speed and ease of editing augmentation markup, and the readability of augmentation markup compared to baseline LaTeX tools. These results clarify the role tooling can play in supporting the explanation of math notation.","openalex, scopus, wos, dblp",human,0.970,human,
discarded,Statistical Software from a Blind Person's Perspective,A. Jonathan R. Godfrey,2013,The R Journal,10.32614/rj-2013-007,https://openalex.org/W2789958071,accessibility-not-target,,"openalex, scopus, wos, dblp",llm,0.930,unreviewed,
discarded,Haptic cues as a utility to perceive and recognise geometry,Yayoi Shimomura; Ebba Þóra Hvannberg; Hjálmtýr Hafsteinsson,2012,Universal Access in the Information Society,10.1007/s10209-012-0271-2,https://openalex.org/W2046194202,accessibility-not-target,"Research has been conducted on how to aid blind peoples’ perceptions and cognition of scientific data and, specifically, on how to strengthen their background in mathematics as a means of accomplishing this goal. In search of alternate modes to vision, researchers and practitioners have studied the opportunities of haptics alone and in combination with other modes, such as audio. What is already known, and has motivated research in this area, is that touch and vision might form a common brain representation that is shared between the visual and haptic modalities and through haptics learning is active rather than passive. In spite of extensive research on haptics in the areas of psychology and neuropsychology, recent advances and rare experiences in using haptic technology have not caused a transfer from basic knowledge in the area of haptics to learning applications and practical guidelines on how to develop such applications. Thus motivated, this study investigates different haptic effects, such as free space, magnetic effects and the bounded box when blind people are given the task of recognising and manipulating classes of 3D objects with which they have varying familiarity. In parallel, this study investigates the applicability of Sjöström’s guidelines on haptic applications development and uses his problem classification to capture knowledge from the experiments. The results of this study show that users can easily recognise and manipulate familiar objects, albeit with some assistance. There is an indication that users completed tasks faster and needed less assistance with magnetic effects. However, they were not as satisfied with this mode. While the results of this study show that haptics have the potential to allow students to conceptualise 3D objects, much more work is needed to exploit this technology to the fullest. Objects with higher complexity are difficult for students, and, in their opinion, the virtual objects (as presented) leave much room for improvement. Sjöström’s error taxonomy proved useful, and four of five sub-guidelines tested were confirmed to be useful in this study.","openalex, scopus, wos, dblp",llm,0.930,unreviewed,
discarded,Textlets: Supporting Constraints and Consistency in Text Documents,Han L. Han; M. Renom; Wendy E. Mackay; Michel Beaudouin-Lafon,2020,,10.1145/3313831.3376804,https://openalex.org/W3030637800,document-editing; constraints-and-consistency; user-study; not-about-learner-understanding,"Writing technical documents frequently requires following constraints and consistently using domain-specific terms. We interviewed 12 legal professionals and found that they all use a standard word processor, but must rely on their memory to manage dependencies and maintain consistent vocabulary within their documents. We introduce Textlets, interactive objects that reify text selections into persistent items. We show how Textlets help manage consistency and constraints within the document, including selective search and replace, word count, and alternative wording. Eight participants tested a search-and-replace Textlet as a technology probe. All successfully interacted directly with the Textlet to perform advanced tasks; and most (6/8) spontaneously generated a novel replace-all-then-correct strategy. Participants suggested additional ideas, such as supporting collaborative editing over time by embedding a Textlet into the document to flag forbidden words. We argue that Textlets serve as a generative concept for creating powerful new tools for document editing.","openalex, scopus, wos, dblp",human,0.750,human,
discarded,Why do clinicians place indwelling urinary catheters with patients in acute medical care,Catherine Murphy,2014,ePrints Soton (University of Southampton),,https://openalex.org/W20131297,unrelated-domain,"Background: Indwelling urinary catheters (IUCs) placed for short-term use in hospital frequently become long-term catheters, increasing the potential for infections, trauma and other complications. Current research has focused on the prompt removal of IUCs in place, with no published review of interventions to reduce the initial placement. Furthermore, little is known about why clinicians place IUCs in acute medical care. Without this knowledge, the effectiveness of strategies aimed at reducing IUC use is likely to be sub-optimal. Aim: To understand why clinicians decide to place IUCs in acute medical care. Methods: (1) A systematic review of interventions to minimise the initial placement of urinary catheters in acute care. (2) A qualitative study in the A&E department and acute medical wards of a 1200+ bed hospital. Clinicians who made the decision to place an IUC were asked to participate in a retrospective think aloud interview describing how they came to the decision, later participating in a semi-structured interview to discuss their wider experiences of making the decision to place an IUC. A purposive sample and thematic analysis were used. Results: (1) Eight (six uncontrolled) studies met the inclusion criteria for the systematic review, using a variety of interventions including clinician education and introduction of guidelines to reduce IUC use. Although seven demonstrated a reduction in the initial use of IUCs post-intervention (relative risk 0.19 – 0.86), the impact of individual interventions was unclear. Notably, each study provided a list of reasons considered to provide justifications for IUC use, with substantial variation between the lists. (2) 30 retrospective think aloud interviews and 20 semi-structured interviews were undertaken. Clinicians were influenced by cues taken from three groups; individual beliefs (e.g. on the clinical indication or IUC-associated risks), patient factors (e.g. age or gender) and organisational factors (e.g. resources or policy). Many spectrums of belief were found (e.g. varying opinions on using IUCs to protect skin from urinary incontinence). Conclusions: This work establishes that understanding of interventions to reduce the initial placement of IUCs is poor and there is a lack of agreement on when the benefits of IUC use outweigh the risks. Clinical reasoning in this area is frequently inconsistent and IUC placement decisions vary widely, indicating that there is considerable scope for a reduction in use.","openalex, scopus, wos, dblp",llm,0.980,unreviewed,
discarded,Advice From Blind Teachers on How to Teach Statistics to Blind Students,A. Jonathan R. Godfrey; Mattheüs T. Loots,2015,Journal of Statistics Education,10.1080/10691898.2015.11889746,https://openalex.org/W2464744615,accessibility-not-target,"Blind students are bound to make up a very small part of the population most university lecturers will encounter during their careers. Research to date shows that good communication between staff and student improves the chances of a successful outcome for both parties. The research does show, however, that the exercise seems to be one of re-inventing the wheel, perhaps with a less than fully informed blueprint to work from.The authors use their own experiences as blind students who progressed beyond research methods or first year introductory courses into careers as teachers and researchers of statistical methods to provide guidance for their sighted colleagues. Our principle point of difference to the existing research work is that we rely on the experience of our statistical education for our current livelihoods; we were not one-off students taking a research methodology course or first year introductory course. We benefitted from the successful (and possibly the not so successful) interactions we had with our sighted teachers. It is our hope that by saving staff from wasted effort, we can spare students from unnecessary discomfort in classes that could improve their future employment prospects. Our aim is therefore to provide practical support for our sighted colleagues and blind peers as we work together towards the empowerment of blind students in becoming competent producers of statistical information, not just consumers who interpret that information.","openalex, scopus, wos, dblp",llm,0.930,unreviewed,
