status,title,authors,year,venue,doi,url,tags,abstract,provider,decision_source,llm_confidence,llm_review_outcome,llm_change_direction
discarded,Used Formal Methods,Holger Blasum; Oto Havle; Sergey Tverdyshev; Bruno Langenstein; Stephan Werner; Abderrahmane Feliachi; Yakoub Nemouchi; Burkhart Wolff; Cyril Proch; Freek Verbeek; Julien Schmaltz,2015,Zenodo (CERN European Organization for Nuclear Research),10.5281/zenodo.47297,https://openalex.org/W2295156413,formal-methods-style-guide-no-learner-data,"This document consists of three chapters: Chapter 1 describes how Isabelle/HOL works and how to use it in a certification processnbsp;in a sound way./li> li>Chapter 2: Style Guide. It describes how to write Isabelle theories so that they are suitablenbsp;for collaborative work and human readers in a certification context./li> li>Chapter 3: Compliance statement. We state how, in the EURO-MILS project, the developednbsp;theories are compliant with (1) and (2)./li> /ul>","openalex, scopus, wos, dblp",llm,0.900,unreviewed,
discarded,From Manual to AI-Driven: Methods for Generating Mathematics and Programming Exercises in Interactive Educational Platforms,Dominik Borys; Janina Macura; Beata Sikora; Łukasz Wróbel,2025,Applied System Innovation,10.3390/asi8060174,https://openalex.org/W4416322044,general-programming-not-target,"The paper presents methods of applying AI to generate mathematical and programming exercises for the purpose of creating courses on an educational platform. Various challenges and advantages are highlighted and discussed in the context of a new interactive platform—Compass. The proposed learning methods based on user–platform interaction are described, along with the results of evaluations conducted among university students who learned with Compass.","openalex, scopus, wos, dblp",llm,0.860,unreviewed,
discarded,Lightweight Modular Staging and Embedded Compilers : Abstraction without Regret for High-Level High-Performance Programming,Tiark Rompf,2012,Infoscience (Ecole Polytechnique Fédérale de Lausanne),10.5075/epfl-thesis-5456,https://openalex.org/W1857216122,compiler-theory-not-learning,"Programs expressed in a high-level programming language need to be translated to a low-level machine dialect for execution. This translation is usually accomplished by a compiler, which is able to translate any legal program to equivalent low-level code. But for individual source programs, automatic translation does not always deliver good results: Software engineering practice demands generalization and abstraction, whereas high performance demands specialization and concretization. These goals are at odds, and compilers can only rarely translate expressive high-level programs tomodern hardware platforms in a way that makes best use of the available resources. Explicit program generation is a promising alternative to fully automatic translation. Instead of writing down the program and relying on a compiler for translation, developers write a program generator, which produces a specialized, efficient, low-level program as its output. However, developing high-quality program generators requires a very large effort that is often hard to amortize. In this thesis, we propose a hybrid design: Integrate compilers into programs so that programs can take control of the translation process, but rely on libraries of common compiler functionality for help. We present Lightweight Modular Staging (LMS), a generative programming approach that lowers the development effort significantly. LMS combines program generator logic with the generated code in a single program, using only types to distinguish the two stages of execution. Through extensive use of component technology, LMS makes a reusable and extensible compiler framework available at the library level, allowing programmers to tightly integrate domain-specific abstractions and optimizations into the generation process, with common generic optimizations provided by the framework. Compared to previous work on programgeneration, a key aspect of our design is the use of staging not only as a front-end, but also as a way to implement internal compiler passes and optimizations, many of which can be combined into powerful joint simplification passes. LMS is well suited to develop embedded domain specific languages (DSLs) and has been used to develop powerful performance-oriented DSLs for demanding domains such as machine learning, with code generation for heterogeneous platforms including GPUs. LMS has also been used to generate SQL for embedded database queries and JavaScript for web applications.","openalex, scopus, wos, dblp",llm,0.910,unreviewed,
discarded,Extraction of Knowledge Models from Textbooks,Isaac Alpizar-Chacón,2023,,10.33540/1647,https://openalex.org/W4320716310,textbook-structure-not-learning,"Many adaptive educational systems and other artificial intelligence applications rely on high-quality knowledge representations. Still, knowledge acquisition remains the primary bottleneck hindering large-scale deployment and adoption of knowledge-based systems. One path to scalable knowledge extraction is using digital textbooks, given their domain-oriented content, structure, and availability. This dissertation presents a unified approach for automatically extracting high-quality and domain-specific knowledge models from digital textbooks. The proposed approach leverages the authors’ knowledge encoded in the textbooks’ elements that facilitate navigation and understanding of the material (table of contents, index, formatting styles) to create knowledge models. The proposed workflow first extracts initial information elements from the textbooks: the structure of chapters and subchapters using the Table of Content, the content of each section, and domain terminology from the back-of-the-book index. Then, new information is added: domain terms are linked to external entities in a knowledge graph (DBpedia) and are enriched with semantic content (e.g., abstracts and categories). Finally, the knowledge about the domain is refined by identifying the relevance of concepts to the target domain. The extracted knowledge is represented in a model using the Text Encoding Initiative. Multiple evaluations show that the extracted knowledge models have high levels of quality across several properties: accuracy, semantics, coverage, specificity, cognitive validity, and granularity. Additionally, the approach is effective in multiple domains—for example, statistics, ancient philosophy, and Python programming. Finally, there are many potential applications for the extracted knowledge models. This dissertation presents three different educational systems supported by the knowledge models.","openalex, scopus, wos, dblp",llm,0.860,unreviewed,
discarded,Utilizing VDM Models in Process Management Tool Development: an Industrial Case,Claus Ballegård Nielsen,2012,,,https://openalex.org/W4412315479,software-engineering-not-target,Time Validation of Timing Constraints for VDM-RT Models Automated Exploration of Alternative System Architectures with VDM-RT Facilitating Consistency Check between Specification and Implementation with MapReduce Framework Counterpoint: Towards a Proof-Support Tool for VDM VDM++ as a Basis of Scalable Agile Formal Software Development Towards Customizable and Bi-directionally Traceable Transformation between VDM++ and Java Utilizing VDM Models in Process Management Tool Development: an Industrial Case Formal Modelling and Safety Analysis of an Embedded Control System for Construction Equipment: an Industrial Case Study using VDM Request for Modification of periodic thread definitions and duration and cycles statements 120 ii 1 Table of Contents project (www.destecs.org).Also in the control systems domain was a thorough and systematic analysis of the safety analysis of power transmission in construction equipment by Takayuki Mori from Komatsu in Japan.,"openalex, scopus, wos, dblp",llm,0.920,unreviewed,
discarded,Prompting for Numerical Sequences: A Case Study on Market Comment Generation,Masayuki Kawarada; Tatsuya Ishigaki; Hiroya Takamura,2024,arXiv (Cornell University),10.48550/arxiv.2404.02466,https://openalex.org/W4393968452,latex-as-representation-only,"Large language models (LLMs) have been applied to a wide range of data-to-text generation tasks, including tables, graphs, and time-series numerical data-to-text settings. While research on generating prompts for structured data such as tables and graphs is gaining momentum, in-depth investigations into prompting for time-series numerical data are lacking. Therefore, this study explores various input representations, including sequences of tokens and structured formats such as HTML, LaTeX, and Python-style codes. In our experiments, we focus on the task of Market Comment Generation, which involves taking a numerical sequence of stock prices as input and generating a corresponding market comment. Contrary to our expectations, the results show that prompts resembling programming languages yield better outcomes, whereas those similar to natural languages and longer formats, such as HTML and LaTeX, are less effective. Our findings offer insights into creating effective prompts for tasks that generate text from numerical sequences.","openalex, scopus, wos, dblp",llm,0.940,unreviewed,
discarded,Incremental redocumentation using literate programming,Nwe Nwe Win,1998,Durham e-Theses (Durham University),,https://openalex.org/W141415814,literate-programming-no-learner-data,"The primary aim of this research is to investigate means of improving program comprehension through redocumentation. In particular it will concentrate on using Literate Programming as a method for program redocumentation. Documentation is crucially important as an aid to understanding software systems. The Incremental Redocumentation Using Literate Programming System analyses the existing source code and merges in a range of other information, in order to create a complete documentation package. This may include not only traditional paper documents, but also hypertext facilities, animated specifications and output from other analysis tools. The status of the documentation is implicitly elevated to that of an integral part of the system, rather than an optional extra. Where a configuration management system is used to manage different versions of a system, the documentation can also be brought under its control. The literate programming paradigm provides the encouragement and capability to produce high quality code and documentation simultaneously. Conceptually, literate programming systems are document preparation systems. The primary goal of a literate program is to be understandable to the programmers who are going to have to read it at some later date - often while involved in maintenance, or perhaps when trying to determine the possibility of reusing parts of the code for later projects. This thesis presents a structures of C programs and literate C programs, and describes the features of captured literate C programs. A method of the capture process and also the functions of the redocumentation process are described. In addition, this thesis outlines how the individual stages in the capture process and the edit process are used to redocument a C program. The results of application of the process are highlighted by way of example programs. The evaluation process is performed by comparing the results of an existing literate program with those resulting from the application of the method described within this thesis. The results have shown that the captured redocumented literate C program is more readable and understandable than source code only, and that it provides a basis for subsequent maintenance and further redocumentation.","openalex, scopus, wos, dblp",llm,0.860,unreviewed,
discarded,"MEDICAL TOXICOLOGY OF OCCUPATIONAL AND ENVIRONMENTAL EXPOSURES: Volume 1: Metals and Metalloids: Clinical Assessment, Diagnostic Tests, and Therapeutics",Barceloux D.G.,2026,Medical Toxicology of Occupational and Environmental Exposures Volume 1 Metals and Metalloids Clinical Assessment Diagnostic Tests and Therapeutics,10.1002/9781119872979,https://www.scopus.com/inward/record.uri?partnerID=HzOxMe3b&scp=105039410278&origin=inward,unrelated-domain,,"openalex, scopus, wos, dblp",llm,0.990,unreviewed,
discarded,Wikipedia-based Semantic Interpretation for Natural Language Processing,Evgeniy Gabrilovich; Shaul Markovitch,2009,Journal of Artificial Intelligence Research,10.1613/jair.2669,https://openalex.org/W2099938389,unrelated-domain,"Adequate representation of natural language semantics requires access to vast amounts of common sense and domain-specific world knowledge. Prior work in the field was based on purely statistical techniques that did not make use of background knowledge, on limited lexicographic knowledge bases such as WordNet, or on huge manual efforts such as the CYC project. Here we propose a novel method, called Explicit Semantic Analysis (ESA), for fine-grained semantic interpretation of unrestricted natural language texts. Our method represents meaning in a high-dimensional space of concepts derived from Wikipedia, the largest encyclopedia in existence. We explicitly represent the meaning of any text in terms of Wikipedia-based concepts. We evaluate the effectiveness of our method on text categorization and on computing the degree of semantic relatedness between fragments of natural language text. Using ESA results in significant improvements over the previous state of the art in both tasks. Importantly, due to the use of natural concepts, the ESA model is easy to explain to human users.","openalex, scopus, wos",llm,0.970,unreviewed,
discarded,"3DCityDB - a 3D geodatabase solution for the management, analysis, and visualization of semantic 3D city models based on CityGML",Zhihang Yao; Claus Nagel; Felix Kunde; György Hudra; Philipp Willkomm; Andreas Donaubauer; Thomas Adolphi; Thomas H. Kolbe,2018,Open Geospatial Data Software and Standards,10.1186/s40965-018-0046-7,https://openalex.org/W2806377715,semantic-modeling-not-learning,"Over the last decade, more and more cities and even countries worldwide are creating semantic 3D city models of their physical environment based on the international CityGML standard issued by the Open Geospatial Consortium (OGC). CityGML is an open data model and XML-based data exchange format describing the most relevant urban and landscape objects along with their spatial and non-spatial attributes, relations, and their complex hierarchical structures in five levels of detail. 3D city models, which are structured according to CityGML, are often used for various complex GIS simulation and analysis tasks, which go far beyond pure 3D visualization. Due to the large size and complexity of the sometimes country-wide 3D geospatial data, the GIS software vendors and service providers face many challenges when building 3D spatial data infrastructures for realizing the efficient storage, analysis, management, interaction, and visualization of the 3D city models based on the CityGML standard. Hence, there has been strong demand for an open and comprehensive software solution that can provide full support of the aforementioned functionalities. The ‘3D City Database’ (3DCityDB) is a free 3D geo-database solution for CityGML-based 3D city models. 3DCityDB has been developed as an Open Source and platform-independent software suite to facilitate the development and deployment of 3D city model applications. The 3DCityDB software package consists of a database schema for spatially enhanced relational database management systems (ORACLE Spatial or PostgreSQL/PostGIS) with a set of database procedures and software tools allowing to import, manage, analyze, visualize, and export virtual 3D city models according to the CityGML standard. Within this paper, the software suite is illustrated and explained in detail with respect to the related technical implementations and the underlying conceptual software design. Moreover, the utilization of 3DCityDB in different projects and practical application fields are also presented in this paper.","openalex, scopus, wos",llm,0.900,unreviewed,
discarded,Semantic annotation for retrieval of visual resources,Laura Hollink,2006,"Centrum Wiskunde & Informatica (CWI), the national research institute for mathematics and computer science in the Netherlands",,https://openalex.org/W1605761612,semantic-annotation-no-learner-data,"At first glance, a PhD thesis looks like one coherent piece of work.Further examination, however, reveals that many theses are a collection of a diverse range of work: work done in the author's naive first year, later work, work done with a variety of people, at a number of locations, on various domains.Combining these pieces of work into a thesis is not a well-structured process.Rather, it is like solving a jigsaw puzzle that has round, square, donut shaped, and pear shaped pieces.This final task of putting together the pieces of the puzzle was the most challenging phase of my PhD, but also the one I enjoyed most.Now it is time to thank the people that have helped me with one or more pieces of the puzzle.Firstly, I would like to thank my supervisors Guus Schreiber, Bob Wielinga and Marcel Worring.Thanks to Guus for all his time, support and feedback.Guus has the ability to transform a vaguely formulated problem into a clear and solvable question, and I always left our meetings feeling more optimistic then when I entered them.I am grateful to Bob for giving me the freedom to move to the VU.Bob's critical reading has been essential to finishing this thesis, especially in the last months.I'd like to thank Marcel, who has the rare gift of explaining his work to people outside his field in an understandable way.This helped make our collaboration to combine our two separate fields an interesting one.Also thanks to Giang Nguyen for her cooperation and for her pleasant company on SIKS courses and our presentation course.I very much enjoyed the friendly atmosphere at the former SWI department of the UvA.Thanks to Noor for making me feel welcome when I first started as a PhD student.After working at the UvA for more than a year I moved to the VU.There, the BI and KR groups provided a lively working environment with lots of presentations and discussions, but also movie nights, the 'klimlijst' and sailing trips.Special thanks to Mark, who has become a real friend and, because of his precise way of working, also a valuable colleague.In the winter of 2005 I spent a lovely summer in Brisbane, Australia with Jane Hunter and her group.Thanks to Jane and Suzanne for the pleasant and productive","openalex, scopus, wos",llm,0.860,unreviewed,
discarded,More data trumps smarter algorithms: Comparing pointwise mutual information with latent semantic analysis,Gabriel Recchia; Michael N. Jones,2009,Behavior Research Methods,10.3758/brm.41.3.647,https://openalex.org/W1970476061,unrelated-domain,"Computational models of lexical semantics, such as latent semantic analysis, can automatically generate semantic similarity measures between words from statistical redundancies in text. These measures are useful for experimental stimulus selection and for evaluating a model's cognitive plausibility as a mechanism that people might use to organize meaning in memory. Although humans are exposed to enormous quantities of speech, practical constraints limit the amount of data that many current computational models can learn from. We follow up on previous work evaluating a simple metric of pointwise mutual information. Controlling for confounds in previous work, we demonstrate that this metric benefits from training on extremely large amounts of data and correlates more closely with human semantic similarity ratings than do publicly available implementations of several more complex models. We also present a simple tool for building simple and scalable models from large corpora quickly and efficiently.","openalex, scopus, wos",llm,0.970,unreviewed,
