status,title,authors,year,venue,doi,url,tags,abstract,provider,decision_source,llm_confidence,llm_review_outcome,llm_change_direction
discarded,The Digital Humanities as Cultural Capital: Implications for Biblical and Religious Studies,Caroline T. Schroeder,2016,Journal of Religion Media and Digital Culture,10.1163/21659214-90000069,https://openalex.org/W2412584894,digital-humanities-not-target,"Although the study of the Bible was central to early Humanities Computing efforts, now Biblical Studies and Religious Studies are marginal disciplines in the emerging field known as Digital Humanities (English, History, Library Science, for example, are much more influential in DH.) This paper explores two questions: First, what does it mean for Biblical Studies to be marginal to the Digital Humanities when DH is increasingly seen as the locus of as transformation in the humanities? Second, how can our expertise in Biblical Studies influence and shape Digital Humanities for the better? Digital Humanities, I argue, constitutes a powerful emerging field with which Biblical Studies and Religious Studies must engage as critical participants or analysts. Moreover, our own field’s expertise on the history of canon, orthodoxy, and commentary can contribute to shaping a more inclusive and self-critical Digital Humanities.","openalex, scopus, wos",llm,0.930,unreviewed,
discarded,Knowing What We're Talking About,Gjalt-Jorn Peters; Rik Crutzen,2024,Meta-Psychology,10.15626/mp.2022.3638,https://openalex.org/W4394955555,measurement-theory-general,"A theory crisis and measurement crisis have been argued to be root causes of psychology's replication crisis. In both, the lack of conceptual clarification and the jingle-jangle jungle at the construct definition level as well the measurement level play a central role. We introduce a conceptual tool that can address these issues: Decentralized Construct Taxonomy specifications (DCTs). These consist of comprehensive specifications of construct definitions, corresponding instructions for quantitative and qualitative research, and unique identifiers. We discuss how researchers can develop DCT specifications as well as how DCT specifications can be used in research, practice, and theory development. Finally, we discuss the implications and potential for future developments to answer the call for conceptual clarification and epistemic iteration. This contributes to the move towards a psychological science that progresses in a cumulative fashion through discussion and comparison.","openalex, scopus, wos",llm,0.880,unreviewed,
discarded,Briefing paper on eTextbooks and third party eLearning products and their implications for Australian university libraries,Gillian Hallam,2012,QUT ePrints (Queensland University of Technology),,https://openalex.org/W2238099804,etextbooks-not-target,"The briefing paper was commissioned by the Council of Australian University Librarians (CAUL) to examine the current picture and evolving role of electronic textbooks (eTextbooks) and third party eLearning products in the academic arena. The study reviews industry trends, identifies the major players and considers the different stakeholder perspectives of eTextbook adoption. Within the context of learning and teaching in the digital age, specific areas of research, policy and practice are highlighted to consider the implications that eTextbooks might have for universities in general and for university libraries in particular. An environmental scan focused on the analysis of current developments and the anticipated future directions of digital learning resources in Australia, as well as in other major English speaking countries such as the United Kingdom and the United States. This research guided the development of key interview questions aimed at examining, at a deeper level, diverse stakeholder perspectives about the roles university libraries can play in the adoption of digital learning content.","openalex, scopus, wos",llm,0.920,unreviewed,
discarded,A framework for improving the accessibility of research papers on arXiv.org,Shamsi Brinn; Christopher P. Cameron; David Fielding; Charles Frankston; Alison Fromme; Peter H. Huang; Mark Nazzaro; Stephanie Orphan; Steinn Sigurðsson; Ryan Tay; Miranda Yang; Qianyu Zhou,2022,arXiv (Cornell University),10.48550/arxiv.2212.07286,https://openalex.org/W4320858911,accessibility-equations,"The research content hosted by arXiv is not fully accessible to everyone due to disabilities and other barriers. This matters because a significant proportion of people have reading and visual disabilities, it is important to our community that arXiv is as open as possible, and if science is to advance, we need wide and diverse participation. In addition, we have mandates to become accessible, and accessible content benefits everyone. In this paper, we will describe the accessibility problems with research, review current mitigations (and explain why they aren't sufficient), and share the results of our user research with scientists and accessibility experts. Finally, we will present arXiv's proposed next step towards more open science: offering HTML alongside existing PDF and TeX formats. An accessible HTML version of this paper is also available at https://info.arxiv.org/about/accessibility_research_report.html","openalex, scopus, wos",llm,0.990,unreviewed,
discarded,Who Really Made Your Car?: Restructuring and Geographic Change in the Auto Industry,Thomas Klier; James M. Rubenstein,2008,,10.17848/9781435678552,https://openalex.org/W3123702387,unrelated-domain,"The authors present the key characteristics of the vast network of auto parts suppliers and describe the changing geography of U.S. motor vehicle production at the local, regional, national, and international levels.","openalex, scopus, wos",llm,0.990,unreviewed,
discarded,From paper to digital documents : Challenging and improving the SGML approach,Tone Irene Sandahl,1999,Duo Research Archive (University of Oslo),,https://openalex.org/W1488539642,structured-document-authoring-no-learner-data,"This research has been initiated on the basis of practical experiences in developing a relatively large SGML system at the University of Oslo. This thesis contributes to the field of information systems, with a particular focus on document systems. The aim of this work is to inform the design of document systems by considering the transformation from paper to digital documents in organizations. The Standard Generalized Markup Language (SGML, ISO 8879) approach is emphasized. The SGML approach takes the documents' structure and content as the starting point in design, and regards the document as a collection of structured information. This approach is challenged and tentatively improved by empirical studies of documents in use and theoretical considerations of artifacts at work.\n\nThe research approach has been an Action Case, as defined by Vidgen and Braa (1997). The interpretation of the transformation process from paper to digital documents is based mainly on an in-depth case study that was conducted at a Norwegian news agency from January 1996 to March 1998. The empirical findings are discussed according to theoretical concepts that emphasize the significance of artifacts at work to illuminate the various roles of documents at work.\n\nConcepts from the Actor Network Theory (ANT) (for example, see Callon, 1986; Latour, 1987; Law, 1986) are applied to emphasize the interrelations of humans and artifacts, as well as the importance of artifacts' properties in these relations. The concepts of 'boundary object' (Star and Griesemer; 1989) and 'borderline issues' (Brown and Duguid, 1994) are applied to get various perspectives on the actor-network.\n\nThe study illustrates that it is challenging to substitute paper documents with SGML documents. Firstly, two different types of technology, with different properties and features, are exchanged. By removing paper documents, we also remove resources that go beyond the canonical meaning of the artifact. These resources are related to paper as a technology. Secondly, the document perspective in SGML is too restricted in relation to the various perspectives on documents in practical use. The emphasis on structure complicates the production of documents. Thirdly, the application of shared document models across work practices turns the various heterogeneous actor-networks into one network, which requires a common objective among the actors involved. The dilemma of ""who does the job and who gets the benefits"" (Grudin, 1989; 1994) arises as well.\n\nThe study indicates that an investigation of the actor-networks that include documents provides an insight into the more hidden aspects of work. By regarding documents' central, peripheral, local and shared properties, one can gain an understanding of how documents are embedded in work, including the importance of documents and related artifacts to aspects such as awareness, articulation and coordination of work. The properties determine how things become interrelated into heterogeneous networks. The research shows how a document's properties or inscriptions are essential to its production and application in use. Insight into these prerequisites helps us to understand how the computer system can fit into work practices, even if we do have no guarantees that it will be used in the way that we expect. According to design, work practices are improved by changing the technical properties or the technical fundamentals, by adding various inscriptions into the system. This thesis describes how an existing system was improved by the use of 'gateways'. In the design of the gateways, the idea has been to keep the technical possibilities that SGML provides, and at the same time take into account our knowledge about the paperwork.","openalex, scopus, wos",llm,0.820,unreviewed,
discarded,,,,,,,missing-information,,"openalex, scopus, wos",llm,0.500,unreviewed,
discarded,Uncovering the Nature of Information Processing of Men and Women Online: The Comparison of Two Models Using the Think-Aloud Method,Manon Arcand; Jacques Nantel,2012,Journal of theoretical and applied electronic commerce research,10.4067/s0718-18762012000200010,https://openalex.org/W2100575992,web-information-processing-not-target,"This paper compares two models predicting gender differences in information processing to determine if either of the models is more pertinent to goal-oriented Internet searches. The Selectivity Model (Meyers-Levy 1989) proposes that women make more comprehension effort than men whereas the Item-Specific/Relational Processing Model (Putrevu 2001) suggests that men and women differ primarily in their processing style, with men tending to use item-specific processing by focusing on product attributes and women tending to use relational processing by looking for interrelationships among multiple pieces of information. The study participants (106 total, 50% female) were asked to think aloud while performing one of two goal-oriented search tasks on a website. Their thoughts were then coded according to relevant categories by two independent analysts using Atlas TI software. Consistent with the Selectivity Model, women made more comprehension effort than did men. However, our hypotheses related to a difference in processing style between men and women received less support. Overall, the results help disentangle the two theories and provide website developers with a basis for creating sites that are suited to men’s and women’s distinctive information processing strategies.","openalex, scopus, wos, dblp",llm,0.860,unreviewed,
discarded,The HCI User Studies Toolkit: Supporting Study Designing and Planning for Undergraduates and Novice Researchers in Human-Computer Interaction,Valentin Schwind; Stefan Resch; Jessica Sehrt,2023,,10.1145/3544549.3585890,https://openalex.org/W4366549712,research-methodology-tool-not-target,"Planning and organizing user studies can be a challenge for novices and student researchers in human-computer interaction (HCI). We present a web-based study planning toolkit for researchers to support their planning and organization with human subjects. The free and open toolkit contains multiple interactive research applications for (1) the selection of quantitative and qualitative research methods in HCI, (2) automated study design planning for experimental user studies, (3) an automated informed consent generation for studies with human subjects, (4) calendar booking for experimental user studies in shared laboratories, and (5) automated participation confirmation certificates. The toolkit can be helpful for Ph.D. students in supervising novices and undergraduates who need support with their planning and study design choices. The toolkit was actively used over two semesters in multiple HCI lectures and formatively evaluated. We contribute with the whole toolkit and encourage other researchers to contribute and further improve the content.","openalex, scopus, wos, dblp",llm,0.870,unreviewed,
discarded,Experimenting with computational thinking for knowledge transfer in engineering robotics,Tanya Chichekian; Joel Trudeau; Tawfiq Jawhar; Dylan Corliss,2023,Journal of Computer Assisted Learning,10.1111/jcal.12921,https://openalex.org/W4389607066,general-computing-education-not-target,"Abstract Background Despite its obvious relevance to computer science, computational thinking (CT) is transdisciplinary with the potential of impacting one's analytical ability. Although countless efforts have been invested across K‐12 education, there is a paucity of research at the postsecondary level about the extent to which CT can contribute to sustainable learning outcomes. Objectives The current study examines how a series of Arduino‐based robotics learning activities capture the fuller essence of concepts related to CT. Methods College students (n = 50) completed a series of six robotics learning activities. Think‐alouds, student reflections and performance scores were used to assess students' CT through a robotics challenge in virtual and physical learning environments. Results and Conclusions Students verbalized CT concepts related to algorithmic thinking much more than abstraction, problem decomposition and testing and debugging. Students exposed to active learning performed better in a virtual robotics challenge compared to their peers in a traditional‐oriented classroom. Students' scores on the physical robotics challenge increased as a function of the number of references they made to CT concepts during the think‐alouds. It is possible to design pedagogical experiences that tap into various dimensions of CT at incremental levels of complexity through a series of Arduino‐based robotics activities. With the integration of an online simulation, students can visualize and transfer their CT skills between a virtual and physical learning environment, thus leading to more sustainable learning outcomes.","openalex, scopus, wos, dblp",llm,0.880,unreviewed,
discarded,Development of a generative AI ‐powered teachable agent for middle school mathematics learning: A design‐based research study,Wanli Xing; Yukyeong Song; Chenglu Li; Zifeng Liu; Wangda Zhu; Hyunju Oh,2025,British Journal of Educational Technology,10.1111/bjet.13586,https://openalex.org/W4409524257,general-ai-education-not-target,"This paper reports on a design‐based research (DBR) study that aims to devise an artificial intelligence (AI)‐powered teachable agent that supports secondary school students' learning‐by‐teaching practices of mathematics learning content. A long‐standing pedagogical practice of learning‐by‐teaching is powered by a recent advancement of generative AI technologies, yielding our teachable agent called ALTER‐Math . This study chronicles one usability testing and three cycles of iterative design and implementation process of ALTER‐Math . The three empirical studies involved a total of 320 middle school students and six teachers in authentic classroom settings. The first study was exploratory, focusing on the qualitative feedback from the students and teachers through open‐ended surveys, interviews and classroom observations. The second study yielded a medium‐high ( M = 3.26) quantitative survey result on students' perceived engagement and usability on top of the qualitative findings. Finally, the final study included pre‐ and post‐knowledge tests in a quasi‐experimental study design as well as student and teacher interviews. The final study revealed a bigger significant knowledge improvement in students who used ALTER‐Math compared to the control group, suggesting a positive impact of AI‐powered teachable agents on students' learning. The design implications learned from multiple iterations are discussed to inform the future design of AI‐powered learning technologies. Practitioner notes What is already known about this topic Learning‐by‐teaching is a long‐standing effective pedagogical strategy to enhance students' domain knowledge and feelings of responsibility in learning. Various teachable agents have been developed and have demonstrated benefits in students' learning. Generative AI offers the potential to provide naturalistic, contextualised and adaptive conversations. What this paper adds Develops a novel generative AI‐powered teachable agent for middle school mathematics learning, called ALTER‐Math . Reports the iterative design process involving empirical classroom implementations of ALTER‐Math . Reveals a bigger significant improvement in the student's mathematical knowledge after using ALTER‐Math , compared to the control group. Implications for practice and/or policy Researchers can be inspired by this design example of a theoretically grounded generative AI learning technology. Educational technology designers could hear the real voices of students and teachers about the generative AI learning technologies. Researchers and educational technology designers could be directed by the design implications to the future design of AI‐powered learning technologies and teachable agents.","openalex, scopus, wos, dblp",llm,0.880,unreviewed,
discarded,"""It's like a rubber duck that talks back"": Understanding Generative AI-Assisted Data Analysis Workflows through a Participatory Prompting Study",Ian Drosos; Advait Sarkar; X. X. Xu; Carina Negreanu; Sean Rintel; Lev Tankelevitch,2024,,10.1145/3663384.3663389,https://openalex.org/W4399913584,data-analysis-ai-not-target,"Generative AI tools can help users with many tasks. One such task is data analysis, which is notoriously challenging for non-expert end-users due to its expertise requirements, and where AI holds much potential, such as finding relevant data sources, proposing analysis strategies, and writing analysis code. To understand how data analysis workflows can be assisted or impaired by generative AI, we conducted a study (n=15) using Bing Chat via participatory prompting. Participatory prompting is a recently developed methodology in which users and researchers reflect together on tasks through co-engagement with generative AI. In this paper we demonstrate the value of the participatory prompting method. We found that generative AI benefits the information foraging and sensemaking loops of data analysis in specific ways, but also introduces its own barriers and challenges, arising from the difficulties of query formulation, specifying context, and verifying results.","openalex, scopus, wos, dblp",llm,0.900,unreviewed,
discarded,Day surgery: patients’ perceptions of a nurse‐led preadmission clinic,Jo Gilmartin,2004,Journal of Clinical Nursing,10.1046/j.1365-2702.2003.00836.x,https://openalex.org/W2158616811,unrelated-domain,"BACKGROUND: Previous research studies have demonstrated that nursing intervention is often lacking in the provision of adequate information and psychological support, and fails to meet the holistic needs of patients in the preassessment for day surgery. AIM: The aim of this study was to elicit patients' perceptions of the preassessment preparation they received prior to day surgery. METHOD: A hermeneutic phenomenological research approach was utilized to elucidate the participants' experiences of the preassessment process and to collect data. Qualitative data were collected using face-to-face interviews and analysed thematically following procedures expounded by Colaizzi and van Manen. SAMPLE: The sample included 30 patients undergoing day surgery in a large teaching hospital in the north of England. The day unit built for this purpose consisted of a preassessment unit, a seated preoperative area, three theatres, a six space first stage recovery area, a 24 space second stage recovery area and a separate seated recovery area. The patient groups focused on individuals scheduled for general surgery, gynaecology and urology procedures. RESULTS: Findings suggest that the nurse-led clinic appeared to function effectively; most patients felt they were adequately assessed and prepared for day surgery. The majority reported receiving comprehensive information about procedures, appreciated health education interventions and had opportunity to ask questions. A few patients pointed to deficits in information giving, indicating that their individual needs were not met, leaving them feeling anxious. Others alluded to problems associated with unexpected cancellation of procedures, which threw them into states of disequilibrium. RELEVANCE FOR CLINICAL PRACTICE: The findings indicate that information giving, psychological support and person-centred care could be strengthened in the preassessment preparation of patients undergoing day surgery.","openalex, scopus, wos, dblp",llm,0.980,unreviewed,
