status,title,authors,year,venue,doi,url,tags,abstract,provider,decision_source,llm_confidence,llm_review_outcome,llm_change_direction
discarded,Towards a Semantic Web for Culture,Kim H. Veltman,2006,Texas Digital Library (University of Texas),,https://openalex.org/W1606319523,semantic-web-not-learning,"Today's semantic Web deals with meaning in a very restricted sense and offers static solutions. This is adequate for many scientific, technical purposes and for business transactions requiring machine-to-machine communication, but does not answer the needs of culture. Science, technology and business are concerned primarily with the latest findings, the state of the art, i.e. the paradigm or dominant world-view of the day. In this context, history is considered non-essential because it deals with things that are out of date. By contrast, culture faces a much larger challenge, namely, to re-present changes in ways of knowing; changing meanings in different places at a given time (synchronically) and over time (diachronically). Culture is about both objects and the commentaries on them; about a cumulative body of knowledge; about collective memory and heritage. Here, history plays a central role and older does not mean less important or less relevant. Hence, a Leonardo painting that is 400 years old, or a Greek statue that is 2500 years old, typically have richer commentaries and are often more valuable than their contemporary equivalents. In this context, the science of meaning (semantics) is necessarily much more complex than semantic primitives. A semantic Web in the cultural domain must enable us to trace how meaning and knowledge organisation have evolved historically in different cultures. The paper examines five issues to address this challenge: 1. different world-views (i.e. a shift from substance to function and from ontology to multiple ontologies); 2. developments in definitions and meaning; 3. distinctions between words and concepts; 4. new classes of relations; 5. dynamic models of knowledge organisation. These issues reveal that historical dimensions of cultural diversity in knowledge organisation are also central to classification of biological diversity. New ways are proposed of visualizing knowledge using a time/space horizon to distinguish between universals and particulars. It is suggested that new visualization methods make possible a history of questions as well as of answers, thus enabling dynamic access to cultural and historical dimensions of knowledge. Unlike earlier media, which were limited to recording factual dimensions of collective memory, digital media enable us to explore theories, ways of perceiving, ways of knowing; to enter into other mindsets and world-views and thus to attain novel insights and new levels of tolerance. Some practical consequences are outlined.","openalex, scopus, wos",llm,0.900,unreviewed,
discarded,Controlled Natural Languages and the Semantic Web,Paul R. Smart,2008,ePrints Soton (University of Southampton),,https://openalex.org/W163752973,semantic-web-not-learning,"The Semantic Web grew out of research into formal logics, and many of the representational and technological commitments of the Semantic Web reflect this heritage. Notwithstanding the obvious advantages for machine processability and reasoning, the logical underpinnings of the Semantic Web present a number of usability challenges for human end-users, especially when it comes to the communication and exploitation of domain-relevant knowledge/information. In this report, we review one approach to the resolution of these usability challenges – an approach that is based on the use of natural language user interfaces. Natural language interfaces exploit the medium of natural language in order to support end-users with respect to a range of capabilities; for example, the authoring of knowledge content, the retrieval of information from semantic repositories, and the generation of natural language texts from formal ontologies. The current report reviews the state-of-the-art with respect to natural language interfaces in all these capability areas. It also attempts to explore issues associated with the use of controlled natural languages as the representational basis for knowledge content on the Semantic Web. The idea that controlled natural languages could serve as a replacement for conventional Semantic Web ontologies is explored in some detail, as is the notion that natural language interfaces could contribute to the usability of the Semantic Web without requiring the wholesale replacement of pre-existing approaches. The report concludes with a discussion about the potential contribution of natural language interfaces to the emergence of truly hybrid (human/machine) intelligent systems. This idea sees natural language interfaces to the Semantic Web as an essential component of a future extended cognitive system – one that co-opts elements of human cognition with the computational and representational resources of a globally-extensive and semantically-scaffolded information environment.","openalex, scopus, wos",llm,0.900,unreviewed,
discarded,VuWiki: An Ontology-Based Semantic Wiki for Vulnerability Assessments,Bijan Khazai; Tina Kunz-Plapp; Christian Büscher; Antje Wegner,2014,International Journal of Disaster Risk Science,10.1007/s13753-014-0010-9,https://openalex.org/W1989200409,semantic-wiki-not-learning,"Three decades of vulnerability research have generated a complex and growing body of knowledge. The concept of vulnerability, as well as its implementation in vulnerability assessments, is used in various disciplines and contexts. Correspondingly, a multitude of ideas and frameworks about how to conceptualize and measure vulnerability exists. To provide a structured representation of vulnerability, we have set up an ontology-based semantic wiki for reviewing and representing vulnerability assessments ( www.vuwiki.org ). Based on a survey of 55 vulnerability assessment studies, we first developed an ontology as an explicit reference system for describing vulnerability assessments. The ontology was then implemented in a semantic wiki which allows for the classification and annotation of vulnerability assessment. The resulting semantic wiki, VuWiki, does not aim at “synthesizing” a holistic and overarching model of vulnerability, but at (1) providing—both scientists and practitioners—with a uniform ontology as a reference system; (2) providing easy and structured access to the knowledge field of vulnerability assessments with the possibility for any user to retrieve assessments using specific research criteria; and (3) serving as a collaborative knowledge platform that allows for the active participation of those generating and using the knowledge represented in the vulnerability wiki.","openalex, scopus, wos",llm,0.900,unreviewed,
discarded,Ontoolcole: Supporting Educators in the Semantic Search of CSCL Tools,Guillermo Vega‐Gorgojo; Miguel L. Bote‐Lorenzo; Eduardo Gómez‐Sánchez; Juan I. Asensio‐Pérez; Yannis Dimitriadis; Iván M. Jorrí­n Abellán,2008,Zenodo (CERN European Organization for Nuclear Research),10.3217/jucs-014-01-0027,https://openalex.org/W2157405980,semantic-search-not-target,"Abstract: Collaborative learning systems can be constructed following the serviceoriented computing paradigm. This allows educators to integrate external tools, offered as services by software providers, in order to support the realization of collaborative learning situations. Discovering appropriate services is a challenging task that requires the description of their capabilities. This can be accomplished with Ontoolcole, an ontology of collaborative learning tools designed with the aim of supporting educators in the search of CSCL tools. Ontoolcole is depicted here and some new, relevant features are discussed. Namely, Ontoolcole incorporates an artifact module, a task-level coordination module and the description of static information resources, further improving the capabilities to describe complex CSCL tools. As a proof of concept, we also present a preliminary prototype of the intended target application of Ontoolcole, an interactive system for the search of CSCL tools, named Ontoolsearch. A case study with practitioners has been carried out to evaluate whether Ontoolcole can be employed by educators to search CSCL tools. Evaluation results show that Ontoolcole abstractions fit educators ’ questions based on their real practice while retrieving useful tools for their educational needs.","openalex, scopus, wos",llm,0.880,unreviewed,
discarded,Cheminformatics and the Semantic Web: adding value with linked data and enhanced provenance,Jeremy G. Frey; Colin Bird,2013,Wiley Interdisciplinary Reviews Computational Molecular Science,10.1002/wcms.1127,https://openalex.org/W2033256774,semantic-web-not-learning,"Cheminformatics is evolving from being a field of study associated primarily with drug discovery into a discipline that embraces the distribution, management, access, and sharing of chemical data. The relationship with the related subject of bioinformatics is becoming stronger and better defined, owing to the influence of Semantic Web technologies, which enable researchers to integrate heterogeneous sources of chemical, biochemical, biological, and medical information. These developments depend on a range of factors: the principles of chemical identifiers and their role in relationships between chemical and biological entities; the importance of preserving provenance and properly curated metadata; and an understanding of the contribution that the Semantic Web can make at all stages of the research lifecycle. The movements toward open access, open source, and open collaboration all contribute to progress toward the goals of integration.","openalex, scopus, wos",llm,0.880,unreviewed,
discarded,Devices for Information Presentation in Electronic Dictionaries,D.J. Prinsloo; Ulrich Heid; Theo Bothma; Gertrud Faaß,2012,Lexikos,10.5788/22-1-1009,https://openalex.org/W1963627488,reference-tool-not-target,"Electronic dictionaries should support dictionary users by giving them guidance in text production and text reception, alongside a user-definable offer of lexicographic data for cognitive purposes. In this article, we sketch the principles of an interactive and dynamic electronic dictionary aimed at text production and text reception guiding users in innovative ways, especially with respect to difficult, complicated or confusing issues. The lexicographer has to do a very careful analysis of the nature of the possible problems to suggest an optimal solution for a specific problem. We are of the opinion that there are numerous complex situations where users need more detailed support than currently available in e-dictionaries, enabling them to make valid and correct choices. For highly complex situations, we suggest guidance through a decision tree-like device. We assume that the solutions proposed here are not specific to one language only but can, after careful analysis, be applied to e-dictionaries in different languages across the world.","openalex, scopus, wos",llm,0.900,unreviewed,
discarded,Dialogue Act Modeling for Automatic Tagging and Recognition of Conversational Speech,Andreas Stolcke; Klaus Ries; Noah Coccaro; Elizabeth Shriberg; Rebecca Bates; Daniel Jurafsky; Paul Taylor; Rachel W. Martin; Carol Van Ess-Dykema; Marie Meteer,2000,Computational Linguistics,10.1162/089120100561737,https://openalex.org/W2128970689,unrelated-domain,"We describe a statistical approach for modeling dialogue acts in conversational speech, i.e., speech-act-like units such as STATEMENT, Question, BACKCHANNEL, Agreement, Disagreement, and Apology. Our model detects and predicts dialogue acts based on lexical, collocational, and prosodic cues, as well as on the discourse coherence of the dialogue act sequence. The dialogue model is based on treating the discourse structure of a conversation as a hidden Markov model and the individual dialogue acts as observations emanating from the model states. Constraints on the likely sequence of dialogue acts are modeled via a dialogue act n-gram. The statistical dialogue grammar is combined with word n-grams, decision trees, and neural networks modeling the idiosyncratic lexical and prosodic manifestations of each dialogue act. We develop a probabilistic integration of speech recognition with dialogue modeling, to improve both speech recognition and dialogue act classification accuracy. Models are trained and evaluated using a large hand-labeled database of 1,155 conversations from the Switchboard corpus of spontaneous human-to-human telephone speech. We achieved good dialogue act labeling accuracy (65% based on errorful, automatically recognized words and prosody, and 71% based on word transcripts, compared to a chance baseline accuracy of 35% and human accuracy of 84%) and a small reduction in word recognition error.","openalex, scopus, wos",llm,0.970,unreviewed,
discarded,Multimodal Presentation of Interactive Audio-Tactile Graphics Supporting the Perception of Visual Information by Blind People,Michał Maćkowski; Piotr Brzoza; Mateusz Kawulok; Rafał Meisel; Dominik Spińczyk,2023,ACM Transactions on Multimedia Computing Communications and Applications,10.1145/3586076,https://openalex.org/W4322768551,accessibility-not-target,"Due to the limitations in the perception of graphical information by blind people and the need to substitute the sense of sight with other senses, the correct use of multimedia in the presentation of graphics is particularly important. The aim of the authors was to correctly present visual information in the tactile and audio form and to provide contextually selected information to reduce the existing cognitive barriers. In this article, the authors decided to research the method of exploring a tactile picture by a blind person and providing contextual and semantic information about the touched image elements using the developed tool for multimodal presentation of interactive audio-tactile graphics supporting the perception of blind people. The use of multimedia should improve the perception of the conveyed content. Therefore, the effectiveness of interpreting the information contained in the tactile image is verified by analyzing the tactile, audio, and contextual perceptions during the experiments. The following issues were considered in detail from the point of view of the blind and visually impaired: the recognition of shapes of image elements depending on their size and properties, the optimal width of elements displayed on the tablet screen, the time intervals between taps on an image element, and the acceptable length of graphic element audio description. The results from this study suggest the need to select the image presentation parameters in various perception channels to the user's needs. The findings of our research on tactile shape perception of geometric figures indicate potential problems in recognizing the shapes of figures in the case of wrong preparation of tactile pictures. In the case of a small difference in the proportions of the length of the sides of the figure or a slight difference in the measures of the angles of the figure sides, we have noticed that most blind people fail to recognize its shape. Considerable progress in improving such perception can be achieved by increasing the proportions in the lengths of the sides and the measures of the angles between the sides of the figure. Further steps concern introducing an alternative audio description of the properties of the figure so as to improve the interpretability of the figure shape. For most users, the width of a virtual line in a digital image displayed on a tablet should be around 5 mm for a corresponding 1 mm tactile line. The configuration of the time intervals defining the user's gestures (two-taps, three-taps) should be about 340 ms. Applying audio descriptions to tactile picture elements improves the understanding and interpretation of the information presented on it. Most participants in the test group accepted 5 to 10 seconds of voice prompts. Longer messages were incomprehensible, and details were hard to remember. In the proposed solution, the audio description can be divided into two or three different descriptions available to the user after tapping two or three times on an image element. It allows the user to decide on the amount of contextual information needed about the touched tactile picture element. The research attempted to show the typical values of various image presentation parameters and their ranges of values and indicated effective methods of their selection for a specific system user.","openalex, scopus, wos",llm,0.920,unreviewed,
discarded,Identifying reasoning strategies in medical decision making: A methodological guide,José F. Arocha; Dongwen Wang; Vimla L. Patel,2005,Journal of Biomedical Informatics,10.1016/j.jbi.2005.02.001,https://openalex.org/W2160014933,unrelated-domain,,"openalex, scopus, wos",llm,0.970,unreviewed,
discarded,Towards semantic mathematical editing,Joris van der Hoeven,2014,Journal of Symbolic Computation,10.1016/j.jsc.2014.09.040,https://openalex.org/W2168278085,semantic-math-editing-no-learner-data,,"openalex, scopus, wos",llm,0.840,unreviewed,
discarded,Summarizing Scientific Articles: Experiments with Relevance and Rhetorical Status,Simone Teufel; Marc Moens,2002,Computational Linguistics,10.1162/089120102762671936,https://openalex.org/W2442495973,document-summarization-not-learning,"In this article we propose a strategy for the summarization of scientific articles that concentrates on the rhetorical status of statements in an article: Material for summaries is selected in such a way that summaries can highlight the new contribution of the source article and situate it with respect to earlier work. We provide a gold standard for summaries of this kind consisting of a substantial corpus of conference articles in computational linguistics annotated with human judgments of the rhetorical status and relevance of each sentence in the articles. We present several experiments measuring our judges' agreement on these annotations. We also present an algorithm that, on the basis of the annotated training material, selects content from unseen articles and classifies it into a fixed set of seven rhetorical categories. The output of this extraction and classification system can be viewed as a single-document summary in its own right; alternatively, it provides starting material for the generation of task-oriented and user-tailored summaries designed to give users an overview of a scientific field.","openalex, scopus, wos",llm,0.940,unreviewed,
discarded,Cyberpragmatics,Francisco Yus,2011,Pragmatics & beyond. New series,10.1075/pbns.213,https://openalex.org/W4245536943,internet-pragmatics-not-target,"Cyberpragmatics is an analysis of Internet-mediated communication from the perspective of cognitive pragmatics. It addresses a whole range of interactions that can be found on the Net: the web page, chat rooms, instant messaging, social networking sites, 3D virtual worlds, blogs, videoconference, e-mail, Twitter, etc. Of special interest is the role of intentions and the quality of interpretations when these Internet-mediated interactions take place, which is often affected by the textual properties of the medium. The book also analyses the pragmatic implications of transferring offline discourses (e.g. printed paper, advertisements) to the screen-framed space of the Net. And although the main framework is cognitive pragmatics, the book also draws from other theories and models in order to build up a better picture of what really happens when people communicate on the Net. This book will interest analysts doing research on computer-mediated communication, university students and researchers undergoing post-graduate courses or writing a PhD thesis. Now Open Access as part of the Knowledge Unlatched 2017 Backlist Collection.","openalex, scopus, wos",llm,0.930,unreviewed,
discarded,Ubiquitous User Modeling,Dominikus Heckmann,2005,Publications of the UdS (Saarland University),10.22028/d291-25847,https://openalex.org/W1941994672,semantic-modeling-not-learning,"More and more interactions take place between humans and mobile or connected IT-systems in daily life. This offers a great opportunity, especially to user modeling, to reach better adaptation with ongoing evaluation of user behavior. This work develops a complete framework to realize the newly defined concept of ubiquitous user modeling. The developed tools cover methods for the uniform exchange and the semantic integration of partial user models. They also account for the extended needs for privacy and the right of every human for introspection and control of their collected data. The SITUATIONALSTATEMENTS and the exchange language USERML have been developed on the syntactical level, while the general user model ontology GUMO and the UBISWORLD ontology have been developed on the semantical level. A multilevel conflict resolution method, which handles the problem of contradictory statements, has been implemented together with a web-based user model service, such that the road capability and the scalability can be proven with this approach.","openalex, scopus, wos",llm,0.900,unreviewed,
