status,title,authors,year,venue,doi,url,tags,abstract,provider,decision_source,llm_confidence,llm_review_outcome,llm_change_direction
discarded,Students’ perception of Kahoot!’s influence on teaching and learning,Sherlock A. Licorish; Helen Owen; Ben Kei Daniel; Jade Li George,2018,Research and Practice in Technology Enhanced Learning,10.1186/s41039-018-0078-8,https://openalex.org/W2884134486,general-edtech-not-target-domain,"Technology is being increasingly integrated into teaching environments in view of enhancing students’ engagement and motivation. In particular, game-based student response systems have been found to foster students’ engagement, enhance classroom dynamics and improve overall students’ learning experience. This article presents outcomes of research that examined students’ experience using a game-based student response system, Kahoot!, in an Information Systems Strategy and Governance course at a research-intensive teaching university in New Zealand. We conducted semi-structured interviews with students to learn about the extent to which Kahoot! influence classroom dynamics, motivation and students’ learning process. Key findings revealed that Kahoot! enriched the quality of student learning in the classroom, with the highest influence reported on classroom dynamics, engagement, motivation and improved learning experience. Our findings also suggest that the use of educational games in the classroom is likely to minimise distractions, thereby improving the quality of teaching and learning beyond what is provided in conventional classrooms. Other factors that contributed to students’ enhanced learning included the creation and integration of appropriate content in Kahoot!, providing students with timely feedback, and game-play (gamification) strategies.","openalex, scopus, wos",llm,0.940,unreviewed,
discarded,Virtual Spaces: Employing a Synchronous Online Classroom to Facilitate Student Engagement in Online Learning,J. Lynn McBrien; Rui Cheng; Phyllis Jones,2009,The International Review of Research in Open and Distributed Learning,10.19173/irrodl.v10i3.605,https://openalex.org/W2152490358,general-edtech-not-target-domain,"This research study is a collaborative project between faculty in social foundations, special education, and instructional technology in which we analyze student data from six undergraduate and graduate courses related to the use of a virtual classroom space. Transactional distance theory (Moore & Kearsley, 1996) operates as our theoretical framework as we explore the role of a virtual classroom in distance education and analyze the ways in which a synchronous learning environment affects students’ learning experiences. Elluminate Live! was the software employed in the virtual classroom. In this analysis, particular themes emerged related to dialogue, structure, and learner autonomy. In addition, students rated convenience, technical issues, and pedagogical preferences as important elements in their learning experiences. The article discusses these themes as a contribution to reducing the “distance” that students experience in online learning and to developing quality distance education experiences for students in higher education.","openalex, scopus, wos",llm,0.940,unreviewed,
discarded,Alone in the crowd: The structure and spread of loneliness in a large social network.,John T. Cacioppo; James H. Fowler; Nicholas A. Christakis,2009,Journal of Personality and Social Psychology,10.1037/a0016076,https://openalex.org/W2131969412,unrelated-domain,"The discrepancy between an individual's loneliness and the number of connections in a social network is well documented, yet little is known about the placement of loneliness within, or the spread of loneliness through, social networks. The authors use network linkage data from the population-based Framingham Heart Study to trace the topography of loneliness in people's social networks and the path through which loneliness spreads through these networks. Results indicated that loneliness occurs in clusters, extends up to 3 degrees of separation, is disproportionately represented at the periphery of social networks, and spreads through a contagious process. The spread of loneliness was found to be stronger than the spread of perceived social connections, stronger for friends than family members, and stronger for women than for men. The results advance understanding of the broad social forces that drive loneliness and suggest that efforts to reduce loneliness in society may benefit by aggressively targeting the people in the periphery to help repair their social networks and to create a protective barrier against loneliness that can keep the whole network from unraveling.","openalex, scopus, wos",llm,0.990,unreviewed,
discarded,UNDERSTANDING PARTICIPATORY ACTION RESEARCH: A QUALITATIVE RESEARCH METHODOLOGY OPTION,Cathy MacDonald,2012,The Canadian Journal of Action Research,10.33524/cjar.v13i2.37,https://openalex.org/W2170580565,research-methodology-only,"Participatory Action Research (PAR) is a qualitative research methodology option that requires further understanding and consideration. PAR is considered democratic, equitable, liberating, and life-enhancing qualitative inquiry that remains distinct from other qualitative methodologies (Kach & Kralik, 2006). Using PAR, qualitative features of an individual’s feelings, views, and patterns are revealed without control or manipulation from the researcher. The participant is active in making informed decisions throughout all aspects of the research process for the primary purpose of imparting social change; a specific action (or actions) is the ultimate goal. The following paper will contextualize PAR in terms of its history, principles, definitions, and strengths, as well as discuss challenges and practical suggestions for using PAR. In addition, it will examine focus groups and interviews as methods for data collection, the role of PAR in education, and the types of research for which PAR is best suited.","openalex, scopus, wos",llm,0.930,unreviewed,
discarded,SPIRIT 2013 explanation and elaboration: guidance for protocols of clinical trials,A.-W. Chan; Jennifer Tetzlaff; Peter C Gøtzsche; Douglas G. Altman; H Mann; Jesse A. Berlin; Kay Dickersin; A. Hrobjartsson; Kenneth F. Schulz; Wendy R. Parulekar; Karmela Krleža-Jerić; A. Laupacis; David Moher,2013,BMJ,10.1136/bmj.e7586,https://openalex.org/W2171811563,research-reporting-guideline,"High quality protocols facilitate proper conduct, reporting, and external review of clinical trials. However, the completeness of trial protocols is often inadequate. To help improve the content and quality of protocols, an international group of stakeholders developed the SPIRIT 2013 Statement (Standard Protocol Items: Recommendations for Interventional Trials). The SPIRIT Statement provides guidance in the form of a checklist of recommended items to include in a clinical trial protocol. This SPIRIT 2013 Explanation and Elaboration paper provides important information to promote full understanding of the checklist recommendations. For each checklist item, we provide a rationale and detailed description; a model example from an actual protocol; and relevant references supporting its importance. We strongly recommend that this explanatory paper be used in conjunction with the SPIRIT Statement. A website of resources is also available (www.spirit-statement.org). The SPIRIT 2013 Explanation and Elaboration paper, together with the Statement, should help with the drafting of trial protocols. Complete documentation of key trial elements can facilitate transparency and protocol review for the benefit of all stakeholders.","openalex, scopus, wos",llm,0.940,unreviewed,
discarded,Student Loans: Do College Students Borrow Too Much—Or Not Enough?,Christopher Avery; Sarah Turner,2012,The Journal of Economic Perspectives,10.1257/jep.26.1.165,https://openalex.org/W2080973810,unrelated-domain,"Total student loan debt rose to over $800 billion in June 2010, overtaking total credit card debt outstanding for the first time. By the time this article sees print, the continually updated Student Loan Debt Clock will show an accumulated total of roughly $1 trillion. Borrowing to finance educational expenditures has been increasing—more than quadrupling in real dollars since the early 1990s. The sheer magnitude of these figures has led to increased public commentary on the level of student borrowing. We move the discussion of student loans away from anecdote by establishing a framework for considering the use of student loans in the optimal financing of collegiate investments. From a financial perspective, enrolling in college is equivalent to signing up for a lottery with large expected gains—indeed, the figures presented here suggest that college is, on average, a better investment today than it was a generation ago—but it is also a lottery with significant probabilities of both larger positive, and smaller or even negative, returns. We look to available—albeit limited—evidence to assess which types of students are likely to be borrowing too much or too little.","openalex, scopus, wos",llm,0.990,unreviewed,
discarded,"Multimedia document presentation, information extraction, and document formation in MINOS: a model and a system",Stavros Christodoulakis; Μαρία Θεοδωρίδου; F. Ho; M. Papa; A. Pathria,1986,ACM Transactions on Information Systems,10.1145/9760.9764,https://openalex.org/W2054236430,document-systems-no-learner-data,"MINOS is an object-oriented multimedia information system that provides integrated facilities for creating and managing complex multimedia objects. In this paper the model for multimedia documents supported by MINOS and its implementation is described. Described in particular are functions provided in MINOS that exploit the capabilities of a modern workstation equipped with image and voice input-output devices to accomplish an active multimedia document presentation and browsing within documents. These functions are powerful enough to support a variety of office applications. Also described are functions provided for the extraction of information from multimedia documents that exist in a large repository of information (multimedia document archiver) and functions that select and transform this information. Facilities for information sharing among objects of the archiver are described; an interactive multimedia editor that is used for the extraction and interactive creation of new information is outlined; finally, a multimedia document formatter that is used to synthesize a new multimedia document from extracted and interactively generated information is presented. This prototype system runs on a SUN-3 workstation running UNIX'"". An Instavox, directly addressable, analog device is used to store voice segments.","openalex, scopus, wos",llm,0.800,unreviewed,
discarded,Students’ Perceptions of Online Learning: A Comparative Study,Karl L. Smart; James J. Cappel,2006,Journal of Information Technology Education Research,10.28945/243,https://openalex.org/W2119679964,general-edtech-not-target-domain,"An international association advancing the multidisciplinary study of informing systems. Founded in 1998, the Informing Science Institute (ISI) is a global community of academics shaping the future of informing science.","openalex, scopus, wos",llm,0.940,unreviewed,
discarded,Enhancing the quality and credibility of qualitative analysis.,Michael Quinn Patton,1999,PubMed,,https://openalex.org/W1925613010,research-methodology-only,"Varying philosophical and theoretical orientations to qualitative inquiry remind us that issues of quality and credibility intersect with audience and intended research purposes. This overview examines ways of enhancing the quality and credibility of qualitative analysis by dealing with three distinct but related inquiry concerns: rigorous techniques and methods for gathering and analyzing qualitative data, including attention to validity, reliability, and triangulation; the credibility, competence, and perceived trustworthiness of the qualitative researcher; and the philosophical beliefs of evaluation users about such paradigm-based preferences as objectivity versus subjectivity, truth versus perspective, and generalizations versus extrapolations. Although this overview examines some general approaches to issues of credibility and data quality in qualitative analysis, it is important to acknowledge that particular philosophical underpinnings, specific paradigms, and special purposes for qualitative inquiry will typically include additional or substitute criteria for assuring and judging quality, validity, and credibility. Moreover, the context for these considerations has evolved. In early literature on evaluation methods the debate between qualitative and quantitative methodologists was often strident. In recent years the debate has softened. A consensus has gradually emerged that the important challenge is to match appropriately the methods to empirical questions and issues, and not to universally advocate any single methodological approach for all problems.","openalex, scopus, wos",llm,0.920,unreviewed,
discarded,Formal Art Observation Training Improves Medical Students’ Visual Diagnostic Skills,Sheila Naghshineh; Janet P. Hafler; Alexa Miller; Maria A. Blanco; Stuart R. Lipsitz; Rachel P. Dubroff; Shahram Khoshbin; Joel T. Katz,2008,Journal of General Internal Medicine,10.1007/s11606-008-0667-0,https://openalex.org/W1972169424,unrelated-domain,,"openalex, scopus, wos",llm,0.970,unreviewed,
discarded,Mapping psychological resources and vulnerabilities for inclusive university environments: a network analysis of student well-being,Commodari E.,2026,BMC Psychology,10.1186/s40359-026-04200-6,https://www.scopus.com/inward/record.uri?partnerID=HzOxMe3b&scp=105034639273&origin=inward,unrelated-domain,,"openalex, scopus, wos",llm,0.990,unreviewed,
discarded,The Signposting Questionnaire for Autism-2 (SQ-A-2): using input from autistic adults to inform questionnaire development,Livingston L.A.,2026,Molecular Autism,10.1186/s13229-026-00714-3,https://www.scopus.com/inward/record.uri?partnerID=HzOxMe3b&scp=105038413477&origin=inward,instrument-development-noncomputing,,"openalex, scopus, wos",llm,0.970,unreviewed,
discarded,Orthorexia nervosa and exercise addiction: distinct entities beyond restrictive and muscularity-oriented disordered eating behaviours?,Wachten H.,2026,Journal of Eating Disorders,10.1186/s40337-026-01535-8,https://www.scopus.com/inward/record.uri?partnerID=HzOxMe3b&scp=105028795316&origin=inward,unrelated-domain,,"openalex, scopus, wos",llm,0.990,unreviewed,
discarded,Medicine and motherhood: a cross-sectional survey of the experiences of women doctors in the Republic of Ireland,Biju S.,2026,BMC Women S Health,10.1186/s12905-026-04450-x,https://www.scopus.com/inward/record.uri?partnerID=HzOxMe3b&scp=105039812192&origin=inward,unrelated-domain,,"openalex, scopus, wos",llm,0.990,unreviewed,
discarded,Post-viral myocarditis,Sokolski M.,2026,Heart Failure Reviews,10.1007/s10741-026-10654-y,https://www.scopus.com/inward/record.uri?partnerID=HzOxMe3b&scp=105044127697&origin=inward,unrelated-domain,,"openalex, scopus, wos",llm,0.990,unreviewed,
discarded,Multimodal recontextualization in medical TV series: Pedagogical insights from The Good Doctor,Valeiras-Jurado J.,2026,English for Specific Purposes,10.1016/j.esp.2026.05.005,https://www.scopus.com/inward/record.uri?partnerID=HzOxMe3b&scp=105042536466&origin=inward,language-learning-not-target,,"openalex, scopus, wos",llm,0.940,unreviewed,
discarded,Who do you think you are? An experimental comparison of online and offline identities using NLP techniques,Johansen J.,2026,International Journal of Human Computer Studies,10.1016/j.ijhcs.2026.103874,https://www.scopus.com/inward/record.uri?partnerID=HzOxMe3b&scp=105041949587&origin=inward,unrelated-domain,,"openalex, scopus, wos",llm,0.980,unreviewed,
discarded,"Violence on the self: Exploring the intersection of trauma and identity among sexual and gender minorities from a neurobiological and developmental perspective to advance our understanding of PTSD, moral injury, and dissociation symptoms",Nicholson A.A.,2026,Neuroscience and Biobehavioral Reviews,10.1016/j.neubiorev.2026.106841,https://www.scopus.com/inward/record.uri?partnerID=HzOxMe3b&scp=105045708142&origin=inward,unrelated-domain,,"openalex, scopus, wos",llm,0.990,unreviewed,
discarded,Beyond visuals: Advancing inclusion for blind professionals through information collaboration,Díaz Andrade A.,2026,Information and Organization,10.1016/j.infoandorg.2026.100639,https://www.scopus.com/inward/record.uri?partnerID=HzOxMe3b&scp=105044778252&origin=inward,accessibility-not-target,,"openalex, scopus, wos",llm,0.920,unreviewed,
discarded,Immune dysregulation and gut microbiota: Connection to health and disease development,De Araújo Boleti A.P.,2026,Neural Regeneration Research,10.4103/NRR.NRR-D-25-00244,https://www.scopus.com/inward/record.uri?partnerID=HzOxMe3b&scp=105039337306&origin=inward,unrelated-domain,,"openalex, scopus, wos",llm,0.990,unreviewed,
discarded,Purpose instructions and task models in multiple-text reading,Lyu B.,2026,Learning and Instruction,10.1016/j.learninstruc.2026.102347,https://www.scopus.com/inward/record.uri?partnerID=HzOxMe3b&scp=105031628510&origin=inward,reading-comprehension-not-target,,"openalex, scopus, wos",llm,0.900,unreviewed,
discarded,Developmental Dysgraphia in Child and Adolescent Psychiatric-Mental Health Nursing: An Integrative Review,Colin Blenis R.,2026,Journal of Child and Adolescent Psychiatric Nursing,10.1111/jcap.70065,https://www.scopus.com/inward/record.uri?partnerID=HzOxMe3b&scp=105044935895&origin=inward,unrelated-domain,,"openalex, scopus, wos",llm,0.990,unreviewed,
discarded,The digital panopticon: China’s Social Credit System and the postmodern surveillance state,Gallagher M.,2026,Global Media and Communication,10.1177/17427665261458112,https://www.scopus.com/inward/record.uri?partnerID=HzOxMe3b&scp=105043201448&origin=inward,unrelated-domain,,"openalex, scopus, wos",llm,0.990,unreviewed,
discarded,"Sociocultural influences on peer feedback in Chinese EFL classrooms: Trust, anonymity, and emotional safety",He H.,2026,Learning Culture and Social Interaction,10.1016/j.lcsi.2026.101028,https://www.scopus.com/inward/record.uri?partnerID=HzOxMe3b&scp=105040527681&origin=inward,language-learning-not-target,,"openalex, scopus, wos",llm,0.940,unreviewed,
discarded,Getting your publication right – Part 2 – Structuring a research manuscript: A guide to writing a case report,Mitra A.,2026,Journal of Conservative Dentistry and Endodontics,10.4103/JCDE.JCDE_635_26,https://www.scopus.com/inward/record.uri?partnerID=HzOxMe3b&scp=105046455349&origin=inward,writing-general-not-target,,"openalex, scopus, wos",llm,0.920,unreviewed,
discarded,"Remote work comes with a cost: An experimental videoconferencing study with motor-coordination, creative, and problem-solving tasks",Bangerl M.M.,2026,Computers in Human Behavior Reports,10.1016/j.chbr.2026.101170,https://www.scopus.com/inward/record.uri?partnerID=HzOxMe3b&scp=105044111564&origin=inward,general-hci-not-target,,"openalex, scopus, wos",llm,0.940,unreviewed,
discarded,Do Linking-Expression Substitutions Mitigate Deterministic Interpretations of Genetic Information?,Kõiv R.,2026,Journal of Applied Philosophy,10.1002/japp.70102,https://www.scopus.com/inward/record.uri?partnerID=HzOxMe3b&scp=105038272676&origin=inward,unrelated-domain,,"openalex, scopus, wos",llm,0.980,unreviewed,
discarded,TFOS DEWS III 摘要报告,Stapleton F.,2026,American Journal of Ophthalmology,10.1016/j.ajo.2025.11.023,https://www.scopus.com/inward/record.uri?partnerID=HzOxMe3b&scp=105025554714&origin=inward,unrelated-domain,,"openalex, scopus, wos",llm,0.990,unreviewed,
discarded,GroupEnvoy: A Conversational Agent Speaking for the Outgroup to Foster Intergroup Relations,Hata K.,2026,Cui 2026 Proceedings of the 2026 Conference on Conversational User Interfaces,10.1145/3816046.3816204,https://www.scopus.com/inward/record.uri?partnerID=HzOxMe3b&scp=105046054601&origin=inward,general-hci-not-target,,"openalex, scopus, wos",llm,0.950,unreviewed,
