status,title,authors,year,venue,doi,url,tags,abstract,provider,decision_source,llm_confidence,llm_review_outcome,llm_change_direction
discarded,Towards a taxonomy of errors in PLC programming,Kerstin C. Duschl; Denise Gramß; Martin Obermeier; Birgit Vogel‐Heuser,2014,Cognition Technology & Work,10.1007/s10111-014-0307-x,https://openalex.org/W1983327858,programming-errors-not-target-domain,"Based on previous studies on programming errors and their causes, the presented paper investigates errors that application engineers in the area of machine and plant automation make while creating either function block diagrams, plcML [an adaption of the unified modelling language (UML)] or modAT4rMS code (a newly developed modelling language that adapts and combines aspects of UML and SysML). A laboratory-based study with 52 mechatronics apprentices and electrical engineering technicians with knowhow in manufacturing system design but comparably undeveloped programming skills has been conducted, in which the subjects’ errors and think-aloud statements during code creation were recorded. In a subsequent step, these data have been analysed by the cognitive causes of the coding errors applying the skill-rules-knowledge framework. As a result, a taxonomy of errors is presented. Results indicate that most of the errors in the subjects’ code are due to insufficient understanding of the notation’s syntax, problems with the rules of encapsulation, the creation of modules and finally with the creation of variants and aggregations, which are all located at the rule-based level. Errors at the skill-based level mainly occurred during behavioural modelling with modAT4rMS. It is argued that the provided insights can be used for improving education on programmable logic controller (PLC) languages and for the design of tools that support PLC programmers at detecting and fixing errors within their code.","openalex, dblp, scopus",llm,0.840,unreviewed,
discarded,Towards Resolving the Complete Fern Tree of Life,Samuli Lehtonen,2011,PLoS ONE,10.1371/journal.pone.0024851,https://openalex.org/W2137995350,unrelated-domain,"In the past two decades, molecular systematic studies have revolutionized our understanding of the evolutionary history of ferns. The availability of large molecular data sets together with efficient computer algorithms, now enables us to reconstruct evolutionary histories with previously unseen completeness. Here, the most comprehensive fern phylogeny to date, representing over one-fifth of the extant global fern diversity, is inferred based on four plastid genes. Parsimony and maximum-likelihood analyses provided a mostly congruent results and in general supported the prevailing view on the higher-level fern systematics. At a deep phylogenetic level, the position of horsetails depended on the optimality criteria chosen, with horsetails positioned as the sister group either of Marattiopsida-Polypodiopsida clade or of the Polypodiopsida. The analyses demonstrate the power of using a 'supermatrix' approach to resolve large-scale phylogenies and reveal questionable taxonomies. These results provide a valuable background for future research on fern systematics, ecology, biogeography and other evolutionary studies.","openalex, dblp, scopus",llm,0.990,unreviewed,
discarded,Taxonomy of Cross-Platform Mobile Applications Development Approaches,Wafaa S. El-Kassas; Bassem A. Abdullah; Ahmed H. Yousef; Ayman Wahba,2015,Ain Shams Engineering Journal,10.1016/j.asej.2015.08.004,https://openalex.org/W2194917138,software-architecture-not-learning,"The developers use the cross-platform mobile development solutions to develop the mobile application once and run it on many platforms. Many of these cross-platform solutions are still under research and development. Also, these solutions are based on different approaches such as Cross-Compilation approach, Virtual Machine approach, and Web-Based approach. There are many survey papers about the cross-platform mobile development solutions but they do not include the most recent approaches, including Component-Based approach, Cloud-Based approach, and Merged approach. The main aim of this paper is helping the researchers to know the most recent approaches and the open research issues. This paper surveys the existing cross-platform mobile development approaches and attempts to provide a global view: it thoroughly introduces a comprehensive categorization to the cross-platform approaches, defines the pros and cons of each approach, explains sample solutions per approach, compares the cross-platform mobile development solutions, and ends with the open research areas.","openalex, dblp, scopus",llm,0.930,unreviewed,
discarded,Towards Future Internet: The Metaverse Perspective for Diverse Industrial Applications,Pronaya Bhattacharya; Deepti Saraswat; Darshan Savaliya; Sakshi Sanghavi; Ashwin Verma; Vatsal Sakariya; Sudeep Tanwar; Ravi Sharma; Maria Simona Raboacă; Daniela Lucia Manea,2023,Mathematics,10.3390/math11040941,https://openalex.org/W4320497524,unrelated-domain,"The Metaverse allows the integration of physical and digital versions of users, processes, and environments where entities communicate, transact, and socialize. With the shift towards Extended Reality (XR) technologies, the Metaverse is envisioned to support a wide range of applicative verticals. It will support a seamless mix of physical and virtual worlds (realities) and, thus, will be a game changer for the Future Internet, built on the Semantic Web framework. The Metaverse will be ably assisted by the convergence of emerging wireless communication networks (such as Fifth-Generation and Beyond networks) or Sixth-Generation (6G) networks, Blockchain (BC), Web 3.0, Artificial Intelligence (AI), and Non-Fungible Tokens (NFTs). It has the potential for convergence in diverse industrial applications such as digital twins, telehealth care, connected vehicles, virtual education, social networks, and financial applications. Recent studies on the Metaverse have focused on explaining its key components, but a systematic study of the Metaverse in terms of industrial applications has not yet been performed. Owing to this gap, this survey presents the salient features and assistive Metaverse technologies. We discuss a high-level and generic Metaverse framework for modern industrial cyberspace and discuss the potential challenges and future directions of the Metaverse’s realization. A case study on Metaverse-assisted Real Estate Management (REM) is presented, where the Metaverse governs a Buyer–Broker–Seller (BBS) architecture for land registrations. We discuss the performance evaluation of the current land registration ecosystem in terms of cost evaluation, trust probability, and mining cost on the BC network. The obtained results show the viability of the Metaverse in REM setups.","openalex, dblp, scopus",llm,0.970,unreviewed,
discarded,Unsupervised utility evaluation of text anonymization methods via neural language models,Manzanares-Salor B.,2026,Neural Networks,10.1016/j.neunet.2026.109079,https://www.scopus.com/inward/record.uri?partnerID=HzOxMe3b&scp=105038979731&origin=inward,unrelated-domain,,"openalex, dblp, scopus",llm,0.970,unreviewed,
discarded,"Deep learning applications in visible light communication networks: Current trends, challenges and future outlook",Alamu O.,2026,Franklin Open,10.1016/j.fraope.2026.100637,https://www.scopus.com/inward/record.uri?partnerID=HzOxMe3b&scp=105039688523&origin=inward,unrelated-domain,,"openalex, dblp, scopus",llm,0.980,unreviewed,
discarded,Artificial intelligence in plant salt stress research: from predictive models to multi-omics integration,Santos del Río J.,2026,Journal of Experimental Botany,10.1093/jxb/eraf498,https://www.scopus.com/inward/record.uri?partnerID=HzOxMe3b&scp=105044263900&origin=inward,unrelated-domain,,"openalex, dblp, scopus",llm,0.980,unreviewed,
discarded,A Survey of Machine Learning Models and Datasets for the Multi-label Classification of Textual Hate Speech in English,Bäumler J.,2026,ACM Transactions on Knowledge Discovery from Data,10.1145/3820778,https://www.scopus.com/inward/record.uri?partnerID=HzOxMe3b&scp=105046009876&origin=inward,unrelated-domain,,"openalex, dblp, scopus",llm,0.980,unreviewed,
discarded,"Thermodynamic Limits of Fault-Tolerant Quantum Computing Beyond the Weak-Coupling, Quasistatic Regime",Guha Majumdar M.,2026,Entropy,10.3390/e28050546,https://www.scopus.com/inward/record.uri?partnerID=HzOxMe3b&scp=105039997155&origin=inward,unrelated-domain,,"openalex, dblp, scopus",llm,0.990,unreviewed,
discarded,"Explainable Artificial Intelligence (XAI): Concepts, taxonomies, opportunities and challenges toward responsible AI",Alejandro Barredo Arrieta; Natalia Díaz-Rodríguez; Javier Del Ser; Adrien Bennetot; Siham Tabik; Alberto Barbado; Salvador García; Sergio Gil-López; Daniel Molina; Richard Benjamins; Raja Chatila; Francisco Herrera,2019,Information Fusion,10.1016/j.inffus.2019.12.012,https://openalex.org/W2981731882,ai-theory-not-target,,"openalex, dblp, scopus",llm,0.950,unreviewed,
discarded,From Prediction to Understanding: Explainable and Equitable Artificial Intelligence in Hypertension Care,Ramdani S.,2027,Lecture Notes in Networks and Systems,10.1007/978-3-032-30563-3_47,https://www.scopus.com/inward/record.uri?partnerID=HzOxMe3b&scp=105046814022&origin=inward,unrelated-domain,,"openalex, dblp, scopus",llm,0.980,unreviewed,
discarded,"Computational thinking across the learning continuum: a systematic review of integration strategies, pedagogical practices, and outcomes in primary, secondary, and higher education",Oyovwe S.O.,2026,Discover Education,10.1007/s44217-026-01588-6,https://www.scopus.com/inward/record.uri?partnerID=HzOxMe3b&scp=105043959200&origin=inward,general-computing-education-not-target,,"openalex, dblp, scopus",llm,0.900,unreviewed,
discarded,Construction of performance score dynamic prediction system for clinical departments using explainable machine learning,Wen H.,2026,Health Information Science and Systems,10.1007/s13755-025-00394-y,https://www.scopus.com/inward/record.uri?partnerID=HzOxMe3b&scp=105023577866&origin=inward,unrelated-domain,,"openalex, dblp, scopus",llm,0.980,unreviewed,
discarded,A review of literature on dropout in tertiary-level continuing professional development e-learning courses,Korpela P.,2026,Computers and Education Open,10.1016/j.caeo.2026.100386,https://www.scopus.com/inward/record.uri?partnerID=HzOxMe3b&scp=105042339114&origin=inward,general-edtech-not-target-domain,,"openalex, dblp, scopus",llm,0.940,unreviewed,
discarded,CRISP-DM-guided hyperparameter-optimized ensemble model for mental health diagnosis,Saha R.,2026,Network Modeling Analysis in Health Informatics and Bioinformatics,10.1007/s13721-025-00705-z,https://www.scopus.com/inward/record.uri?partnerID=HzOxMe3b&scp=105026235979&origin=inward,unrelated-domain,,"openalex, dblp, scopus",llm,0.980,unreviewed,
kept,Learning web development: challenges at an earlier stage of computing education.,Thomas H. Park; Susan Wiedenbeck,2011,ICER,10.1145/2016911.2016937,https://dblp.org/rec/conf/icer/ParkW11,web-development-learning; novice-learners; computing-education; markup-difficulties-notation; cited,,"dblp, openalex",human,0.840,human,
discarded,Artificial Intelligence in Education: A Review,Lijia Chen; Pingping Chen; Zhijian Lin,2020,IEEE Access,10.1109/access.2020.2988510,https://openalex.org/W3017131514,general-ai-review-not-target,"The purpose of this study was to assess the impact of Artificial Intelligence (AI) on education. Premised on a narrative and framework for assessing AI identified from a preliminary analysis, the scope of the study was limited to the application and effects of AI in administration, instruction, and learning. A qualitative research approach, leveraging the use of literature review as a research design and approach was used and effectively facilitated the realization of the study purpose. Artificial intelligence is a field of study and the resulting innovations and developments that have culminated in computers, machines, and other artifacts having human-like intelligence characterized by cognitive abilities, learning, adaptability, and decision-making capabilities. The study ascertained that AI has extensively been adopted and used in education, particularly by education institutions, in different forms. AI initially took the form of computer and computer related technologies, transitioning to web-based and online intelligent education systems, and ultimately with the use of embedded computer systems, together with other technologies, the use of humanoid robots and web-based chatbots to perform instructors' duties and functions independently or with instructors. Using these platforms, instructors have been able to perform different administrative functions, such as reviewing and grading students' assignments more effectively and efficiently, and achieve higher quality in their teaching activities. On the other hand, because the systems leverage machine learning and adaptability, curriculum and content has been customized and personalized in line with students' needs, which has fostered uptake and retention, thereby improving learners experience and overall quality of learning.","dblp, openalex",llm,0.940,unreviewed,
discarded,ChatGPT for good? On opportunities and challenges of large language models for education,Enkelejda Kasneci; Kathrin Seßler; Stefan Küchemann; Maria Bannert; Daryna Dementieva; Frank Fischer; Urs Gasser; Georg Groh; Stephan Günnemann; Eyke Hüllermeier; Stephan Krusche; Gitta Kutyniok; Tilman Michaeli; Claudia Nerdel; Jürgen Pfeffer; Oleksandra Poquet; Michael Sailer; Albrecht Schmidt; Tina Seidel; Matthias Stadler; J. Weller; Jochen Kühn; Gjergji Kasneci,2023,Learning and Individual Differences,10.1016/j.lindif.2023.102274,https://openalex.org/W4323655724,general-ai-education-not-target,,"dblp, openalex",llm,0.920,unreviewed,
discarded,Systematic review of research on artificial intelligence applications in higher education – where are the educators?,Olaf Zawacki‐Richter; Victoria I. Marín; Melissa Bond; Franziska Gouverneur,2019,International Journal of Educational Technology in Higher Education,10.1186/s41239-019-0171-0,https://openalex.org/W2981863007,general-ai-review-not-target,"Abstract According to various international reports, Artificial Intelligence in Education (AIEd) is one of the currently emerging fields in educational technology. Whilst it has been around for about 30 years, it is still unclear for educators how to make pedagogical advantage of it on a broader scale, and how it can actually impact meaningfully on teaching and learning in higher education. This paper seeks to provide an overview of research on AI applications in higher education through a systematic review. Out of 2656 initially identified publications for the period between 2007 and 2018, 146 articles were included for final synthesis, according to explicit inclusion and exclusion criteria. The descriptive results show that most of the disciplines involved in AIEd papers come from Computer Science and STEM, and that quantitative methods were the most frequently used in empirical studies. The synthesis of results presents four areas of AIEd applications in academic support services, and institutional and administrative services: 1. profiling and prediction, 2. assessment and evaluation, 3. adaptive systems and personalisation, and 4. intelligent tutoring systems. The conclusions reflect on the almost lack of critical reflection of challenges and risks of AIEd, the weak connection to theoretical pedagogical perspectives, and the need for further exploration of ethical and educational approaches in the application of AIEd in higher education.","dblp, openalex",llm,0.940,unreviewed,
discarded,"Internet of Things (IoT): A vision, architectural elements, and future directions",Jayavardhana Gubbi; Rajkumar Buyya; Slaven Marusic; Marimuthu Palaniswami,2013,Future Generation Computer Systems,10.1016/j.future.2013.01.010,https://openalex.org/W2111619626,unrelated-domain,,"dblp, openalex",llm,0.980,unreviewed,
discarded,Confronting the Challenges of Participatory Culture: Media Education for the 21st Century,Henry Jenkins; Ravi Purushotma,2006,Project Muse (Johns Hopkins University),,https://openalex.org/W2112957339,media-literacy-not-target,"Henry Jenkins, Director of the Comparative Media Studies Program at the Massachusetts Institute of Technology authored this white paper, exploring new frameworks and models for media literacy.","dblp, openalex",llm,0.920,unreviewed,
discarded,"A systematic review of immersive virtual reality applications for higher education: Design elements, lessons learned, and research agenda",Jaziar Radianti; Tim A. Majchrzak; Jennifer Fromm; Isabell Wohlgenannt,2019,Computers & Education,10.1016/j.compedu.2019.103778,https://openalex.org/W2995065029,general-edtech-not-target-domain,"Researchers have explored the benefits and applications of virtual reality (VR) in different scenarios. VR possesses much potential and its application in education has seen much research interest lately. However, little systematic work currently exists on how researchers have applied immersive VR for higher education purposes that considers the usage of both high-end and budget head-mounted displays (HMDs). Hence, we propose using systematic mapping to identify design elements of existing research dedicated to the application of VR in higher education. The reviewed articles were acquired by extracting key information from documents indexed in four scientific digital libraries, which were filtered systematically using exclusion, inclusion, semi-automatic, and manual methods. Our review emphasizes three key points: the current domain structure in terms of the learning contents, the VR design elements, and the learning theories, as a foundation for successful VR-based learning. The mapping was conducted between application domains and learning contents and between design elements and learning contents. Our analysis has uncovered several gaps in the application of VR in the higher education sphere—for instance, learning theories were not often considered in VR application development to assist and guide toward learning outcomes. Furthermore, the evaluation of educational VR applications has primarily focused on usability of the VR apps instead of learning outcomes and immersive VR has mostly been a part of experimental and development work rather than being applied regularly in actual teaching. Nevertheless, VR seems to be a promising sphere as this study identifies 18 application domains, indicating a better reception of this technology in many disciplines. The identified gaps point toward unexplored regions of VR design for education, which could motivate future work in the field.","dblp, openalex",llm,0.940,unreviewed,
discarded,Selection Bias in Web Surveys,Jelke Bethlehem,2010,International Statistical Review,10.1111/j.1751-5823.2010.00112.x,https://openalex.org/W2129332419,survey-methodology-not-target,"Summary At first sight, web surveys seem to be an interesting and attractive means of data collection. They provide simple, cheap, and fast access to a large group of potential respondents. However, web surveys are not without methodological problems. Specific groups in the populations are under‐represented because they have less access to Internet. Furthermore, recruitment of respondents is often based on self‐selection. Both under‐coverage and self‐selection may lead to biased estimates. This paper describes these methodological problems. It also explores the effect of various correction techniques (adjustment weighting and use of reference surveys). This all leads to the question whether properly design web surveys can be used for data collection. The paper attempts to answer this question. It concludes that under‐coverage problems may solve itself in the future, but that self‐selection leads to unreliable survey outcomes.","dblp, openalex",llm,0.940,unreviewed,
discarded,Smart tourism: foundations and developments,Ulrike Gretzel; Μαριάννα Σιγάλα; Zheng Xiang; Chulmo Koo,2015,Electronic Markets,10.1007/s12525-015-0196-8,https://openalex.org/W974480840,unrelated-domain,"Abstract Smart tourism is a new buzzword applied to describe the increasing reliance of tourism destinations, their industries and their tourists on emerging forms of ICT that allow for massive amounts of data to be transformed into value propositions. However, it remains ill-defined as a concept, which hinders its theoretical development. The paper defines smart tourism, sheds light on current smart tourism trends, and then lays out its technological and business foundations. This is followed by a brief discussion on the prospects and drawbacks of smart tourism. The paper further draws attention to the great need for research to inform smart tourism development and management.","dblp, openalex",llm,0.980,unreviewed,
