status,title,authors,year,venue,doi,url,tags,abstract,provider,decision_source,llm_confidence,llm_review_outcome,llm_change_direction
discarded,CONSTRUCTION AND VALIDATION OF SIMULATED SCENARIO FOR NURSING CARE TO COLOSTOMY PATIENTS,Elaine Cristina Negri; Gerson Alves Pereira Júnior; Cezar Kayzuka Cotta Filho; Juliana Constantino Franzon; Alessandra Mazzo,2019,Texto & Contexto - Enfermagem,10.1590/1980-265x-tce-2018-0199,https://openalex.org/W2968274571,unrelated-domain,"ABSTRACT Objective: to construct and validate a high fidelity clinical simulation scenario on nursing care to colostomy patients. Method: descriptive study of construction and validation of the appearance and content of a high fidelity clinical simulation scenario referring to nursing care for colostomy patients. To guide the elaboration of the scenario, a study was carried out in the literature on nursing care for the colostomy patient in the hospital environment. The scenario was constructed according to the items proposed by Fabri, based on the Bloom’s Taxonomy. For the selection of the nine experts, the criteria proposed by Fehring were used. The scenario, after being structured, was tested by a group of students from the 3rd and 4th years of graduation in nursing in a clinical simulation laboratory of a public university. It was considered 80% level of agreement. Results: in the validation of the scenario, all the experts agreed with the proposed items, suggesting the inclusion of some references, book chapters, skills training, preparation of reading material and checklist follow-up of participants. This scenario test allowed the identification of relevant contributions for adjustments of the simulated activity and allowed to test the debriefing with the support of the checklist. It was also evidenced the need to include information in the patient medical record and to increase the time of development of the scenario to solve the proposed objectives. Conclusion: the results show that for practical simulated well defined and successful are required to careful preparation, validation and prior testing of the planned activities.","openalex, scopus, wos, dblp",llm,0.980,unreviewed,
discarded,Norwegian nursing students’ evaluation of vSim® for Nursing,Ingrid Tjoflåt; Tone Knutsen Brandeggen; Ellen Synnøve Strandberg; Dagrunn Nåden Dyrstad; Sissel Eikeland Husebø,2018,Advances in Simulation,10.1186/s41077-018-0070-9,https://openalex.org/W2809084619,unrelated-domain,"BACKGROUND: vSim® for Nursing is the first web-based platform linked to the nursing education curriculum. It is an American simulation tool, developed in 2014 through a collaboration between Wolters Kluwer Health, Laerdal Medical and the National League for Nursing. To our knowledge, no studies have evaluated vSim® for Nursing from the nursing students' perspective in Norway. The aim of the study was to evaluate second year Norwegian nursing students' experiences with the virtual clinical simulation scenario in surgical nursing from vSim® for Nursing. METHODS: A descriptive and a convergent mixed method design was utilised. The method comprised a 7-item questionnaire with five open-ended questions. Sixty-five nursing students participated in the study. RESULTS: The majority of Norwegian nursing students evaluated the virtual clinical scenario in surgical nursing from vSim® for Nursing useful, realistic and educational in preparing for clinical placement in surgical care. However, a small portion of the nursing students had trouble understanding and navigating the American vSim® for Nursing program. CONCLUSIONS: Introducing virtual simulation tools into the nursing education encompasses faculty and student preparation, guidance from faculty members during the simulation session and support for students who are facing difficulties with the simulation program.","openalex, scopus, wos, dblp",llm,0.980,unreviewed,
discarded,The burden of musculoskeletal diseases in the general population of Spain: results from a national survey,Loreto Carmona; J Ballina; R Gabriel; A Laffon,2001,Annals of the Rheumatic Diseases,10.1136/ard.60.11.1040,https://openalex.org/W2136021003,unrelated-domain,,"openalex, scopus, wos, dblp",llm,0.990,unreviewed,
discarded,Flipped Classroom Research and Trends from Different Fields of Study,Zamzami Zainuddin; Siti Hajar Halili,2016,The International Review of Research in Open and Distributed Learning,10.19173/irrodl.v17i3.2274,https://openalex.org/W2404109550,general-edtech-not-target-domain,"This paper aims to analyse the trends and contents of flipped classroom research based on 20 articles that report on flipped learning classroom initiatives from 2013–2015. The content analysis was used as a methodology to investigate methodologies, area of studies, technology tools or online platforms, the most frequently keywords used and works cited references, impacts for students’ learning, and flipped classroom challenges. The results of the analysis were interpreted using descriptive analysis, percentages, and frequencies. This analysis found that various fields were practiced in the flipped classroom approach, and some technology tools were used as the online platform for its practice. Analysis of the impacts showed that flipped classroom brought positive impacts toward students’ learning activities such as achievement, motivation, engagement, and interaction. Several issues in this discussion become implications that can be taken into consideration for future research. Some challenges found in applying flipped classroom are needed to be addressed by future researchers, such as suitability of the flipped classroom for poor quality of video lectures and untrained instructor. This study also becomes an implication for government or policymakers to determine the flipped classroom as a contemporary model to be implemented in teaching-learning activities for higher education, even K-12 students.","openalex, scopus, wos, dblp",llm,0.940,unreviewed,
discarded,TEACHING SAFETY SKILLS TO HIGH SCHOOL STUDENTS WITH MODERATE DISABILITIES,Vincent Winterling; David L. Gast; Mark Wolery; Jacqueline A. Farmer,1992,Journal of Applied Behavior Analysis,10.1901/jaba.1992.25-217,https://openalex.org/W2140746010,unrelated-domain,"Teaching students with disabilities to respond appropriately to potentially dangerous situations is a useful skill that has received little research attention. This investigation taught 3 students with moderate mental retardation to remove and discard broken materials (plates, glasses) safely from (a) a sink containing dishwater, (b) a countertop, and (c) a floor. A 4th student was instructed on the sink task only. A multicomponent treatment package was used to teach the skills. Simulated materials were used initially and were replaced with broken plates and glasses. A multiple probe design was used to evaluate the effectiveness of the treatment package. The results indicated that the treatment package was effective in teaching the skills. Data were collected 1 week and 1 month following the completion of training, and indicated mixed results. No student was injured during any phase of training. Issues pertinent to teaching safety skills to students with moderate disabilities are discussed.","openalex, scopus, wos, dblp",llm,0.980,unreviewed,
discarded,Latex vascular injection as method for enhanced neurosurgical training and skills,Julio Cesar Pérez Cruz; Mario A. Macías-Duvignau; Gervith Reyes-Soto; Oscar O. Gasca-González; Matías Baldoncini; Franklin Miranda-Solís; Luis Delgado-Reyes; Carlos Ovalles; Carlos Catillo-Rangel; Evgeniy Goncharov; Renat Nurmukhametov; Michael T. Lawton; Nicola Montemurro; Manuel De Jesus Encarnación Ramírez,2024,Frontiers in Surgery,10.3389/fsurg.2024.1366190,https://openalex.org/W4392109278,latex-materials-medical,"Background: Tridimensional medical knowledge of human anatomy is a key step in the undergraduate and postgraduate medical education, especially in surgical fields. Training simulation before real surgical procedures is necessary to develop clinical competences and to minimize surgical complications. Methods: Latex injection of vascular system in brain and in head-neck segment is made after washing out of the vascular system and fixation of the specimen before and after latex injection. Results: Using this latex injection technique, the vascular system of 90% of brains and 80% of head-neck segments are well-perfused. Latex-injected vessels maintain real appearance compared to silicone, and more flexible vessels compared to resins. Besides, latex makes possible a better perfusion of small vessels. Conclusions: Latex vascular injection technique of the brain and head-neck segment is a simulation model for neurosurgical training based on real experiencing to improve surgical skills and surgical results.","openalex, scopus, wos, dblp",llm,1.000,unreviewed,
discarded,Assessment of alternative hand hygiene regimens to improve skin health among neonatal intensive care unit nurses,Elaine Larson; Margaret Silberger; Kathleen Jakob; Susan Whittier; Lena Lai; Phyllis Della Latta; Lisa Saiman,2000,Heart & Lung,10.1067/mhl.2000.104139,https://openalex.org/W2095414712,unrelated-domain,,"openalex, scopus, wos, dblp",llm,0.980,unreviewed,
discarded,How to build trust: Evidence from Thai customers in the latex glove industry,Long Kim; Pattarawadee Maijan; Teerasak Jindabot; Wanamina Bostan Ali,2021,Innovative Marketing,10.21511/im.17(4).2021.11,https://openalex.org/W4200508488,latex-materials-commercial,"This paper examined the impact of product quality, perceived risk, and perceived value on customer trust in the latex glove industry of Thailand. It used a structural equation model (SEM) to analyze the association between two or more variables. Data collection was conducted in Thailand during the pandemic of COVID-19. Five hundred people looking for glove protection were invited to join the survey; however, only 384 provided responses were valid enough for the data analysis. According to the empirical results of this study, product quality demonstrated significant and positive impacts on perceived value and trust. In addition, perceived value acted not only as a significant and positive predictor of customer trust but also as a partial mediator between product quality and customer trust. On the other hand, the current results demonstrated that perceived risk had little impact on perceived value and trust, while product quality was the primary benefit for increasing perceived value and trust among customers. Thus, ambiguity among customers was unlikely to demonstrate any serious concern for customer value and trust. Overall, customer trust relied significantly on perceived value through increased product quality. AcknowledgmentThis study was supported by Internal Research Grant Funding of Academic year 2021, Hatyai University and Postdoctoral Fellowship, Prince of Songkla University.","openalex, scopus, wos, dblp",llm,1.000,unreviewed,
discarded,Pulmonary embolism and deep vein thrombosis,Samuel Z. Goldhaber; Henri Bounameaux,2012,The Lancet,10.1016/s0140-6736(11)61904-1,https://openalex.org/W2081139146,unrelated-domain,,"openalex, scopus, wos, dblp",llm,0.990,unreviewed,
discarded,"Interpol review of forensic drug chemistry, 2022-2025",Love D.,2026,Forensic Science International Synergy,10.1016/j.fsisyn.2026.100701,https://www.scopus.com/inward/record.uri?partnerID=HzOxMe3b&scp=105047627711&origin=inward,unrelated-domain,,"openalex, scopus, wos, dblp",llm,0.990,unreviewed,
discarded,Approaches to Teaching Peripheral Venous Puncture: A Scoping Review,Marques Frota N.,2026,Journal of Infusion Nursing,10.1097/NAN.0000000000000643,https://www.scopus.com/inward/record.uri?partnerID=HzOxMe3b&scp=105044581029&origin=inward,unrelated-domain,,"openalex, scopus, wos, dblp",llm,0.980,unreviewed,
discarded,Training and assessment of competencies in hysteroscopy – A systematic review,Abrahamsen K.H.,2026,European Journal of Obstetrics and Gynecology and Reproductive Biology,10.1016/j.ejogrb.2025.114890,https://www.scopus.com/inward/record.uri?partnerID=HzOxMe3b&scp=105025925396&origin=inward,unrelated-domain,,"openalex, scopus, wos, dblp",llm,0.980,unreviewed,
discarded,Revitalizing the Silent Teacher: Cutting-Edge Techniques for High-Fidelity Cadaveric Anatomy,Pezzino S.,2026,Applied Sciences Switzerland,10.3390/app16041782,https://www.scopus.com/inward/record.uri?partnerID=HzOxMe3b&scp=105031429858&origin=inward,unrelated-domain,,"openalex, scopus, wos, dblp",llm,0.980,unreviewed,
discarded,Instructional Agents: Reducing Teaching Faculty Workload through Multi-Agent Instructional Design,Yao H.,2026,Eacl 2026 19th Conference of the European Chapter of the Association for Computational Linguistics Proceedings of the Conference Vol 1 Long Papers,10.18653/v1/2026.eacl-long.191,https://www.scopus.com/inward/record.uri?partnerID=HzOxMe3b&scp=105040515892&origin=inward,general-ai-education-not-target,,"openalex, scopus, wos, dblp",llm,0.880,unreviewed,
discarded,Development and evaluation of a low-cost dual-view microsurgical training system using repurposed equipment,Vishwanath G.,2026,Journal of Krishna Institute of Medical Sciences University,,https://www.scopus.com/inward/record.uri?partnerID=HzOxMe3b&scp=105045563682&origin=inward,unrelated-domain,,"openalex, scopus, wos, dblp",llm,0.980,unreviewed,
discarded,Metabolism of Bacterial Infection: Curated Literature Overview,Soni V.,2026,Metabolism of Bacterial Infection Curated Literature Overview,10.1007/978-3-031-46895-7,https://www.scopus.com/inward/record.uri?partnerID=HzOxMe3b&scp=105029613788&origin=inward,unrelated-domain,,"openalex, scopus, wos, dblp",llm,0.990,unreviewed,
discarded,Recent advances in the detection and treatment of hydatid cysts by nanomaterial-based carriers,Zebardast N.,2026,Iranian Journal of Basic Medical Sciences,10.22038/ijbms.2026.90995.19629,https://www.scopus.com/inward/record.uri?partnerID=HzOxMe3b&scp=105043292474&origin=inward,unrelated-domain,,"openalex, scopus, wos, dblp",llm,0.990,unreviewed,
discarded,"Randomized Comparison of Video Demonstration, Simulation-Based Training, and Combination Using Silicone-Latex Simulation for Anal Sphincter Injury Repair in Obstetrics and Gynecology Residents",Wahyuningtyas R.,2025,International Urogynecology Journal,10.1007/s00192-025-06299-4,https://www.scopus.com/inward/record.uri?partnerID=HzOxMe3b&scp=105015417460&origin=inward,latex-materials-medical,,"openalex, scopus, wos, dblp",llm,1.000,unreviewed,
discarded,"Kiwifruit Allergy—Molecular Basis, Diagnostics and Treatment",Wright E.M.,2025,Applied Sciences Switzerland,10.3390/app15137182,https://www.scopus.com/inward/record.uri?partnerID=HzOxMe3b&scp=105010320543&origin=inward,unrelated-domain,,"openalex, scopus, wos, dblp",llm,0.990,unreviewed,
discarded,Development of advanced nano-optics: For miniaturized optical set-ups and instrumentation,Bracamonte A.G.,2025,Development of Advanced Nano Optics for Miniaturized Optical Set Ups and Instrumentation,10.1201/9781032702063,https://www.scopus.com/inward/record.uri?partnerID=HzOxMe3b&scp=86000223886&origin=inward,unrelated-domain,,"openalex, scopus, wos, dblp",llm,0.990,unreviewed,
discarded,"A cross-sectional survey of awareness, attitude, and preventive measures of occupational hazards by dental students and professionals in Faridabad city",Dubey V.K.,2025,Journal of Dental Specialities,10.18231/j.jds.2025.004,https://www.scopus.com/inward/record.uri?partnerID=HzOxMe3b&scp=105004734826&origin=inward,unrelated-domain,,"openalex, scopus, wos, dblp",llm,0.980,unreviewed,
discarded,Educator-in-the-Loop: AI-Assisted LaTeX Workflows for Rapid Development of Technical Lecture Materials in Engineering Education,Das S.,2025,Tale 2025 2025 IEEE International Conference on Teaching Assessment and Learning for Engineering Proceedings,10.1109/TALE66047.2025.11346785,https://www.scopus.com/inward/record.uri?partnerID=HzOxMe3b&scp=105033216763&origin=inward,latex-as-tool-only,,"openalex, scopus, wos, dblp",llm,0.880,unreviewed,
discarded,Validation of the Objective Structured assessment of Technical Skill (OSATS) in China,"Tricard, Thibault; Pan, JiaHua; Song, QiXiang; Lu, YiHong; Ye, GuangYao; Bian, ZhengQian",2025,JOURNAL OF SURGICAL EDUCATION,10.1016/j.jsurg.2024.103304,https://www.webofscience.com/wos/woscc/full-record/WOS:001356204000001,latex-materials-medical,"INTRODUCTION: The aim of this study was to perform a cross-cultural adaptation of the Objective Structured assessment of Technical Skill (OSATS) tool into Chinese and to determine its reproducibility and validity in China. METHODS: A Chinese version of OSATS was created through a process of translation, back-translation, expert panel evaluation, pilot testing and then its validation. 59 candidates were included in the study in an international Chinese simulation center including medical students (5th year of medical studies), surgical fellow, attending surgeons, attending professors and professors of surgery. Two exercises performed on synthetic protheses (latex balloons) were designed and filmed: separate suture (3 points) and a circular anastomosis. Each candidate technical competencies were established according to the score by 3 experts. The results of the different scores were correlated against the theoretical background (TB) of the candidates (1 to 5), for each exercise. RESULTS: A Chinese version of OSATS was produced and validated through a back-translation process. The average professors' residents' and students' scores were 35 ( 0.2), 28 ( 0.4) and 18 ( 0.3) respectively. For the objective score cnOSATS on simple sutures, the mean increases from one TB level to the next was 1.63 (0.90-2.37), p < 0.001. For the objective score cnOSATS on running sutures, the mean increases from one TB level to the next was 1.99 (1.22- 2.77), p < 0.001. CONCLUSION:: This study suggests that the Chinese version of OSATS can reliably and validly assess surgical skills in China. ( J Surg Ed 82:103304. (c) 2024 Association of Program Directors in Surgery. Published by Elsevier Inc. All rights are reserved, including those for text and data mining, AI training, and similar technologies.)","openalex, scopus, wos, dblp",llm,1.000,unreviewed,
discarded,McGee's Evidence-Based Physical Diagnosis,McGee S.,2025,Mcgee S Evidence Based Physical Diagnosis,10.1016/C2023-0-01191-8,https://www.scopus.com/inward/record.uri?partnerID=HzOxMe3b&scp=105023616469&origin=inward,unrelated-domain,,"openalex, scopus, wos, dblp",llm,0.990,unreviewed,
discarded,Oral Delivery of Insulin,Sonia T.A.,2025,Oral Delivery of Insulin,10.1016/C2024-0-00195-6,https://www.scopus.com/inward/record.uri?partnerID=HzOxMe3b&scp=105039969349&origin=inward,unrelated-domain,,"openalex, scopus, wos, dblp",llm,0.990,unreviewed,
discarded,Microsurgical training on non-living models: a systematic literature review,Franza M.,2024,European Journal of Plastic Surgery,10.1007/s00238-024-02184-3,https://www.scopus.com/inward/record.uri?partnerID=HzOxMe3b&scp=85189781062&origin=inward,unrelated-domain,,"openalex, scopus, wos, dblp",llm,0.980,unreviewed,
discarded,Self-Driving Laboratories for Chemistry and Materials Science,Tom G.,2024,Chemical Reviews,10.1021/acs.chemrev.4c00055,https://www.scopus.com/inward/record.uri?partnerID=HzOxMe3b&scp=85201236979&origin=inward,unrelated-domain,,"openalex, scopus, wos, dblp",llm,0.990,unreviewed,
discarded,Recent advances in the preparation of superhydrophobic coatings based on low-surface-energy modifiers: Diversified properties and potential applications,Chu H.,2024,Applied Thermal Engineering,10.1016/j.applthermaleng.2024.123591,https://www.scopus.com/inward/record.uri?partnerID=HzOxMe3b&scp=85195373363&origin=inward,unrelated-domain,,"openalex, scopus, wos, dblp",llm,0.990,unreviewed,
