status,title,authors,year,venue,doi,url,tags,abstract,provider,decision_source,llm_confidence,llm_review_outcome,llm_change_direction
discarded,Qualitative Interview Questions: Guidance for Novice Researchers,R. Davies Roberts,2020,The Qualitative Report,10.46743/2160-3715/2020.4640,https://openalex.org/W3083400020,research-methodology-only,"This article, aimed at the novice researcher, is written to address the increased need to develop research protocols or interview guides to meet the requirements set by IRBs and human subjects review committees. When data collection involves conducting qualitative interviews, the instruments include the researcher and the interview questions. The value of the data collected during a qualitative interview depends on the competence of the researcher and the strength of the interview questions. For this reason, it is important to ensure that the interview questions used by novice researchers are appropriate and capable of supporting their efforts to reach their goal of acquiring a detailed answer to the research question. This article expands upon the ideas presented by various authors about the topic of developing robust qualitative interview questions. It provides guidelines that can be used to develop an interview guide that adds structure to the interview process, as well as provides transparency of methods to human subjects review committees and IRBs, while at the same time allows flexibility within the interview process. Various types of interview questions are described and working examples are included.","openalex, scopus, wos",llm,0.900,unreviewed,
kept,Students’ Misconceptions and Other Difficulties in Introductory Programming,Yizhou Qian; James Daniel Lehman,2017,ACM Transactions on Computing Education,10.1145/3077618,https://openalex.org/W2766624855,novice-programmers; misconceptions; literature-review; programming-misconceptions-review-already-cited,"Efforts to improve computer science education are underway, and teachers of computer science are challenged in introductory programming courses to help learners develop their understanding of programming and computer science. Identifying and addressing students’ misconceptions is a key part of a computer science teacher's competence. However, relevant research on this topic is not as fully developed in the computer science education field as it is in mathematics and science education. In this article, we first review relevant literature on general definitions of misconceptions and studies about students’ misconceptions and other difficulties in introductory programming. Next, we investigate the factors that contribute to the difficulties. Finally, strategies and tools to address difficulties including misconceptions are discussed. Based on the review of literature, we found that students exhibit various misconceptions and other difficulties in syntactic knowledge, conceptual knowledge, and strategic knowledge. These difficulties experienced by students are related to many factors including unfamiliarity of syntax, natural language, math knowledge, inaccurate mental models, lack of strategies, programming environments, and teachers’ knowledge and instruction. However, many sources of students’ difficulties have connections with students’ prior knowledge. To better understand and address students’ misconceptions and other difficulties, various instructional approaches and tools have been developed. Nevertheless, the dissemination of these approaches and tools has been limited. Thus, first, we suggest enhancing the dissemination of existing tools and approaches and investigating their long-term effects. Second, we recommend that computing education research move beyond documenting misconceptions to address the development of students’ (mis)conceptions by integrating conceptual change theories. Third, we believe that developing and enhancing instructors’ pedagogical content knowledge (PCK), including their knowledge of students’ misconceptions and ability to apply effective instructional approaches and tools to address students’ difficulties, is vital to the success of teaching introductory programming.","openalex, scopus, wos",human,0.990,human,
discarded,"Translation, Cross-Cultural Adaptation, and Validation of Measurement Instruments: A Practical Guideline for Novice Researchers",Paulo Cruchinho; María Dolores López-Franco; Manuel Luís Capelas; Sofia Almeida; Phillippa May Bennett; Marcelle Miranda da Silva; Gisela Teixeira; Elisabete Nunes; Pedro Lucas; Filomena Gaspar,2024,Journal of Multidisciplinary Healthcare,10.2147/jmdh.s419714,https://openalex.org/W4399245583,instrument-development-noncomputing,"Cross-cultural validation of self-reported measurement instruments for research is a long and complex process, which involves specific risks of bias that could affect the research process and results. Furthermore, it requires researchers to have a wide range of technical knowledge about the translation, adaptation and pre-test aspects, their purposes and options, about the different psychometric properties, and the required evidence for their assessment and knowledge about the quantitative data processing and analysis using statistical software. This article aimed: 1) identify all guidelines and recommendations for translation, cross-cultural adaptation, and validation within the healthcare sciences; 2) describe the methodological approaches established in these guidelines for conducting translation, adaptation, and cross-cultural validation; and 3) provide a practical guideline featuring various methodological options for novice researchers involved in translating, adapting, and validating measurement instruments. Forty-two guidelines on translation, adaptation, or cross-cultural validation of measurement instruments were obtained from ""CINAHL with Full Text"" (via EBSCO) and ""MEDLINE with Full Text"". A content analysis was conducted to identify the similarities and differences in the methodological approaches recommended. Bases on these similarities and differences, we proposed an eight-step guideline that includes: a) forward translation; 2) synthesis of translations; 3) back translation; 4) harmonization; 5) pre-testing; 6) field testing; 7) psychometric validation, and 8) analysis of psychometric properties. It is a practical guideline because it provides extensive and comprehensive information on the methodological approaches available to researchers. This is the first methodological literature review carried out in the healthcare sciences regarding the methodological approaches recommended by existing guidelines.","openalex, scopus, wos",llm,0.950,unreviewed,
discarded,QwikMD — Integrative Molecular Dynamics Toolkit for Novices and Experts,João V. Ribeiro; Rafael C. Bernardi; Till Rudack; John E. Stone; J. C. Phillips; Peter L. Freddolino; Klaus Schulten,2016,Scientific Reports,10.1038/srep26536,https://openalex.org/W2397547384,software-tool-for-novices-not-learning-study,"The proper functioning of biomolecules in living cells requires them to assume particular structures and to undergo conformational changes. Both biomolecular structure and motion can be studied using a wide variety of techniques, but none offers the level of detail as do molecular dynamics (MD) simulations. Integrating two widely used modeling programs, namely NAMD and VMD, we have created a robust, user-friendly software, QwikMD, which enables novices and experts alike to address biomedically relevant questions, where often only molecular dynamics simulations can provide answers. Performing both simple and advanced MD simulations interactively, QwikMD automates as many steps as necessary for preparing, carrying out, and analyzing simulations while checking for common errors and enabling reproducibility. QwikMD meets also the needs of experts in the field, increasing the efficiency and quality of their work by carrying out tedious or repetitive tasks while enabling easy control of every step. Whether carrying out simulations within the live view mode on a small laptop or performing complex and large simulations on supercomputers or Cloud computers, QwikMD uses the same steps and user interface. QwikMD is freely available by download on group and personal computers. It is also available on the cloud at Amazon Web Services.","openalex, scopus, wos",llm,0.900,unreviewed,
discarded,Differences between novice and experienced users in searching information on the World Wide Web,Ard W. Lazonder; H.J.A. Biemans; Iwan Wopereis,2000,Journal of the American Society for Information Science,10.1002/(sici)1097-4571(2000)51:6<576::aid-asi9>3.0.co;2-7,https://openalex.org/W2131805863,web-information-seeking-not-target,"Searching for information on the World Wide Web (WWW) basically comes down to locating an appropriate Web site and to retrieving relevant information from that site. This study examined the effect of a user's WWW experience on both phases of the search process. Twenty-five students from two schools for Dutch pre-university education were observed while performing three search tasks. The results indicate that subjects with WWW-experience are more proficient in locating Web sites than are novice WWW-users. The observed differences were ascribed to the experts' superior skills in operating Web search engines. However, on tasks that required subjects to locate information on specific Web sites, the performance of experienced and novice users was equivalent—a result that is in line with hypertext research. Based on these findings, implications for training and supporting students in searching for information on the WWW are identified. Finally, the role of the subjects' level of domain expertise is discussed and directions for future research are proposed.","openalex, scopus, wos",llm,0.840,unreviewed,
discarded,"Generating, Deepening, and Documenting Learning: The Power of Critical Reflection in Applied Learning",Sarah L. Ash; Patti H. Clayton,2009,Journal of Applied Learning in Higher Education,10.57186/jalhe_2009_v1a2p25-48,https://openalex.org/W340797816,general-education-method,"Applied learning pedagogies—including service-learning, internships/practica, study abroad, and undergraduate research—have in common both the potential for significant student learning and the challenges of facilitating and assessing that learning, often in non-traditional ways that involve experiential strategies outside the classroom as well as individualized outcomes. Critical reflection oriented toward well-articulated learning outcomes is key to generating, deepening, and documenting student learning in applied learning. This article will consider the meaning of critical reflection and principles of good practice for designing it effectively and will present a research-grounded, flexible model for integrating critical reflection and assessment.","openalex, scopus, wos",llm,0.900,unreviewed,
discarded,Navigation in hypermedia learning systems: experts vs. novices,Sherry Y. Chen; Junyao Fan; Robert D. Macredie,2004,Computers in Human Behavior,10.1016/j.chb.2004.06.004,https://openalex.org/W2047500748,hypermedia-navigation-not-target,,"openalex, scopus, wos",llm,0.880,unreviewed,
discarded,From novice to expert: a qualitative study of implementation facilitation skills,Mona J. Ritchie; Louise E. Parker; JoAnn E. Kirchner,2020,Implementation Science Communications,10.1186/s43058-020-00006-8,https://openalex.org/W3030850624,general-professional-learning-not-target,"BACKGROUND: It is widely reported that facilitation can aid implementation of evidence-based practices. Although scholars agree that facilitators need a diverse range of skills, only a few retrospective studies have identified some of these. During the test of a facilitation strategy within the context of a VA initiative to implement evidence-based care delivery models, we documented the skills an expert external facilitator transferred to two initially novice internal regional facilitators. Ours is the first study to explore facilitation skills as they are being applied and transferred. METHODS: Facilitators applied the strategy at eight primary care clinics that lacked implementation capacity in two VA networks. We conducted monthly debriefing interviews over a 30-month period and documented these in detailed notes. External facilitator interviews focused specifically on training and mentoring internal facilitators and the skills that she transferred. We also conducted, recorded, and transcribed two qualitative interviews with each facilitator and queried them about training content and process. We conducted a content analysis of the data, using deductive and inductive methods, to identify skills the external facilitator helped internal facilitators learn. We also explored the complexity of facilitation skills and grouped them into overarching skillsets. RESULTS: The external facilitator helped internal facilitators learn 22 complex skills; with few exceptions, these skills were not unique but overlapped with one another. We clustered 21 of these into 5 groups of overarching skillsets: (1) building relationships and creating a supportive environment, (2) changing the system of care and the structure and processes that support it, (3) transferring knowledge and skills and creating infrastructure support for ongoing learning, (4) planning and leading change efforts, and (5) assessing people, processes, and outcomes and creating infrastructure for program monitoring. CONCLUSIONS: This study documented a broad range of implementation facilitation skills that are complex and overlapping. Findings suggest that studies and initiatives planning or applying facilitation as an implementation strategy should ensure that facilitators have or have the opportunity to learn the skills they need. Because facilitation skills are complex, the use of didactic methods alone may not be sufficient for transferring skills; future work should explore other methods and techniques.","openalex, scopus, wos",llm,0.940,unreviewed,
discarded,Patterns of multiple representation use by experts and novices during physics problem solving,Patrick B. Kohl; Noah D. Finkelstein,2008,Physical Review Special Topics - Physics Education Research,10.1103/physrevstper.4.010111,https://openalex.org/W2023138536,domain-concept-inventory-not-computing,"It is generally believed that students should use multiple representations in solving certain physics problems, and earlier work in PER has begun to outline how experts and novices differ in their use of multiple representations. In this study, we build on this foundation by interviewing expert and novice physicists as they solve two types of multiple representation problems: those in which multiple representations are provided for them and those in which the students must construct their own representations. We analyze in detail the types of representations subjects use and the order and manner in which they are used. Expert and novice representation use is surprisingly similar in some ways, especially in that both experts and novices make significant use of multiple representations. Some significant differences also emerge. Experts are more flexible in terms of starting point and move between the available representations more quickly, and novices tend to move between more representations in total. In addition, we find that an examination of how often and when multiple representations are used is inadequate to fully characterize a problem-solving episode; one must also consider the purpose behind the use of the available representations. This analysis of how experts and novices use representations sharpens the differences between the two groups, demonstrates analysis techniques that may be useful in future work, and suggests possible paths for instruction.","openalex, scopus, wos",llm,0.940,unreviewed,
kept,A New Look at Novice Programmer Errors,Davin McCall; Michael Kölling,2019,ACM Transactions on Computing Education,10.1145/3335814,https://openalex.org/W2962230923,novice-programmers; error-taxonomy; compiler-diagnostics-limitations; programming-error-taxonomy-corroboration,"The types of programming errors that novice programmers make and struggle to resolve have long been of interest to researchers. Various past studies have analyzed the frequency of compiler diagnostic messages. This information, however, does not have a direct correlation to the types of errors students make, due to the inaccuracy and imprecision of diagnostic messages. Furthermore, few attempts have been made to determine the severity of different kinds of errors in terms other than frequency of occurrence. Previously, we developed a method for meaningful categorization of errors, and produced a frequency distribution of these error categories; in this article, we extend the previous method to also make a determination of error difficulty, in order to give a better measurement of the overall severity of different kinds of errors. An error category hierarchy was developed and validated, and errors in snapshots of students source code were categorized accordingly. The result is a frequency table of logical error categories rather than diagnostic messages. Resolution time for each of the analyzed errors was calculated, and the average resolution time for each category of error was determined; this defines an error difficulty score. The combination of frequency and difficulty allow us to identify the types of error that are most problematic for novice programmers. The results show that ranking errors by severity—a product of frequency and difficulty—yields a significantly different ordering than ranking them by frequency alone, indicating that error frequency by itself may not be a suitable indicator for which errors are actually the most problematic for students.","openalex, scopus, wos",human,0.990,human,
discarded,Precision Timing in Novice-to-Novice L2 Conversations,Donald Carroll,2000,Issues in Applied Linguistics,10.5070/l4111005025,https://openalex.org/W2145387296,language-learning-not-target,"That next speakers in talk-in-interaction are capable of precisely timing their entry into the conversational flow is now taken as a given in conversation analytic research. However, the classic studies establishing this fact were based on the analysis of talk between proficient language users, that is, individuals traditionally referred to as ""native"" speakers. The question then arises as to whether novice-level second language (L2) speakers are similarly capable of precision timing. This paper examines instances of ""no-gap"" speaker transition, so-called ""normal overlap"" at transition relevant places, and cases of ""turn recycles"" in non-pedagogic, casual talk between novice-level Japanese speakers of English (NNS-NNS talk). The primary finding is that novice L2 users can and regularly do start ""on time."" The paper also explores the possibility that certain inter-turn gaps in the novice L2 data studied here are interactionally occasioned by disfluencies or insufficiencies in prior speaker's turn.","openalex, scopus, wos",llm,0.950,unreviewed,
discarded,Brief Mindfulness Meditation Improves Attention in Novices: Evidence From ERPs and Moderation by Neuroticism,Catherine J. Norris; Daniel Creem; Reuben Hendler; Hedy Kober,2018,Frontiers in Human Neuroscience,10.3389/fnhum.2018.00315,https://openalex.org/W2886795278,unrelated-domain,"Past research has found that mindfulness meditation training improves executive attention. Event-related potentials (ERPs) have indicated that this effect could be driven by more efficient allocation of resources on demanding attentional tasks, such as the Flanker Task and the Attention Network Test (ANT). However, it is not clear whether these changes depend on long-term practice. In two studies, we sought to investigate the effects of a brief, 10-min meditation session on attention in novice meditators, compared to a control activity. We also tested moderation by individual differences in neuroticism and the possible underlying neural mechanisms driving these effects, using ERPs. In Study 1, participants randomly assigned to listen to a 10-min meditation tape had better accuracy on incongruent trials on a Flanker task, with no detriment in reaction times (RTs), indicating better allocation of resources. In Study 2, those assigned to listen to a meditation tape performed an ANT more quickly than control participants, with no detriment in performance. Neuroticism moderated both of these effects, and ERPs showed that those individuals lower in neuroticism who meditated for 10 min exhibited a larger N2 to incongruent trials compared to those who listened to a control tape; whereas those individuals higher in neuroticism did not. Together, our results support the hypothesis that even brief meditation improves allocation of attentional resources in some novices.","openalex, scopus, wos",llm,0.980,unreviewed,
