status,title,authors,year,venue,doi,url,tags,abstract,provider,decision_source,llm_confidence,llm_review_outcome,llm_change_direction
discarded,A Semantic Approach to Ranking Techniques: Improving Web Page Searches for Educational Purposes,Carla Limongelli; Matteo Lombardi; Alessandro Marani; Davide Taibi,2022,IEEE Access,10.1109/access.2022.3186356,https://openalex.org/W4290043172,semantic-search-not-target,"The Web offers an unprecedented number of resources and has become the most popular source of information for students shaping their understanding of a new topic, and for instructors selecting relevant material for learning and teaching activities. Even though search engines are the most widely used tools for searching for educational content, the realities of the learning and teaching processes make the retrieval and evaluation of educational resources more complex than they are for other goods or services. The lack of recourse to educational metadata in web pages, as well as the size of the Web itself, call for specific techniques to be adopted for a more effective ranking of educational content. In this study, we propose an innovative approach based on semantic technologies. TheSemanticSearchapproach described in this paper leverages knowledge graph representation of teaching contexts and proposes a new ranking method for rating educational web content. In the literature we find an Educational Ranking Principle that ranks web pages for a specific teaching context. In this study, we integrate the Educational Ranking Principle with semantic data to extend the experimentation and analyse performance further. We undertake an evaluation involving university teachers, considering more than 70 queries to measure theSemanticSearchperformance against the Educational Ranking Principle in addition to two state-of-the-art methodologies: Tf-Idf and BM25F. Paired t-tests of four accuracy measures provide statistical evidence for improvements made by usingSemanticSearchmethod when compared to the three baselines.","openalex, scopus, wos",llm,0.880,unreviewed,
discarded,"Semantic Publishing: issues, solutions and new trends in scholarly publishing within the Semantic Web era",Silvio Peroni,2012,AMS Dottorato Institutional Doctoral Theses Repository (University of Bologna),10.6092/unibo/amsdottorato/4766,https://openalex.org/W158837568,semantic-publishing-no-learner-data,"This work is concerned with the increasing relationships between two distinct multidisciplinary research fields, Semantic Web technologies and scholarly publishing, that in this context converge into one precise research topic: Semantic Publishing. In the spirit of the original aim of Semantic Publishing, i.e. the improvement of scientific communication by means of semantic technologies, this thesis proposes theories, formalisms and applications for opening up semantic publishing to an effective interaction between scholarly documents (e.g., journal articles) and their related semantic and formal descriptions. In fact, the main aim of this work is to increase the users' comprehension of documents and to allow document enrichment, discovery and linkage to document-related resources and contexts, such as other articles and raw scientific data. In order to achieve these goals, this thesis investigates and proposes solutions for three of the main issues that semantic publishing promises to address, namely: the need of tools for linking document text to a formal representation of its meaning, the lack of complete metadata schemas for describing documents according to the publishing vocabulary, and absence of effective user interfaces for easily acting on semantic publishing models and theories.","openalex, scopus, wos",llm,0.860,unreviewed,
discarded,English Language Learning and Technology,Carol A. Chapelle,2003,Language learning and language teaching,10.1075/lllt.7,https://openalex.org/W4242715983,language-learning-not-target,"This book explores implications for applied linguistics of recent developments in technologies used in second language teaching and assessment, language analysis, and language use. Focusing primarily on English language learning, the book identifies significant areas of interplay between technology and applied linguistics, and it explores current perspectives on perennial questions such as how theory and research on second language acquisition can help to inform technology-based language learning practices, how the multifaceted learning accomplished through technology can be evaluated, and how theoretical perspectives can offer insight on data obtained from research on interaction with and through technology. The book illustrates how the interplay between technology and applied linguistics can amplify and expand applied linguists’ understanding of fundamental issues in the field. Through discussion of computer-assisted approaches for investigating second language learning tasks and assessment, it illustrates how technology can be used as a tool for applied linguistics research.","openalex, scopus, wos",llm,0.930,unreviewed,
discarded,Twitter and Research: A Systematic Literature Review through Text Mining,Karami A.,2020,IEEE Access,10.1109/ACCESS.2020.2983656,https://www.scopus.com/inward/record.uri?partnerID=HzOxMe3b&scp=85084111854&origin=inward,unrelated-domain,,"openalex, scopus, wos",llm,0.970,unreviewed,
discarded,Successful Nonverbal Communication: Principles and Applications: 5th Edition,Eaves M.H.,2017,Successful Nonverbal Communication Principles and Applications 5th Edition,10.4324/9781315542317,https://www.scopus.com/inward/record.uri?partnerID=HzOxMe3b&scp=85136735666&origin=inward,unrelated-domain,,"openalex, scopus, wos",llm,0.990,unreviewed,
discarded,The Pragmatics Encyclopedia,Cummings L.,2010,Pragmatics Encyclopedia,10.4324/9780203873069,https://www.scopus.com/inward/record.uri?partnerID=HzOxMe3b&scp=105035970273&origin=inward,unrelated-domain,,"openalex, scopus, wos",llm,0.990,unreviewed,
discarded,The Handbook of Pragmatics,Horn L.R.,2008,Handbook of Pragmatics,10.1002/9780470756959,https://www.scopus.com/inward/record.uri?partnerID=HzOxMe3b&scp=84948947328&origin=inward,unrelated-domain,,"openalex, scopus, wos",llm,0.990,unreviewed,
discarded,Writing and digital media,Van Waes L.,2006,Writing and Digital Media,10.1163/9781849508209,https://www.scopus.com/inward/record.uri?partnerID=HzOxMe3b&scp=84943139472&origin=inward,writing-general-not-target,,"openalex, scopus, wos",llm,0.900,unreviewed,
discarded,Concurrent programming for scalable web architectures,Benjamin Erb,2012,OPen Access Repositorium der Universität Ulm (OPARU) (Ulm University),10.18725/oparu-2423,https://openalex.org/W2293426829,web-architecture-not-learning,"Web architectures are an important asset for various large-scale web applications, such as social networks or e-commerce sites. Being able to handle huge numbers of users concurrently is essential, thus scalability is one of the most important features of these architectures. Multi-core processors, highly distributed backend architectures and new web technologies force us to reconsider approaches for concurrent programming in order to implement web applications and fulfil scalability demands. While focusing on different stages of scalable web architectures, we provide a survey of competing concurrency approaches and point to their adequate usages.","openalex, scopus, wos",llm,0.930,unreviewed,
discarded,"Specification, authoring and prototyping of personalised workplace learning solutions",Peter Dolog; Miloš Kravčík; Alexandra I. Cristea; Daniel Burgos; Paul De Bra; Stefano Ceri; Vladan Devedžić; G.J.P.M. Houben; Paul Libbrecht; Maristella Matera; Erica Melis⋆; Wolfgang Nejdl; Marcus Specht; Craig Stewart; David Smits; Natalia Stash; Colin Tat,2007,International Journal of Learning Technology,10.1504/ijlt.2007.015447,https://openalex.org/W2100880988,authoring-adaptation-no-learner-data,"The main goal of this document is to survey the existing approaches for the authoring and engineering of personalisation and adaptation in e-learning systems. This document enables the comparison of various methods and techniques, and facilitates their integration or reuse. It offers a cohesive reference for people dealing with areas which rely on adaptive solutions.","openalex, scopus, wos",llm,0.850,unreviewed,
discarded,A Comparative Study of LoRa and IEEE 802.15.4-Based IoT Deployments Inside School Buildings,Lidia Pocero Fraile; Stelios Tsampas; Georgios Mylonas; Dimitrios Amaxilatis,2020,IEEE Access,10.1109/access.2020.3020685,https://openalex.org/W3081582540,unrelated-domain,"IoT deployments for smart cities and smart buildings have been multiplying exponentially in recent years, benefiting from a steady rise in the number of new technologies that deal with the underlying networking and application challenges in indoor and outdoor spaces. Due to the overlap in their specifications, we are still trying to figure out which of these technologies fits better to certain application domains, such as building monitoring. In this work, we provide a comparative study between IEEE 802.15.4 and LoRa, based on our experiences from using both wireless networking technologies in the context of indoor deployments aimed at IoT-enabled school buildings in Europe. We provide an apples-to-apples comparison between the two technologies, comparing them in some cases in the same building and application context. Although these two technologies initially might not seem to be competing in the same application space, in practice we found out that both have strengths and weaknesses in the specific application domain we have been using them. Moreover, our LoRa-based networking implementation, on top of Arduino-based hardware, appears to be an option that allows for a robust, reliable and lower overall cost IoT deployment, especially in cases with multi-floor building installations and low bandwidth requirements. We also present a network-level dataset produced from our installations and upon which we based our findings and discussion. We provide data collected from 6 different school buildings, 8 networks and 49 devices, to compare the performance and cost-effectiveness of competing IoT technologies. In that effect, with LoRa we can achieve similar or better link quality to IEEE 802.15.4, with higher data rate and lower costs.","openalex, scopus, wos",llm,0.980,unreviewed,
discarded,The form of the Web browser and its social effects,Matthew Tangco. Marco,2011,DigitalGeorgetown (Georgetown University Library),,https://openalex.org/W2195704844,web-interface-not-learning,"Thesis (M.A.)--Georgetown University, 2011.; Includes bibliographical references.; Text (Electronic thesis) in PDF format. While academics and journalists discuss how particular web applications (e.g. Google, YouTube, and Facebook) and hardware forms (e.g. smartphones) affect culture and behavior in networked societies, they pay little attention to the role browsers play as a common platform and interface for these applications and hardware. When we surf the web, we use browsers, and this thesis' two case studies will provide a starting point for analysis of how the form of the browser, expressed in its interface and underlying technologies, structures people's experiences of the web. By studying browsers as technological artifacts, this thesis will reveal how the experience of the web is structured by browser makers. Through the social construction of technology (SCOT) theoretical framework, I will broaden the definition of browser makers to include executives at technology startups and established firms, standards writers, graphic designers, and government regulators in addition to software architects and engineers.; Drawing from lectures, interviews, email archives, court proceedings, and journalism from the browser wars, I will describe how two technical achievements of the early modern web - Netscape's implementation of HTML's table element and the invention of JavaScript - gave rise to uses of the web as a design medium and a computing platform. Browser programmers' proprietary modifications to HTML perpetuated the metaphor of the page by encouraging documents on the web to be treated as two-dimensional canvases. By adding support for images and grids in HTML, browser programmers allowed graphic design practices to exist on the web and accelerated its adoption for commercial uses. This advance preceded actions by the World Wide Web Consortium (W3C) and Internet Engineering Task Force (IETF) on the development of graphic design for the web, created de facto standards for web design, and minimized the authority of the W3C and IETF in shaping the web. The idea of the browser as a computing platform followed Netscape's development of JavaScript, a vivid example of how a market strategy to compete against Microsoft's ""natural"" monopoly in operating systems motivated the design of what would become the world's most popular programming language and the foundation for interactive applications on the web. While JavaScript is now a standard and an essential part of the web, its formalization as Ecma standard E-262 is a case of a de facto standard being submitted for adoption by a standard-setting body in order to create a competitive advantage.; These are just two of numerous conventions that came to constitute the form of the browser, and web browsers either adopt or respond to these standards. Through analysis of how these features and languages became conventions and web standards, this thesis provides a platform and interface for discussions of how the web affects the people who use it.","openalex, scopus, wos",llm,0.880,unreviewed,
discarded,Computational Thinking Across the Curriculum: A Conceptual Framework,Amber Settle; Ljubomir Perković,2010,Digital Commons-DePaul  (DePaul University),,https://openalex.org/W2131716000,general-computing-education-not-target,"We describe a framework for implementing computational thinking in a broad variety of general education courses. The framework is designed to be used by faculty without formal training in information technology in order to understand and integrate computational thinking into their own general education courses. The framework includes examples of computational thinking in a variety of general education courses, as well as sample in-class activities, assignments, and other assessments for the courses. The examples in the different courses are related and differentiated using categories taken from Peter Denning’s Great Principles of Computing, so that similar types of computational thinking appearing in different contexts are brought together. This aids understanding of the computational thinking found in the courses and provides a template for future work on new course materials.","openalex, scopus, wos",llm,0.890,unreviewed,
discarded,Student-Centered Computing: Teacher Experiences in a New Introductory Computer Science Curriculum,Sunni Newton; Meltem Alemdar; Jessica Gale; Diley Hernández; Doug Edwards; Mike Ryan; Mike Helms; Marion Usselman,2023,ACM Transactions on Computing Education,10.1145/3614101,https://openalex.org/W4385954388,general-computing-education-not-target,"Objectives. The goal of this paper is to introduce and describe a new introductory computer science course. Research results from the implementation of this curriculum will be presented to demonstrate the nature of teachers’ experiences with the curriculum. Participants. Participants are teachers implementing the new curriculum at two schools in the metro Atlanta area. Study Method. This paper is partly descriptive, presenting the theory underlying the newly developed curriculum as well as its various features. An organizing framework, the Teacher Accessibility, Equity, and Content (TEC) rubric from Weintrop et al. (2019) [ 1 ], is used to structure the curriculum description. Teacher perceptions were gathered via both structured interviews and short online enactment surveys. These perceptions are summarized and presented thematically, corresponding to the features of the curriculum. Findings. A newly developed introductory computer science (CS) curriculum, Student-Centered Computing (SCC), utilizes project-based learning (PBL) and culturally authentic practices (CAPs) to help promote a sense of belonging and intent to persist within computer science among all students. Teachers successfully implemented the curriculum and generally found it to be beneficial for their students, though they struggled with some of the pedagogical demands of project-based learning as well as some of the most advanced technical content associated with the music coding and app development platforms. Conclusions. This paper provides a detailed overview of a year-long introductory computer science curriculum focused on the creation of culturally relevant digital artifacts. The curriculum represents a strong effort to make CS content relevant and appealing to the full range of students by relating it to their lives and experiences. Teacher surveys and interviews revealed that both teachers and students had positive views of the course. However, teaching using inclusive PBL pedagogy and culturally authentic practices takes skill and practice by teachers, supporting the need for CS teachers to have good pedagogical training as well as a strong knowledge of computer science to create a classroom environment that promotes success for all students.","openalex, scopus, wos",llm,0.870,unreviewed,
discarded,Isopleth,Joshua Hibschman; Darren Gergle; Eleanor O’Rourke; Haoqi Zhang,2019,ACM Transactions on Computer-Human Interaction,10.1145/3310274,https://openalex.org/W2940839813,web-development-learning; novice-understanding; professional-code-sensemaking; markup-tooling-no-understanding-measure,"Online resources can help novice developers learn basic programming skills, but few resources support progressing from writing working code to learning professional web development practices. We address this gap by advancing Readily Available Learning Experiences, a conceptual approach for transforming all professional web applications into opportunities for authentic learning. This article presents Isopleth, a web-based platform that helps learners make sense of complex code constructs and hidden asynchronous relationships in professional web code. Isopleth embeds sensemaking scaffolds informed by the learning sciences to (1) expose hidden functional and event-driven relationships, (2) surface functionally related slices of code, and (3) support learners manipulating the provided code representations. To expose event-driven relationships, Isopleth implements a novel technique called Serialized Deanonymization to determine and visualize asynchronous functional relationships. To evaluate Isopleth, we conducted a case study across 12 professional websites and a user study with 14 junior and senior developers. Results show that Isopleth’s sensemaking scaffolds helped to surface implementation approaches in event binding, web application design, and complex interactive features across a range of complex professional web applications. Moreover, Isopleth helped junior developers improve the accuracy of their conceptual models of how features are implemented by 31% on average.","openalex, scopus, wos",human,0.950,human,
discarded,Media-Archaeologies,Angela Piccini,2015,Journal of Contemporary Archaeology,10.1558/jca.v2i1.27134,https://openalex.org/W2161915140,unrelated-domain,"The Media Archaeologies Forum in the Journal of Contemporary Archaeology presents the first meeting of archaeologists with interests in the media assemblages of the contemporary world and media scholars with interests in ‘media archaeologies’, variously enacted. It was inspired by the Archaeology as Such panel at the Archaeologies of Film and Media Conference (Bradford, UK, September 2014), a panel organized by Angela Piccini and the Committee for Audio-Visual Scholarship and Practice in Archaeology (CASPAR). Where some media archaeologists have dismissed archaeology-as-such as a practice of dirt and deep time, archaeologists have critiqued media archaeology for its lack of methodological rigour and specificity. What the contributors to this Forum demonstrate, however, is the rich diversity of scholarship within and across fields. All acknowledge a shared focus on the media networks and technologies that produce conditions for the observable and the sayable. They understand that the very practice of media archaeology emerges out of the intra-actions of the material events out of which our ‘disciplines’ unfold. This Introduction briefly sets out the terms of our meeting, welcomes the productive frictions that occur through the incommensurabilities of material-discourse and invites readers to consider possible non-normative futures for our mutual endeavours.","openalex, scopus, wos",llm,0.990,unreviewed,
