status,title,authors,year,venue,doi,url,tags,abstract,provider,decision_source,llm_confidence,llm_review_outcome,llm_change_direction
discarded,Multimodal Temporal Graph Neural Networks for Detecting and Disrupting Dark-Web Cybercrime Communities: A Vendor-Disjoint Inductive Evaluation Finding No Measurable Benefit from the Graph,Oleksandr Shchur; Maximilian Mumme; Aleksandar Bojchevski; Stephan Günnemann,2018,arXiv (Cornell University),10.48550/arxiv.1811.05868,https://openalex.org/W2900470550,unrelated-domain,"For: Multimodal Temporal Graph Neural Networks for Detecting and Disrupting Dark-Web Cybercrime Communities: A Vendor-Disjoint Inductive Evaluation Finding No Measurable Benefit from the Graph This record presents an academic research paper together with its complete reproducible experimental artefacts. The study evaluates MM-TGNN, a multimodal temporal graph neural network designed for detecting and disrupting dark-web cybercrime communities, under a strict vendor-disjoint inductive protocol designed to distinguish genuine architectural benefit from the artefacts that transductive evaluation and label leakage can introduce. Research Question Does the graph structure and temporal machinery of MM-TGNN contribute measurable benefit over feature-only classification on the dark-web community-detection task, once label leakage and transductive evaluation are controlled for? Methodology We evaluate MM-TGNN and four baseline GNN architectures (Static GCN, GraphSAGE, Static MM-GCN, EvolveGCN-O) alongside two reference baselines — a weighted-prior chance floor and a graph-free Sentence-BERT logistic regression ceiling — using ten-fold cross-validation (five-fold × two repeats, vendor-disjoint, stratified by market) on a real Gwern-archive-derived corpus (1,350 nodes, 2,408 edges, 7 markets, 150 vendors). A sanitized-text control verifies that the SBERT signal is legitimate rather than leaked. Paired Wilcoxon signed-rank tests assess significance. Key Findings The graph-free SBERT-LogReg ceiling (macro-F1 = 0.1447 ± 0.0434) is the highest-scoring method and does not significantly outperform MM-TGNN (0.1130 ± 0.0505; p = 0.128), indicating a failure to reject the null: the graph provides no measurable benefit over feature-only classification on this task. MM-TGNN significantly outperforms the chance floor (p = 0.012) and two of the three static GNNs (p < 0.05), suggesting the GNNs learn real signal above chance. Static message passing appears to actively degrade performance below the graph-free ceiling on this sparse, homophily-poor graph. Contribution A disciplined negative result about the named architecture, accompanied by a three-part evaluation protocol (vendor-disjoint inductive splits, graph-free baselines, chance floors) that the dark-web GNN subfield may adopt to distinguish genuine architectural benefit from evaluation artefacts. Archive Contents · MMTGNN_InductiveEvaluation_AcademicPaper_2026-08-13.docx — full paper (Word). · main.pdf — typeset PDF of the paper. · run_final_experiment.py — complete reproducible Python implementation (812 lines; requires torch, torch-geometric, transformers, sentence-transformers, scikit-learn, scipy, networkx, matplotlib, pandas). · arXiv_submission.zip — arXiv-ready LaTeX source package (main.tex, refs.bib, figures, PDF). Dataset Munhouiani drug-listings CSV, derived from the Gwern Darknet Market Archives, publicly available at https://github.com/munhouiani/Drug-Listings-Dataset. Limitations The image modality (ResNet-50) is untested because the dataset contains no product images; the evaluation uses a single dataset; the temporal credit assignment is truncated (GRU weights detached between snapshots); and the repeated-CV structure violates the independence assumption of the paired Wilcoxon test, making the positive significances anti-conservative. The central non-significant claim (p = 0.128) is made more, not less, defensible by this anti-conservatism.","openalex, scopus, wos, dblp",llm,0.980,unreviewed,
discarded,The small RNA profile in latex from Hevea brasiliensis trees is affected by tapping panel dryness,Virginie Gébelin; Julie Leclercq; Kuswanhadi; Xavier Argout; Tetty Chaidamsari; Songnian Hu; Cheng‐Yi Tang; Guillaume Sarah; Meng Yang; Pascal Montoro,2013,Tree Physiology,10.1093/treephys/tpt076,https://openalex.org/W2102433662,latex-materials,"Natural rubber is harvested by tapping Hevea brasiliensis (Willd. ex A. Juss.) Müll. Arg. Harvesting stress can lead to tapping panel dryness (TPD). MicroRNAs (miRNAs) are induced by abiotic stress and regulate gene expression by targeting the cleavage or translational inhibition of target messenger RNAs. This study set out to sequence miRNAs expressed in latex cells and to identify TPD-related putative targets. Deep sequencing of small RNAs was carried out on latex from trees affected by TPD using Solexa technology. The most abundant small RNA class size was 21 nucleotides for TPD trees compared with 24 nucleotides in healthy trees. By combining the LeARN pipeline, data from the Plant MicroRNA database and Hevea EST sequences, we identified 19 additional conserved and four putative species-specific miRNA families not found in previous studies on rubber. The relative transcript abundance of the Hbpre-MIR159b gene increased with TPD. This study revealed a small RNA-specific signature of TPD-affected trees. Both RNA degradation and a shift in miRNA biogenesis are suggested to explain the general decline in small RNAs and, particularly, in miRNAs.","openalex, scopus, wos, dblp",llm,1.000,unreviewed,
discarded,Latex Allergy: Current Status and Future Perspectives,Eleonora Nucera; Arianna Aruanno; Angela Rizzi; Michele Centrone,2020,Journal of Asthma and Allergy,10.2147/jaa.s242058,https://openalex.org/W3088116926,latex-materials-medical,"Abstract: Allergy to natural rubber latex (NRLA) from Hevea brasiliensis is a relevant public health issue, in particular in healthcare workers and groups at risk. Clinical manifestations of NRLA can range from mild skin disorders to life-threatening systemic reactions. Prevention measures remain the gold-standard treatment for patients suffering from NRLA, but the only etiological therapy able to influence the natural history of NRLA is specific desensitization. This review aims to underline the epidemiological, clinical and diagnostic aspects of NRLA, and carries out a complete and wide-ranging review of the current literature on NRLA management and immunotherapy. Keywords: latex, immunotherapy, desensitization","openalex, scopus, wos, dblp",llm,1.000,unreviewed,
discarded,Current Mathematical Methods Used in QSAR/QSPR Studies,Peixun Liu; Wei Long,2009,International Journal of Molecular Sciences,10.3390/ijms10051978,https://openalex.org/W2108119152,unrelated-domain,"This paper gives an overview of the mathematical methods currently used in quantitative structure-activity/property relationship (QASR/QSPR) studies. Recently, the mathematical methods applied to the regression of QASR/QSPR models are developing very fast, and new methods, such as Gene Expression Programming (GEP), Project Pursuit Regression (PPR) and Local Lazy Regression (LLR) have appeared on the QASR/QSPR stage. At the same time, the earlier methods, including Multiple Linear Regression (MLR), Partial Least Squares (PLS), Neural Networks (NN), Support Vector Machine (SVM) and so on, are being upgraded to improve their performance in QASR/QSPR studies. These new and upgraded methods and algorithms are described in detail, and their advantages and disadvantages are evaluated and discussed, to show their application potential in QASR/QSPR studies in the future.","openalex, scopus, wos, dblp",llm,0.990,unreviewed,
discarded,Ethylene stimulation of latex yield depends on the expression of a sucrose transporter (HbSUT1B) in rubber tree (Hevea brasiliensis),Anaïs Dusotoit‐Coucaud; Panida Kongsawadworakul; Laurence Maurousset; Unshira Viboonjun; Nicolas Brunel; Valérie Pujade‐Renaud; Hervé Chrestin; Soulaïman Sakr,2010,Tree Physiology,10.1093/treephys/tpq088,https://openalex.org/W2127856982,latex-materials,"Hevea brasiliensis is an important industrial crop for natural rubber production. Latex biosynthesis occurs in the cytoplasm of highly specialized latex cells and requires sucrose as the unique precursor. Ethylene stimulation of latex production results in high sugar flow from the surrounding cells of inner bark towards the latex cells. The aim of this work was to understand the role of seven sucrose transporters (HbSUTs) and one hexose transporter (HbHXT1) in this process. Two Hevea clones were used: PB217 and PB260, respectively described as high and low yielding clones. The expression pattern of these sugar transporters (HbSUTs and HbHXT1) was monitored under different physiological conditions and found to be maximal in latex cells. HbSUT1, one of the most abundant isoforms, displayed the greatest response to ethylene treatment. In clone PB217, ethylene treatment led to a higher accumulation of HbSUT1B in latex cells than in the inner bark tissues. Conversely, stronger expression of HbSUT1B was observed in inner bark tissues than in latex cells of PB260. A positive correlation with HbSUT1B transcript accumulation and increased latex production was further supported by its lower expression in latex cells of the virgin clone PB217.","openalex, scopus, wos, dblp",llm,1.000,unreviewed,
discarded,A study of the medicinal plants used by the Marakwet Community in Kenya,Wilson Kipkore; Bernard K. Wanjohi; Hillary Rono; Gabriel Kigen,2014,Journal of Ethnobiology and Ethnomedicine,10.1186/1746-4269-10-24,https://openalex.org/W2152488337,unrelated-domain,"BACKGROUND: The medicinal plants used by herbalists in Kenya have not been well documented, despite their widespread use. The threat of complete disappearance of the knowledge on herbal medicine from factors such as deforestation, lack of proper regulation, overexploitation and sociocultural issues warrants an urgent need to document the information. The purpose of the study was to document information on medicinal plants used by herbalists in Marakwet District towards the utilization of indigenous ethnobotanical knowledge for the advancement of biomedical research and development. METHODS: Semi- structured oral interviews were conducted with 112 practicing herbalists. The types of plants used were identified and the conditions treated recorded. RESULTS: Herbal practice is still common in the district, and 111 plants were identified to have medicinal or related uses. Different herbal preparations including fruits and healing vegetables are employed in the treatment of various medical conditions. Veterinary uses and pesticides were also recorded. CONCLUSION: The study provides comprehensive ethnobotanical information about herbal medicine and healing methods among the Marakwet community. The identification of the active ingredients of the plants used by the herbalists may provide some useful leads for the development of new drugs.","openalex, scopus, wos, dblp",llm,0.990,unreviewed,
discarded,"Morphological approaches in studying fungi: collection, examination, isolation, sporulation and preservation",Indunil C. Senanayake,2020,Mycosphere,10.5943/mycosphere/11/1/20,https://openalex.org/W3119409956,unrelated-domain,"Traditionally, fungal taxonomy was based on observable phenotypic characters. Recent advances have driven taxonomic conclusions towards DNA-based approaches and these techniques have corresponding pros and cons. Species concepts must therefore rely on incorporated approaches of genotypic, phenotypic and physiological characters and chemotaxonomy. Examination and interpretation of morphological characters however vary from person to person. Standardized procedures are used in the taxonomic study of fungi and general practices of phenotypic approaches are herein outlined. It is not possible to detail all techniques for all fungi and thus, this paper emphasizes on microfungi. Specimen collection is the initial step in any","openalex, scopus, wos, dblp",llm,0.990,unreviewed,
discarded,"Ethnobotanical study of medicinal plants used against human ailments in Gubalafto District, Northern Ethiopia",Getnet Chekole,2017,Journal of Ethnobiology and Ethnomedicine,10.1186/s13002-017-0182-7,https://openalex.org/W2761976059,unrelated-domain,"BACKGROUND: Traditional medicinal plant species documentation is very crucial in Ethiopia for biodiversity conservation, bioactive chemical extractions and indigenous knowledge retention. Having first observed the inhabitants of Gubalafto District (Northern Ethiopia), the author gathered, recorded, and documented the human traditional medicinal plant species and the associated indigenous knowledge. METHODS: The study was conducted from February 2013 to January 2015 and used descriptive field survey design. Eighty-four informants were selected from seven study kebeles (sub-districts) in the District through purposive, snowball, and random sampling techniques. Both quantitative and qualitative data were collected through semi-structured interviews, guided field walks, demonstrations, and focus group discussions with the help of guided questions. Data were organized and analyzed by descriptive statistics with SPSS version 20 and Microsoft Office Excel 2007. RESULTS: A total of 135 medicinal plant species within 120 genera and 64 families were documented. Among the species, Ocimum lamiifolium and Rhamnus prinoides scored the highest informant citations and fidelity level value, respectively. In the study area, Asteraceae with 8.1% and herbs with 50.4% plant species were the most used sources for their medicinal uses. A total of 65 ailments were identified as being treated by traditional medicinal plants, among which stomachache (abdominal health problems) was frequently reported. Solanum incanum was reported for the treatment of many of the reported diseases. The leaf, fresh parts, and crushed forms of the medicinal plants were the most preferred in remedy preparations. Oral application was the highest reported administration for 110 preparations. A majority of medicinal plant species existed in the wild without any particular conservation effort. Few informants (about 5%) had only brief notes about the traditional medicinal plants. Ninety percent of the respondents have learned indigenous medicinal plants knowledge from their family members and friends secretly. Orthodox Church schools were found the main place for 65% of healer's indigenous knowledge origin and experiences. Elders, aged between 40 and 84 years, gave detailed descriptions about traditional medicinal plants. CONCLUSIONS: Traditional medicinal plants and associated indigenous knowledge are the main systems to maintain human health in Gubalafto District. But minimal conservation measures were recorded in the community. Thus, in-situ and ex-situ conservation practices and sustainable utilization are required in the District.","openalex, scopus, wos, dblp",llm,0.990,unreviewed,
discarded,Molecular de-novo design through deep reinforcement learning,Marcus Olivecrona; Thomas Blaschke; Ola Engkvist; Hongming Chen,2017,Journal of Cheminformatics,10.1186/s13321-017-0235-x,https://openalex.org/W2610148085,unrelated-domain,"This work introduces a method to tune a sequence-based generative model for molecular de novo design that through augmented episodic likelihood can learn to generate structures with certain specified desirable properties. We demonstrate how this model can execute a range of tasks such as generating analogues to a query structure and generating compounds predicted to be active against a biological target. As a proof of principle, the model is first trained to generate molecules that do not contain sulphur. As a second example, the model is trained to generate analogues to the drug Celecoxib, a technique that could be used for scaffold hopping or library expansion starting from a single molecule. Finally, when tuning the model towards generating compounds predicted to be active against the dopamine receptor type 2, the model generates structures of which more than 95% are predicted to be active, including experimentally confirmed actives that have not been included in either the generative model nor the activity prediction model. Graphical abstract .","openalex, scopus, wos, dblp",llm,0.990,unreviewed,
discarded,The Phagosome Proteome,Jérôme Garin; Roberto A. Díez; Sylvie Kieffer; Jean-François Dermine; Sophie Duclos; Étienne Gagnon; Rémy Sadoul; Christiane Rondeau; Michel Desjardins,2001,The Journal of Cell Biology,10.1083/jcb.152.1.165,https://openalex.org/W2029987169,latex-materials,"Phagosomes are key organelles for the innate ability of macrophages to participate in tissue remodeling, clear apoptotic cells, and restrict the spread of intracellular pathogens. To understand the functions of phagosomes, we initiated the systematic identification of their proteins. Using a proteomic approach, we identified >140 proteins associated with latex bead-containing phagosomes. Among these were hydrolases, proton pump ATPase subunits, and proteins of the fusion machinery, validating our approach. A series of unexpected proteins not previously described along the endocytic/phagocytic pathways were also identified, including the apoptotic proteins galectin3, Alix, and TRAIL, the anti-apoptotic protein 14-3-3, the lipid raft-enriched flotillin-1, the anti-microbial molecule lactadherin, and the small GTPase rab14. In addition, 24 spots from which the peptide masses could not be matched to entries in any database potentially represent new phagosomal proteins. The elaboration of a two-dimensional gel database of >160 identified spots allowed us to analyze how phagosome composition is modulated during phagolysosome biogenesis. Remarkably, during this process, hydrolases are not delivered in bulk to phagosomes, but are instead acquired sequentially. The systematic characterization of phagosome proteins provided new insights into phagosome functions and the protein or groups of proteins involved in and regulating these functions.","openalex, scopus, wos, dblp",llm,1.000,unreviewed,
discarded,Evaluation of Possible Tourniquet Systems for Use in the Canadian Forces,Roger King; Dennis Filips; Sandra Blitz; Sarvesh Logsetty,2006,"The Journal of Trauma: Injury, Infection, and Critical Care",10.1097/01.ta.0000215429.94483.a7,https://openalex.org/W1991996711,latex-materials-medical,"OBJECTIVE: Hemorrhage from extremity wounds is the leading cause of preventable death on the battlefield. Tourniquets have been identified as the most reasonable option for controlling life threatening extremity hemorrhage in the tactical phase of an operation. The purpose of this trial was to determine which tourniquet systems are effective under simulated combat conditions and make recommendations to the Canadian Forces (CF) on an approach to tourniquet use. METHODS: 5 tourniquet systems were tested: Self Applied Tourniquet System (SATS); One-Handed Tourniquet (OHT); tie & cravat Improvised Tourniquet (IT); pneumatic Emergency Medical Tourniquet (EMT); and latex surgical tubing (ST). On June 25, 2004, ten junior medics from 1 Field Ambulance volunteered for the study. They were divided into five groups of two and rotated through all tourniquets. Each group was timed on the speed of application, and effectiveness of the tourniquets on the lower limbs was determined by a Doppler probe and loss of palpable pulses. Subjective analysis by questionnaire was used to determine ease of use, durability, portability, patient comfort, and preference. RESULTS: Occlusion of the posterior tibial pulse, as measured by Doppler flow, occurred 0-10% of the time with the OHT, 40-50% with the SATS and IT, 70-80% with the EMT, and 90% with the ST. The presence of winter clothing did not change the effectiveness of the tourniquets. The OHT, SATS, IT, and EMT took an average of 30-40 seconds to apply while the ST took only 24 seconds. From most painful to least were: the IT (severe pain-could not tolerate); ST and SATS (moderate-severe pain); OHT (minor-moderate pain); and EMT (no pain-minor discomfort). CONCLUSIONS: The most effective tourniquets were the EMT and ST. The ST is also the lightest, fastest, easiest to learn, and the cheapest but it causes a lot of pain and presumably, local tissue damage. ST can be issued to every soldier with a minimum of training and used effectively in the ""Care Under Fire"" phase. The EMT, which causes the least pain and is equally effective, can be applied during the ""Tactical Field Care"" phase by the medic to replace the surgical tubing. Fine adjustments can be made to the EMT, which allows the medic to safely deflate the device, assess the wound, determine if a tourniquet is required, and re-inflate quickly if necessary.","openalex, scopus, wos, dblp",llm,0.990,unreviewed,
discarded,Computational Reproducibility in Archaeological Research: Basic Principles and a Case Study of Their Implementation,Ben Marwick,2016,Journal of Archaeological Method and Theory,10.1007/s10816-015-9272-9,https://openalex.org/W2224340517,computational-reproducibility-not-learning,,"openalex, scopus, wos, dblp",llm,0.900,unreviewed,
discarded,Historical Development of Latex Allergy,Reuben J. Dyck,2000,AORN Journal,10.1016/s0001-2092(06)62035-8,https://openalex.org/W1994782733,latex-materials-medical,Latex allergy has become an increasing problem for both patients and health care providers. This article presents an overview of the historical background of latex and how it was developed. This information is helpful in understanding our current reliance on and problems associated with latex use.,"openalex, scopus, wos, dblp",llm,1.000,unreviewed,
